[2023-11-24T00:17:57.980+0000] {processor.py:157} INFO - Started process (PID=53) to work on /home/airflow/.local/lib/python3.8/site-packages/airflow/example_dags/example_short_circuit_operator.py
[2023-11-24T00:17:57.981+0000] {processor.py:829} INFO - Processing file /home/airflow/.local/lib/python3.8/site-packages/airflow/example_dags/example_short_circuit_operator.py for tasks to queue
[2023-11-24T00:17:57.983+0000] {logging_mixin.py:154} INFO - [2023-11-24T00:17:57.982+0000] {dagbag.py:536} INFO - Filling up the DagBag from /home/airflow/.local/lib/python3.8/site-packages/airflow/example_dags/example_short_circuit_operator.py
[2023-11-24T00:17:57.993+0000] {processor.py:839} INFO - DAG(s) dict_keys(['example_short_circuit_operator']) retrieved from /home/airflow/.local/lib/python3.8/site-packages/airflow/example_dags/example_short_circuit_operator.py
[2023-11-24T00:17:58.004+0000] {logging_mixin.py:154} INFO - [2023-11-24T00:17:58.004+0000] {dag.py:2941} INFO - Sync 1 DAGs
[2023-11-24T00:17:58.035+0000] {logging_mixin.py:154} INFO - [2023-11-24T00:17:58.035+0000] {dag.py:3722} INFO - Setting next_dagrun for example_short_circuit_operator to 2023-11-23T00:17:58.034851+00:00, run_after=2023-11-24T00:17:58.034851+00:00
[2023-11-24T00:17:58.057+0000] {processor.py:179} INFO - Processing /home/airflow/.local/lib/python3.8/site-packages/airflow/example_dags/example_short_circuit_operator.py took 0.079 seconds
[2023-11-24T00:18:28.092+0000] {processor.py:157} INFO - Started process (PID=107) to work on /home/airflow/.local/lib/python3.8/site-packages/airflow/example_dags/example_short_circuit_operator.py
[2023-11-24T00:18:28.093+0000] {processor.py:829} INFO - Processing file /home/airflow/.local/lib/python3.8/site-packages/airflow/example_dags/example_short_circuit_operator.py for tasks to queue
[2023-11-24T00:18:28.094+0000] {logging_mixin.py:154} INFO - [2023-11-24T00:18:28.094+0000] {dagbag.py:536} INFO - Filling up the DagBag from /home/airflow/.local/lib/python3.8/site-packages/airflow/example_dags/example_short_circuit_operator.py
[2023-11-24T00:18:28.099+0000] {processor.py:839} INFO - DAG(s) dict_keys(['example_short_circuit_operator']) retrieved from /home/airflow/.local/lib/python3.8/site-packages/airflow/example_dags/example_short_circuit_operator.py
[2023-11-24T00:18:28.118+0000] {logging_mixin.py:154} INFO - [2023-11-24T00:18:28.118+0000] {dag.py:2941} INFO - Sync 1 DAGs
[2023-11-24T00:18:28.136+0000] {logging_mixin.py:154} INFO - [2023-11-24T00:18:28.136+0000] {dag.py:3722} INFO - Setting next_dagrun for example_short_circuit_operator to 2023-11-23T00:18:28.136120+00:00, run_after=2023-11-24T00:18:28.136120+00:00
[2023-11-24T00:18:28.151+0000] {processor.py:179} INFO - Processing /home/airflow/.local/lib/python3.8/site-packages/airflow/example_dags/example_short_circuit_operator.py took 0.061 seconds
[2023-11-24T00:18:58.202+0000] {processor.py:157} INFO - Started process (PID=161) to work on /home/airflow/.local/lib/python3.8/site-packages/airflow/example_dags/example_short_circuit_operator.py
[2023-11-24T00:18:58.203+0000] {processor.py:829} INFO - Processing file /home/airflow/.local/lib/python3.8/site-packages/airflow/example_dags/example_short_circuit_operator.py for tasks to queue
[2023-11-24T00:18:58.204+0000] {logging_mixin.py:154} INFO - [2023-11-24T00:18:58.204+0000] {dagbag.py:536} INFO - Filling up the DagBag from /home/airflow/.local/lib/python3.8/site-packages/airflow/example_dags/example_short_circuit_operator.py
[2023-11-24T00:18:58.209+0000] {processor.py:839} INFO - DAG(s) dict_keys(['example_short_circuit_operator']) retrieved from /home/airflow/.local/lib/python3.8/site-packages/airflow/example_dags/example_short_circuit_operator.py
[2023-11-24T00:18:58.227+0000] {logging_mixin.py:154} INFO - [2023-11-24T00:18:58.227+0000] {dag.py:2941} INFO - Sync 1 DAGs
[2023-11-24T00:18:58.243+0000] {logging_mixin.py:154} INFO - [2023-11-24T00:18:58.243+0000] {dag.py:3722} INFO - Setting next_dagrun for example_short_circuit_operator to 2023-11-23T00:18:58.243556+00:00, run_after=2023-11-24T00:18:58.243556+00:00
[2023-11-24T00:18:58.257+0000] {processor.py:179} INFO - Processing /home/airflow/.local/lib/python3.8/site-packages/airflow/example_dags/example_short_circuit_operator.py took 0.057 seconds
[2023-11-24T00:19:28.501+0000] {processor.py:157} INFO - Started process (PID=215) to work on /home/airflow/.local/lib/python3.8/site-packages/airflow/example_dags/example_short_circuit_operator.py
[2023-11-24T00:19:28.502+0000] {processor.py:829} INFO - Processing file /home/airflow/.local/lib/python3.8/site-packages/airflow/example_dags/example_short_circuit_operator.py for tasks to queue
[2023-11-24T00:19:28.503+0000] {logging_mixin.py:154} INFO - [2023-11-24T00:19:28.503+0000] {dagbag.py:536} INFO - Filling up the DagBag from /home/airflow/.local/lib/python3.8/site-packages/airflow/example_dags/example_short_circuit_operator.py
[2023-11-24T00:19:28.508+0000] {processor.py:839} INFO - DAG(s) dict_keys(['example_short_circuit_operator']) retrieved from /home/airflow/.local/lib/python3.8/site-packages/airflow/example_dags/example_short_circuit_operator.py
[2023-11-24T00:19:28.527+0000] {logging_mixin.py:154} INFO - [2023-11-24T00:19:28.527+0000] {dag.py:2941} INFO - Sync 1 DAGs
[2023-11-24T00:19:28.544+0000] {logging_mixin.py:154} INFO - [2023-11-24T00:19:28.544+0000] {dag.py:3722} INFO - Setting next_dagrun for example_short_circuit_operator to 2023-11-23T00:19:28.544453+00:00, run_after=2023-11-24T00:19:28.544453+00:00
[2023-11-24T00:19:28.559+0000] {processor.py:179} INFO - Processing /home/airflow/.local/lib/python3.8/site-packages/airflow/example_dags/example_short_circuit_operator.py took 0.060 seconds
[2023-11-24T00:19:58.800+0000] {processor.py:157} INFO - Started process (PID=269) to work on /home/airflow/.local/lib/python3.8/site-packages/airflow/example_dags/example_short_circuit_operator.py
[2023-11-24T00:19:58.801+0000] {processor.py:829} INFO - Processing file /home/airflow/.local/lib/python3.8/site-packages/airflow/example_dags/example_short_circuit_operator.py for tasks to queue
[2023-11-24T00:19:58.802+0000] {logging_mixin.py:154} INFO - [2023-11-24T00:19:58.802+0000] {dagbag.py:536} INFO - Filling up the DagBag from /home/airflow/.local/lib/python3.8/site-packages/airflow/example_dags/example_short_circuit_operator.py
[2023-11-24T00:19:58.807+0000] {processor.py:839} INFO - DAG(s) dict_keys(['example_short_circuit_operator']) retrieved from /home/airflow/.local/lib/python3.8/site-packages/airflow/example_dags/example_short_circuit_operator.py
[2023-11-24T00:19:58.826+0000] {logging_mixin.py:154} INFO - [2023-11-24T00:19:58.825+0000] {dag.py:2941} INFO - Sync 1 DAGs
[2023-11-24T00:19:58.843+0000] {logging_mixin.py:154} INFO - [2023-11-24T00:19:58.842+0000] {dag.py:3722} INFO - Setting next_dagrun for example_short_circuit_operator to 2023-11-23T00:19:58.842613+00:00, run_after=2023-11-24T00:19:58.842613+00:00
[2023-11-24T00:19:58.857+0000] {processor.py:179} INFO - Processing /home/airflow/.local/lib/python3.8/site-packages/airflow/example_dags/example_short_circuit_operator.py took 0.059 seconds
[2023-11-24T00:20:29.206+0000] {processor.py:157} INFO - Started process (PID=323) to work on /home/airflow/.local/lib/python3.8/site-packages/airflow/example_dags/example_short_circuit_operator.py
[2023-11-24T00:20:29.207+0000] {processor.py:829} INFO - Processing file /home/airflow/.local/lib/python3.8/site-packages/airflow/example_dags/example_short_circuit_operator.py for tasks to queue
[2023-11-24T00:20:29.208+0000] {logging_mixin.py:154} INFO - [2023-11-24T00:20:29.208+0000] {dagbag.py:536} INFO - Filling up the DagBag from /home/airflow/.local/lib/python3.8/site-packages/airflow/example_dags/example_short_circuit_operator.py
[2023-11-24T00:20:29.213+0000] {processor.py:839} INFO - DAG(s) dict_keys(['example_short_circuit_operator']) retrieved from /home/airflow/.local/lib/python3.8/site-packages/airflow/example_dags/example_short_circuit_operator.py
[2023-11-24T00:20:29.231+0000] {logging_mixin.py:154} INFO - [2023-11-24T00:20:29.231+0000] {dag.py:2941} INFO - Sync 1 DAGs
[2023-11-24T00:20:29.249+0000] {logging_mixin.py:154} INFO - [2023-11-24T00:20:29.249+0000] {dag.py:3722} INFO - Setting next_dagrun for example_short_circuit_operator to 2023-11-23T00:20:29.249110+00:00, run_after=2023-11-24T00:20:29.249110+00:00
[2023-11-24T00:20:29.263+0000] {processor.py:179} INFO - Processing /home/airflow/.local/lib/python3.8/site-packages/airflow/example_dags/example_short_circuit_operator.py took 0.059 seconds
[2023-11-24T00:20:59.470+0000] {processor.py:157} INFO - Started process (PID=377) to work on /home/airflow/.local/lib/python3.8/site-packages/airflow/example_dags/example_short_circuit_operator.py
[2023-11-24T00:20:59.471+0000] {processor.py:829} INFO - Processing file /home/airflow/.local/lib/python3.8/site-packages/airflow/example_dags/example_short_circuit_operator.py for tasks to queue
[2023-11-24T00:20:59.472+0000] {logging_mixin.py:154} INFO - [2023-11-24T00:20:59.472+0000] {dagbag.py:536} INFO - Filling up the DagBag from /home/airflow/.local/lib/python3.8/site-packages/airflow/example_dags/example_short_circuit_operator.py
[2023-11-24T00:20:59.477+0000] {processor.py:839} INFO - DAG(s) dict_keys(['example_short_circuit_operator']) retrieved from /home/airflow/.local/lib/python3.8/site-packages/airflow/example_dags/example_short_circuit_operator.py
[2023-11-24T00:20:59.495+0000] {logging_mixin.py:154} INFO - [2023-11-24T00:20:59.494+0000] {dag.py:2941} INFO - Sync 1 DAGs
[2023-11-24T00:20:59.511+0000] {logging_mixin.py:154} INFO - [2023-11-24T00:20:59.511+0000] {dag.py:3722} INFO - Setting next_dagrun for example_short_circuit_operator to 2023-11-23T00:20:59.511484+00:00, run_after=2023-11-24T00:20:59.511484+00:00
[2023-11-24T00:20:59.526+0000] {processor.py:179} INFO - Processing /home/airflow/.local/lib/python3.8/site-packages/airflow/example_dags/example_short_circuit_operator.py took 0.058 seconds
[2023-11-24T00:21:29.854+0000] {processor.py:157} INFO - Started process (PID=431) to work on /home/airflow/.local/lib/python3.8/site-packages/airflow/example_dags/example_short_circuit_operator.py
[2023-11-24T00:21:29.855+0000] {processor.py:829} INFO - Processing file /home/airflow/.local/lib/python3.8/site-packages/airflow/example_dags/example_short_circuit_operator.py for tasks to queue
[2023-11-24T00:21:29.856+0000] {logging_mixin.py:154} INFO - [2023-11-24T00:21:29.856+0000] {dagbag.py:536} INFO - Filling up the DagBag from /home/airflow/.local/lib/python3.8/site-packages/airflow/example_dags/example_short_circuit_operator.py
[2023-11-24T00:21:29.862+0000] {processor.py:839} INFO - DAG(s) dict_keys(['example_short_circuit_operator']) retrieved from /home/airflow/.local/lib/python3.8/site-packages/airflow/example_dags/example_short_circuit_operator.py
[2023-11-24T00:21:29.880+0000] {logging_mixin.py:154} INFO - [2023-11-24T00:21:29.879+0000] {dag.py:2941} INFO - Sync 1 DAGs
[2023-11-24T00:21:29.897+0000] {logging_mixin.py:154} INFO - [2023-11-24T00:21:29.897+0000] {dag.py:3722} INFO - Setting next_dagrun for example_short_circuit_operator to 2023-11-23T00:21:29.896820+00:00, run_after=2023-11-24T00:21:29.896820+00:00
[2023-11-24T00:21:29.911+0000] {processor.py:179} INFO - Processing /home/airflow/.local/lib/python3.8/site-packages/airflow/example_dags/example_short_circuit_operator.py took 0.059 seconds
[2023-11-24T00:22:00.477+0000] {processor.py:157} INFO - Started process (PID=485) to work on /home/airflow/.local/lib/python3.8/site-packages/airflow/example_dags/example_short_circuit_operator.py
[2023-11-24T00:22:00.478+0000] {processor.py:829} INFO - Processing file /home/airflow/.local/lib/python3.8/site-packages/airflow/example_dags/example_short_circuit_operator.py for tasks to queue
[2023-11-24T00:22:00.480+0000] {logging_mixin.py:154} INFO - [2023-11-24T00:22:00.479+0000] {dagbag.py:536} INFO - Filling up the DagBag from /home/airflow/.local/lib/python3.8/site-packages/airflow/example_dags/example_short_circuit_operator.py
[2023-11-24T00:22:00.485+0000] {processor.py:839} INFO - DAG(s) dict_keys(['example_short_circuit_operator']) retrieved from /home/airflow/.local/lib/python3.8/site-packages/airflow/example_dags/example_short_circuit_operator.py
[2023-11-24T00:22:00.502+0000] {logging_mixin.py:154} INFO - [2023-11-24T00:22:00.502+0000] {dag.py:2941} INFO - Sync 1 DAGs
[2023-11-24T00:22:00.520+0000] {logging_mixin.py:154} INFO - [2023-11-24T00:22:00.520+0000] {dag.py:3722} INFO - Setting next_dagrun for example_short_circuit_operator to 2023-11-23T00:22:00.520544+00:00, run_after=2023-11-24T00:22:00.520544+00:00
[2023-11-24T00:22:00.536+0000] {processor.py:179} INFO - Processing /home/airflow/.local/lib/python3.8/site-packages/airflow/example_dags/example_short_circuit_operator.py took 0.061 seconds
[2023-11-24T00:22:30.789+0000] {processor.py:157} INFO - Started process (PID=539) to work on /home/airflow/.local/lib/python3.8/site-packages/airflow/example_dags/example_short_circuit_operator.py
[2023-11-24T00:22:30.790+0000] {processor.py:829} INFO - Processing file /home/airflow/.local/lib/python3.8/site-packages/airflow/example_dags/example_short_circuit_operator.py for tasks to queue
[2023-11-24T00:22:30.792+0000] {logging_mixin.py:154} INFO - [2023-11-24T00:22:30.791+0000] {dagbag.py:536} INFO - Filling up the DagBag from /home/airflow/.local/lib/python3.8/site-packages/airflow/example_dags/example_short_circuit_operator.py
[2023-11-24T00:22:30.797+0000] {processor.py:839} INFO - DAG(s) dict_keys(['example_short_circuit_operator']) retrieved from /home/airflow/.local/lib/python3.8/site-packages/airflow/example_dags/example_short_circuit_operator.py
[2023-11-24T00:22:30.816+0000] {logging_mixin.py:154} INFO - [2023-11-24T00:22:30.816+0000] {dag.py:2941} INFO - Sync 1 DAGs
[2023-11-24T00:22:30.835+0000] {logging_mixin.py:154} INFO - [2023-11-24T00:22:30.835+0000] {dag.py:3722} INFO - Setting next_dagrun for example_short_circuit_operator to 2023-11-23T00:22:30.835243+00:00, run_after=2023-11-24T00:22:30.835243+00:00
[2023-11-24T00:22:30.853+0000] {processor.py:179} INFO - Processing /home/airflow/.local/lib/python3.8/site-packages/airflow/example_dags/example_short_circuit_operator.py took 0.066 seconds
[2023-11-24T00:23:01.111+0000] {processor.py:157} INFO - Started process (PID=593) to work on /home/airflow/.local/lib/python3.8/site-packages/airflow/example_dags/example_short_circuit_operator.py
[2023-11-24T00:23:01.112+0000] {processor.py:829} INFO - Processing file /home/airflow/.local/lib/python3.8/site-packages/airflow/example_dags/example_short_circuit_operator.py for tasks to queue
[2023-11-24T00:23:01.114+0000] {logging_mixin.py:154} INFO - [2023-11-24T00:23:01.114+0000] {dagbag.py:536} INFO - Filling up the DagBag from /home/airflow/.local/lib/python3.8/site-packages/airflow/example_dags/example_short_circuit_operator.py
[2023-11-24T00:23:01.120+0000] {processor.py:839} INFO - DAG(s) dict_keys(['example_short_circuit_operator']) retrieved from /home/airflow/.local/lib/python3.8/site-packages/airflow/example_dags/example_short_circuit_operator.py
[2023-11-24T00:23:01.141+0000] {logging_mixin.py:154} INFO - [2023-11-24T00:23:01.140+0000] {dag.py:2941} INFO - Sync 1 DAGs
[2023-11-24T00:23:01.162+0000] {logging_mixin.py:154} INFO - [2023-11-24T00:23:01.162+0000] {dag.py:3722} INFO - Setting next_dagrun for example_short_circuit_operator to 2023-11-23T00:23:01.162083+00:00, run_after=2023-11-24T00:23:01.162083+00:00
[2023-11-24T00:23:01.182+0000] {processor.py:179} INFO - Processing /home/airflow/.local/lib/python3.8/site-packages/airflow/example_dags/example_short_circuit_operator.py took 0.072 seconds
[2023-11-24T00:23:31.437+0000] {processor.py:157} INFO - Started process (PID=647) to work on /home/airflow/.local/lib/python3.8/site-packages/airflow/example_dags/example_short_circuit_operator.py
[2023-11-24T00:23:31.438+0000] {processor.py:829} INFO - Processing file /home/airflow/.local/lib/python3.8/site-packages/airflow/example_dags/example_short_circuit_operator.py for tasks to queue
[2023-11-24T00:23:31.440+0000] {logging_mixin.py:154} INFO - [2023-11-24T00:23:31.439+0000] {dagbag.py:536} INFO - Filling up the DagBag from /home/airflow/.local/lib/python3.8/site-packages/airflow/example_dags/example_short_circuit_operator.py
[2023-11-24T00:23:31.445+0000] {processor.py:839} INFO - DAG(s) dict_keys(['example_short_circuit_operator']) retrieved from /home/airflow/.local/lib/python3.8/site-packages/airflow/example_dags/example_short_circuit_operator.py
[2023-11-24T00:23:31.464+0000] {logging_mixin.py:154} INFO - [2023-11-24T00:23:31.463+0000] {dag.py:2941} INFO - Sync 1 DAGs
[2023-11-24T00:23:31.483+0000] {logging_mixin.py:154} INFO - [2023-11-24T00:23:31.483+0000] {dag.py:3722} INFO - Setting next_dagrun for example_short_circuit_operator to 2023-11-23T00:23:31.483479+00:00, run_after=2023-11-24T00:23:31.483479+00:00
[2023-11-24T00:23:31.499+0000] {processor.py:179} INFO - Processing /home/airflow/.local/lib/python3.8/site-packages/airflow/example_dags/example_short_circuit_operator.py took 0.064 seconds
[2023-11-24T00:24:01.830+0000] {processor.py:157} INFO - Started process (PID=701) to work on /home/airflow/.local/lib/python3.8/site-packages/airflow/example_dags/example_short_circuit_operator.py
[2023-11-24T00:24:01.831+0000] {processor.py:829} INFO - Processing file /home/airflow/.local/lib/python3.8/site-packages/airflow/example_dags/example_short_circuit_operator.py for tasks to queue
[2023-11-24T00:24:01.833+0000] {logging_mixin.py:154} INFO - [2023-11-24T00:24:01.833+0000] {dagbag.py:536} INFO - Filling up the DagBag from /home/airflow/.local/lib/python3.8/site-packages/airflow/example_dags/example_short_circuit_operator.py
[2023-11-24T00:24:01.839+0000] {processor.py:839} INFO - DAG(s) dict_keys(['example_short_circuit_operator']) retrieved from /home/airflow/.local/lib/python3.8/site-packages/airflow/example_dags/example_short_circuit_operator.py
[2023-11-24T00:24:01.859+0000] {logging_mixin.py:154} INFO - [2023-11-24T00:24:01.859+0000] {dag.py:2941} INFO - Sync 1 DAGs
[2023-11-24T00:24:01.877+0000] {logging_mixin.py:154} INFO - [2023-11-24T00:24:01.877+0000] {dag.py:3722} INFO - Setting next_dagrun for example_short_circuit_operator to 2023-11-23T00:24:01.877389+00:00, run_after=2023-11-24T00:24:01.877389+00:00
[2023-11-24T00:24:01.894+0000] {processor.py:179} INFO - Processing /home/airflow/.local/lib/python3.8/site-packages/airflow/example_dags/example_short_circuit_operator.py took 0.065 seconds
[2023-11-24T00:24:32.026+0000] {processor.py:157} INFO - Started process (PID=755) to work on /home/airflow/.local/lib/python3.8/site-packages/airflow/example_dags/example_short_circuit_operator.py
[2023-11-24T00:24:32.027+0000] {processor.py:829} INFO - Processing file /home/airflow/.local/lib/python3.8/site-packages/airflow/example_dags/example_short_circuit_operator.py for tasks to queue
[2023-11-24T00:24:32.028+0000] {logging_mixin.py:154} INFO - [2023-11-24T00:24:32.028+0000] {dagbag.py:536} INFO - Filling up the DagBag from /home/airflow/.local/lib/python3.8/site-packages/airflow/example_dags/example_short_circuit_operator.py
[2023-11-24T00:24:32.034+0000] {processor.py:839} INFO - DAG(s) dict_keys(['example_short_circuit_operator']) retrieved from /home/airflow/.local/lib/python3.8/site-packages/airflow/example_dags/example_short_circuit_operator.py
[2023-11-24T00:24:32.052+0000] {logging_mixin.py:154} INFO - [2023-11-24T00:24:32.052+0000] {dag.py:2941} INFO - Sync 1 DAGs
[2023-11-24T00:24:32.069+0000] {logging_mixin.py:154} INFO - [2023-11-24T00:24:32.069+0000] {dag.py:3722} INFO - Setting next_dagrun for example_short_circuit_operator to 2023-11-23T00:24:32.069353+00:00, run_after=2023-11-24T00:24:32.069353+00:00
[2023-11-24T00:24:32.084+0000] {processor.py:179} INFO - Processing /home/airflow/.local/lib/python3.8/site-packages/airflow/example_dags/example_short_circuit_operator.py took 0.060 seconds
[2023-11-24T00:25:02.560+0000] {processor.py:157} INFO - Started process (PID=809) to work on /home/airflow/.local/lib/python3.8/site-packages/airflow/example_dags/example_short_circuit_operator.py
[2023-11-24T00:25:02.560+0000] {processor.py:829} INFO - Processing file /home/airflow/.local/lib/python3.8/site-packages/airflow/example_dags/example_short_circuit_operator.py for tasks to queue
[2023-11-24T00:25:02.562+0000] {logging_mixin.py:154} INFO - [2023-11-24T00:25:02.562+0000] {dagbag.py:536} INFO - Filling up the DagBag from /home/airflow/.local/lib/python3.8/site-packages/airflow/example_dags/example_short_circuit_operator.py
[2023-11-24T00:25:02.567+0000] {processor.py:839} INFO - DAG(s) dict_keys(['example_short_circuit_operator']) retrieved from /home/airflow/.local/lib/python3.8/site-packages/airflow/example_dags/example_short_circuit_operator.py
[2023-11-24T00:25:02.585+0000] {logging_mixin.py:154} INFO - [2023-11-24T00:25:02.585+0000] {dag.py:2941} INFO - Sync 1 DAGs
[2023-11-24T00:25:02.602+0000] {logging_mixin.py:154} INFO - [2023-11-24T00:25:02.602+0000] {dag.py:3722} INFO - Setting next_dagrun for example_short_circuit_operator to 2023-11-23T00:25:02.601813+00:00, run_after=2023-11-24T00:25:02.601813+00:00
[2023-11-24T00:25:02.758+0000] {processor.py:179} INFO - Processing /home/airflow/.local/lib/python3.8/site-packages/airflow/example_dags/example_short_circuit_operator.py took 0.201 seconds
[2023-11-24T00:25:33.110+0000] {processor.py:157} INFO - Started process (PID=863) to work on /home/airflow/.local/lib/python3.8/site-packages/airflow/example_dags/example_short_circuit_operator.py
[2023-11-24T00:25:33.110+0000] {processor.py:829} INFO - Processing file /home/airflow/.local/lib/python3.8/site-packages/airflow/example_dags/example_short_circuit_operator.py for tasks to queue
[2023-11-24T00:25:33.112+0000] {logging_mixin.py:154} INFO - [2023-11-24T00:25:33.112+0000] {dagbag.py:536} INFO - Filling up the DagBag from /home/airflow/.local/lib/python3.8/site-packages/airflow/example_dags/example_short_circuit_operator.py
[2023-11-24T00:25:33.117+0000] {processor.py:839} INFO - DAG(s) dict_keys(['example_short_circuit_operator']) retrieved from /home/airflow/.local/lib/python3.8/site-packages/airflow/example_dags/example_short_circuit_operator.py
[2023-11-24T00:25:33.135+0000] {logging_mixin.py:154} INFO - [2023-11-24T00:25:33.135+0000] {dag.py:2941} INFO - Sync 1 DAGs
[2023-11-24T00:25:33.153+0000] {logging_mixin.py:154} INFO - [2023-11-24T00:25:33.152+0000] {dag.py:3722} INFO - Setting next_dagrun for example_short_circuit_operator to 2023-11-23T00:25:33.152602+00:00, run_after=2023-11-24T00:25:33.152602+00:00
[2023-11-24T00:25:33.166+0000] {processor.py:179} INFO - Processing /home/airflow/.local/lib/python3.8/site-packages/airflow/example_dags/example_short_circuit_operator.py took 0.059 seconds
[2023-11-24T00:26:03.920+0000] {processor.py:157} INFO - Started process (PID=917) to work on /home/airflow/.local/lib/python3.8/site-packages/airflow/example_dags/example_short_circuit_operator.py
[2023-11-24T00:26:03.921+0000] {processor.py:829} INFO - Processing file /home/airflow/.local/lib/python3.8/site-packages/airflow/example_dags/example_short_circuit_operator.py for tasks to queue
[2023-11-24T00:26:03.923+0000] {logging_mixin.py:154} INFO - [2023-11-24T00:26:03.922+0000] {dagbag.py:536} INFO - Filling up the DagBag from /home/airflow/.local/lib/python3.8/site-packages/airflow/example_dags/example_short_circuit_operator.py
[2023-11-24T00:26:03.928+0000] {processor.py:839} INFO - DAG(s) dict_keys(['example_short_circuit_operator']) retrieved from /home/airflow/.local/lib/python3.8/site-packages/airflow/example_dags/example_short_circuit_operator.py
[2023-11-24T00:26:03.946+0000] {logging_mixin.py:154} INFO - [2023-11-24T00:26:03.945+0000] {dag.py:2941} INFO - Sync 1 DAGs
[2023-11-24T00:26:03.964+0000] {logging_mixin.py:154} INFO - [2023-11-24T00:26:03.964+0000] {dag.py:3722} INFO - Setting next_dagrun for example_short_circuit_operator to 2023-11-23T00:26:03.964135+00:00, run_after=2023-11-24T00:26:03.964135+00:00
[2023-11-24T00:26:03.979+0000] {processor.py:179} INFO - Processing /home/airflow/.local/lib/python3.8/site-packages/airflow/example_dags/example_short_circuit_operator.py took 0.060 seconds
[2023-11-24T00:26:34.983+0000] {processor.py:157} INFO - Started process (PID=971) to work on /home/airflow/.local/lib/python3.8/site-packages/airflow/example_dags/example_short_circuit_operator.py
[2023-11-24T00:26:34.984+0000] {processor.py:829} INFO - Processing file /home/airflow/.local/lib/python3.8/site-packages/airflow/example_dags/example_short_circuit_operator.py for tasks to queue
[2023-11-24T00:26:34.986+0000] {logging_mixin.py:154} INFO - [2023-11-24T00:26:34.986+0000] {dagbag.py:536} INFO - Filling up the DagBag from /home/airflow/.local/lib/python3.8/site-packages/airflow/example_dags/example_short_circuit_operator.py
[2023-11-24T00:26:34.991+0000] {processor.py:839} INFO - DAG(s) dict_keys(['example_short_circuit_operator']) retrieved from /home/airflow/.local/lib/python3.8/site-packages/airflow/example_dags/example_short_circuit_operator.py
[2023-11-24T00:26:35.013+0000] {logging_mixin.py:154} INFO - [2023-11-24T00:26:35.013+0000] {dag.py:2941} INFO - Sync 1 DAGs
[2023-11-24T00:26:35.180+0000] {logging_mixin.py:154} INFO - [2023-11-24T00:26:35.179+0000] {dag.py:3722} INFO - Setting next_dagrun for example_short_circuit_operator to 2023-11-23T00:26:35.179708+00:00, run_after=2023-11-24T00:26:35.179708+00:00
[2023-11-24T00:26:35.196+0000] {processor.py:179} INFO - Processing /home/airflow/.local/lib/python3.8/site-packages/airflow/example_dags/example_short_circuit_operator.py took 0.216 seconds
[2023-11-24T00:27:05.836+0000] {processor.py:157} INFO - Started process (PID=1025) to work on /home/airflow/.local/lib/python3.8/site-packages/airflow/example_dags/example_short_circuit_operator.py
[2023-11-24T00:27:05.837+0000] {processor.py:829} INFO - Processing file /home/airflow/.local/lib/python3.8/site-packages/airflow/example_dags/example_short_circuit_operator.py for tasks to queue
[2023-11-24T00:27:05.839+0000] {logging_mixin.py:154} INFO - [2023-11-24T00:27:05.839+0000] {dagbag.py:536} INFO - Filling up the DagBag from /home/airflow/.local/lib/python3.8/site-packages/airflow/example_dags/example_short_circuit_operator.py
[2023-11-24T00:27:05.844+0000] {processor.py:839} INFO - DAG(s) dict_keys(['example_short_circuit_operator']) retrieved from /home/airflow/.local/lib/python3.8/site-packages/airflow/example_dags/example_short_circuit_operator.py
[2023-11-24T00:27:05.863+0000] {logging_mixin.py:154} INFO - [2023-11-24T00:27:05.862+0000] {dag.py:2941} INFO - Sync 1 DAGs
[2023-11-24T00:27:05.880+0000] {logging_mixin.py:154} INFO - [2023-11-24T00:27:05.880+0000] {dag.py:3722} INFO - Setting next_dagrun for example_short_circuit_operator to 2023-11-23T00:27:05.879903+00:00, run_after=2023-11-24T00:27:05.879903+00:00
[2023-11-24T00:27:05.895+0000] {processor.py:179} INFO - Processing /home/airflow/.local/lib/python3.8/site-packages/airflow/example_dags/example_short_circuit_operator.py took 0.060 seconds
[2023-11-24T00:27:36.514+0000] {processor.py:157} INFO - Started process (PID=1079) to work on /home/airflow/.local/lib/python3.8/site-packages/airflow/example_dags/example_short_circuit_operator.py
[2023-11-24T00:27:36.516+0000] {processor.py:829} INFO - Processing file /home/airflow/.local/lib/python3.8/site-packages/airflow/example_dags/example_short_circuit_operator.py for tasks to queue
[2023-11-24T00:27:36.518+0000] {logging_mixin.py:154} INFO - [2023-11-24T00:27:36.517+0000] {dagbag.py:536} INFO - Filling up the DagBag from /home/airflow/.local/lib/python3.8/site-packages/airflow/example_dags/example_short_circuit_operator.py
[2023-11-24T00:27:36.525+0000] {processor.py:839} INFO - DAG(s) dict_keys(['example_short_circuit_operator']) retrieved from /home/airflow/.local/lib/python3.8/site-packages/airflow/example_dags/example_short_circuit_operator.py
[2023-11-24T00:27:36.548+0000] {logging_mixin.py:154} INFO - [2023-11-24T00:27:36.547+0000] {dag.py:2941} INFO - Sync 1 DAGs
[2023-11-24T00:27:36.573+0000] {logging_mixin.py:154} INFO - [2023-11-24T00:27:36.572+0000] {dag.py:3722} INFO - Setting next_dagrun for example_short_circuit_operator to 2023-11-23T00:27:36.572709+00:00, run_after=2023-11-24T00:27:36.572709+00:00
[2023-11-24T00:27:36.598+0000] {processor.py:179} INFO - Processing /home/airflow/.local/lib/python3.8/site-packages/airflow/example_dags/example_short_circuit_operator.py took 0.086 seconds
[2023-11-24T00:28:07.430+0000] {processor.py:157} INFO - Started process (PID=1133) to work on /home/airflow/.local/lib/python3.8/site-packages/airflow/example_dags/example_short_circuit_operator.py
[2023-11-24T00:28:07.431+0000] {processor.py:829} INFO - Processing file /home/airflow/.local/lib/python3.8/site-packages/airflow/example_dags/example_short_circuit_operator.py for tasks to queue
[2023-11-24T00:28:07.433+0000] {logging_mixin.py:154} INFO - [2023-11-24T00:28:07.433+0000] {dagbag.py:536} INFO - Filling up the DagBag from /home/airflow/.local/lib/python3.8/site-packages/airflow/example_dags/example_short_circuit_operator.py
[2023-11-24T00:28:07.439+0000] {processor.py:839} INFO - DAG(s) dict_keys(['example_short_circuit_operator']) retrieved from /home/airflow/.local/lib/python3.8/site-packages/airflow/example_dags/example_short_circuit_operator.py
[2023-11-24T00:28:07.457+0000] {logging_mixin.py:154} INFO - [2023-11-24T00:28:07.457+0000] {dag.py:2941} INFO - Sync 1 DAGs
[2023-11-24T00:28:07.475+0000] {logging_mixin.py:154} INFO - [2023-11-24T00:28:07.475+0000] {dag.py:3722} INFO - Setting next_dagrun for example_short_circuit_operator to 2023-11-23T00:28:07.474946+00:00, run_after=2023-11-24T00:28:07.474946+00:00
[2023-11-24T00:28:07.490+0000] {processor.py:179} INFO - Processing /home/airflow/.local/lib/python3.8/site-packages/airflow/example_dags/example_short_circuit_operator.py took 0.062 seconds
[2023-11-24T00:28:38.028+0000] {processor.py:157} INFO - Started process (PID=1187) to work on /home/airflow/.local/lib/python3.8/site-packages/airflow/example_dags/example_short_circuit_operator.py
[2023-11-24T00:28:38.029+0000] {processor.py:829} INFO - Processing file /home/airflow/.local/lib/python3.8/site-packages/airflow/example_dags/example_short_circuit_operator.py for tasks to queue
[2023-11-24T00:28:38.030+0000] {logging_mixin.py:154} INFO - [2023-11-24T00:28:38.030+0000] {dagbag.py:536} INFO - Filling up the DagBag from /home/airflow/.local/lib/python3.8/site-packages/airflow/example_dags/example_short_circuit_operator.py
[2023-11-24T00:28:38.036+0000] {processor.py:839} INFO - DAG(s) dict_keys(['example_short_circuit_operator']) retrieved from /home/airflow/.local/lib/python3.8/site-packages/airflow/example_dags/example_short_circuit_operator.py
[2023-11-24T00:28:38.056+0000] {logging_mixin.py:154} INFO - [2023-11-24T00:28:38.055+0000] {dag.py:2941} INFO - Sync 1 DAGs
[2023-11-24T00:28:38.205+0000] {logging_mixin.py:154} INFO - [2023-11-24T00:28:38.205+0000] {dag.py:3722} INFO - Setting next_dagrun for example_short_circuit_operator to 2023-11-23T00:28:38.204834+00:00, run_after=2023-11-24T00:28:38.204834+00:00
[2023-11-24T00:28:38.219+0000] {processor.py:179} INFO - Processing /home/airflow/.local/lib/python3.8/site-packages/airflow/example_dags/example_short_circuit_operator.py took 0.194 seconds
[2023-11-24T00:29:08.261+0000] {processor.py:157} INFO - Started process (PID=1241) to work on /home/airflow/.local/lib/python3.8/site-packages/airflow/example_dags/example_short_circuit_operator.py
[2023-11-24T00:29:08.262+0000] {processor.py:829} INFO - Processing file /home/airflow/.local/lib/python3.8/site-packages/airflow/example_dags/example_short_circuit_operator.py for tasks to queue
[2023-11-24T00:29:08.264+0000] {logging_mixin.py:154} INFO - [2023-11-24T00:29:08.264+0000] {dagbag.py:536} INFO - Filling up the DagBag from /home/airflow/.local/lib/python3.8/site-packages/airflow/example_dags/example_short_circuit_operator.py
[2023-11-24T00:29:08.269+0000] {processor.py:839} INFO - DAG(s) dict_keys(['example_short_circuit_operator']) retrieved from /home/airflow/.local/lib/python3.8/site-packages/airflow/example_dags/example_short_circuit_operator.py
[2023-11-24T00:29:08.287+0000] {logging_mixin.py:154} INFO - [2023-11-24T00:29:08.287+0000] {dag.py:2941} INFO - Sync 1 DAGs
[2023-11-24T00:29:08.303+0000] {logging_mixin.py:154} INFO - [2023-11-24T00:29:08.303+0000] {dag.py:3722} INFO - Setting next_dagrun for example_short_circuit_operator to 2023-11-23T00:29:08.303281+00:00, run_after=2023-11-24T00:29:08.303281+00:00
[2023-11-24T00:29:08.446+0000] {processor.py:179} INFO - Processing /home/airflow/.local/lib/python3.8/site-packages/airflow/example_dags/example_short_circuit_operator.py took 0.187 seconds
[2023-11-24T00:29:38.679+0000] {processor.py:157} INFO - Started process (PID=1295) to work on /home/airflow/.local/lib/python3.8/site-packages/airflow/example_dags/example_short_circuit_operator.py
[2023-11-24T00:29:38.680+0000] {processor.py:829} INFO - Processing file /home/airflow/.local/lib/python3.8/site-packages/airflow/example_dags/example_short_circuit_operator.py for tasks to queue
[2023-11-24T00:29:38.681+0000] {logging_mixin.py:154} INFO - [2023-11-24T00:29:38.681+0000] {dagbag.py:536} INFO - Filling up the DagBag from /home/airflow/.local/lib/python3.8/site-packages/airflow/example_dags/example_short_circuit_operator.py
[2023-11-24T00:29:38.687+0000] {processor.py:839} INFO - DAG(s) dict_keys(['example_short_circuit_operator']) retrieved from /home/airflow/.local/lib/python3.8/site-packages/airflow/example_dags/example_short_circuit_operator.py
[2023-11-24T00:29:38.706+0000] {logging_mixin.py:154} INFO - [2023-11-24T00:29:38.706+0000] {dag.py:2941} INFO - Sync 1 DAGs
[2023-11-24T00:29:38.725+0000] {logging_mixin.py:154} INFO - [2023-11-24T00:29:38.725+0000] {dag.py:3722} INFO - Setting next_dagrun for example_short_circuit_operator to 2023-11-23T00:29:38.725137+00:00, run_after=2023-11-24T00:29:38.725137+00:00
[2023-11-24T00:29:38.743+0000] {processor.py:179} INFO - Processing /home/airflow/.local/lib/python3.8/site-packages/airflow/example_dags/example_short_circuit_operator.py took 0.066 seconds
[2023-11-24T00:30:09.075+0000] {processor.py:157} INFO - Started process (PID=1349) to work on /home/airflow/.local/lib/python3.8/site-packages/airflow/example_dags/example_short_circuit_operator.py
[2023-11-24T00:30:09.076+0000] {processor.py:829} INFO - Processing file /home/airflow/.local/lib/python3.8/site-packages/airflow/example_dags/example_short_circuit_operator.py for tasks to queue
[2023-11-24T00:30:09.078+0000] {logging_mixin.py:154} INFO - [2023-11-24T00:30:09.077+0000] {dagbag.py:536} INFO - Filling up the DagBag from /home/airflow/.local/lib/python3.8/site-packages/airflow/example_dags/example_short_circuit_operator.py
[2023-11-24T00:30:09.083+0000] {processor.py:839} INFO - DAG(s) dict_keys(['example_short_circuit_operator']) retrieved from /home/airflow/.local/lib/python3.8/site-packages/airflow/example_dags/example_short_circuit_operator.py
[2023-11-24T00:30:09.233+0000] {logging_mixin.py:154} INFO - [2023-11-24T00:30:09.232+0000] {dag.py:2941} INFO - Sync 1 DAGs
[2023-11-24T00:30:09.250+0000] {logging_mixin.py:154} INFO - [2023-11-24T00:30:09.249+0000] {dag.py:3722} INFO - Setting next_dagrun for example_short_circuit_operator to 2023-11-23T00:30:09.249681+00:00, run_after=2023-11-24T00:30:09.249681+00:00
[2023-11-24T00:30:09.264+0000] {processor.py:179} INFO - Processing /home/airflow/.local/lib/python3.8/site-packages/airflow/example_dags/example_short_circuit_operator.py took 0.191 seconds
[2023-11-24T00:30:39.646+0000] {processor.py:157} INFO - Started process (PID=1403) to work on /home/airflow/.local/lib/python3.8/site-packages/airflow/example_dags/example_short_circuit_operator.py
[2023-11-24T00:30:39.647+0000] {processor.py:829} INFO - Processing file /home/airflow/.local/lib/python3.8/site-packages/airflow/example_dags/example_short_circuit_operator.py for tasks to queue
[2023-11-24T00:30:39.648+0000] {logging_mixin.py:154} INFO - [2023-11-24T00:30:39.648+0000] {dagbag.py:536} INFO - Filling up the DagBag from /home/airflow/.local/lib/python3.8/site-packages/airflow/example_dags/example_short_circuit_operator.py
[2023-11-24T00:30:39.655+0000] {processor.py:839} INFO - DAG(s) dict_keys(['example_short_circuit_operator']) retrieved from /home/airflow/.local/lib/python3.8/site-packages/airflow/example_dags/example_short_circuit_operator.py
[2023-11-24T00:30:39.676+0000] {logging_mixin.py:154} INFO - [2023-11-24T00:30:39.675+0000] {dag.py:2941} INFO - Sync 1 DAGs
[2023-11-24T00:30:39.834+0000] {logging_mixin.py:154} INFO - [2023-11-24T00:30:39.834+0000] {dag.py:3722} INFO - Setting next_dagrun for example_short_circuit_operator to 2023-11-23T00:30:39.834469+00:00, run_after=2023-11-24T00:30:39.834469+00:00
[2023-11-24T00:30:39.855+0000] {processor.py:179} INFO - Processing /home/airflow/.local/lib/python3.8/site-packages/airflow/example_dags/example_short_circuit_operator.py took 0.212 seconds
