[2023-11-24T00:17:57.711+0000] {processor.py:157} INFO - Started process (PID=49) to work on /home/airflow/.local/lib/python3.8/site-packages/airflow/example_dags/example_sla_dag.py
[2023-11-24T00:17:57.711+0000] {processor.py:829} INFO - Processing file /home/airflow/.local/lib/python3.8/site-packages/airflow/example_dags/example_sla_dag.py for tasks to queue
[2023-11-24T00:17:57.713+0000] {logging_mixin.py:154} INFO - [2023-11-24T00:17:57.713+0000] {dagbag.py:536} INFO - Filling up the DagBag from /home/airflow/.local/lib/python3.8/site-packages/airflow/example_dags/example_sla_dag.py
[2023-11-24T00:17:57.722+0000] {processor.py:839} INFO - DAG(s) dict_keys(['example_sla_dag']) retrieved from /home/airflow/.local/lib/python3.8/site-packages/airflow/example_dags/example_sla_dag.py
[2023-11-24T00:17:57.732+0000] {logging_mixin.py:154} INFO - [2023-11-24T00:17:57.732+0000] {dag.py:2941} INFO - Sync 1 DAGs
[2023-11-24T00:17:57.757+0000] {logging_mixin.py:154} INFO - [2023-11-24T00:17:57.757+0000] {dag.py:3722} INFO - Setting next_dagrun for example_sla_dag to 2023-11-24T00:14:00+00:00, run_after=2023-11-24T00:16:00+00:00
[2023-11-24T00:17:57.780+0000] {processor.py:179} INFO - Processing /home/airflow/.local/lib/python3.8/site-packages/airflow/example_dags/example_sla_dag.py took 0.071 seconds
[2023-11-24T00:18:27.916+0000] {processor.py:157} INFO - Started process (PID=103) to work on /home/airflow/.local/lib/python3.8/site-packages/airflow/example_dags/example_sla_dag.py
[2023-11-24T00:18:27.917+0000] {processor.py:829} INFO - Processing file /home/airflow/.local/lib/python3.8/site-packages/airflow/example_dags/example_sla_dag.py for tasks to queue
[2023-11-24T00:18:27.918+0000] {logging_mixin.py:154} INFO - [2023-11-24T00:18:27.918+0000] {dagbag.py:536} INFO - Filling up the DagBag from /home/airflow/.local/lib/python3.8/site-packages/airflow/example_dags/example_sla_dag.py
[2023-11-24T00:18:27.924+0000] {processor.py:839} INFO - DAG(s) dict_keys(['example_sla_dag']) retrieved from /home/airflow/.local/lib/python3.8/site-packages/airflow/example_dags/example_sla_dag.py
[2023-11-24T00:18:27.938+0000] {logging_mixin.py:154} INFO - [2023-11-24T00:18:27.938+0000] {dag.py:2941} INFO - Sync 1 DAGs
[2023-11-24T00:18:27.957+0000] {logging_mixin.py:154} INFO - [2023-11-24T00:18:27.957+0000] {dag.py:3722} INFO - Setting next_dagrun for example_sla_dag to 2023-11-24T00:16:00+00:00, run_after=2023-11-24T00:18:00+00:00
[2023-11-24T00:18:27.972+0000] {processor.py:179} INFO - Processing /home/airflow/.local/lib/python3.8/site-packages/airflow/example_dags/example_sla_dag.py took 0.058 seconds
[2023-11-24T00:18:58.019+0000] {processor.py:157} INFO - Started process (PID=157) to work on /home/airflow/.local/lib/python3.8/site-packages/airflow/example_dags/example_sla_dag.py
[2023-11-24T00:18:58.020+0000] {processor.py:829} INFO - Processing file /home/airflow/.local/lib/python3.8/site-packages/airflow/example_dags/example_sla_dag.py for tasks to queue
[2023-11-24T00:18:58.021+0000] {logging_mixin.py:154} INFO - [2023-11-24T00:18:58.021+0000] {dagbag.py:536} INFO - Filling up the DagBag from /home/airflow/.local/lib/python3.8/site-packages/airflow/example_dags/example_sla_dag.py
[2023-11-24T00:18:58.027+0000] {processor.py:839} INFO - DAG(s) dict_keys(['example_sla_dag']) retrieved from /home/airflow/.local/lib/python3.8/site-packages/airflow/example_dags/example_sla_dag.py
[2023-11-24T00:18:58.041+0000] {logging_mixin.py:154} INFO - [2023-11-24T00:18:58.041+0000] {dag.py:2941} INFO - Sync 1 DAGs
[2023-11-24T00:18:58.060+0000] {logging_mixin.py:154} INFO - [2023-11-24T00:18:58.060+0000] {dag.py:3722} INFO - Setting next_dagrun for example_sla_dag to 2023-11-24T00:16:00+00:00, run_after=2023-11-24T00:18:00+00:00
[2023-11-24T00:18:58.076+0000] {processor.py:179} INFO - Processing /home/airflow/.local/lib/python3.8/site-packages/airflow/example_dags/example_sla_dag.py took 0.059 seconds
[2023-11-24T00:19:28.330+0000] {processor.py:157} INFO - Started process (PID=211) to work on /home/airflow/.local/lib/python3.8/site-packages/airflow/example_dags/example_sla_dag.py
[2023-11-24T00:19:28.331+0000] {processor.py:829} INFO - Processing file /home/airflow/.local/lib/python3.8/site-packages/airflow/example_dags/example_sla_dag.py for tasks to queue
[2023-11-24T00:19:28.332+0000] {logging_mixin.py:154} INFO - [2023-11-24T00:19:28.332+0000] {dagbag.py:536} INFO - Filling up the DagBag from /home/airflow/.local/lib/python3.8/site-packages/airflow/example_dags/example_sla_dag.py
[2023-11-24T00:19:28.338+0000] {processor.py:839} INFO - DAG(s) dict_keys(['example_sla_dag']) retrieved from /home/airflow/.local/lib/python3.8/site-packages/airflow/example_dags/example_sla_dag.py
[2023-11-24T00:19:28.353+0000] {logging_mixin.py:154} INFO - [2023-11-24T00:19:28.352+0000] {dag.py:2941} INFO - Sync 1 DAGs
[2023-11-24T00:19:28.372+0000] {logging_mixin.py:154} INFO - [2023-11-24T00:19:28.371+0000] {dag.py:3722} INFO - Setting next_dagrun for example_sla_dag to 2023-11-24T00:16:00+00:00, run_after=2023-11-24T00:18:00+00:00
[2023-11-24T00:19:28.386+0000] {processor.py:179} INFO - Processing /home/airflow/.local/lib/python3.8/site-packages/airflow/example_dags/example_sla_dag.py took 0.058 seconds
[2023-11-24T00:19:58.626+0000] {processor.py:157} INFO - Started process (PID=265) to work on /home/airflow/.local/lib/python3.8/site-packages/airflow/example_dags/example_sla_dag.py
[2023-11-24T00:19:58.627+0000] {processor.py:829} INFO - Processing file /home/airflow/.local/lib/python3.8/site-packages/airflow/example_dags/example_sla_dag.py for tasks to queue
[2023-11-24T00:19:58.628+0000] {logging_mixin.py:154} INFO - [2023-11-24T00:19:58.628+0000] {dagbag.py:536} INFO - Filling up the DagBag from /home/airflow/.local/lib/python3.8/site-packages/airflow/example_dags/example_sla_dag.py
[2023-11-24T00:19:58.634+0000] {processor.py:839} INFO - DAG(s) dict_keys(['example_sla_dag']) retrieved from /home/airflow/.local/lib/python3.8/site-packages/airflow/example_dags/example_sla_dag.py
[2023-11-24T00:19:58.648+0000] {logging_mixin.py:154} INFO - [2023-11-24T00:19:58.648+0000] {dag.py:2941} INFO - Sync 1 DAGs
[2023-11-24T00:19:58.667+0000] {logging_mixin.py:154} INFO - [2023-11-24T00:19:58.667+0000] {dag.py:3722} INFO - Setting next_dagrun for example_sla_dag to 2023-11-24T00:16:00+00:00, run_after=2023-11-24T00:18:00+00:00
[2023-11-24T00:19:58.682+0000] {processor.py:179} INFO - Processing /home/airflow/.local/lib/python3.8/site-packages/airflow/example_dags/example_sla_dag.py took 0.058 seconds
[2023-11-24T00:20:29.026+0000] {processor.py:157} INFO - Started process (PID=319) to work on /home/airflow/.local/lib/python3.8/site-packages/airflow/example_dags/example_sla_dag.py
[2023-11-24T00:20:29.027+0000] {processor.py:829} INFO - Processing file /home/airflow/.local/lib/python3.8/site-packages/airflow/example_dags/example_sla_dag.py for tasks to queue
[2023-11-24T00:20:29.028+0000] {logging_mixin.py:154} INFO - [2023-11-24T00:20:29.028+0000] {dagbag.py:536} INFO - Filling up the DagBag from /home/airflow/.local/lib/python3.8/site-packages/airflow/example_dags/example_sla_dag.py
[2023-11-24T00:20:29.035+0000] {processor.py:839} INFO - DAG(s) dict_keys(['example_sla_dag']) retrieved from /home/airflow/.local/lib/python3.8/site-packages/airflow/example_dags/example_sla_dag.py
[2023-11-24T00:20:29.052+0000] {logging_mixin.py:154} INFO - [2023-11-24T00:20:29.052+0000] {dag.py:2941} INFO - Sync 1 DAGs
[2023-11-24T00:20:29.074+0000] {logging_mixin.py:154} INFO - [2023-11-24T00:20:29.074+0000] {dag.py:3722} INFO - Setting next_dagrun for example_sla_dag to 2023-11-24T00:18:00+00:00, run_after=2023-11-24T00:20:00+00:00
[2023-11-24T00:20:29.091+0000] {processor.py:179} INFO - Processing /home/airflow/.local/lib/python3.8/site-packages/airflow/example_dags/example_sla_dag.py took 0.068 seconds
[2023-11-24T00:20:59.275+0000] {processor.py:157} INFO - Started process (PID=373) to work on /home/airflow/.local/lib/python3.8/site-packages/airflow/example_dags/example_sla_dag.py
[2023-11-24T00:20:59.276+0000] {processor.py:829} INFO - Processing file /home/airflow/.local/lib/python3.8/site-packages/airflow/example_dags/example_sla_dag.py for tasks to queue
[2023-11-24T00:20:59.277+0000] {logging_mixin.py:154} INFO - [2023-11-24T00:20:59.277+0000] {dagbag.py:536} INFO - Filling up the DagBag from /home/airflow/.local/lib/python3.8/site-packages/airflow/example_dags/example_sla_dag.py
[2023-11-24T00:20:59.283+0000] {processor.py:839} INFO - DAG(s) dict_keys(['example_sla_dag']) retrieved from /home/airflow/.local/lib/python3.8/site-packages/airflow/example_dags/example_sla_dag.py
[2023-11-24T00:20:59.297+0000] {logging_mixin.py:154} INFO - [2023-11-24T00:20:59.297+0000] {dag.py:2941} INFO - Sync 1 DAGs
[2023-11-24T00:20:59.316+0000] {logging_mixin.py:154} INFO - [2023-11-24T00:20:59.316+0000] {dag.py:3722} INFO - Setting next_dagrun for example_sla_dag to 2023-11-24T00:18:00+00:00, run_after=2023-11-24T00:20:00+00:00
[2023-11-24T00:20:59.328+0000] {processor.py:179} INFO - Processing /home/airflow/.local/lib/python3.8/site-packages/airflow/example_dags/example_sla_dag.py took 0.055 seconds
[2023-11-24T00:21:29.668+0000] {processor.py:157} INFO - Started process (PID=427) to work on /home/airflow/.local/lib/python3.8/site-packages/airflow/example_dags/example_sla_dag.py
[2023-11-24T00:21:29.669+0000] {processor.py:829} INFO - Processing file /home/airflow/.local/lib/python3.8/site-packages/airflow/example_dags/example_sla_dag.py for tasks to queue
[2023-11-24T00:21:29.670+0000] {logging_mixin.py:154} INFO - [2023-11-24T00:21:29.670+0000] {dagbag.py:536} INFO - Filling up the DagBag from /home/airflow/.local/lib/python3.8/site-packages/airflow/example_dags/example_sla_dag.py
[2023-11-24T00:21:29.676+0000] {processor.py:839} INFO - DAG(s) dict_keys(['example_sla_dag']) retrieved from /home/airflow/.local/lib/python3.8/site-packages/airflow/example_dags/example_sla_dag.py
[2023-11-24T00:21:29.691+0000] {logging_mixin.py:154} INFO - [2023-11-24T00:21:29.691+0000] {dag.py:2941} INFO - Sync 1 DAGs
[2023-11-24T00:21:29.711+0000] {logging_mixin.py:154} INFO - [2023-11-24T00:21:29.711+0000] {dag.py:3722} INFO - Setting next_dagrun for example_sla_dag to 2023-11-24T00:18:00+00:00, run_after=2023-11-24T00:20:00+00:00
[2023-11-24T00:21:29.728+0000] {processor.py:179} INFO - Processing /home/airflow/.local/lib/python3.8/site-packages/airflow/example_dags/example_sla_dag.py took 0.063 seconds
[2023-11-24T00:22:00.303+0000] {processor.py:157} INFO - Started process (PID=481) to work on /home/airflow/.local/lib/python3.8/site-packages/airflow/example_dags/example_sla_dag.py
[2023-11-24T00:22:00.304+0000] {processor.py:829} INFO - Processing file /home/airflow/.local/lib/python3.8/site-packages/airflow/example_dags/example_sla_dag.py for tasks to queue
[2023-11-24T00:22:00.306+0000] {logging_mixin.py:154} INFO - [2023-11-24T00:22:00.305+0000] {dagbag.py:536} INFO - Filling up the DagBag from /home/airflow/.local/lib/python3.8/site-packages/airflow/example_dags/example_sla_dag.py
[2023-11-24T00:22:00.311+0000] {processor.py:839} INFO - DAG(s) dict_keys(['example_sla_dag']) retrieved from /home/airflow/.local/lib/python3.8/site-packages/airflow/example_dags/example_sla_dag.py
[2023-11-24T00:22:00.326+0000] {logging_mixin.py:154} INFO - [2023-11-24T00:22:00.326+0000] {dag.py:2941} INFO - Sync 1 DAGs
[2023-11-24T00:22:00.346+0000] {logging_mixin.py:154} INFO - [2023-11-24T00:22:00.346+0000] {dag.py:3722} INFO - Setting next_dagrun for example_sla_dag to 2023-11-24T00:20:00+00:00, run_after=2023-11-24T00:22:00+00:00
[2023-11-24T00:22:00.360+0000] {processor.py:179} INFO - Processing /home/airflow/.local/lib/python3.8/site-packages/airflow/example_dags/example_sla_dag.py took 0.059 seconds
[2023-11-24T00:22:30.603+0000] {processor.py:157} INFO - Started process (PID=535) to work on /home/airflow/.local/lib/python3.8/site-packages/airflow/example_dags/example_sla_dag.py
[2023-11-24T00:22:30.604+0000] {processor.py:829} INFO - Processing file /home/airflow/.local/lib/python3.8/site-packages/airflow/example_dags/example_sla_dag.py for tasks to queue
[2023-11-24T00:22:30.606+0000] {logging_mixin.py:154} INFO - [2023-11-24T00:22:30.606+0000] {dagbag.py:536} INFO - Filling up the DagBag from /home/airflow/.local/lib/python3.8/site-packages/airflow/example_dags/example_sla_dag.py
[2023-11-24T00:22:30.613+0000] {processor.py:839} INFO - DAG(s) dict_keys(['example_sla_dag']) retrieved from /home/airflow/.local/lib/python3.8/site-packages/airflow/example_dags/example_sla_dag.py
[2023-11-24T00:22:30.630+0000] {logging_mixin.py:154} INFO - [2023-11-24T00:22:30.630+0000] {dag.py:2941} INFO - Sync 1 DAGs
[2023-11-24T00:22:30.653+0000] {logging_mixin.py:154} INFO - [2023-11-24T00:22:30.653+0000] {dag.py:3722} INFO - Setting next_dagrun for example_sla_dag to 2023-11-24T00:20:00+00:00, run_after=2023-11-24T00:22:00+00:00
[2023-11-24T00:22:30.669+0000] {processor.py:179} INFO - Processing /home/airflow/.local/lib/python3.8/site-packages/airflow/example_dags/example_sla_dag.py took 0.068 seconds
[2023-11-24T00:23:00.917+0000] {processor.py:157} INFO - Started process (PID=589) to work on /home/airflow/.local/lib/python3.8/site-packages/airflow/example_dags/example_sla_dag.py
[2023-11-24T00:23:00.918+0000] {processor.py:829} INFO - Processing file /home/airflow/.local/lib/python3.8/site-packages/airflow/example_dags/example_sla_dag.py for tasks to queue
[2023-11-24T00:23:00.920+0000] {logging_mixin.py:154} INFO - [2023-11-24T00:23:00.919+0000] {dagbag.py:536} INFO - Filling up the DagBag from /home/airflow/.local/lib/python3.8/site-packages/airflow/example_dags/example_sla_dag.py
[2023-11-24T00:23:00.926+0000] {processor.py:839} INFO - DAG(s) dict_keys(['example_sla_dag']) retrieved from /home/airflow/.local/lib/python3.8/site-packages/airflow/example_dags/example_sla_dag.py
[2023-11-24T00:23:00.941+0000] {logging_mixin.py:154} INFO - [2023-11-24T00:23:00.941+0000] {dag.py:2941} INFO - Sync 1 DAGs
[2023-11-24T00:23:00.963+0000] {logging_mixin.py:154} INFO - [2023-11-24T00:23:00.963+0000] {dag.py:3722} INFO - Setting next_dagrun for example_sla_dag to 2023-11-24T00:20:00+00:00, run_after=2023-11-24T00:22:00+00:00
[2023-11-24T00:23:00.980+0000] {processor.py:179} INFO - Processing /home/airflow/.local/lib/python3.8/site-packages/airflow/example_dags/example_sla_dag.py took 0.066 seconds
[2023-11-24T00:23:31.260+0000] {processor.py:157} INFO - Started process (PID=643) to work on /home/airflow/.local/lib/python3.8/site-packages/airflow/example_dags/example_sla_dag.py
[2023-11-24T00:23:31.261+0000] {processor.py:829} INFO - Processing file /home/airflow/.local/lib/python3.8/site-packages/airflow/example_dags/example_sla_dag.py for tasks to queue
[2023-11-24T00:23:31.262+0000] {logging_mixin.py:154} INFO - [2023-11-24T00:23:31.262+0000] {dagbag.py:536} INFO - Filling up the DagBag from /home/airflow/.local/lib/python3.8/site-packages/airflow/example_dags/example_sla_dag.py
[2023-11-24T00:23:31.268+0000] {processor.py:839} INFO - DAG(s) dict_keys(['example_sla_dag']) retrieved from /home/airflow/.local/lib/python3.8/site-packages/airflow/example_dags/example_sla_dag.py
[2023-11-24T00:23:31.282+0000] {logging_mixin.py:154} INFO - [2023-11-24T00:23:31.282+0000] {dag.py:2941} INFO - Sync 1 DAGs
[2023-11-24T00:23:31.301+0000] {logging_mixin.py:154} INFO - [2023-11-24T00:23:31.301+0000] {dag.py:3722} INFO - Setting next_dagrun for example_sla_dag to 2023-11-24T00:20:00+00:00, run_after=2023-11-24T00:22:00+00:00
[2023-11-24T00:23:31.315+0000] {processor.py:179} INFO - Processing /home/airflow/.local/lib/python3.8/site-packages/airflow/example_dags/example_sla_dag.py took 0.058 seconds
[2023-11-24T00:24:01.630+0000] {processor.py:157} INFO - Started process (PID=697) to work on /home/airflow/.local/lib/python3.8/site-packages/airflow/example_dags/example_sla_dag.py
[2023-11-24T00:24:01.631+0000] {processor.py:829} INFO - Processing file /home/airflow/.local/lib/python3.8/site-packages/airflow/example_dags/example_sla_dag.py for tasks to queue
[2023-11-24T00:24:01.632+0000] {logging_mixin.py:154} INFO - [2023-11-24T00:24:01.632+0000] {dagbag.py:536} INFO - Filling up the DagBag from /home/airflow/.local/lib/python3.8/site-packages/airflow/example_dags/example_sla_dag.py
[2023-11-24T00:24:01.637+0000] {processor.py:839} INFO - DAG(s) dict_keys(['example_sla_dag']) retrieved from /home/airflow/.local/lib/python3.8/site-packages/airflow/example_dags/example_sla_dag.py
[2023-11-24T00:24:01.651+0000] {logging_mixin.py:154} INFO - [2023-11-24T00:24:01.651+0000] {dag.py:2941} INFO - Sync 1 DAGs
[2023-11-24T00:24:01.671+0000] {logging_mixin.py:154} INFO - [2023-11-24T00:24:01.671+0000] {dag.py:3722} INFO - Setting next_dagrun for example_sla_dag to 2023-11-24T00:22:00+00:00, run_after=2023-11-24T00:24:00+00:00
[2023-11-24T00:24:01.685+0000] {processor.py:179} INFO - Processing /home/airflow/.local/lib/python3.8/site-packages/airflow/example_dags/example_sla_dag.py took 0.057 seconds
[2023-11-24T00:24:31.836+0000] {processor.py:157} INFO - Started process (PID=751) to work on /home/airflow/.local/lib/python3.8/site-packages/airflow/example_dags/example_sla_dag.py
[2023-11-24T00:24:31.837+0000] {processor.py:829} INFO - Processing file /home/airflow/.local/lib/python3.8/site-packages/airflow/example_dags/example_sla_dag.py for tasks to queue
[2023-11-24T00:24:31.839+0000] {logging_mixin.py:154} INFO - [2023-11-24T00:24:31.839+0000] {dagbag.py:536} INFO - Filling up the DagBag from /home/airflow/.local/lib/python3.8/site-packages/airflow/example_dags/example_sla_dag.py
[2023-11-24T00:24:31.844+0000] {processor.py:839} INFO - DAG(s) dict_keys(['example_sla_dag']) retrieved from /home/airflow/.local/lib/python3.8/site-packages/airflow/example_dags/example_sla_dag.py
[2023-11-24T00:24:31.858+0000] {logging_mixin.py:154} INFO - [2023-11-24T00:24:31.858+0000] {dag.py:2941} INFO - Sync 1 DAGs
[2023-11-24T00:24:31.877+0000] {logging_mixin.py:154} INFO - [2023-11-24T00:24:31.877+0000] {dag.py:3722} INFO - Setting next_dagrun for example_sla_dag to 2023-11-24T00:22:00+00:00, run_after=2023-11-24T00:24:00+00:00
[2023-11-24T00:24:31.891+0000] {processor.py:179} INFO - Processing /home/airflow/.local/lib/python3.8/site-packages/airflow/example_dags/example_sla_dag.py took 0.057 seconds
[2023-11-24T00:25:02.355+0000] {processor.py:157} INFO - Started process (PID=805) to work on /home/airflow/.local/lib/python3.8/site-packages/airflow/example_dags/example_sla_dag.py
[2023-11-24T00:25:02.356+0000] {processor.py:829} INFO - Processing file /home/airflow/.local/lib/python3.8/site-packages/airflow/example_dags/example_sla_dag.py for tasks to queue
[2023-11-24T00:25:02.357+0000] {logging_mixin.py:154} INFO - [2023-11-24T00:25:02.357+0000] {dagbag.py:536} INFO - Filling up the DagBag from /home/airflow/.local/lib/python3.8/site-packages/airflow/example_dags/example_sla_dag.py
[2023-11-24T00:25:02.362+0000] {processor.py:839} INFO - DAG(s) dict_keys(['example_sla_dag']) retrieved from /home/airflow/.local/lib/python3.8/site-packages/airflow/example_dags/example_sla_dag.py
[2023-11-24T00:25:02.377+0000] {logging_mixin.py:154} INFO - [2023-11-24T00:25:02.377+0000] {dag.py:2941} INFO - Sync 1 DAGs
[2023-11-24T00:25:02.400+0000] {logging_mixin.py:154} INFO - [2023-11-24T00:25:02.400+0000] {dag.py:3722} INFO - Setting next_dagrun for example_sla_dag to 2023-11-24T00:22:00+00:00, run_after=2023-11-24T00:24:00+00:00
[2023-11-24T00:25:02.414+0000] {processor.py:179} INFO - Processing /home/airflow/.local/lib/python3.8/site-packages/airflow/example_dags/example_sla_dag.py took 0.061 seconds
[2023-11-24T00:25:32.937+0000] {processor.py:157} INFO - Started process (PID=859) to work on /home/airflow/.local/lib/python3.8/site-packages/airflow/example_dags/example_sla_dag.py
[2023-11-24T00:25:32.938+0000] {processor.py:829} INFO - Processing file /home/airflow/.local/lib/python3.8/site-packages/airflow/example_dags/example_sla_dag.py for tasks to queue
[2023-11-24T00:25:32.940+0000] {logging_mixin.py:154} INFO - [2023-11-24T00:25:32.940+0000] {dagbag.py:536} INFO - Filling up the DagBag from /home/airflow/.local/lib/python3.8/site-packages/airflow/example_dags/example_sla_dag.py
[2023-11-24T00:25:32.945+0000] {processor.py:839} INFO - DAG(s) dict_keys(['example_sla_dag']) retrieved from /home/airflow/.local/lib/python3.8/site-packages/airflow/example_dags/example_sla_dag.py
[2023-11-24T00:25:32.959+0000] {logging_mixin.py:154} INFO - [2023-11-24T00:25:32.959+0000] {dag.py:2941} INFO - Sync 1 DAGs
[2023-11-24T00:25:32.979+0000] {logging_mixin.py:154} INFO - [2023-11-24T00:25:32.978+0000] {dag.py:3722} INFO - Setting next_dagrun for example_sla_dag to 2023-11-24T00:22:00+00:00, run_after=2023-11-24T00:24:00+00:00
[2023-11-24T00:25:32.993+0000] {processor.py:179} INFO - Processing /home/airflow/.local/lib/python3.8/site-packages/airflow/example_dags/example_sla_dag.py took 0.057 seconds
[2023-11-24T00:26:03.743+0000] {processor.py:157} INFO - Started process (PID=913) to work on /home/airflow/.local/lib/python3.8/site-packages/airflow/example_dags/example_sla_dag.py
[2023-11-24T00:26:03.744+0000] {processor.py:829} INFO - Processing file /home/airflow/.local/lib/python3.8/site-packages/airflow/example_dags/example_sla_dag.py for tasks to queue
[2023-11-24T00:26:03.746+0000] {logging_mixin.py:154} INFO - [2023-11-24T00:26:03.746+0000] {dagbag.py:536} INFO - Filling up the DagBag from /home/airflow/.local/lib/python3.8/site-packages/airflow/example_dags/example_sla_dag.py
[2023-11-24T00:26:03.751+0000] {processor.py:839} INFO - DAG(s) dict_keys(['example_sla_dag']) retrieved from /home/airflow/.local/lib/python3.8/site-packages/airflow/example_dags/example_sla_dag.py
[2023-11-24T00:26:03.766+0000] {logging_mixin.py:154} INFO - [2023-11-24T00:26:03.766+0000] {dag.py:2941} INFO - Sync 1 DAGs
[2023-11-24T00:26:03.785+0000] {logging_mixin.py:154} INFO - [2023-11-24T00:26:03.785+0000] {dag.py:3722} INFO - Setting next_dagrun for example_sla_dag to 2023-11-24T00:24:00+00:00, run_after=2023-11-24T00:26:00+00:00
[2023-11-24T00:26:03.800+0000] {processor.py:179} INFO - Processing /home/airflow/.local/lib/python3.8/site-packages/airflow/example_dags/example_sla_dag.py took 0.058 seconds
[2023-11-24T00:26:34.514+0000] {processor.py:157} INFO - Started process (PID=967) to work on /home/airflow/.local/lib/python3.8/site-packages/airflow/example_dags/example_sla_dag.py
[2023-11-24T00:26:34.515+0000] {processor.py:829} INFO - Processing file /home/airflow/.local/lib/python3.8/site-packages/airflow/example_dags/example_sla_dag.py for tasks to queue
[2023-11-24T00:26:34.517+0000] {logging_mixin.py:154} INFO - [2023-11-24T00:26:34.517+0000] {dagbag.py:536} INFO - Filling up the DagBag from /home/airflow/.local/lib/python3.8/site-packages/airflow/example_dags/example_sla_dag.py
[2023-11-24T00:26:34.522+0000] {processor.py:839} INFO - DAG(s) dict_keys(['example_sla_dag']) retrieved from /home/airflow/.local/lib/python3.8/site-packages/airflow/example_dags/example_sla_dag.py
[2023-11-24T00:26:34.538+0000] {logging_mixin.py:154} INFO - [2023-11-24T00:26:34.538+0000] {dag.py:2941} INFO - Sync 1 DAGs
[2023-11-24T00:26:34.697+0000] {logging_mixin.py:154} INFO - [2023-11-24T00:26:34.697+0000] {dag.py:3722} INFO - Setting next_dagrun for example_sla_dag to 2023-11-24T00:24:00+00:00, run_after=2023-11-24T00:26:00+00:00
[2023-11-24T00:26:34.711+0000] {processor.py:179} INFO - Processing /home/airflow/.local/lib/python3.8/site-packages/airflow/example_dags/example_sla_dag.py took 0.199 seconds
[2023-11-24T00:27:05.646+0000] {processor.py:157} INFO - Started process (PID=1021) to work on /home/airflow/.local/lib/python3.8/site-packages/airflow/example_dags/example_sla_dag.py
[2023-11-24T00:27:05.647+0000] {processor.py:829} INFO - Processing file /home/airflow/.local/lib/python3.8/site-packages/airflow/example_dags/example_sla_dag.py for tasks to queue
[2023-11-24T00:27:05.649+0000] {logging_mixin.py:154} INFO - [2023-11-24T00:27:05.648+0000] {dagbag.py:536} INFO - Filling up the DagBag from /home/airflow/.local/lib/python3.8/site-packages/airflow/example_dags/example_sla_dag.py
[2023-11-24T00:27:05.654+0000] {processor.py:839} INFO - DAG(s) dict_keys(['example_sla_dag']) retrieved from /home/airflow/.local/lib/python3.8/site-packages/airflow/example_dags/example_sla_dag.py
[2023-11-24T00:27:05.669+0000] {logging_mixin.py:154} INFO - [2023-11-24T00:27:05.669+0000] {dag.py:2941} INFO - Sync 1 DAGs
[2023-11-24T00:27:05.688+0000] {logging_mixin.py:154} INFO - [2023-11-24T00:27:05.688+0000] {dag.py:3722} INFO - Setting next_dagrun for example_sla_dag to 2023-11-24T00:24:00+00:00, run_after=2023-11-24T00:26:00+00:00
[2023-11-24T00:27:05.703+0000] {processor.py:179} INFO - Processing /home/airflow/.local/lib/python3.8/site-packages/airflow/example_dags/example_sla_dag.py took 0.060 seconds
[2023-11-24T00:27:36.131+0000] {processor.py:157} INFO - Started process (PID=1075) to work on /home/airflow/.local/lib/python3.8/site-packages/airflow/example_dags/example_sla_dag.py
[2023-11-24T00:27:36.132+0000] {processor.py:829} INFO - Processing file /home/airflow/.local/lib/python3.8/site-packages/airflow/example_dags/example_sla_dag.py for tasks to queue
[2023-11-24T00:27:36.134+0000] {logging_mixin.py:154} INFO - [2023-11-24T00:27:36.134+0000] {dagbag.py:536} INFO - Filling up the DagBag from /home/airflow/.local/lib/python3.8/site-packages/airflow/example_dags/example_sla_dag.py
[2023-11-24T00:27:36.141+0000] {processor.py:839} INFO - DAG(s) dict_keys(['example_sla_dag']) retrieved from /home/airflow/.local/lib/python3.8/site-packages/airflow/example_dags/example_sla_dag.py
[2023-11-24T00:27:36.155+0000] {logging_mixin.py:154} INFO - [2023-11-24T00:27:36.155+0000] {dag.py:2941} INFO - Sync 1 DAGs
[2023-11-24T00:27:36.179+0000] {logging_mixin.py:154} INFO - [2023-11-24T00:27:36.179+0000] {dag.py:3722} INFO - Setting next_dagrun for example_sla_dag to 2023-11-24T00:24:00+00:00, run_after=2023-11-24T00:26:00+00:00
[2023-11-24T00:27:36.206+0000] {processor.py:179} INFO - Processing /home/airflow/.local/lib/python3.8/site-packages/airflow/example_dags/example_sla_dag.py took 0.077 seconds
[2023-11-24T00:28:06.286+0000] {processor.py:157} INFO - Started process (PID=1129) to work on /home/airflow/.local/lib/python3.8/site-packages/airflow/example_dags/example_sla_dag.py
[2023-11-24T00:28:06.287+0000] {processor.py:829} INFO - Processing file /home/airflow/.local/lib/python3.8/site-packages/airflow/example_dags/example_sla_dag.py for tasks to queue
[2023-11-24T00:28:06.288+0000] {logging_mixin.py:154} INFO - [2023-11-24T00:28:06.288+0000] {dagbag.py:536} INFO - Filling up the DagBag from /home/airflow/.local/lib/python3.8/site-packages/airflow/example_dags/example_sla_dag.py
[2023-11-24T00:28:06.294+0000] {processor.py:839} INFO - DAG(s) dict_keys(['example_sla_dag']) retrieved from /home/airflow/.local/lib/python3.8/site-packages/airflow/example_dags/example_sla_dag.py
[2023-11-24T00:28:06.308+0000] {logging_mixin.py:154} INFO - [2023-11-24T00:28:06.308+0000] {dag.py:2941} INFO - Sync 1 DAGs
[2023-11-24T00:28:06.328+0000] {logging_mixin.py:154} INFO - [2023-11-24T00:28:06.328+0000] {dag.py:3722} INFO - Setting next_dagrun for example_sla_dag to 2023-11-24T00:26:00+00:00, run_after=2023-11-24T00:28:00+00:00
[2023-11-24T00:28:06.343+0000] {processor.py:179} INFO - Processing /home/airflow/.local/lib/python3.8/site-packages/airflow/example_dags/example_sla_dag.py took 0.059 seconds
[2023-11-24T00:28:36.758+0000] {processor.py:157} INFO - Started process (PID=1183) to work on /home/airflow/.local/lib/python3.8/site-packages/airflow/example_dags/example_sla_dag.py
[2023-11-24T00:28:36.761+0000] {processor.py:829} INFO - Processing file /home/airflow/.local/lib/python3.8/site-packages/airflow/example_dags/example_sla_dag.py for tasks to queue
[2023-11-24T00:28:36.763+0000] {logging_mixin.py:154} INFO - [2023-11-24T00:28:36.762+0000] {dagbag.py:536} INFO - Filling up the DagBag from /home/airflow/.local/lib/python3.8/site-packages/airflow/example_dags/example_sla_dag.py
[2023-11-24T00:28:36.768+0000] {processor.py:839} INFO - DAG(s) dict_keys(['example_sla_dag']) retrieved from /home/airflow/.local/lib/python3.8/site-packages/airflow/example_dags/example_sla_dag.py
[2023-11-24T00:28:36.785+0000] {logging_mixin.py:154} INFO - [2023-11-24T00:28:36.785+0000] {dag.py:2941} INFO - Sync 1 DAGs
[2023-11-24T00:28:36.944+0000] {logging_mixin.py:154} INFO - [2023-11-24T00:28:36.944+0000] {dag.py:3722} INFO - Setting next_dagrun for example_sla_dag to 2023-11-24T00:26:00+00:00, run_after=2023-11-24T00:28:00+00:00
[2023-11-24T00:28:36.960+0000] {processor.py:179} INFO - Processing /home/airflow/.local/lib/python3.8/site-packages/airflow/example_dags/example_sla_dag.py took 0.203 seconds
[2023-11-24T00:29:07.054+0000] {processor.py:157} INFO - Started process (PID=1237) to work on /home/airflow/.local/lib/python3.8/site-packages/airflow/example_dags/example_sla_dag.py
[2023-11-24T00:29:07.057+0000] {processor.py:829} INFO - Processing file /home/airflow/.local/lib/python3.8/site-packages/airflow/example_dags/example_sla_dag.py for tasks to queue
[2023-11-24T00:29:07.058+0000] {logging_mixin.py:154} INFO - [2023-11-24T00:29:07.058+0000] {dagbag.py:536} INFO - Filling up the DagBag from /home/airflow/.local/lib/python3.8/site-packages/airflow/example_dags/example_sla_dag.py
[2023-11-24T00:29:07.064+0000] {processor.py:839} INFO - DAG(s) dict_keys(['example_sla_dag']) retrieved from /home/airflow/.local/lib/python3.8/site-packages/airflow/example_dags/example_sla_dag.py
[2023-11-24T00:29:07.079+0000] {logging_mixin.py:154} INFO - [2023-11-24T00:29:07.078+0000] {dag.py:2941} INFO - Sync 1 DAGs
[2023-11-24T00:29:07.098+0000] {logging_mixin.py:154} INFO - [2023-11-24T00:29:07.098+0000] {dag.py:3722} INFO - Setting next_dagrun for example_sla_dag to 2023-11-24T00:26:00+00:00, run_after=2023-11-24T00:28:00+00:00
[2023-11-24T00:29:07.113+0000] {processor.py:179} INFO - Processing /home/airflow/.local/lib/python3.8/site-packages/airflow/example_dags/example_sla_dag.py took 0.061 seconds
[2023-11-24T00:29:37.469+0000] {processor.py:157} INFO - Started process (PID=1291) to work on /home/airflow/.local/lib/python3.8/site-packages/airflow/example_dags/example_sla_dag.py
[2023-11-24T00:29:37.472+0000] {processor.py:829} INFO - Processing file /home/airflow/.local/lib/python3.8/site-packages/airflow/example_dags/example_sla_dag.py for tasks to queue
[2023-11-24T00:29:37.474+0000] {logging_mixin.py:154} INFO - [2023-11-24T00:29:37.473+0000] {dagbag.py:536} INFO - Filling up the DagBag from /home/airflow/.local/lib/python3.8/site-packages/airflow/example_dags/example_sla_dag.py
[2023-11-24T00:29:37.479+0000] {processor.py:839} INFO - DAG(s) dict_keys(['example_sla_dag']) retrieved from /home/airflow/.local/lib/python3.8/site-packages/airflow/example_dags/example_sla_dag.py
[2023-11-24T00:29:37.495+0000] {logging_mixin.py:154} INFO - [2023-11-24T00:29:37.495+0000] {dag.py:2941} INFO - Sync 1 DAGs
[2023-11-24T00:29:37.516+0000] {logging_mixin.py:154} INFO - [2023-11-24T00:29:37.516+0000] {dag.py:3722} INFO - Setting next_dagrun for example_sla_dag to 2023-11-24T00:26:00+00:00, run_after=2023-11-24T00:28:00+00:00
[2023-11-24T00:29:37.532+0000] {processor.py:179} INFO - Processing /home/airflow/.local/lib/python3.8/site-packages/airflow/example_dags/example_sla_dag.py took 0.066 seconds
[2023-11-24T00:30:07.602+0000] {processor.py:157} INFO - Started process (PID=1345) to work on /home/airflow/.local/lib/python3.8/site-packages/airflow/example_dags/example_sla_dag.py
[2023-11-24T00:30:07.603+0000] {processor.py:829} INFO - Processing file /home/airflow/.local/lib/python3.8/site-packages/airflow/example_dags/example_sla_dag.py for tasks to queue
[2023-11-24T00:30:07.605+0000] {logging_mixin.py:154} INFO - [2023-11-24T00:30:07.605+0000] {dagbag.py:536} INFO - Filling up the DagBag from /home/airflow/.local/lib/python3.8/site-packages/airflow/example_dags/example_sla_dag.py
[2023-11-24T00:30:07.611+0000] {processor.py:839} INFO - DAG(s) dict_keys(['example_sla_dag']) retrieved from /home/airflow/.local/lib/python3.8/site-packages/airflow/example_dags/example_sla_dag.py
[2023-11-24T00:30:07.760+0000] {logging_mixin.py:154} INFO - [2023-11-24T00:30:07.760+0000] {dag.py:2941} INFO - Sync 1 DAGs
[2023-11-24T00:30:07.780+0000] {logging_mixin.py:154} INFO - [2023-11-24T00:30:07.779+0000] {dag.py:3722} INFO - Setting next_dagrun for example_sla_dag to 2023-11-24T00:28:00+00:00, run_after=2023-11-24T00:30:00+00:00
[2023-11-24T00:30:07.793+0000] {processor.py:179} INFO - Processing /home/airflow/.local/lib/python3.8/site-packages/airflow/example_dags/example_sla_dag.py took 0.193 seconds
[2023-11-24T00:30:38.141+0000] {processor.py:157} INFO - Started process (PID=1399) to work on /home/airflow/.local/lib/python3.8/site-packages/airflow/example_dags/example_sla_dag.py
[2023-11-24T00:30:38.142+0000] {processor.py:829} INFO - Processing file /home/airflow/.local/lib/python3.8/site-packages/airflow/example_dags/example_sla_dag.py for tasks to queue
[2023-11-24T00:30:38.144+0000] {logging_mixin.py:154} INFO - [2023-11-24T00:30:38.144+0000] {dagbag.py:536} INFO - Filling up the DagBag from /home/airflow/.local/lib/python3.8/site-packages/airflow/example_dags/example_sla_dag.py
[2023-11-24T00:30:38.149+0000] {processor.py:839} INFO - DAG(s) dict_keys(['example_sla_dag']) retrieved from /home/airflow/.local/lib/python3.8/site-packages/airflow/example_dags/example_sla_dag.py
[2023-11-24T00:30:38.165+0000] {logging_mixin.py:154} INFO - [2023-11-24T00:30:38.165+0000] {dag.py:2941} INFO - Sync 1 DAGs
[2023-11-24T00:30:38.315+0000] {logging_mixin.py:154} INFO - [2023-11-24T00:30:38.315+0000] {dag.py:3722} INFO - Setting next_dagrun for example_sla_dag to 2023-11-24T00:28:00+00:00, run_after=2023-11-24T00:30:00+00:00
[2023-11-24T00:30:38.328+0000] {processor.py:179} INFO - Processing /home/airflow/.local/lib/python3.8/site-packages/airflow/example_dags/example_sla_dag.py took 0.189 seconds
