[2023-11-24T00:17:59.285+0000] {processor.py:157} INFO - Started process (PID=74) to work on /home/airflow/.local/lib/python3.8/site-packages/airflow/example_dags/example_latest_only.py
[2023-11-24T00:17:59.286+0000] {processor.py:829} INFO - Processing file /home/airflow/.local/lib/python3.8/site-packages/airflow/example_dags/example_latest_only.py for tasks to queue
[2023-11-24T00:17:59.288+0000] {logging_mixin.py:154} INFO - [2023-11-24T00:17:59.288+0000] {dagbag.py:536} INFO - Filling up the DagBag from /home/airflow/.local/lib/python3.8/site-packages/airflow/example_dags/example_latest_only.py
[2023-11-24T00:17:59.294+0000] {processor.py:839} INFO - DAG(s) dict_keys(['latest_only']) retrieved from /home/airflow/.local/lib/python3.8/site-packages/airflow/example_dags/example_latest_only.py
[2023-11-24T00:17:59.309+0000] {logging_mixin.py:154} INFO - [2023-11-24T00:17:59.309+0000] {dag.py:2941} INFO - Sync 1 DAGs
[2023-11-24T00:17:59.339+0000] {logging_mixin.py:154} INFO - [2023-11-24T00:17:59.338+0000] {dag.py:3722} INFO - Setting next_dagrun for latest_only to 2023-11-23T20:17:59.338635+00:00, run_after=2023-11-24T00:17:59.338635+00:00
[2023-11-24T00:17:59.370+0000] {processor.py:179} INFO - Processing /home/airflow/.local/lib/python3.8/site-packages/airflow/example_dags/example_latest_only.py took 0.088 seconds
[2023-11-24T00:18:30.075+0000] {processor.py:157} INFO - Started process (PID=128) to work on /home/airflow/.local/lib/python3.8/site-packages/airflow/example_dags/example_latest_only.py
[2023-11-24T00:18:30.076+0000] {processor.py:829} INFO - Processing file /home/airflow/.local/lib/python3.8/site-packages/airflow/example_dags/example_latest_only.py for tasks to queue
[2023-11-24T00:18:30.077+0000] {logging_mixin.py:154} INFO - [2023-11-24T00:18:30.077+0000] {dagbag.py:536} INFO - Filling up the DagBag from /home/airflow/.local/lib/python3.8/site-packages/airflow/example_dags/example_latest_only.py
[2023-11-24T00:18:30.081+0000] {processor.py:839} INFO - DAG(s) dict_keys(['latest_only']) retrieved from /home/airflow/.local/lib/python3.8/site-packages/airflow/example_dags/example_latest_only.py
[2023-11-24T00:18:30.097+0000] {logging_mixin.py:154} INFO - [2023-11-24T00:18:30.097+0000] {dag.py:2941} INFO - Sync 1 DAGs
[2023-11-24T00:18:30.117+0000] {logging_mixin.py:154} INFO - [2023-11-24T00:18:30.116+0000] {dag.py:3722} INFO - Setting next_dagrun for latest_only to 2023-11-23T20:18:30.116597+00:00, run_after=2023-11-24T00:18:30.116597+00:00
[2023-11-24T00:18:30.133+0000] {processor.py:179} INFO - Processing /home/airflow/.local/lib/python3.8/site-packages/airflow/example_dags/example_latest_only.py took 0.060 seconds
[2023-11-24T00:19:01.150+0000] {processor.py:157} INFO - Started process (PID=182) to work on /home/airflow/.local/lib/python3.8/site-packages/airflow/example_dags/example_latest_only.py
[2023-11-24T00:19:01.151+0000] {processor.py:829} INFO - Processing file /home/airflow/.local/lib/python3.8/site-packages/airflow/example_dags/example_latest_only.py for tasks to queue
[2023-11-24T00:19:01.152+0000] {logging_mixin.py:154} INFO - [2023-11-24T00:19:01.152+0000] {dagbag.py:536} INFO - Filling up the DagBag from /home/airflow/.local/lib/python3.8/site-packages/airflow/example_dags/example_latest_only.py
[2023-11-24T00:19:01.156+0000] {processor.py:839} INFO - DAG(s) dict_keys(['latest_only']) retrieved from /home/airflow/.local/lib/python3.8/site-packages/airflow/example_dags/example_latest_only.py
[2023-11-24T00:19:01.172+0000] {logging_mixin.py:154} INFO - [2023-11-24T00:19:01.172+0000] {dag.py:2941} INFO - Sync 1 DAGs
[2023-11-24T00:19:01.190+0000] {logging_mixin.py:154} INFO - [2023-11-24T00:19:01.190+0000] {dag.py:3722} INFO - Setting next_dagrun for latest_only to 2023-11-23T20:19:01.190122+00:00, run_after=2023-11-24T00:19:01.190122+00:00
[2023-11-24T00:19:01.206+0000] {processor.py:179} INFO - Processing /home/airflow/.local/lib/python3.8/site-packages/airflow/example_dags/example_latest_only.py took 0.058 seconds
[2023-11-24T00:19:31.335+0000] {processor.py:157} INFO - Started process (PID=236) to work on /home/airflow/.local/lib/python3.8/site-packages/airflow/example_dags/example_latest_only.py
[2023-11-24T00:19:31.337+0000] {processor.py:829} INFO - Processing file /home/airflow/.local/lib/python3.8/site-packages/airflow/example_dags/example_latest_only.py for tasks to queue
[2023-11-24T00:19:31.338+0000] {logging_mixin.py:154} INFO - [2023-11-24T00:19:31.338+0000] {dagbag.py:536} INFO - Filling up the DagBag from /home/airflow/.local/lib/python3.8/site-packages/airflow/example_dags/example_latest_only.py
[2023-11-24T00:19:31.342+0000] {processor.py:839} INFO - DAG(s) dict_keys(['latest_only']) retrieved from /home/airflow/.local/lib/python3.8/site-packages/airflow/example_dags/example_latest_only.py
[2023-11-24T00:19:31.362+0000] {logging_mixin.py:154} INFO - [2023-11-24T00:19:31.362+0000] {dag.py:2941} INFO - Sync 1 DAGs
[2023-11-24T00:19:31.381+0000] {logging_mixin.py:154} INFO - [2023-11-24T00:19:31.381+0000] {dag.py:3722} INFO - Setting next_dagrun for latest_only to 2023-11-23T20:19:31.380996+00:00, run_after=2023-11-24T00:19:31.380996+00:00
[2023-11-24T00:19:31.397+0000] {processor.py:179} INFO - Processing /home/airflow/.local/lib/python3.8/site-packages/airflow/example_dags/example_latest_only.py took 0.063 seconds
[2023-11-24T00:20:01.694+0000] {processor.py:157} INFO - Started process (PID=290) to work on /home/airflow/.local/lib/python3.8/site-packages/airflow/example_dags/example_latest_only.py
[2023-11-24T00:20:01.695+0000] {processor.py:829} INFO - Processing file /home/airflow/.local/lib/python3.8/site-packages/airflow/example_dags/example_latest_only.py for tasks to queue
[2023-11-24T00:20:01.696+0000] {logging_mixin.py:154} INFO - [2023-11-24T00:20:01.696+0000] {dagbag.py:536} INFO - Filling up the DagBag from /home/airflow/.local/lib/python3.8/site-packages/airflow/example_dags/example_latest_only.py
[2023-11-24T00:20:01.700+0000] {processor.py:839} INFO - DAG(s) dict_keys(['latest_only']) retrieved from /home/airflow/.local/lib/python3.8/site-packages/airflow/example_dags/example_latest_only.py
[2023-11-24T00:20:01.717+0000] {logging_mixin.py:154} INFO - [2023-11-24T00:20:01.716+0000] {dag.py:2941} INFO - Sync 1 DAGs
[2023-11-24T00:20:01.738+0000] {logging_mixin.py:154} INFO - [2023-11-24T00:20:01.738+0000] {dag.py:3722} INFO - Setting next_dagrun for latest_only to 2023-11-23T20:20:01.738367+00:00, run_after=2023-11-24T00:20:01.738367+00:00
[2023-11-24T00:20:01.754+0000] {processor.py:179} INFO - Processing /home/airflow/.local/lib/python3.8/site-packages/airflow/example_dags/example_latest_only.py took 0.062 seconds
[2023-11-24T00:20:31.903+0000] {processor.py:157} INFO - Started process (PID=343) to work on /home/airflow/.local/lib/python3.8/site-packages/airflow/example_dags/example_latest_only.py
[2023-11-24T00:20:31.904+0000] {processor.py:829} INFO - Processing file /home/airflow/.local/lib/python3.8/site-packages/airflow/example_dags/example_latest_only.py for tasks to queue
[2023-11-24T00:20:31.906+0000] {logging_mixin.py:154} INFO - [2023-11-24T00:20:31.906+0000] {dagbag.py:536} INFO - Filling up the DagBag from /home/airflow/.local/lib/python3.8/site-packages/airflow/example_dags/example_latest_only.py
[2023-11-24T00:20:31.909+0000] {processor.py:839} INFO - DAG(s) dict_keys(['latest_only']) retrieved from /home/airflow/.local/lib/python3.8/site-packages/airflow/example_dags/example_latest_only.py
[2023-11-24T00:20:31.924+0000] {logging_mixin.py:154} INFO - [2023-11-24T00:20:31.924+0000] {dag.py:2941} INFO - Sync 1 DAGs
[2023-11-24T00:20:31.942+0000] {logging_mixin.py:154} INFO - [2023-11-24T00:20:31.942+0000] {dag.py:3722} INFO - Setting next_dagrun for latest_only to 2023-11-23T20:20:31.942125+00:00, run_after=2023-11-24T00:20:31.942125+00:00
[2023-11-24T00:20:31.956+0000] {processor.py:179} INFO - Processing /home/airflow/.local/lib/python3.8/site-packages/airflow/example_dags/example_latest_only.py took 0.055 seconds
[2023-11-24T00:21:02.376+0000] {processor.py:157} INFO - Started process (PID=398) to work on /home/airflow/.local/lib/python3.8/site-packages/airflow/example_dags/example_latest_only.py
[2023-11-24T00:21:02.377+0000] {processor.py:829} INFO - Processing file /home/airflow/.local/lib/python3.8/site-packages/airflow/example_dags/example_latest_only.py for tasks to queue
[2023-11-24T00:21:02.379+0000] {logging_mixin.py:154} INFO - [2023-11-24T00:21:02.378+0000] {dagbag.py:536} INFO - Filling up the DagBag from /home/airflow/.local/lib/python3.8/site-packages/airflow/example_dags/example_latest_only.py
[2023-11-24T00:21:02.382+0000] {processor.py:839} INFO - DAG(s) dict_keys(['latest_only']) retrieved from /home/airflow/.local/lib/python3.8/site-packages/airflow/example_dags/example_latest_only.py
[2023-11-24T00:21:02.397+0000] {logging_mixin.py:154} INFO - [2023-11-24T00:21:02.397+0000] {dag.py:2941} INFO - Sync 1 DAGs
[2023-11-24T00:21:02.413+0000] {logging_mixin.py:154} INFO - [2023-11-24T00:21:02.413+0000] {dag.py:3722} INFO - Setting next_dagrun for latest_only to 2023-11-23T20:21:02.413303+00:00, run_after=2023-11-24T00:21:02.413303+00:00
[2023-11-24T00:21:02.428+0000] {processor.py:179} INFO - Processing /home/airflow/.local/lib/python3.8/site-packages/airflow/example_dags/example_latest_only.py took 0.054 seconds
[2023-11-24T00:21:33.190+0000] {processor.py:157} INFO - Started process (PID=452) to work on /home/airflow/.local/lib/python3.8/site-packages/airflow/example_dags/example_latest_only.py
[2023-11-24T00:21:33.191+0000] {processor.py:829} INFO - Processing file /home/airflow/.local/lib/python3.8/site-packages/airflow/example_dags/example_latest_only.py for tasks to queue
[2023-11-24T00:21:33.193+0000] {logging_mixin.py:154} INFO - [2023-11-24T00:21:33.192+0000] {dagbag.py:536} INFO - Filling up the DagBag from /home/airflow/.local/lib/python3.8/site-packages/airflow/example_dags/example_latest_only.py
[2023-11-24T00:21:33.196+0000] {processor.py:839} INFO - DAG(s) dict_keys(['latest_only']) retrieved from /home/airflow/.local/lib/python3.8/site-packages/airflow/example_dags/example_latest_only.py
[2023-11-24T00:21:33.214+0000] {logging_mixin.py:154} INFO - [2023-11-24T00:21:33.213+0000] {dag.py:2941} INFO - Sync 1 DAGs
[2023-11-24T00:21:33.235+0000] {logging_mixin.py:154} INFO - [2023-11-24T00:21:33.235+0000] {dag.py:3722} INFO - Setting next_dagrun for latest_only to 2023-11-23T20:21:33.234926+00:00, run_after=2023-11-24T00:21:33.234926+00:00
[2023-11-24T00:21:33.253+0000] {processor.py:179} INFO - Processing /home/airflow/.local/lib/python3.8/site-packages/airflow/example_dags/example_latest_only.py took 0.065 seconds
[2023-11-24T00:22:03.272+0000] {processor.py:157} INFO - Started process (PID=505) to work on /home/airflow/.local/lib/python3.8/site-packages/airflow/example_dags/example_latest_only.py
[2023-11-24T00:22:03.273+0000] {processor.py:829} INFO - Processing file /home/airflow/.local/lib/python3.8/site-packages/airflow/example_dags/example_latest_only.py for tasks to queue
[2023-11-24T00:22:03.275+0000] {logging_mixin.py:154} INFO - [2023-11-24T00:22:03.274+0000] {dagbag.py:536} INFO - Filling up the DagBag from /home/airflow/.local/lib/python3.8/site-packages/airflow/example_dags/example_latest_only.py
[2023-11-24T00:22:03.278+0000] {processor.py:839} INFO - DAG(s) dict_keys(['latest_only']) retrieved from /home/airflow/.local/lib/python3.8/site-packages/airflow/example_dags/example_latest_only.py
[2023-11-24T00:22:03.293+0000] {logging_mixin.py:154} INFO - [2023-11-24T00:22:03.293+0000] {dag.py:2941} INFO - Sync 1 DAGs
[2023-11-24T00:22:03.309+0000] {logging_mixin.py:154} INFO - [2023-11-24T00:22:03.309+0000] {dag.py:3722} INFO - Setting next_dagrun for latest_only to 2023-11-23T20:22:03.309350+00:00, run_after=2023-11-24T00:22:03.309350+00:00
[2023-11-24T00:22:03.323+0000] {processor.py:179} INFO - Processing /home/airflow/.local/lib/python3.8/site-packages/airflow/example_dags/example_latest_only.py took 0.052 seconds
[2023-11-24T00:22:33.496+0000] {processor.py:157} INFO - Started process (PID=559) to work on /home/airflow/.local/lib/python3.8/site-packages/airflow/example_dags/example_latest_only.py
[2023-11-24T00:22:33.497+0000] {processor.py:829} INFO - Processing file /home/airflow/.local/lib/python3.8/site-packages/airflow/example_dags/example_latest_only.py for tasks to queue
[2023-11-24T00:22:33.498+0000] {logging_mixin.py:154} INFO - [2023-11-24T00:22:33.498+0000] {dagbag.py:536} INFO - Filling up the DagBag from /home/airflow/.local/lib/python3.8/site-packages/airflow/example_dags/example_latest_only.py
[2023-11-24T00:22:33.501+0000] {processor.py:839} INFO - DAG(s) dict_keys(['latest_only']) retrieved from /home/airflow/.local/lib/python3.8/site-packages/airflow/example_dags/example_latest_only.py
[2023-11-24T00:22:33.516+0000] {logging_mixin.py:154} INFO - [2023-11-24T00:22:33.516+0000] {dag.py:2941} INFO - Sync 1 DAGs
[2023-11-24T00:22:33.534+0000] {logging_mixin.py:154} INFO - [2023-11-24T00:22:33.534+0000] {dag.py:3722} INFO - Setting next_dagrun for latest_only to 2023-11-23T20:22:33.534088+00:00, run_after=2023-11-24T00:22:33.534088+00:00
[2023-11-24T00:22:33.547+0000] {processor.py:179} INFO - Processing /home/airflow/.local/lib/python3.8/site-packages/airflow/example_dags/example_latest_only.py took 0.054 seconds
[2023-11-24T00:23:03.885+0000] {processor.py:157} INFO - Started process (PID=613) to work on /home/airflow/.local/lib/python3.8/site-packages/airflow/example_dags/example_latest_only.py
[2023-11-24T00:23:03.886+0000] {processor.py:829} INFO - Processing file /home/airflow/.local/lib/python3.8/site-packages/airflow/example_dags/example_latest_only.py for tasks to queue
[2023-11-24T00:23:03.888+0000] {logging_mixin.py:154} INFO - [2023-11-24T00:23:03.887+0000] {dagbag.py:536} INFO - Filling up the DagBag from /home/airflow/.local/lib/python3.8/site-packages/airflow/example_dags/example_latest_only.py
[2023-11-24T00:23:03.891+0000] {processor.py:839} INFO - DAG(s) dict_keys(['latest_only']) retrieved from /home/airflow/.local/lib/python3.8/site-packages/airflow/example_dags/example_latest_only.py
[2023-11-24T00:23:03.906+0000] {logging_mixin.py:154} INFO - [2023-11-24T00:23:03.906+0000] {dag.py:2941} INFO - Sync 1 DAGs
[2023-11-24T00:23:03.923+0000] {logging_mixin.py:154} INFO - [2023-11-24T00:23:03.923+0000] {dag.py:3722} INFO - Setting next_dagrun for latest_only to 2023-11-23T20:23:03.923287+00:00, run_after=2023-11-24T00:23:03.923287+00:00
[2023-11-24T00:23:03.938+0000] {processor.py:179} INFO - Processing /home/airflow/.local/lib/python3.8/site-packages/airflow/example_dags/example_latest_only.py took 0.055 seconds
[2023-11-24T00:23:34.333+0000] {processor.py:157} INFO - Started process (PID=667) to work on /home/airflow/.local/lib/python3.8/site-packages/airflow/example_dags/example_latest_only.py
[2023-11-24T00:23:34.334+0000] {processor.py:829} INFO - Processing file /home/airflow/.local/lib/python3.8/site-packages/airflow/example_dags/example_latest_only.py for tasks to queue
[2023-11-24T00:23:34.336+0000] {logging_mixin.py:154} INFO - [2023-11-24T00:23:34.336+0000] {dagbag.py:536} INFO - Filling up the DagBag from /home/airflow/.local/lib/python3.8/site-packages/airflow/example_dags/example_latest_only.py
[2023-11-24T00:23:34.339+0000] {processor.py:839} INFO - DAG(s) dict_keys(['latest_only']) retrieved from /home/airflow/.local/lib/python3.8/site-packages/airflow/example_dags/example_latest_only.py
[2023-11-24T00:23:34.354+0000] {logging_mixin.py:154} INFO - [2023-11-24T00:23:34.353+0000] {dag.py:2941} INFO - Sync 1 DAGs
[2023-11-24T00:23:34.371+0000] {logging_mixin.py:154} INFO - [2023-11-24T00:23:34.371+0000] {dag.py:3722} INFO - Setting next_dagrun for latest_only to 2023-11-23T20:23:34.371051+00:00, run_after=2023-11-24T00:23:34.371051+00:00
[2023-11-24T00:23:34.385+0000] {processor.py:179} INFO - Processing /home/airflow/.local/lib/python3.8/site-packages/airflow/example_dags/example_latest_only.py took 0.054 seconds
[2023-11-24T00:24:04.726+0000] {processor.py:157} INFO - Started process (PID=721) to work on /home/airflow/.local/lib/python3.8/site-packages/airflow/example_dags/example_latest_only.py
[2023-11-24T00:24:04.727+0000] {processor.py:829} INFO - Processing file /home/airflow/.local/lib/python3.8/site-packages/airflow/example_dags/example_latest_only.py for tasks to queue
[2023-11-24T00:24:04.728+0000] {logging_mixin.py:154} INFO - [2023-11-24T00:24:04.728+0000] {dagbag.py:536} INFO - Filling up the DagBag from /home/airflow/.local/lib/python3.8/site-packages/airflow/example_dags/example_latest_only.py
[2023-11-24T00:24:04.732+0000] {processor.py:839} INFO - DAG(s) dict_keys(['latest_only']) retrieved from /home/airflow/.local/lib/python3.8/site-packages/airflow/example_dags/example_latest_only.py
[2023-11-24T00:24:04.747+0000] {logging_mixin.py:154} INFO - [2023-11-24T00:24:04.747+0000] {dag.py:2941} INFO - Sync 1 DAGs
[2023-11-24T00:24:04.764+0000] {logging_mixin.py:154} INFO - [2023-11-24T00:24:04.764+0000] {dag.py:3722} INFO - Setting next_dagrun for latest_only to 2023-11-23T20:24:04.764190+00:00, run_after=2023-11-24T00:24:04.764190+00:00
[2023-11-24T00:24:04.779+0000] {processor.py:179} INFO - Processing /home/airflow/.local/lib/python3.8/site-packages/airflow/example_dags/example_latest_only.py took 0.056 seconds
[2023-11-24T00:24:34.940+0000] {processor.py:157} INFO - Started process (PID=775) to work on /home/airflow/.local/lib/python3.8/site-packages/airflow/example_dags/example_latest_only.py
[2023-11-24T00:24:34.941+0000] {processor.py:829} INFO - Processing file /home/airflow/.local/lib/python3.8/site-packages/airflow/example_dags/example_latest_only.py for tasks to queue
[2023-11-24T00:24:34.942+0000] {logging_mixin.py:154} INFO - [2023-11-24T00:24:34.942+0000] {dagbag.py:536} INFO - Filling up the DagBag from /home/airflow/.local/lib/python3.8/site-packages/airflow/example_dags/example_latest_only.py
[2023-11-24T00:24:34.946+0000] {processor.py:839} INFO - DAG(s) dict_keys(['latest_only']) retrieved from /home/airflow/.local/lib/python3.8/site-packages/airflow/example_dags/example_latest_only.py
[2023-11-24T00:24:34.962+0000] {logging_mixin.py:154} INFO - [2023-11-24T00:24:34.962+0000] {dag.py:2941} INFO - Sync 1 DAGs
[2023-11-24T00:24:34.980+0000] {logging_mixin.py:154} INFO - [2023-11-24T00:24:34.979+0000] {dag.py:3722} INFO - Setting next_dagrun for latest_only to 2023-11-23T20:24:34.979689+00:00, run_after=2023-11-24T00:24:34.979689+00:00
[2023-11-24T00:24:34.993+0000] {processor.py:179} INFO - Processing /home/airflow/.local/lib/python3.8/site-packages/airflow/example_dags/example_latest_only.py took 0.055 seconds
[2023-11-24T00:25:05.679+0000] {processor.py:157} INFO - Started process (PID=829) to work on /home/airflow/.local/lib/python3.8/site-packages/airflow/example_dags/example_latest_only.py
[2023-11-24T00:25:05.680+0000] {processor.py:829} INFO - Processing file /home/airflow/.local/lib/python3.8/site-packages/airflow/example_dags/example_latest_only.py for tasks to queue
[2023-11-24T00:25:05.682+0000] {logging_mixin.py:154} INFO - [2023-11-24T00:25:05.682+0000] {dagbag.py:536} INFO - Filling up the DagBag from /home/airflow/.local/lib/python3.8/site-packages/airflow/example_dags/example_latest_only.py
[2023-11-24T00:25:05.685+0000] {processor.py:839} INFO - DAG(s) dict_keys(['latest_only']) retrieved from /home/airflow/.local/lib/python3.8/site-packages/airflow/example_dags/example_latest_only.py
[2023-11-24T00:25:05.700+0000] {logging_mixin.py:154} INFO - [2023-11-24T00:25:05.699+0000] {dag.py:2941} INFO - Sync 1 DAGs
[2023-11-24T00:25:05.716+0000] {logging_mixin.py:154} INFO - [2023-11-24T00:25:05.716+0000] {dag.py:3722} INFO - Setting next_dagrun for latest_only to 2023-11-23T20:25:05.716315+00:00, run_after=2023-11-24T00:25:05.716315+00:00
[2023-11-24T00:25:05.730+0000] {processor.py:179} INFO - Processing /home/airflow/.local/lib/python3.8/site-packages/airflow/example_dags/example_latest_only.py took 0.053 seconds
[2023-11-24T00:25:36.171+0000] {processor.py:157} INFO - Started process (PID=883) to work on /home/airflow/.local/lib/python3.8/site-packages/airflow/example_dags/example_latest_only.py
[2023-11-24T00:25:36.172+0000] {processor.py:829} INFO - Processing file /home/airflow/.local/lib/python3.8/site-packages/airflow/example_dags/example_latest_only.py for tasks to queue
[2023-11-24T00:25:36.173+0000] {logging_mixin.py:154} INFO - [2023-11-24T00:25:36.173+0000] {dagbag.py:536} INFO - Filling up the DagBag from /home/airflow/.local/lib/python3.8/site-packages/airflow/example_dags/example_latest_only.py
[2023-11-24T00:25:36.177+0000] {processor.py:839} INFO - DAG(s) dict_keys(['latest_only']) retrieved from /home/airflow/.local/lib/python3.8/site-packages/airflow/example_dags/example_latest_only.py
[2023-11-24T00:25:36.191+0000] {logging_mixin.py:154} INFO - [2023-11-24T00:25:36.191+0000] {dag.py:2941} INFO - Sync 1 DAGs
[2023-11-24T00:25:36.209+0000] {logging_mixin.py:154} INFO - [2023-11-24T00:25:36.209+0000] {dag.py:3722} INFO - Setting next_dagrun for latest_only to 2023-11-23T20:25:36.209226+00:00, run_after=2023-11-24T00:25:36.209226+00:00
[2023-11-24T00:25:36.357+0000] {processor.py:179} INFO - Processing /home/airflow/.local/lib/python3.8/site-packages/airflow/example_dags/example_latest_only.py took 0.188 seconds
[2023-11-24T00:26:06.912+0000] {processor.py:157} INFO - Started process (PID=937) to work on /home/airflow/.local/lib/python3.8/site-packages/airflow/example_dags/example_latest_only.py
[2023-11-24T00:26:06.913+0000] {processor.py:829} INFO - Processing file /home/airflow/.local/lib/python3.8/site-packages/airflow/example_dags/example_latest_only.py for tasks to queue
[2023-11-24T00:26:06.914+0000] {logging_mixin.py:154} INFO - [2023-11-24T00:26:06.914+0000] {dagbag.py:536} INFO - Filling up the DagBag from /home/airflow/.local/lib/python3.8/site-packages/airflow/example_dags/example_latest_only.py
[2023-11-24T00:26:06.917+0000] {processor.py:839} INFO - DAG(s) dict_keys(['latest_only']) retrieved from /home/airflow/.local/lib/python3.8/site-packages/airflow/example_dags/example_latest_only.py
[2023-11-24T00:26:06.931+0000] {logging_mixin.py:154} INFO - [2023-11-24T00:26:06.931+0000] {dag.py:2941} INFO - Sync 1 DAGs
[2023-11-24T00:26:06.948+0000] {logging_mixin.py:154} INFO - [2023-11-24T00:26:06.948+0000] {dag.py:3722} INFO - Setting next_dagrun for latest_only to 2023-11-23T20:26:06.948053+00:00, run_after=2023-11-24T00:26:06.948053+00:00
[2023-11-24T00:26:06.963+0000] {processor.py:179} INFO - Processing /home/airflow/.local/lib/python3.8/site-packages/airflow/example_dags/example_latest_only.py took 0.053 seconds
[2023-11-24T00:26:37.487+0000] {processor.py:157} INFO - Started process (PID=991) to work on /home/airflow/.local/lib/python3.8/site-packages/airflow/example_dags/example_latest_only.py
[2023-11-24T00:26:37.488+0000] {processor.py:829} INFO - Processing file /home/airflow/.local/lib/python3.8/site-packages/airflow/example_dags/example_latest_only.py for tasks to queue
[2023-11-24T00:26:37.489+0000] {logging_mixin.py:154} INFO - [2023-11-24T00:26:37.489+0000] {dagbag.py:536} INFO - Filling up the DagBag from /home/airflow/.local/lib/python3.8/site-packages/airflow/example_dags/example_latest_only.py
[2023-11-24T00:26:37.492+0000] {processor.py:839} INFO - DAG(s) dict_keys(['latest_only']) retrieved from /home/airflow/.local/lib/python3.8/site-packages/airflow/example_dags/example_latest_only.py
[2023-11-24T00:26:37.506+0000] {logging_mixin.py:154} INFO - [2023-11-24T00:26:37.506+0000] {dag.py:2941} INFO - Sync 1 DAGs
[2023-11-24T00:26:37.522+0000] {logging_mixin.py:154} INFO - [2023-11-24T00:26:37.522+0000] {dag.py:3722} INFO - Setting next_dagrun for latest_only to 2023-11-23T20:26:37.521882+00:00, run_after=2023-11-24T00:26:37.521882+00:00
[2023-11-24T00:26:37.535+0000] {processor.py:179} INFO - Processing /home/airflow/.local/lib/python3.8/site-packages/airflow/example_dags/example_latest_only.py took 0.050 seconds
[2023-11-24T00:27:08.420+0000] {processor.py:157} INFO - Started process (PID=1045) to work on /home/airflow/.local/lib/python3.8/site-packages/airflow/example_dags/example_latest_only.py
[2023-11-24T00:27:08.421+0000] {processor.py:829} INFO - Processing file /home/airflow/.local/lib/python3.8/site-packages/airflow/example_dags/example_latest_only.py for tasks to queue
[2023-11-24T00:27:08.423+0000] {logging_mixin.py:154} INFO - [2023-11-24T00:27:08.423+0000] {dagbag.py:536} INFO - Filling up the DagBag from /home/airflow/.local/lib/python3.8/site-packages/airflow/example_dags/example_latest_only.py
[2023-11-24T00:27:08.427+0000] {processor.py:839} INFO - DAG(s) dict_keys(['latest_only']) retrieved from /home/airflow/.local/lib/python3.8/site-packages/airflow/example_dags/example_latest_only.py
[2023-11-24T00:27:08.443+0000] {logging_mixin.py:154} INFO - [2023-11-24T00:27:08.443+0000] {dag.py:2941} INFO - Sync 1 DAGs
[2023-11-24T00:27:08.463+0000] {logging_mixin.py:154} INFO - [2023-11-24T00:27:08.463+0000] {dag.py:3722} INFO - Setting next_dagrun for latest_only to 2023-11-23T20:27:08.463366+00:00, run_after=2023-11-24T00:27:08.463366+00:00
[2023-11-24T00:27:08.608+0000] {processor.py:179} INFO - Processing /home/airflow/.local/lib/python3.8/site-packages/airflow/example_dags/example_latest_only.py took 0.190 seconds
[2023-11-24T00:27:39.432+0000] {processor.py:157} INFO - Started process (PID=1099) to work on /home/airflow/.local/lib/python3.8/site-packages/airflow/example_dags/example_latest_only.py
[2023-11-24T00:27:39.433+0000] {processor.py:829} INFO - Processing file /home/airflow/.local/lib/python3.8/site-packages/airflow/example_dags/example_latest_only.py for tasks to queue
[2023-11-24T00:27:39.434+0000] {logging_mixin.py:154} INFO - [2023-11-24T00:27:39.434+0000] {dagbag.py:536} INFO - Filling up the DagBag from /home/airflow/.local/lib/python3.8/site-packages/airflow/example_dags/example_latest_only.py
[2023-11-24T00:27:39.438+0000] {processor.py:839} INFO - DAG(s) dict_keys(['latest_only']) retrieved from /home/airflow/.local/lib/python3.8/site-packages/airflow/example_dags/example_latest_only.py
[2023-11-24T00:27:39.454+0000] {logging_mixin.py:154} INFO - [2023-11-24T00:27:39.454+0000] {dag.py:2941} INFO - Sync 1 DAGs
[2023-11-24T00:27:39.475+0000] {logging_mixin.py:154} INFO - [2023-11-24T00:27:39.475+0000] {dag.py:3722} INFO - Setting next_dagrun for latest_only to 2023-11-23T20:27:39.474841+00:00, run_after=2023-11-24T00:27:39.474841+00:00
[2023-11-24T00:27:39.491+0000] {processor.py:179} INFO - Processing /home/airflow/.local/lib/python3.8/site-packages/airflow/example_dags/example_latest_only.py took 0.062 seconds
[2023-11-24T00:28:10.200+0000] {processor.py:157} INFO - Started process (PID=1153) to work on /home/airflow/.local/lib/python3.8/site-packages/airflow/example_dags/example_latest_only.py
[2023-11-24T00:28:10.201+0000] {processor.py:829} INFO - Processing file /home/airflow/.local/lib/python3.8/site-packages/airflow/example_dags/example_latest_only.py for tasks to queue
[2023-11-24T00:28:10.202+0000] {logging_mixin.py:154} INFO - [2023-11-24T00:28:10.202+0000] {dagbag.py:536} INFO - Filling up the DagBag from /home/airflow/.local/lib/python3.8/site-packages/airflow/example_dags/example_latest_only.py
[2023-11-24T00:28:10.206+0000] {processor.py:839} INFO - DAG(s) dict_keys(['latest_only']) retrieved from /home/airflow/.local/lib/python3.8/site-packages/airflow/example_dags/example_latest_only.py
[2023-11-24T00:28:10.221+0000] {logging_mixin.py:154} INFO - [2023-11-24T00:28:10.220+0000] {dag.py:2941} INFO - Sync 1 DAGs
[2023-11-24T00:28:10.238+0000] {logging_mixin.py:154} INFO - [2023-11-24T00:28:10.238+0000] {dag.py:3722} INFO - Setting next_dagrun for latest_only to 2023-11-23T20:28:10.238464+00:00, run_after=2023-11-24T00:28:10.238464+00:00
[2023-11-24T00:28:10.254+0000] {processor.py:179} INFO - Processing /home/airflow/.local/lib/python3.8/site-packages/airflow/example_dags/example_latest_only.py took 0.056 seconds
[2023-11-24T00:28:41.393+0000] {processor.py:157} INFO - Started process (PID=1207) to work on /home/airflow/.local/lib/python3.8/site-packages/airflow/example_dags/example_latest_only.py
[2023-11-24T00:28:41.394+0000] {processor.py:829} INFO - Processing file /home/airflow/.local/lib/python3.8/site-packages/airflow/example_dags/example_latest_only.py for tasks to queue
[2023-11-24T00:28:41.395+0000] {logging_mixin.py:154} INFO - [2023-11-24T00:28:41.395+0000] {dagbag.py:536} INFO - Filling up the DagBag from /home/airflow/.local/lib/python3.8/site-packages/airflow/example_dags/example_latest_only.py
[2023-11-24T00:28:41.399+0000] {processor.py:839} INFO - DAG(s) dict_keys(['latest_only']) retrieved from /home/airflow/.local/lib/python3.8/site-packages/airflow/example_dags/example_latest_only.py
[2023-11-24T00:28:41.558+0000] {logging_mixin.py:154} INFO - [2023-11-24T00:28:41.558+0000] {dag.py:2941} INFO - Sync 1 DAGs
[2023-11-24T00:28:41.576+0000] {logging_mixin.py:154} INFO - [2023-11-24T00:28:41.576+0000] {dag.py:3722} INFO - Setting next_dagrun for latest_only to 2023-11-23T20:28:41.575901+00:00, run_after=2023-11-24T00:28:41.575901+00:00
[2023-11-24T00:28:41.591+0000] {processor.py:179} INFO - Processing /home/airflow/.local/lib/python3.8/site-packages/airflow/example_dags/example_latest_only.py took 0.200 seconds
[2023-11-24T00:29:11.636+0000] {processor.py:157} INFO - Started process (PID=1261) to work on /home/airflow/.local/lib/python3.8/site-packages/airflow/example_dags/example_latest_only.py
[2023-11-24T00:29:11.637+0000] {processor.py:829} INFO - Processing file /home/airflow/.local/lib/python3.8/site-packages/airflow/example_dags/example_latest_only.py for tasks to queue
[2023-11-24T00:29:11.639+0000] {logging_mixin.py:154} INFO - [2023-11-24T00:29:11.638+0000] {dagbag.py:536} INFO - Filling up the DagBag from /home/airflow/.local/lib/python3.8/site-packages/airflow/example_dags/example_latest_only.py
[2023-11-24T00:29:11.642+0000] {processor.py:839} INFO - DAG(s) dict_keys(['latest_only']) retrieved from /home/airflow/.local/lib/python3.8/site-packages/airflow/example_dags/example_latest_only.py
[2023-11-24T00:29:11.657+0000] {logging_mixin.py:154} INFO - [2023-11-24T00:29:11.657+0000] {dag.py:2941} INFO - Sync 1 DAGs
[2023-11-24T00:29:11.819+0000] {logging_mixin.py:154} INFO - [2023-11-24T00:29:11.819+0000] {dag.py:3722} INFO - Setting next_dagrun for latest_only to 2023-11-23T20:29:11.819036+00:00, run_after=2023-11-24T00:29:11.819036+00:00
[2023-11-24T00:29:11.834+0000] {processor.py:179} INFO - Processing /home/airflow/.local/lib/python3.8/site-packages/airflow/example_dags/example_latest_only.py took 0.200 seconds
[2023-11-24T00:29:42.660+0000] {processor.py:157} INFO - Started process (PID=1315) to work on /home/airflow/.local/lib/python3.8/site-packages/airflow/example_dags/example_latest_only.py
[2023-11-24T00:29:42.661+0000] {processor.py:829} INFO - Processing file /home/airflow/.local/lib/python3.8/site-packages/airflow/example_dags/example_latest_only.py for tasks to queue
[2023-11-24T00:29:42.662+0000] {logging_mixin.py:154} INFO - [2023-11-24T00:29:42.662+0000] {dagbag.py:536} INFO - Filling up the DagBag from /home/airflow/.local/lib/python3.8/site-packages/airflow/example_dags/example_latest_only.py
[2023-11-24T00:29:42.666+0000] {processor.py:839} INFO - DAG(s) dict_keys(['latest_only']) retrieved from /home/airflow/.local/lib/python3.8/site-packages/airflow/example_dags/example_latest_only.py
[2023-11-24T00:29:42.682+0000] {logging_mixin.py:154} INFO - [2023-11-24T00:29:42.682+0000] {dag.py:2941} INFO - Sync 1 DAGs
[2023-11-24T00:29:42.701+0000] {logging_mixin.py:154} INFO - [2023-11-24T00:29:42.701+0000] {dag.py:3722} INFO - Setting next_dagrun for latest_only to 2023-11-23T20:29:42.700967+00:00, run_after=2023-11-24T00:29:42.700967+00:00
[2023-11-24T00:29:42.718+0000] {processor.py:179} INFO - Processing /home/airflow/.local/lib/python3.8/site-packages/airflow/example_dags/example_latest_only.py took 0.060 seconds
[2023-11-24T00:30:13.374+0000] {processor.py:157} INFO - Started process (PID=1369) to work on /home/airflow/.local/lib/python3.8/site-packages/airflow/example_dags/example_latest_only.py
[2023-11-24T00:30:13.375+0000] {processor.py:829} INFO - Processing file /home/airflow/.local/lib/python3.8/site-packages/airflow/example_dags/example_latest_only.py for tasks to queue
[2023-11-24T00:30:13.376+0000] {logging_mixin.py:154} INFO - [2023-11-24T00:30:13.376+0000] {dagbag.py:536} INFO - Filling up the DagBag from /home/airflow/.local/lib/python3.8/site-packages/airflow/example_dags/example_latest_only.py
[2023-11-24T00:30:13.379+0000] {processor.py:839} INFO - DAG(s) dict_keys(['latest_only']) retrieved from /home/airflow/.local/lib/python3.8/site-packages/airflow/example_dags/example_latest_only.py
[2023-11-24T00:30:13.395+0000] {logging_mixin.py:154} INFO - [2023-11-24T00:30:13.395+0000] {dag.py:2941} INFO - Sync 1 DAGs
[2023-11-24T00:30:13.413+0000] {logging_mixin.py:154} INFO - [2023-11-24T00:30:13.413+0000] {dag.py:3722} INFO - Setting next_dagrun for latest_only to 2023-11-23T20:30:13.412986+00:00, run_after=2023-11-24T00:30:13.412986+00:00
[2023-11-24T00:30:13.428+0000] {processor.py:179} INFO - Processing /home/airflow/.local/lib/python3.8/site-packages/airflow/example_dags/example_latest_only.py took 0.056 seconds
[2023-11-24T00:30:43.969+0000] {processor.py:157} INFO - Started process (PID=1423) to work on /home/airflow/.local/lib/python3.8/site-packages/airflow/example_dags/example_latest_only.py
[2023-11-24T00:30:43.970+0000] {processor.py:829} INFO - Processing file /home/airflow/.local/lib/python3.8/site-packages/airflow/example_dags/example_latest_only.py for tasks to queue
[2023-11-24T00:30:43.972+0000] {logging_mixin.py:154} INFO - [2023-11-24T00:30:43.972+0000] {dagbag.py:536} INFO - Filling up the DagBag from /home/airflow/.local/lib/python3.8/site-packages/airflow/example_dags/example_latest_only.py
[2023-11-24T00:30:43.976+0000] {processor.py:839} INFO - DAG(s) dict_keys(['latest_only']) retrieved from /home/airflow/.local/lib/python3.8/site-packages/airflow/example_dags/example_latest_only.py
[2023-11-24T00:30:43.996+0000] {logging_mixin.py:154} INFO - [2023-11-24T00:30:43.996+0000] {dag.py:2941} INFO - Sync 1 DAGs
[2023-11-24T00:30:44.190+0000] {logging_mixin.py:154} INFO - [2023-11-24T00:30:44.190+0000] {dag.py:3722} INFO - Setting next_dagrun for latest_only to 2023-11-23T20:30:44.190447+00:00, run_after=2023-11-24T00:30:44.190447+00:00
[2023-11-24T00:30:44.208+0000] {processor.py:179} INFO - Processing /home/airflow/.local/lib/python3.8/site-packages/airflow/example_dags/example_latest_only.py took 0.241 seconds
