[2023-11-24T00:17:57.988+0000] {processor.py:157} INFO - Started process (PID=54) to work on /home/airflow/.local/lib/python3.8/site-packages/airflow/example_dags/example_latest_only_with_trigger.py
[2023-11-24T00:17:57.989+0000] {processor.py:829} INFO - Processing file /home/airflow/.local/lib/python3.8/site-packages/airflow/example_dags/example_latest_only_with_trigger.py for tasks to queue
[2023-11-24T00:17:57.991+0000] {logging_mixin.py:154} INFO - [2023-11-24T00:17:57.991+0000] {dagbag.py:536} INFO - Filling up the DagBag from /home/airflow/.local/lib/python3.8/site-packages/airflow/example_dags/example_latest_only_with_trigger.py
[2023-11-24T00:17:57.999+0000] {processor.py:839} INFO - DAG(s) dict_keys(['latest_only_with_trigger']) retrieved from /home/airflow/.local/lib/python3.8/site-packages/airflow/example_dags/example_latest_only_with_trigger.py
[2023-11-24T00:17:58.010+0000] {logging_mixin.py:154} INFO - [2023-11-24T00:17:58.010+0000] {dag.py:2941} INFO - Sync 1 DAGs
[2023-11-24T00:17:58.036+0000] {logging_mixin.py:154} INFO - [2023-11-24T00:17:58.036+0000] {dag.py:3722} INFO - Setting next_dagrun for latest_only_with_trigger to 2023-11-23T20:17:58.035867+00:00, run_after=2023-11-24T00:17:58.035867+00:00
[2023-11-24T00:17:58.057+0000] {processor.py:179} INFO - Processing /home/airflow/.local/lib/python3.8/site-packages/airflow/example_dags/example_latest_only_with_trigger.py took 0.072 seconds
[2023-11-24T00:18:28.121+0000] {processor.py:157} INFO - Started process (PID=108) to work on /home/airflow/.local/lib/python3.8/site-packages/airflow/example_dags/example_latest_only_with_trigger.py
[2023-11-24T00:18:28.122+0000] {processor.py:829} INFO - Processing file /home/airflow/.local/lib/python3.8/site-packages/airflow/example_dags/example_latest_only_with_trigger.py for tasks to queue
[2023-11-24T00:18:28.123+0000] {logging_mixin.py:154} INFO - [2023-11-24T00:18:28.123+0000] {dagbag.py:536} INFO - Filling up the DagBag from /home/airflow/.local/lib/python3.8/site-packages/airflow/example_dags/example_latest_only_with_trigger.py
[2023-11-24T00:18:28.127+0000] {processor.py:839} INFO - DAG(s) dict_keys(['latest_only_with_trigger']) retrieved from /home/airflow/.local/lib/python3.8/site-packages/airflow/example_dags/example_latest_only_with_trigger.py
[2023-11-24T00:18:28.143+0000] {logging_mixin.py:154} INFO - [2023-11-24T00:18:28.143+0000] {dag.py:2941} INFO - Sync 1 DAGs
[2023-11-24T00:18:28.161+0000] {logging_mixin.py:154} INFO - [2023-11-24T00:18:28.161+0000] {dag.py:3722} INFO - Setting next_dagrun for latest_only_with_trigger to 2023-11-23T20:18:28.161383+00:00, run_after=2023-11-24T00:18:28.161383+00:00
[2023-11-24T00:18:28.175+0000] {processor.py:179} INFO - Processing /home/airflow/.local/lib/python3.8/site-packages/airflow/example_dags/example_latest_only_with_trigger.py took 0.056 seconds
[2023-11-24T00:18:58.210+0000] {processor.py:157} INFO - Started process (PID=162) to work on /home/airflow/.local/lib/python3.8/site-packages/airflow/example_dags/example_latest_only_with_trigger.py
[2023-11-24T00:18:58.211+0000] {processor.py:829} INFO - Processing file /home/airflow/.local/lib/python3.8/site-packages/airflow/example_dags/example_latest_only_with_trigger.py for tasks to queue
[2023-11-24T00:18:58.212+0000] {logging_mixin.py:154} INFO - [2023-11-24T00:18:58.212+0000] {dagbag.py:536} INFO - Filling up the DagBag from /home/airflow/.local/lib/python3.8/site-packages/airflow/example_dags/example_latest_only_with_trigger.py
[2023-11-24T00:18:58.216+0000] {processor.py:839} INFO - DAG(s) dict_keys(['latest_only_with_trigger']) retrieved from /home/airflow/.local/lib/python3.8/site-packages/airflow/example_dags/example_latest_only_with_trigger.py
[2023-11-24T00:18:58.230+0000] {logging_mixin.py:154} INFO - [2023-11-24T00:18:58.230+0000] {dag.py:2941} INFO - Sync 1 DAGs
[2023-11-24T00:18:58.246+0000] {logging_mixin.py:154} INFO - [2023-11-24T00:18:58.246+0000] {dag.py:3722} INFO - Setting next_dagrun for latest_only_with_trigger to 2023-11-23T20:18:58.246370+00:00, run_after=2023-11-24T00:18:58.246370+00:00
[2023-11-24T00:18:58.260+0000] {processor.py:179} INFO - Processing /home/airflow/.local/lib/python3.8/site-packages/airflow/example_dags/example_latest_only_with_trigger.py took 0.052 seconds
[2023-11-24T00:19:28.530+0000] {processor.py:157} INFO - Started process (PID=216) to work on /home/airflow/.local/lib/python3.8/site-packages/airflow/example_dags/example_latest_only_with_trigger.py
[2023-11-24T00:19:28.530+0000] {processor.py:829} INFO - Processing file /home/airflow/.local/lib/python3.8/site-packages/airflow/example_dags/example_latest_only_with_trigger.py for tasks to queue
[2023-11-24T00:19:28.532+0000] {logging_mixin.py:154} INFO - [2023-11-24T00:19:28.532+0000] {dagbag.py:536} INFO - Filling up the DagBag from /home/airflow/.local/lib/python3.8/site-packages/airflow/example_dags/example_latest_only_with_trigger.py
[2023-11-24T00:19:28.536+0000] {processor.py:839} INFO - DAG(s) dict_keys(['latest_only_with_trigger']) retrieved from /home/airflow/.local/lib/python3.8/site-packages/airflow/example_dags/example_latest_only_with_trigger.py
[2023-11-24T00:19:28.552+0000] {logging_mixin.py:154} INFO - [2023-11-24T00:19:28.551+0000] {dag.py:2941} INFO - Sync 1 DAGs
[2023-11-24T00:19:28.569+0000] {logging_mixin.py:154} INFO - [2023-11-24T00:19:28.569+0000] {dag.py:3722} INFO - Setting next_dagrun for latest_only_with_trigger to 2023-11-23T20:19:28.569375+00:00, run_after=2023-11-24T00:19:28.569375+00:00
[2023-11-24T00:19:28.583+0000] {processor.py:179} INFO - Processing /home/airflow/.local/lib/python3.8/site-packages/airflow/example_dags/example_latest_only_with_trigger.py took 0.056 seconds
[2023-11-24T00:19:58.826+0000] {processor.py:157} INFO - Started process (PID=270) to work on /home/airflow/.local/lib/python3.8/site-packages/airflow/example_dags/example_latest_only_with_trigger.py
[2023-11-24T00:19:58.827+0000] {processor.py:829} INFO - Processing file /home/airflow/.local/lib/python3.8/site-packages/airflow/example_dags/example_latest_only_with_trigger.py for tasks to queue
[2023-11-24T00:19:58.828+0000] {logging_mixin.py:154} INFO - [2023-11-24T00:19:58.828+0000] {dagbag.py:536} INFO - Filling up the DagBag from /home/airflow/.local/lib/python3.8/site-packages/airflow/example_dags/example_latest_only_with_trigger.py
[2023-11-24T00:19:58.831+0000] {processor.py:839} INFO - DAG(s) dict_keys(['latest_only_with_trigger']) retrieved from /home/airflow/.local/lib/python3.8/site-packages/airflow/example_dags/example_latest_only_with_trigger.py
[2023-11-24T00:19:58.847+0000] {logging_mixin.py:154} INFO - [2023-11-24T00:19:58.847+0000] {dag.py:2941} INFO - Sync 1 DAGs
[2023-11-24T00:19:58.864+0000] {logging_mixin.py:154} INFO - [2023-11-24T00:19:58.864+0000] {dag.py:3722} INFO - Setting next_dagrun for latest_only_with_trigger to 2023-11-23T20:19:58.863948+00:00, run_after=2023-11-24T00:19:58.863948+00:00
[2023-11-24T00:19:58.878+0000] {processor.py:179} INFO - Processing /home/airflow/.local/lib/python3.8/site-packages/airflow/example_dags/example_latest_only_with_trigger.py took 0.055 seconds
[2023-11-24T00:20:29.235+0000] {processor.py:157} INFO - Started process (PID=324) to work on /home/airflow/.local/lib/python3.8/site-packages/airflow/example_dags/example_latest_only_with_trigger.py
[2023-11-24T00:20:29.236+0000] {processor.py:829} INFO - Processing file /home/airflow/.local/lib/python3.8/site-packages/airflow/example_dags/example_latest_only_with_trigger.py for tasks to queue
[2023-11-24T00:20:29.238+0000] {logging_mixin.py:154} INFO - [2023-11-24T00:20:29.237+0000] {dagbag.py:536} INFO - Filling up the DagBag from /home/airflow/.local/lib/python3.8/site-packages/airflow/example_dags/example_latest_only_with_trigger.py
[2023-11-24T00:20:29.241+0000] {processor.py:839} INFO - DAG(s) dict_keys(['latest_only_with_trigger']) retrieved from /home/airflow/.local/lib/python3.8/site-packages/airflow/example_dags/example_latest_only_with_trigger.py
[2023-11-24T00:20:29.257+0000] {logging_mixin.py:154} INFO - [2023-11-24T00:20:29.257+0000] {dag.py:2941} INFO - Sync 1 DAGs
[2023-11-24T00:20:29.275+0000] {logging_mixin.py:154} INFO - [2023-11-24T00:20:29.275+0000] {dag.py:3722} INFO - Setting next_dagrun for latest_only_with_trigger to 2023-11-23T20:20:29.274897+00:00, run_after=2023-11-24T00:20:29.274897+00:00
[2023-11-24T00:20:29.290+0000] {processor.py:179} INFO - Processing /home/airflow/.local/lib/python3.8/site-packages/airflow/example_dags/example_latest_only_with_trigger.py took 0.057 seconds
[2023-11-24T00:20:59.526+0000] {processor.py:157} INFO - Started process (PID=378) to work on /home/airflow/.local/lib/python3.8/site-packages/airflow/example_dags/example_latest_only_with_trigger.py
[2023-11-24T00:20:59.527+0000] {processor.py:829} INFO - Processing file /home/airflow/.local/lib/python3.8/site-packages/airflow/example_dags/example_latest_only_with_trigger.py for tasks to queue
[2023-11-24T00:20:59.528+0000] {logging_mixin.py:154} INFO - [2023-11-24T00:20:59.528+0000] {dagbag.py:536} INFO - Filling up the DagBag from /home/airflow/.local/lib/python3.8/site-packages/airflow/example_dags/example_latest_only_with_trigger.py
[2023-11-24T00:20:59.532+0000] {processor.py:839} INFO - DAG(s) dict_keys(['latest_only_with_trigger']) retrieved from /home/airflow/.local/lib/python3.8/site-packages/airflow/example_dags/example_latest_only_with_trigger.py
[2023-11-24T00:20:59.548+0000] {logging_mixin.py:154} INFO - [2023-11-24T00:20:59.548+0000] {dag.py:2941} INFO - Sync 1 DAGs
[2023-11-24T00:20:59.565+0000] {logging_mixin.py:154} INFO - [2023-11-24T00:20:59.565+0000] {dag.py:3722} INFO - Setting next_dagrun for latest_only_with_trigger to 2023-11-23T20:20:59.565493+00:00, run_after=2023-11-24T00:20:59.565493+00:00
[2023-11-24T00:20:59.579+0000] {processor.py:179} INFO - Processing /home/airflow/.local/lib/python3.8/site-packages/airflow/example_dags/example_latest_only_with_trigger.py took 0.056 seconds
[2023-11-24T00:21:29.863+0000] {processor.py:157} INFO - Started process (PID=432) to work on /home/airflow/.local/lib/python3.8/site-packages/airflow/example_dags/example_latest_only_with_trigger.py
[2023-11-24T00:21:29.864+0000] {processor.py:829} INFO - Processing file /home/airflow/.local/lib/python3.8/site-packages/airflow/example_dags/example_latest_only_with_trigger.py for tasks to queue
[2023-11-24T00:21:29.865+0000] {logging_mixin.py:154} INFO - [2023-11-24T00:21:29.865+0000] {dagbag.py:536} INFO - Filling up the DagBag from /home/airflow/.local/lib/python3.8/site-packages/airflow/example_dags/example_latest_only_with_trigger.py
[2023-11-24T00:21:29.869+0000] {processor.py:839} INFO - DAG(s) dict_keys(['latest_only_with_trigger']) retrieved from /home/airflow/.local/lib/python3.8/site-packages/airflow/example_dags/example_latest_only_with_trigger.py
[2023-11-24T00:21:29.885+0000] {logging_mixin.py:154} INFO - [2023-11-24T00:21:29.885+0000] {dag.py:2941} INFO - Sync 1 DAGs
[2023-11-24T00:21:29.902+0000] {logging_mixin.py:154} INFO - [2023-11-24T00:21:29.902+0000] {dag.py:3722} INFO - Setting next_dagrun for latest_only_with_trigger to 2023-11-23T20:21:29.901884+00:00, run_after=2023-11-24T00:21:29.901884+00:00
[2023-11-24T00:21:29.916+0000] {processor.py:179} INFO - Processing /home/airflow/.local/lib/python3.8/site-packages/airflow/example_dags/example_latest_only_with_trigger.py took 0.055 seconds
[2023-11-24T00:22:00.508+0000] {processor.py:157} INFO - Started process (PID=486) to work on /home/airflow/.local/lib/python3.8/site-packages/airflow/example_dags/example_latest_only_with_trigger.py
[2023-11-24T00:22:00.509+0000] {processor.py:829} INFO - Processing file /home/airflow/.local/lib/python3.8/site-packages/airflow/example_dags/example_latest_only_with_trigger.py for tasks to queue
[2023-11-24T00:22:00.511+0000] {logging_mixin.py:154} INFO - [2023-11-24T00:22:00.511+0000] {dagbag.py:536} INFO - Filling up the DagBag from /home/airflow/.local/lib/python3.8/site-packages/airflow/example_dags/example_latest_only_with_trigger.py
[2023-11-24T00:22:00.515+0000] {processor.py:839} INFO - DAG(s) dict_keys(['latest_only_with_trigger']) retrieved from /home/airflow/.local/lib/python3.8/site-packages/airflow/example_dags/example_latest_only_with_trigger.py
[2023-11-24T00:22:00.531+0000] {logging_mixin.py:154} INFO - [2023-11-24T00:22:00.530+0000] {dag.py:2941} INFO - Sync 1 DAGs
[2023-11-24T00:22:00.548+0000] {logging_mixin.py:154} INFO - [2023-11-24T00:22:00.548+0000] {dag.py:3722} INFO - Setting next_dagrun for latest_only_with_trigger to 2023-11-23T20:22:00.548341+00:00, run_after=2023-11-24T00:22:00.548341+00:00
[2023-11-24T00:22:00.565+0000] {processor.py:179} INFO - Processing /home/airflow/.local/lib/python3.8/site-packages/airflow/example_dags/example_latest_only_with_trigger.py took 0.059 seconds
[2023-11-24T00:22:30.828+0000] {processor.py:157} INFO - Started process (PID=540) to work on /home/airflow/.local/lib/python3.8/site-packages/airflow/example_dags/example_latest_only_with_trigger.py
[2023-11-24T00:22:30.829+0000] {processor.py:829} INFO - Processing file /home/airflow/.local/lib/python3.8/site-packages/airflow/example_dags/example_latest_only_with_trigger.py for tasks to queue
[2023-11-24T00:22:30.830+0000] {logging_mixin.py:154} INFO - [2023-11-24T00:22:30.830+0000] {dagbag.py:536} INFO - Filling up the DagBag from /home/airflow/.local/lib/python3.8/site-packages/airflow/example_dags/example_latest_only_with_trigger.py
[2023-11-24T00:22:30.834+0000] {processor.py:839} INFO - DAG(s) dict_keys(['latest_only_with_trigger']) retrieved from /home/airflow/.local/lib/python3.8/site-packages/airflow/example_dags/example_latest_only_with_trigger.py
[2023-11-24T00:22:30.852+0000] {logging_mixin.py:154} INFO - [2023-11-24T00:22:30.852+0000] {dag.py:2941} INFO - Sync 1 DAGs
[2023-11-24T00:22:30.871+0000] {logging_mixin.py:154} INFO - [2023-11-24T00:22:30.871+0000] {dag.py:3722} INFO - Setting next_dagrun for latest_only_with_trigger to 2023-11-23T20:22:30.870888+00:00, run_after=2023-11-24T00:22:30.870888+00:00
[2023-11-24T00:22:30.888+0000] {processor.py:179} INFO - Processing /home/airflow/.local/lib/python3.8/site-packages/airflow/example_dags/example_latest_only_with_trigger.py took 0.062 seconds
[2023-11-24T00:23:01.155+0000] {processor.py:157} INFO - Started process (PID=594) to work on /home/airflow/.local/lib/python3.8/site-packages/airflow/example_dags/example_latest_only_with_trigger.py
[2023-11-24T00:23:01.156+0000] {processor.py:829} INFO - Processing file /home/airflow/.local/lib/python3.8/site-packages/airflow/example_dags/example_latest_only_with_trigger.py for tasks to queue
[2023-11-24T00:23:01.158+0000] {logging_mixin.py:154} INFO - [2023-11-24T00:23:01.157+0000] {dagbag.py:536} INFO - Filling up the DagBag from /home/airflow/.local/lib/python3.8/site-packages/airflow/example_dags/example_latest_only_with_trigger.py
[2023-11-24T00:23:01.162+0000] {processor.py:839} INFO - DAG(s) dict_keys(['latest_only_with_trigger']) retrieved from /home/airflow/.local/lib/python3.8/site-packages/airflow/example_dags/example_latest_only_with_trigger.py
[2023-11-24T00:23:01.181+0000] {logging_mixin.py:154} INFO - [2023-11-24T00:23:01.181+0000] {dag.py:2941} INFO - Sync 1 DAGs
[2023-11-24T00:23:01.201+0000] {logging_mixin.py:154} INFO - [2023-11-24T00:23:01.201+0000] {dag.py:3722} INFO - Setting next_dagrun for latest_only_with_trigger to 2023-11-23T20:23:01.201492+00:00, run_after=2023-11-24T00:23:01.201492+00:00
[2023-11-24T00:23:01.220+0000] {processor.py:179} INFO - Processing /home/airflow/.local/lib/python3.8/site-packages/airflow/example_dags/example_latest_only_with_trigger.py took 0.068 seconds
[2023-11-24T00:23:31.469+0000] {processor.py:157} INFO - Started process (PID=648) to work on /home/airflow/.local/lib/python3.8/site-packages/airflow/example_dags/example_latest_only_with_trigger.py
[2023-11-24T00:23:31.470+0000] {processor.py:829} INFO - Processing file /home/airflow/.local/lib/python3.8/site-packages/airflow/example_dags/example_latest_only_with_trigger.py for tasks to queue
[2023-11-24T00:23:31.471+0000] {logging_mixin.py:154} INFO - [2023-11-24T00:23:31.471+0000] {dagbag.py:536} INFO - Filling up the DagBag from /home/airflow/.local/lib/python3.8/site-packages/airflow/example_dags/example_latest_only_with_trigger.py
[2023-11-24T00:23:31.476+0000] {processor.py:839} INFO - DAG(s) dict_keys(['latest_only_with_trigger']) retrieved from /home/airflow/.local/lib/python3.8/site-packages/airflow/example_dags/example_latest_only_with_trigger.py
[2023-11-24T00:23:31.493+0000] {logging_mixin.py:154} INFO - [2023-11-24T00:23:31.492+0000] {dag.py:2941} INFO - Sync 1 DAGs
[2023-11-24T00:23:31.513+0000] {logging_mixin.py:154} INFO - [2023-11-24T00:23:31.513+0000] {dag.py:3722} INFO - Setting next_dagrun for latest_only_with_trigger to 2023-11-23T20:23:31.513059+00:00, run_after=2023-11-24T00:23:31.513059+00:00
[2023-11-24T00:23:31.530+0000] {processor.py:179} INFO - Processing /home/airflow/.local/lib/python3.8/site-packages/airflow/example_dags/example_latest_only_with_trigger.py took 0.063 seconds
[2023-11-24T00:24:01.891+0000] {processor.py:157} INFO - Started process (PID=702) to work on /home/airflow/.local/lib/python3.8/site-packages/airflow/example_dags/example_latest_only_with_trigger.py
[2023-11-24T00:24:01.892+0000] {processor.py:829} INFO - Processing file /home/airflow/.local/lib/python3.8/site-packages/airflow/example_dags/example_latest_only_with_trigger.py for tasks to queue
[2023-11-24T00:24:01.893+0000] {logging_mixin.py:154} INFO - [2023-11-24T00:24:01.893+0000] {dagbag.py:536} INFO - Filling up the DagBag from /home/airflow/.local/lib/python3.8/site-packages/airflow/example_dags/example_latest_only_with_trigger.py
[2023-11-24T00:24:01.897+0000] {processor.py:839} INFO - DAG(s) dict_keys(['latest_only_with_trigger']) retrieved from /home/airflow/.local/lib/python3.8/site-packages/airflow/example_dags/example_latest_only_with_trigger.py
[2023-11-24T00:24:01.915+0000] {logging_mixin.py:154} INFO - [2023-11-24T00:24:01.915+0000] {dag.py:2941} INFO - Sync 1 DAGs
[2023-11-24T00:24:01.933+0000] {logging_mixin.py:154} INFO - [2023-11-24T00:24:01.933+0000] {dag.py:3722} INFO - Setting next_dagrun for latest_only_with_trigger to 2023-11-23T20:24:01.933385+00:00, run_after=2023-11-24T00:24:01.933385+00:00
[2023-11-24T00:24:01.949+0000] {processor.py:179} INFO - Processing /home/airflow/.local/lib/python3.8/site-packages/airflow/example_dags/example_latest_only_with_trigger.py took 0.060 seconds
[2023-11-24T00:24:32.038+0000] {processor.py:157} INFO - Started process (PID=756) to work on /home/airflow/.local/lib/python3.8/site-packages/airflow/example_dags/example_latest_only_with_trigger.py
[2023-11-24T00:24:32.039+0000] {processor.py:829} INFO - Processing file /home/airflow/.local/lib/python3.8/site-packages/airflow/example_dags/example_latest_only_with_trigger.py for tasks to queue
[2023-11-24T00:24:32.041+0000] {logging_mixin.py:154} INFO - [2023-11-24T00:24:32.040+0000] {dagbag.py:536} INFO - Filling up the DagBag from /home/airflow/.local/lib/python3.8/site-packages/airflow/example_dags/example_latest_only_with_trigger.py
[2023-11-24T00:24:32.045+0000] {processor.py:839} INFO - DAG(s) dict_keys(['latest_only_with_trigger']) retrieved from /home/airflow/.local/lib/python3.8/site-packages/airflow/example_dags/example_latest_only_with_trigger.py
[2023-11-24T00:24:32.060+0000] {logging_mixin.py:154} INFO - [2023-11-24T00:24:32.060+0000] {dag.py:2941} INFO - Sync 1 DAGs
[2023-11-24T00:24:32.076+0000] {logging_mixin.py:154} INFO - [2023-11-24T00:24:32.076+0000] {dag.py:3722} INFO - Setting next_dagrun for latest_only_with_trigger to 2023-11-23T20:24:32.076058+00:00, run_after=2023-11-24T00:24:32.076058+00:00
[2023-11-24T00:24:32.092+0000] {processor.py:179} INFO - Processing /home/airflow/.local/lib/python3.8/site-packages/airflow/example_dags/example_latest_only_with_trigger.py took 0.056 seconds
[2023-11-24T00:25:02.617+0000] {processor.py:157} INFO - Started process (PID=810) to work on /home/airflow/.local/lib/python3.8/site-packages/airflow/example_dags/example_latest_only_with_trigger.py
[2023-11-24T00:25:02.618+0000] {processor.py:829} INFO - Processing file /home/airflow/.local/lib/python3.8/site-packages/airflow/example_dags/example_latest_only_with_trigger.py for tasks to queue
[2023-11-24T00:25:02.619+0000] {logging_mixin.py:154} INFO - [2023-11-24T00:25:02.619+0000] {dagbag.py:536} INFO - Filling up the DagBag from /home/airflow/.local/lib/python3.8/site-packages/airflow/example_dags/example_latest_only_with_trigger.py
[2023-11-24T00:25:02.623+0000] {processor.py:839} INFO - DAG(s) dict_keys(['latest_only_with_trigger']) retrieved from /home/airflow/.local/lib/python3.8/site-packages/airflow/example_dags/example_latest_only_with_trigger.py
[2023-11-24T00:25:02.641+0000] {logging_mixin.py:154} INFO - [2023-11-24T00:25:02.641+0000] {dag.py:2941} INFO - Sync 1 DAGs
[2023-11-24T00:25:02.659+0000] {logging_mixin.py:154} INFO - [2023-11-24T00:25:02.659+0000] {dag.py:3722} INFO - Setting next_dagrun for latest_only_with_trigger to 2023-11-23T20:25:02.659424+00:00, run_after=2023-11-24T00:25:02.659424+00:00
[2023-11-24T00:25:02.807+0000] {processor.py:179} INFO - Processing /home/airflow/.local/lib/python3.8/site-packages/airflow/example_dags/example_latest_only_with_trigger.py took 0.193 seconds
[2023-11-24T00:25:33.138+0000] {processor.py:157} INFO - Started process (PID=864) to work on /home/airflow/.local/lib/python3.8/site-packages/airflow/example_dags/example_latest_only_with_trigger.py
[2023-11-24T00:25:33.139+0000] {processor.py:829} INFO - Processing file /home/airflow/.local/lib/python3.8/site-packages/airflow/example_dags/example_latest_only_with_trigger.py for tasks to queue
[2023-11-24T00:25:33.140+0000] {logging_mixin.py:154} INFO - [2023-11-24T00:25:33.140+0000] {dagbag.py:536} INFO - Filling up the DagBag from /home/airflow/.local/lib/python3.8/site-packages/airflow/example_dags/example_latest_only_with_trigger.py
[2023-11-24T00:25:33.144+0000] {processor.py:839} INFO - DAG(s) dict_keys(['latest_only_with_trigger']) retrieved from /home/airflow/.local/lib/python3.8/site-packages/airflow/example_dags/example_latest_only_with_trigger.py
[2023-11-24T00:25:33.159+0000] {logging_mixin.py:154} INFO - [2023-11-24T00:25:33.159+0000] {dag.py:2941} INFO - Sync 1 DAGs
[2023-11-24T00:25:33.177+0000] {logging_mixin.py:154} INFO - [2023-11-24T00:25:33.176+0000] {dag.py:3722} INFO - Setting next_dagrun for latest_only_with_trigger to 2023-11-23T20:25:33.176615+00:00, run_after=2023-11-24T00:25:33.176615+00:00
[2023-11-24T00:25:33.191+0000] {processor.py:179} INFO - Processing /home/airflow/.local/lib/python3.8/site-packages/airflow/example_dags/example_latest_only_with_trigger.py took 0.056 seconds
[2023-11-24T00:26:03.949+0000] {processor.py:157} INFO - Started process (PID=918) to work on /home/airflow/.local/lib/python3.8/site-packages/airflow/example_dags/example_latest_only_with_trigger.py
[2023-11-24T00:26:03.950+0000] {processor.py:829} INFO - Processing file /home/airflow/.local/lib/python3.8/site-packages/airflow/example_dags/example_latest_only_with_trigger.py for tasks to queue
[2023-11-24T00:26:03.952+0000] {logging_mixin.py:154} INFO - [2023-11-24T00:26:03.951+0000] {dagbag.py:536} INFO - Filling up the DagBag from /home/airflow/.local/lib/python3.8/site-packages/airflow/example_dags/example_latest_only_with_trigger.py
[2023-11-24T00:26:03.956+0000] {processor.py:839} INFO - DAG(s) dict_keys(['latest_only_with_trigger']) retrieved from /home/airflow/.local/lib/python3.8/site-packages/airflow/example_dags/example_latest_only_with_trigger.py
[2023-11-24T00:26:03.972+0000] {logging_mixin.py:154} INFO - [2023-11-24T00:26:03.972+0000] {dag.py:2941} INFO - Sync 1 DAGs
[2023-11-24T00:26:03.990+0000] {logging_mixin.py:154} INFO - [2023-11-24T00:26:03.990+0000] {dag.py:3722} INFO - Setting next_dagrun for latest_only_with_trigger to 2023-11-23T20:26:03.989959+00:00, run_after=2023-11-24T00:26:03.989959+00:00
[2023-11-24T00:26:04.004+0000] {processor.py:179} INFO - Processing /home/airflow/.local/lib/python3.8/site-packages/airflow/example_dags/example_latest_only_with_trigger.py took 0.057 seconds
[2023-11-24T00:26:35.180+0000] {processor.py:157} INFO - Started process (PID=972) to work on /home/airflow/.local/lib/python3.8/site-packages/airflow/example_dags/example_latest_only_with_trigger.py
[2023-11-24T00:26:35.180+0000] {processor.py:829} INFO - Processing file /home/airflow/.local/lib/python3.8/site-packages/airflow/example_dags/example_latest_only_with_trigger.py for tasks to queue
[2023-11-24T00:26:35.182+0000] {logging_mixin.py:154} INFO - [2023-11-24T00:26:35.182+0000] {dagbag.py:536} INFO - Filling up the DagBag from /home/airflow/.local/lib/python3.8/site-packages/airflow/example_dags/example_latest_only_with_trigger.py
[2023-11-24T00:26:35.186+0000] {processor.py:839} INFO - DAG(s) dict_keys(['latest_only_with_trigger']) retrieved from /home/airflow/.local/lib/python3.8/site-packages/airflow/example_dags/example_latest_only_with_trigger.py
[2023-11-24T00:26:35.204+0000] {logging_mixin.py:154} INFO - [2023-11-24T00:26:35.204+0000] {dag.py:2941} INFO - Sync 1 DAGs
[2023-11-24T00:26:35.396+0000] {logging_mixin.py:154} INFO - [2023-11-24T00:26:35.396+0000] {dag.py:3722} INFO - Setting next_dagrun for latest_only_with_trigger to 2023-11-23T20:26:35.395944+00:00, run_after=2023-11-24T00:26:35.395944+00:00
[2023-11-24T00:26:35.413+0000] {processor.py:179} INFO - Processing /home/airflow/.local/lib/python3.8/site-packages/airflow/example_dags/example_latest_only_with_trigger.py took 0.236 seconds
[2023-11-24T00:27:05.852+0000] {processor.py:157} INFO - Started process (PID=1026) to work on /home/airflow/.local/lib/python3.8/site-packages/airflow/example_dags/example_latest_only_with_trigger.py
[2023-11-24T00:27:05.853+0000] {processor.py:829} INFO - Processing file /home/airflow/.local/lib/python3.8/site-packages/airflow/example_dags/example_latest_only_with_trigger.py for tasks to queue
[2023-11-24T00:27:05.854+0000] {logging_mixin.py:154} INFO - [2023-11-24T00:27:05.854+0000] {dagbag.py:536} INFO - Filling up the DagBag from /home/airflow/.local/lib/python3.8/site-packages/airflow/example_dags/example_latest_only_with_trigger.py
[2023-11-24T00:27:05.858+0000] {processor.py:839} INFO - DAG(s) dict_keys(['latest_only_with_trigger']) retrieved from /home/airflow/.local/lib/python3.8/site-packages/airflow/example_dags/example_latest_only_with_trigger.py
[2023-11-24T00:27:05.874+0000] {logging_mixin.py:154} INFO - [2023-11-24T00:27:05.874+0000] {dag.py:2941} INFO - Sync 1 DAGs
[2023-11-24T00:27:05.890+0000] {logging_mixin.py:154} INFO - [2023-11-24T00:27:05.890+0000] {dag.py:3722} INFO - Setting next_dagrun for latest_only_with_trigger to 2023-11-23T20:27:05.890350+00:00, run_after=2023-11-24T00:27:05.890350+00:00
[2023-11-24T00:27:05.906+0000] {processor.py:179} INFO - Processing /home/airflow/.local/lib/python3.8/site-packages/airflow/example_dags/example_latest_only_with_trigger.py took 0.056 seconds
[2023-11-24T00:27:36.530+0000] {processor.py:157} INFO - Started process (PID=1080) to work on /home/airflow/.local/lib/python3.8/site-packages/airflow/example_dags/example_latest_only_with_trigger.py
[2023-11-24T00:27:36.531+0000] {processor.py:829} INFO - Processing file /home/airflow/.local/lib/python3.8/site-packages/airflow/example_dags/example_latest_only_with_trigger.py for tasks to queue
[2023-11-24T00:27:36.533+0000] {logging_mixin.py:154} INFO - [2023-11-24T00:27:36.533+0000] {dagbag.py:536} INFO - Filling up the DagBag from /home/airflow/.local/lib/python3.8/site-packages/airflow/example_dags/example_latest_only_with_trigger.py
[2023-11-24T00:27:36.538+0000] {processor.py:839} INFO - DAG(s) dict_keys(['latest_only_with_trigger']) retrieved from /home/airflow/.local/lib/python3.8/site-packages/airflow/example_dags/example_latest_only_with_trigger.py
[2023-11-24T00:27:36.562+0000] {logging_mixin.py:154} INFO - [2023-11-24T00:27:36.561+0000] {dag.py:2941} INFO - Sync 1 DAGs
[2023-11-24T00:27:36.587+0000] {logging_mixin.py:154} INFO - [2023-11-24T00:27:36.587+0000] {dag.py:3722} INFO - Setting next_dagrun for latest_only_with_trigger to 2023-11-23T20:27:36.586986+00:00, run_after=2023-11-24T00:27:36.586986+00:00
[2023-11-24T00:27:36.608+0000] {processor.py:179} INFO - Processing /home/airflow/.local/lib/python3.8/site-packages/airflow/example_dags/example_latest_only_with_trigger.py took 0.080 seconds
[2023-11-24T00:28:07.440+0000] {processor.py:157} INFO - Started process (PID=1134) to work on /home/airflow/.local/lib/python3.8/site-packages/airflow/example_dags/example_latest_only_with_trigger.py
[2023-11-24T00:28:07.441+0000] {processor.py:829} INFO - Processing file /home/airflow/.local/lib/python3.8/site-packages/airflow/example_dags/example_latest_only_with_trigger.py for tasks to queue
[2023-11-24T00:28:07.443+0000] {logging_mixin.py:154} INFO - [2023-11-24T00:28:07.443+0000] {dagbag.py:536} INFO - Filling up the DagBag from /home/airflow/.local/lib/python3.8/site-packages/airflow/example_dags/example_latest_only_with_trigger.py
[2023-11-24T00:28:07.447+0000] {processor.py:839} INFO - DAG(s) dict_keys(['latest_only_with_trigger']) retrieved from /home/airflow/.local/lib/python3.8/site-packages/airflow/example_dags/example_latest_only_with_trigger.py
[2023-11-24T00:28:07.463+0000] {logging_mixin.py:154} INFO - [2023-11-24T00:28:07.463+0000] {dag.py:2941} INFO - Sync 1 DAGs
[2023-11-24T00:28:07.480+0000] {logging_mixin.py:154} INFO - [2023-11-24T00:28:07.480+0000] {dag.py:3722} INFO - Setting next_dagrun for latest_only_with_trigger to 2023-11-23T20:28:07.480425+00:00, run_after=2023-11-24T00:28:07.480425+00:00
[2023-11-24T00:28:07.496+0000] {processor.py:179} INFO - Processing /home/airflow/.local/lib/python3.8/site-packages/airflow/example_dags/example_latest_only_with_trigger.py took 0.058 seconds
[2023-11-24T00:28:38.197+0000] {processor.py:157} INFO - Started process (PID=1188) to work on /home/airflow/.local/lib/python3.8/site-packages/airflow/example_dags/example_latest_only_with_trigger.py
[2023-11-24T00:28:38.198+0000] {processor.py:829} INFO - Processing file /home/airflow/.local/lib/python3.8/site-packages/airflow/example_dags/example_latest_only_with_trigger.py for tasks to queue
[2023-11-24T00:28:38.200+0000] {logging_mixin.py:154} INFO - [2023-11-24T00:28:38.200+0000] {dagbag.py:536} INFO - Filling up the DagBag from /home/airflow/.local/lib/python3.8/site-packages/airflow/example_dags/example_latest_only_with_trigger.py
[2023-11-24T00:28:38.204+0000] {processor.py:839} INFO - DAG(s) dict_keys(['latest_only_with_trigger']) retrieved from /home/airflow/.local/lib/python3.8/site-packages/airflow/example_dags/example_latest_only_with_trigger.py
[2023-11-24T00:28:38.220+0000] {logging_mixin.py:154} INFO - [2023-11-24T00:28:38.220+0000] {dag.py:2941} INFO - Sync 1 DAGs
[2023-11-24T00:28:38.378+0000] {logging_mixin.py:154} INFO - [2023-11-24T00:28:38.378+0000] {dag.py:3722} INFO - Setting next_dagrun for latest_only_with_trigger to 2023-11-23T20:28:38.378394+00:00, run_after=2023-11-24T00:28:38.378394+00:00
[2023-11-24T00:28:38.392+0000] {processor.py:179} INFO - Processing /home/airflow/.local/lib/python3.8/site-packages/airflow/example_dags/example_latest_only_with_trigger.py took 0.197 seconds
[2023-11-24T00:29:08.463+0000] {processor.py:157} INFO - Started process (PID=1242) to work on /home/airflow/.local/lib/python3.8/site-packages/airflow/example_dags/example_latest_only_with_trigger.py
[2023-11-24T00:29:08.464+0000] {processor.py:829} INFO - Processing file /home/airflow/.local/lib/python3.8/site-packages/airflow/example_dags/example_latest_only_with_trigger.py for tasks to queue
[2023-11-24T00:29:08.466+0000] {logging_mixin.py:154} INFO - [2023-11-24T00:29:08.466+0000] {dagbag.py:536} INFO - Filling up the DagBag from /home/airflow/.local/lib/python3.8/site-packages/airflow/example_dags/example_latest_only_with_trigger.py
[2023-11-24T00:29:08.471+0000] {processor.py:839} INFO - DAG(s) dict_keys(['latest_only_with_trigger']) retrieved from /home/airflow/.local/lib/python3.8/site-packages/airflow/example_dags/example_latest_only_with_trigger.py
[2023-11-24T00:29:08.487+0000] {logging_mixin.py:154} INFO - [2023-11-24T00:29:08.487+0000] {dag.py:2941} INFO - Sync 1 DAGs
[2023-11-24T00:29:08.504+0000] {logging_mixin.py:154} INFO - [2023-11-24T00:29:08.504+0000] {dag.py:3722} INFO - Setting next_dagrun for latest_only_with_trigger to 2023-11-23T20:29:08.504543+00:00, run_after=2023-11-24T00:29:08.504543+00:00
[2023-11-24T00:29:08.667+0000] {processor.py:179} INFO - Processing /home/airflow/.local/lib/python3.8/site-packages/airflow/example_dags/example_latest_only_with_trigger.py took 0.206 seconds
[2023-11-24T00:29:38.691+0000] {processor.py:157} INFO - Started process (PID=1296) to work on /home/airflow/.local/lib/python3.8/site-packages/airflow/example_dags/example_latest_only_with_trigger.py
[2023-11-24T00:29:38.692+0000] {processor.py:829} INFO - Processing file /home/airflow/.local/lib/python3.8/site-packages/airflow/example_dags/example_latest_only_with_trigger.py for tasks to queue
[2023-11-24T00:29:38.693+0000] {logging_mixin.py:154} INFO - [2023-11-24T00:29:38.693+0000] {dagbag.py:536} INFO - Filling up the DagBag from /home/airflow/.local/lib/python3.8/site-packages/airflow/example_dags/example_latest_only_with_trigger.py
[2023-11-24T00:29:38.697+0000] {processor.py:839} INFO - DAG(s) dict_keys(['latest_only_with_trigger']) retrieved from /home/airflow/.local/lib/python3.8/site-packages/airflow/example_dags/example_latest_only_with_trigger.py
[2023-11-24T00:29:38.715+0000] {logging_mixin.py:154} INFO - [2023-11-24T00:29:38.714+0000] {dag.py:2941} INFO - Sync 1 DAGs
[2023-11-24T00:29:38.735+0000] {logging_mixin.py:154} INFO - [2023-11-24T00:29:38.734+0000] {dag.py:3722} INFO - Setting next_dagrun for latest_only_with_trigger to 2023-11-23T20:29:38.734744+00:00, run_after=2023-11-24T00:29:38.734744+00:00
[2023-11-24T00:29:38.753+0000] {processor.py:179} INFO - Processing /home/airflow/.local/lib/python3.8/site-packages/airflow/example_dags/example_latest_only_with_trigger.py took 0.065 seconds
[2023-11-24T00:30:09.243+0000] {processor.py:157} INFO - Started process (PID=1350) to work on /home/airflow/.local/lib/python3.8/site-packages/airflow/example_dags/example_latest_only_with_trigger.py
[2023-11-24T00:30:09.243+0000] {processor.py:829} INFO - Processing file /home/airflow/.local/lib/python3.8/site-packages/airflow/example_dags/example_latest_only_with_trigger.py for tasks to queue
[2023-11-24T00:30:09.245+0000] {logging_mixin.py:154} INFO - [2023-11-24T00:30:09.245+0000] {dagbag.py:536} INFO - Filling up the DagBag from /home/airflow/.local/lib/python3.8/site-packages/airflow/example_dags/example_latest_only_with_trigger.py
[2023-11-24T00:30:09.249+0000] {processor.py:839} INFO - DAG(s) dict_keys(['latest_only_with_trigger']) retrieved from /home/airflow/.local/lib/python3.8/site-packages/airflow/example_dags/example_latest_only_with_trigger.py
[2023-11-24T00:30:09.407+0000] {logging_mixin.py:154} INFO - [2023-11-24T00:30:09.407+0000] {dag.py:2941} INFO - Sync 1 DAGs
[2023-11-24T00:30:09.423+0000] {logging_mixin.py:154} INFO - [2023-11-24T00:30:09.423+0000] {dag.py:3722} INFO - Setting next_dagrun for latest_only_with_trigger to 2023-11-23T20:30:09.423321+00:00, run_after=2023-11-24T00:30:09.423321+00:00
[2023-11-24T00:30:09.440+0000] {processor.py:179} INFO - Processing /home/airflow/.local/lib/python3.8/site-packages/airflow/example_dags/example_latest_only_with_trigger.py took 0.200 seconds
[2023-11-24T00:30:39.820+0000] {processor.py:157} INFO - Started process (PID=1404) to work on /home/airflow/.local/lib/python3.8/site-packages/airflow/example_dags/example_latest_only_with_trigger.py
[2023-11-24T00:30:39.821+0000] {processor.py:829} INFO - Processing file /home/airflow/.local/lib/python3.8/site-packages/airflow/example_dags/example_latest_only_with_trigger.py for tasks to queue
[2023-11-24T00:30:39.823+0000] {logging_mixin.py:154} INFO - [2023-11-24T00:30:39.823+0000] {dagbag.py:536} INFO - Filling up the DagBag from /home/airflow/.local/lib/python3.8/site-packages/airflow/example_dags/example_latest_only_with_trigger.py
[2023-11-24T00:30:39.828+0000] {processor.py:839} INFO - DAG(s) dict_keys(['latest_only_with_trigger']) retrieved from /home/airflow/.local/lib/python3.8/site-packages/airflow/example_dags/example_latest_only_with_trigger.py
[2023-11-24T00:30:39.850+0000] {logging_mixin.py:154} INFO - [2023-11-24T00:30:39.849+0000] {dag.py:2941} INFO - Sync 1 DAGs
[2023-11-24T00:30:40.073+0000] {logging_mixin.py:154} INFO - [2023-11-24T00:30:40.073+0000] {dag.py:3722} INFO - Setting next_dagrun for latest_only_with_trigger to 2023-11-23T20:30:40.073262+00:00, run_after=2023-11-24T00:30:40.073262+00:00
[2023-11-24T00:30:40.101+0000] {processor.py:179} INFO - Processing /home/airflow/.local/lib/python3.8/site-packages/airflow/example_dags/example_latest_only_with_trigger.py took 0.283 seconds
