[2023-11-24T00:17:58.314+0000] {processor.py:157} INFO - Started process (PID=60) to work on /home/airflow/.local/lib/python3.8/site-packages/airflow/example_dags/example_python_operator.py
[2023-11-24T00:17:58.315+0000] {processor.py:829} INFO - Processing file /home/airflow/.local/lib/python3.8/site-packages/airflow/example_dags/example_python_operator.py for tasks to queue
[2023-11-24T00:17:58.316+0000] {logging_mixin.py:154} INFO - [2023-11-24T00:17:58.316+0000] {dagbag.py:536} INFO - Filling up the DagBag from /home/airflow/.local/lib/python3.8/site-packages/airflow/example_dags/example_python_operator.py
[2023-11-24T00:17:58.327+0000] {processor.py:839} INFO - DAG(s) dict_keys(['example_python_operator']) retrieved from /home/airflow/.local/lib/python3.8/site-packages/airflow/example_dags/example_python_operator.py
[2023-11-24T00:17:58.337+0000] {logging_mixin.py:154} INFO - [2023-11-24T00:17:58.337+0000] {dag.py:2941} INFO - Sync 1 DAGs
[2023-11-24T00:17:58.352+0000] {logging_mixin.py:154} INFO - [2023-11-24T00:17:58.352+0000] {dag.py:3722} INFO - Setting next_dagrun for example_python_operator to None, run_after=None
[2023-11-24T00:17:58.373+0000] {processor.py:179} INFO - Processing /home/airflow/.local/lib/python3.8/site-packages/airflow/example_dags/example_python_operator.py took 0.062 seconds
[2023-11-24T00:18:28.436+0000] {processor.py:157} INFO - Started process (PID=114) to work on /home/airflow/.local/lib/python3.8/site-packages/airflow/example_dags/example_python_operator.py
[2023-11-24T00:18:28.436+0000] {processor.py:829} INFO - Processing file /home/airflow/.local/lib/python3.8/site-packages/airflow/example_dags/example_python_operator.py for tasks to queue
[2023-11-24T00:18:28.438+0000] {logging_mixin.py:154} INFO - [2023-11-24T00:18:28.438+0000] {dagbag.py:536} INFO - Filling up the DagBag from /home/airflow/.local/lib/python3.8/site-packages/airflow/example_dags/example_python_operator.py
[2023-11-24T00:18:28.445+0000] {processor.py:839} INFO - DAG(s) dict_keys(['example_python_operator']) retrieved from /home/airflow/.local/lib/python3.8/site-packages/airflow/example_dags/example_python_operator.py
[2023-11-24T00:18:28.600+0000] {logging_mixin.py:154} INFO - [2023-11-24T00:18:28.599+0000] {dag.py:2941} INFO - Sync 1 DAGs
[2023-11-24T00:18:28.610+0000] {logging_mixin.py:154} INFO - [2023-11-24T00:18:28.610+0000] {dag.py:3722} INFO - Setting next_dagrun for example_python_operator to None, run_after=None
[2023-11-24T00:18:28.627+0000] {processor.py:179} INFO - Processing /home/airflow/.local/lib/python3.8/site-packages/airflow/example_dags/example_python_operator.py took 0.194 seconds
[2023-11-24T00:18:59.571+0000] {processor.py:157} INFO - Started process (PID=169) to work on /home/airflow/.local/lib/python3.8/site-packages/airflow/example_dags/example_python_operator.py
[2023-11-24T00:18:59.578+0000] {processor.py:829} INFO - Processing file /home/airflow/.local/lib/python3.8/site-packages/airflow/example_dags/example_python_operator.py for tasks to queue
[2023-11-24T00:18:59.580+0000] {logging_mixin.py:154} INFO - [2023-11-24T00:18:59.579+0000] {dagbag.py:536} INFO - Filling up the DagBag from /home/airflow/.local/lib/python3.8/site-packages/airflow/example_dags/example_python_operator.py
[2023-11-24T00:18:59.586+0000] {processor.py:839} INFO - DAG(s) dict_keys(['example_python_operator']) retrieved from /home/airflow/.local/lib/python3.8/site-packages/airflow/example_dags/example_python_operator.py
[2023-11-24T00:18:59.603+0000] {logging_mixin.py:154} INFO - [2023-11-24T00:18:59.603+0000] {dag.py:2941} INFO - Sync 1 DAGs
[2023-11-24T00:18:59.613+0000] {logging_mixin.py:154} INFO - [2023-11-24T00:18:59.613+0000] {dag.py:3722} INFO - Setting next_dagrun for example_python_operator to None, run_after=None
[2023-11-24T00:18:59.627+0000] {processor.py:179} INFO - Processing /home/airflow/.local/lib/python3.8/site-packages/airflow/example_dags/example_python_operator.py took 0.058 seconds
[2023-11-24T00:19:29.736+0000] {processor.py:157} INFO - Started process (PID=223) to work on /home/airflow/.local/lib/python3.8/site-packages/airflow/example_dags/example_python_operator.py
[2023-11-24T00:19:29.743+0000] {processor.py:829} INFO - Processing file /home/airflow/.local/lib/python3.8/site-packages/airflow/example_dags/example_python_operator.py for tasks to queue
[2023-11-24T00:19:29.745+0000] {logging_mixin.py:154} INFO - [2023-11-24T00:19:29.745+0000] {dagbag.py:536} INFO - Filling up the DagBag from /home/airflow/.local/lib/python3.8/site-packages/airflow/example_dags/example_python_operator.py
[2023-11-24T00:19:29.752+0000] {processor.py:839} INFO - DAG(s) dict_keys(['example_python_operator']) retrieved from /home/airflow/.local/lib/python3.8/site-packages/airflow/example_dags/example_python_operator.py
[2023-11-24T00:19:29.768+0000] {logging_mixin.py:154} INFO - [2023-11-24T00:19:29.768+0000] {dag.py:2941} INFO - Sync 1 DAGs
[2023-11-24T00:19:29.778+0000] {logging_mixin.py:154} INFO - [2023-11-24T00:19:29.778+0000] {dag.py:3722} INFO - Setting next_dagrun for example_python_operator to None, run_after=None
[2023-11-24T00:19:29.793+0000] {processor.py:179} INFO - Processing /home/airflow/.local/lib/python3.8/site-packages/airflow/example_dags/example_python_operator.py took 0.060 seconds
[2023-11-24T00:20:00.092+0000] {processor.py:157} INFO - Started process (PID=277) to work on /home/airflow/.local/lib/python3.8/site-packages/airflow/example_dags/example_python_operator.py
[2023-11-24T00:20:00.099+0000] {processor.py:829} INFO - Processing file /home/airflow/.local/lib/python3.8/site-packages/airflow/example_dags/example_python_operator.py for tasks to queue
[2023-11-24T00:20:00.100+0000] {logging_mixin.py:154} INFO - [2023-11-24T00:20:00.100+0000] {dagbag.py:536} INFO - Filling up the DagBag from /home/airflow/.local/lib/python3.8/site-packages/airflow/example_dags/example_python_operator.py
[2023-11-24T00:20:00.108+0000] {processor.py:839} INFO - DAG(s) dict_keys(['example_python_operator']) retrieved from /home/airflow/.local/lib/python3.8/site-packages/airflow/example_dags/example_python_operator.py
[2023-11-24T00:20:00.125+0000] {logging_mixin.py:154} INFO - [2023-11-24T00:20:00.125+0000] {dag.py:2941} INFO - Sync 1 DAGs
[2023-11-24T00:20:00.136+0000] {logging_mixin.py:154} INFO - [2023-11-24T00:20:00.136+0000] {dag.py:3722} INFO - Setting next_dagrun for example_python_operator to None, run_after=None
[2023-11-24T00:20:00.151+0000] {processor.py:179} INFO - Processing /home/airflow/.local/lib/python3.8/site-packages/airflow/example_dags/example_python_operator.py took 0.061 seconds
[2023-11-24T00:20:30.446+0000] {processor.py:157} INFO - Started process (PID=331) to work on /home/airflow/.local/lib/python3.8/site-packages/airflow/example_dags/example_python_operator.py
[2023-11-24T00:20:30.453+0000] {processor.py:829} INFO - Processing file /home/airflow/.local/lib/python3.8/site-packages/airflow/example_dags/example_python_operator.py for tasks to queue
[2023-11-24T00:20:30.454+0000] {logging_mixin.py:154} INFO - [2023-11-24T00:20:30.454+0000] {dagbag.py:536} INFO - Filling up the DagBag from /home/airflow/.local/lib/python3.8/site-packages/airflow/example_dags/example_python_operator.py
[2023-11-24T00:20:30.462+0000] {processor.py:839} INFO - DAG(s) dict_keys(['example_python_operator']) retrieved from /home/airflow/.local/lib/python3.8/site-packages/airflow/example_dags/example_python_operator.py
[2023-11-24T00:20:30.481+0000] {logging_mixin.py:154} INFO - [2023-11-24T00:20:30.480+0000] {dag.py:2941} INFO - Sync 1 DAGs
[2023-11-24T00:20:30.491+0000] {logging_mixin.py:154} INFO - [2023-11-24T00:20:30.490+0000] {dag.py:3722} INFO - Setting next_dagrun for example_python_operator to None, run_after=None
[2023-11-24T00:20:30.506+0000] {processor.py:179} INFO - Processing /home/airflow/.local/lib/python3.8/site-packages/airflow/example_dags/example_python_operator.py took 0.063 seconds
[2023-11-24T00:21:00.780+0000] {processor.py:157} INFO - Started process (PID=385) to work on /home/airflow/.local/lib/python3.8/site-packages/airflow/example_dags/example_python_operator.py
[2023-11-24T00:21:00.781+0000] {processor.py:829} INFO - Processing file /home/airflow/.local/lib/python3.8/site-packages/airflow/example_dags/example_python_operator.py for tasks to queue
[2023-11-24T00:21:00.783+0000] {logging_mixin.py:154} INFO - [2023-11-24T00:21:00.783+0000] {dagbag.py:536} INFO - Filling up the DagBag from /home/airflow/.local/lib/python3.8/site-packages/airflow/example_dags/example_python_operator.py
[2023-11-24T00:21:00.790+0000] {processor.py:839} INFO - DAG(s) dict_keys(['example_python_operator']) retrieved from /home/airflow/.local/lib/python3.8/site-packages/airflow/example_dags/example_python_operator.py
[2023-11-24T00:21:00.807+0000] {logging_mixin.py:154} INFO - [2023-11-24T00:21:00.807+0000] {dag.py:2941} INFO - Sync 1 DAGs
[2023-11-24T00:21:00.817+0000] {logging_mixin.py:154} INFO - [2023-11-24T00:21:00.816+0000] {dag.py:3722} INFO - Setting next_dagrun for example_python_operator to None, run_after=None
[2023-11-24T00:21:00.831+0000] {processor.py:179} INFO - Processing /home/airflow/.local/lib/python3.8/site-packages/airflow/example_dags/example_python_operator.py took 0.053 seconds
[2023-11-24T00:21:31.160+0000] {processor.py:157} INFO - Started process (PID=439) to work on /home/airflow/.local/lib/python3.8/site-packages/airflow/example_dags/example_python_operator.py
[2023-11-24T00:21:31.554+0000] {processor.py:829} INFO - Processing file /home/airflow/.local/lib/python3.8/site-packages/airflow/example_dags/example_python_operator.py for tasks to queue
[2023-11-24T00:21:31.557+0000] {logging_mixin.py:154} INFO - [2023-11-24T00:21:31.557+0000] {dagbag.py:536} INFO - Filling up the DagBag from /home/airflow/.local/lib/python3.8/site-packages/airflow/example_dags/example_python_operator.py
[2023-11-24T00:21:31.569+0000] {processor.py:839} INFO - DAG(s) dict_keys(['example_python_operator']) retrieved from /home/airflow/.local/lib/python3.8/site-packages/airflow/example_dags/example_python_operator.py
[2023-11-24T00:21:31.592+0000] {logging_mixin.py:154} INFO - [2023-11-24T00:21:31.592+0000] {dag.py:2941} INFO - Sync 1 DAGs
[2023-11-24T00:21:31.608+0000] {logging_mixin.py:154} INFO - [2023-11-24T00:21:31.608+0000] {dag.py:3722} INFO - Setting next_dagrun for example_python_operator to None, run_after=None
[2023-11-24T00:21:31.632+0000] {processor.py:179} INFO - Processing /home/airflow/.local/lib/python3.8/site-packages/airflow/example_dags/example_python_operator.py took 0.474 seconds
[2023-11-24T00:22:01.722+0000] {processor.py:157} INFO - Started process (PID=493) to work on /home/airflow/.local/lib/python3.8/site-packages/airflow/example_dags/example_python_operator.py
[2023-11-24T00:22:01.724+0000] {processor.py:829} INFO - Processing file /home/airflow/.local/lib/python3.8/site-packages/airflow/example_dags/example_python_operator.py for tasks to queue
[2023-11-24T00:22:01.725+0000] {logging_mixin.py:154} INFO - [2023-11-24T00:22:01.725+0000] {dagbag.py:536} INFO - Filling up the DagBag from /home/airflow/.local/lib/python3.8/site-packages/airflow/example_dags/example_python_operator.py
[2023-11-24T00:22:01.733+0000] {processor.py:839} INFO - DAG(s) dict_keys(['example_python_operator']) retrieved from /home/airflow/.local/lib/python3.8/site-packages/airflow/example_dags/example_python_operator.py
[2023-11-24T00:22:01.753+0000] {logging_mixin.py:154} INFO - [2023-11-24T00:22:01.753+0000] {dag.py:2941} INFO - Sync 1 DAGs
[2023-11-24T00:22:01.763+0000] {logging_mixin.py:154} INFO - [2023-11-24T00:22:01.763+0000] {dag.py:3722} INFO - Setting next_dagrun for example_python_operator to None, run_after=None
[2023-11-24T00:22:01.780+0000] {processor.py:179} INFO - Processing /home/airflow/.local/lib/python3.8/site-packages/airflow/example_dags/example_python_operator.py took 0.060 seconds
[2023-11-24T00:22:32.052+0000] {processor.py:157} INFO - Started process (PID=547) to work on /home/airflow/.local/lib/python3.8/site-packages/airflow/example_dags/example_python_operator.py
[2023-11-24T00:22:32.059+0000] {processor.py:829} INFO - Processing file /home/airflow/.local/lib/python3.8/site-packages/airflow/example_dags/example_python_operator.py for tasks to queue
[2023-11-24T00:22:32.061+0000] {logging_mixin.py:154} INFO - [2023-11-24T00:22:32.061+0000] {dagbag.py:536} INFO - Filling up the DagBag from /home/airflow/.local/lib/python3.8/site-packages/airflow/example_dags/example_python_operator.py
[2023-11-24T00:22:32.068+0000] {processor.py:839} INFO - DAG(s) dict_keys(['example_python_operator']) retrieved from /home/airflow/.local/lib/python3.8/site-packages/airflow/example_dags/example_python_operator.py
[2023-11-24T00:22:32.085+0000] {logging_mixin.py:154} INFO - [2023-11-24T00:22:32.084+0000] {dag.py:2941} INFO - Sync 1 DAGs
[2023-11-24T00:22:32.094+0000] {logging_mixin.py:154} INFO - [2023-11-24T00:22:32.094+0000] {dag.py:3722} INFO - Setting next_dagrun for example_python_operator to None, run_after=None
[2023-11-24T00:22:32.109+0000] {processor.py:179} INFO - Processing /home/airflow/.local/lib/python3.8/site-packages/airflow/example_dags/example_python_operator.py took 0.060 seconds
[2023-11-24T00:23:02.399+0000] {processor.py:157} INFO - Started process (PID=601) to work on /home/airflow/.local/lib/python3.8/site-packages/airflow/example_dags/example_python_operator.py
[2023-11-24T00:23:02.406+0000] {processor.py:829} INFO - Processing file /home/airflow/.local/lib/python3.8/site-packages/airflow/example_dags/example_python_operator.py for tasks to queue
[2023-11-24T00:23:02.407+0000] {logging_mixin.py:154} INFO - [2023-11-24T00:23:02.407+0000] {dagbag.py:536} INFO - Filling up the DagBag from /home/airflow/.local/lib/python3.8/site-packages/airflow/example_dags/example_python_operator.py
[2023-11-24T00:23:02.415+0000] {processor.py:839} INFO - DAG(s) dict_keys(['example_python_operator']) retrieved from /home/airflow/.local/lib/python3.8/site-packages/airflow/example_dags/example_python_operator.py
[2023-11-24T00:23:02.433+0000] {logging_mixin.py:154} INFO - [2023-11-24T00:23:02.433+0000] {dag.py:2941} INFO - Sync 1 DAGs
[2023-11-24T00:23:02.443+0000] {logging_mixin.py:154} INFO - [2023-11-24T00:23:02.443+0000] {dag.py:3722} INFO - Setting next_dagrun for example_python_operator to None, run_after=None
[2023-11-24T00:23:02.462+0000] {processor.py:179} INFO - Processing /home/airflow/.local/lib/python3.8/site-packages/airflow/example_dags/example_python_operator.py took 0.065 seconds
[2023-11-24T00:23:32.763+0000] {processor.py:157} INFO - Started process (PID=655) to work on /home/airflow/.local/lib/python3.8/site-packages/airflow/example_dags/example_python_operator.py
[2023-11-24T00:23:32.769+0000] {processor.py:829} INFO - Processing file /home/airflow/.local/lib/python3.8/site-packages/airflow/example_dags/example_python_operator.py for tasks to queue
[2023-11-24T00:23:32.770+0000] {logging_mixin.py:154} INFO - [2023-11-24T00:23:32.770+0000] {dagbag.py:536} INFO - Filling up the DagBag from /home/airflow/.local/lib/python3.8/site-packages/airflow/example_dags/example_python_operator.py
[2023-11-24T00:23:32.778+0000] {processor.py:839} INFO - DAG(s) dict_keys(['example_python_operator']) retrieved from /home/airflow/.local/lib/python3.8/site-packages/airflow/example_dags/example_python_operator.py
[2023-11-24T00:23:32.797+0000] {logging_mixin.py:154} INFO - [2023-11-24T00:23:32.797+0000] {dag.py:2941} INFO - Sync 1 DAGs
[2023-11-24T00:23:32.808+0000] {logging_mixin.py:154} INFO - [2023-11-24T00:23:32.807+0000] {dag.py:3722} INFO - Setting next_dagrun for example_python_operator to None, run_after=None
[2023-11-24T00:23:32.823+0000] {processor.py:179} INFO - Processing /home/airflow/.local/lib/python3.8/site-packages/airflow/example_dags/example_python_operator.py took 0.062 seconds
[2023-11-24T00:24:03.153+0000] {processor.py:157} INFO - Started process (PID=709) to work on /home/airflow/.local/lib/python3.8/site-packages/airflow/example_dags/example_python_operator.py
[2023-11-24T00:24:03.160+0000] {processor.py:829} INFO - Processing file /home/airflow/.local/lib/python3.8/site-packages/airflow/example_dags/example_python_operator.py for tasks to queue
[2023-11-24T00:24:03.162+0000] {logging_mixin.py:154} INFO - [2023-11-24T00:24:03.162+0000] {dagbag.py:536} INFO - Filling up the DagBag from /home/airflow/.local/lib/python3.8/site-packages/airflow/example_dags/example_python_operator.py
[2023-11-24T00:24:03.170+0000] {processor.py:839} INFO - DAG(s) dict_keys(['example_python_operator']) retrieved from /home/airflow/.local/lib/python3.8/site-packages/airflow/example_dags/example_python_operator.py
[2023-11-24T00:24:03.189+0000] {logging_mixin.py:154} INFO - [2023-11-24T00:24:03.189+0000] {dag.py:2941} INFO - Sync 1 DAGs
[2023-11-24T00:24:03.199+0000] {logging_mixin.py:154} INFO - [2023-11-24T00:24:03.199+0000] {dag.py:3722} INFO - Setting next_dagrun for example_python_operator to None, run_after=None
[2023-11-24T00:24:03.216+0000] {processor.py:179} INFO - Processing /home/airflow/.local/lib/python3.8/site-packages/airflow/example_dags/example_python_operator.py took 0.066 seconds
[2023-11-24T00:24:33.397+0000] {processor.py:157} INFO - Started process (PID=763) to work on /home/airflow/.local/lib/python3.8/site-packages/airflow/example_dags/example_python_operator.py
[2023-11-24T00:24:33.398+0000] {processor.py:829} INFO - Processing file /home/airflow/.local/lib/python3.8/site-packages/airflow/example_dags/example_python_operator.py for tasks to queue
[2023-11-24T00:24:33.399+0000] {logging_mixin.py:154} INFO - [2023-11-24T00:24:33.399+0000] {dagbag.py:536} INFO - Filling up the DagBag from /home/airflow/.local/lib/python3.8/site-packages/airflow/example_dags/example_python_operator.py
[2023-11-24T00:24:33.406+0000] {processor.py:839} INFO - DAG(s) dict_keys(['example_python_operator']) retrieved from /home/airflow/.local/lib/python3.8/site-packages/airflow/example_dags/example_python_operator.py
[2023-11-24T00:24:33.427+0000] {logging_mixin.py:154} INFO - [2023-11-24T00:24:33.427+0000] {dag.py:2941} INFO - Sync 1 DAGs
[2023-11-24T00:24:33.437+0000] {logging_mixin.py:154} INFO - [2023-11-24T00:24:33.437+0000] {dag.py:3722} INFO - Setting next_dagrun for example_python_operator to None, run_after=None
[2023-11-24T00:24:33.453+0000] {processor.py:179} INFO - Processing /home/airflow/.local/lib/python3.8/site-packages/airflow/example_dags/example_python_operator.py took 0.058 seconds
[2023-11-24T00:25:04.204+0000] {processor.py:157} INFO - Started process (PID=817) to work on /home/airflow/.local/lib/python3.8/site-packages/airflow/example_dags/example_python_operator.py
[2023-11-24T00:25:04.210+0000] {processor.py:829} INFO - Processing file /home/airflow/.local/lib/python3.8/site-packages/airflow/example_dags/example_python_operator.py for tasks to queue
[2023-11-24T00:25:04.212+0000] {logging_mixin.py:154} INFO - [2023-11-24T00:25:04.212+0000] {dagbag.py:536} INFO - Filling up the DagBag from /home/airflow/.local/lib/python3.8/site-packages/airflow/example_dags/example_python_operator.py
[2023-11-24T00:25:04.219+0000] {processor.py:839} INFO - DAG(s) dict_keys(['example_python_operator']) retrieved from /home/airflow/.local/lib/python3.8/site-packages/airflow/example_dags/example_python_operator.py
[2023-11-24T00:25:04.235+0000] {logging_mixin.py:154} INFO - [2023-11-24T00:25:04.235+0000] {dag.py:2941} INFO - Sync 1 DAGs
[2023-11-24T00:25:04.245+0000] {logging_mixin.py:154} INFO - [2023-11-24T00:25:04.245+0000] {dag.py:3722} INFO - Setting next_dagrun for example_python_operator to None, run_after=None
[2023-11-24T00:25:04.259+0000] {processor.py:179} INFO - Processing /home/airflow/.local/lib/python3.8/site-packages/airflow/example_dags/example_python_operator.py took 0.057 seconds
[2023-11-24T00:25:34.411+0000] {processor.py:157} INFO - Started process (PID=871) to work on /home/airflow/.local/lib/python3.8/site-packages/airflow/example_dags/example_python_operator.py
[2023-11-24T00:25:34.417+0000] {processor.py:829} INFO - Processing file /home/airflow/.local/lib/python3.8/site-packages/airflow/example_dags/example_python_operator.py for tasks to queue
[2023-11-24T00:25:34.419+0000] {logging_mixin.py:154} INFO - [2023-11-24T00:25:34.419+0000] {dagbag.py:536} INFO - Filling up the DagBag from /home/airflow/.local/lib/python3.8/site-packages/airflow/example_dags/example_python_operator.py
[2023-11-24T00:25:34.426+0000] {processor.py:839} INFO - DAG(s) dict_keys(['example_python_operator']) retrieved from /home/airflow/.local/lib/python3.8/site-packages/airflow/example_dags/example_python_operator.py
[2023-11-24T00:25:34.442+0000] {logging_mixin.py:154} INFO - [2023-11-24T00:25:34.442+0000] {dag.py:2941} INFO - Sync 1 DAGs
[2023-11-24T00:25:34.451+0000] {logging_mixin.py:154} INFO - [2023-11-24T00:25:34.451+0000] {dag.py:3722} INFO - Setting next_dagrun for example_python_operator to None, run_after=None
[2023-11-24T00:25:34.466+0000] {processor.py:179} INFO - Processing /home/airflow/.local/lib/python3.8/site-packages/airflow/example_dags/example_python_operator.py took 0.057 seconds
[2023-11-24T00:26:05.159+0000] {processor.py:157} INFO - Started process (PID=925) to work on /home/airflow/.local/lib/python3.8/site-packages/airflow/example_dags/example_python_operator.py
[2023-11-24T00:26:05.161+0000] {processor.py:829} INFO - Processing file /home/airflow/.local/lib/python3.8/site-packages/airflow/example_dags/example_python_operator.py for tasks to queue
[2023-11-24T00:26:05.162+0000] {logging_mixin.py:154} INFO - [2023-11-24T00:26:05.162+0000] {dagbag.py:536} INFO - Filling up the DagBag from /home/airflow/.local/lib/python3.8/site-packages/airflow/example_dags/example_python_operator.py
[2023-11-24T00:26:05.169+0000] {processor.py:839} INFO - DAG(s) dict_keys(['example_python_operator']) retrieved from /home/airflow/.local/lib/python3.8/site-packages/airflow/example_dags/example_python_operator.py
[2023-11-24T00:26:05.189+0000] {logging_mixin.py:154} INFO - [2023-11-24T00:26:05.188+0000] {dag.py:2941} INFO - Sync 1 DAGs
[2023-11-24T00:26:05.198+0000] {logging_mixin.py:154} INFO - [2023-11-24T00:26:05.198+0000] {dag.py:3722} INFO - Setting next_dagrun for example_python_operator to None, run_after=None
[2023-11-24T00:26:05.214+0000] {processor.py:179} INFO - Processing /home/airflow/.local/lib/python3.8/site-packages/airflow/example_dags/example_python_operator.py took 0.057 seconds
[2023-11-24T00:26:35.917+0000] {processor.py:157} INFO - Started process (PID=979) to work on /home/airflow/.local/lib/python3.8/site-packages/airflow/example_dags/example_python_operator.py
[2023-11-24T00:26:35.918+0000] {processor.py:829} INFO - Processing file /home/airflow/.local/lib/python3.8/site-packages/airflow/example_dags/example_python_operator.py for tasks to queue
[2023-11-24T00:26:35.920+0000] {logging_mixin.py:154} INFO - [2023-11-24T00:26:35.920+0000] {dagbag.py:536} INFO - Filling up the DagBag from /home/airflow/.local/lib/python3.8/site-packages/airflow/example_dags/example_python_operator.py
[2023-11-24T00:26:35.927+0000] {processor.py:839} INFO - DAG(s) dict_keys(['example_python_operator']) retrieved from /home/airflow/.local/lib/python3.8/site-packages/airflow/example_dags/example_python_operator.py
[2023-11-24T00:26:35.946+0000] {logging_mixin.py:154} INFO - [2023-11-24T00:26:35.946+0000] {dag.py:2941} INFO - Sync 1 DAGs
[2023-11-24T00:26:35.956+0000] {logging_mixin.py:154} INFO - [2023-11-24T00:26:35.956+0000] {dag.py:3722} INFO - Setting next_dagrun for example_python_operator to None, run_after=None
[2023-11-24T00:26:35.971+0000] {processor.py:179} INFO - Processing /home/airflow/.local/lib/python3.8/site-packages/airflow/example_dags/example_python_operator.py took 0.057 seconds
[2023-11-24T00:27:06.267+0000] {processor.py:157} INFO - Started process (PID=1032) to work on /home/airflow/.local/lib/python3.8/site-packages/airflow/example_dags/example_python_operator.py
[2023-11-24T00:27:06.268+0000] {processor.py:829} INFO - Processing file /home/airflow/.local/lib/python3.8/site-packages/airflow/example_dags/example_python_operator.py for tasks to queue
[2023-11-24T00:27:06.269+0000] {logging_mixin.py:154} INFO - [2023-11-24T00:27:06.269+0000] {dagbag.py:536} INFO - Filling up the DagBag from /home/airflow/.local/lib/python3.8/site-packages/airflow/example_dags/example_python_operator.py
[2023-11-24T00:27:06.276+0000] {processor.py:839} INFO - DAG(s) dict_keys(['example_python_operator']) retrieved from /home/airflow/.local/lib/python3.8/site-packages/airflow/example_dags/example_python_operator.py
[2023-11-24T00:27:06.293+0000] {logging_mixin.py:154} INFO - [2023-11-24T00:27:06.293+0000] {dag.py:2941} INFO - Sync 1 DAGs
[2023-11-24T00:27:06.302+0000] {logging_mixin.py:154} INFO - [2023-11-24T00:27:06.302+0000] {dag.py:3722} INFO - Setting next_dagrun for example_python_operator to None, run_after=None
[2023-11-24T00:27:06.316+0000] {processor.py:179} INFO - Processing /home/airflow/.local/lib/python3.8/site-packages/airflow/example_dags/example_python_operator.py took 0.052 seconds
[2023-11-24T00:27:36.848+0000] {processor.py:157} INFO - Started process (PID=1086) to work on /home/airflow/.local/lib/python3.8/site-packages/airflow/example_dags/example_python_operator.py
[2023-11-24T00:27:36.849+0000] {processor.py:829} INFO - Processing file /home/airflow/.local/lib/python3.8/site-packages/airflow/example_dags/example_python_operator.py for tasks to queue
[2023-11-24T00:27:36.850+0000] {logging_mixin.py:154} INFO - [2023-11-24T00:27:36.850+0000] {dagbag.py:536} INFO - Filling up the DagBag from /home/airflow/.local/lib/python3.8/site-packages/airflow/example_dags/example_python_operator.py
[2023-11-24T00:27:36.858+0000] {processor.py:839} INFO - DAG(s) dict_keys(['example_python_operator']) retrieved from /home/airflow/.local/lib/python3.8/site-packages/airflow/example_dags/example_python_operator.py
[2023-11-24T00:27:36.878+0000] {logging_mixin.py:154} INFO - [2023-11-24T00:27:36.878+0000] {dag.py:2941} INFO - Sync 1 DAGs
[2023-11-24T00:27:36.889+0000] {logging_mixin.py:154} INFO - [2023-11-24T00:27:36.888+0000] {dag.py:3722} INFO - Setting next_dagrun for example_python_operator to None, run_after=None
[2023-11-24T00:27:36.904+0000] {processor.py:179} INFO - Processing /home/airflow/.local/lib/python3.8/site-packages/airflow/example_dags/example_python_operator.py took 0.059 seconds
[2023-11-24T00:28:07.718+0000] {processor.py:157} INFO - Started process (PID=1140) to work on /home/airflow/.local/lib/python3.8/site-packages/airflow/example_dags/example_python_operator.py
[2023-11-24T00:28:07.719+0000] {processor.py:829} INFO - Processing file /home/airflow/.local/lib/python3.8/site-packages/airflow/example_dags/example_python_operator.py for tasks to queue
[2023-11-24T00:28:07.720+0000] {logging_mixin.py:154} INFO - [2023-11-24T00:28:07.720+0000] {dagbag.py:536} INFO - Filling up the DagBag from /home/airflow/.local/lib/python3.8/site-packages/airflow/example_dags/example_python_operator.py
[2023-11-24T00:28:07.728+0000] {processor.py:839} INFO - DAG(s) dict_keys(['example_python_operator']) retrieved from /home/airflow/.local/lib/python3.8/site-packages/airflow/example_dags/example_python_operator.py
[2023-11-24T00:28:07.748+0000] {logging_mixin.py:154} INFO - [2023-11-24T00:28:07.748+0000] {dag.py:2941} INFO - Sync 1 DAGs
[2023-11-24T00:28:07.759+0000] {logging_mixin.py:154} INFO - [2023-11-24T00:28:07.758+0000] {dag.py:3722} INFO - Setting next_dagrun for example_python_operator to None, run_after=None
[2023-11-24T00:28:07.775+0000] {processor.py:179} INFO - Processing /home/airflow/.local/lib/python3.8/site-packages/airflow/example_dags/example_python_operator.py took 0.059 seconds
[2023-11-24T00:28:38.931+0000] {processor.py:157} INFO - Started process (PID=1194) to work on /home/airflow/.local/lib/python3.8/site-packages/airflow/example_dags/example_python_operator.py
[2023-11-24T00:28:38.932+0000] {processor.py:829} INFO - Processing file /home/airflow/.local/lib/python3.8/site-packages/airflow/example_dags/example_python_operator.py for tasks to queue
[2023-11-24T00:28:38.933+0000] {logging_mixin.py:154} INFO - [2023-11-24T00:28:38.933+0000] {dagbag.py:536} INFO - Filling up the DagBag from /home/airflow/.local/lib/python3.8/site-packages/airflow/example_dags/example_python_operator.py
[2023-11-24T00:28:38.940+0000] {processor.py:839} INFO - DAG(s) dict_keys(['example_python_operator']) retrieved from /home/airflow/.local/lib/python3.8/site-packages/airflow/example_dags/example_python_operator.py
[2023-11-24T00:28:38.959+0000] {logging_mixin.py:154} INFO - [2023-11-24T00:28:38.959+0000] {dag.py:2941} INFO - Sync 1 DAGs
[2023-11-24T00:28:39.109+0000] {logging_mixin.py:154} INFO - [2023-11-24T00:28:39.109+0000] {dag.py:3722} INFO - Setting next_dagrun for example_python_operator to None, run_after=None
[2023-11-24T00:28:39.123+0000] {processor.py:179} INFO - Processing /home/airflow/.local/lib/python3.8/site-packages/airflow/example_dags/example_python_operator.py took 0.194 seconds
[2023-11-24T00:29:10.120+0000] {processor.py:157} INFO - Started process (PID=1248) to work on /home/airflow/.local/lib/python3.8/site-packages/airflow/example_dags/example_python_operator.py
[2023-11-24T00:29:10.121+0000] {processor.py:829} INFO - Processing file /home/airflow/.local/lib/python3.8/site-packages/airflow/example_dags/example_python_operator.py for tasks to queue
[2023-11-24T00:29:10.122+0000] {logging_mixin.py:154} INFO - [2023-11-24T00:29:10.122+0000] {dagbag.py:536} INFO - Filling up the DagBag from /home/airflow/.local/lib/python3.8/site-packages/airflow/example_dags/example_python_operator.py
[2023-11-24T00:29:10.130+0000] {processor.py:839} INFO - DAG(s) dict_keys(['example_python_operator']) retrieved from /home/airflow/.local/lib/python3.8/site-packages/airflow/example_dags/example_python_operator.py
[2023-11-24T00:29:10.147+0000] {logging_mixin.py:154} INFO - [2023-11-24T00:29:10.147+0000] {dag.py:2941} INFO - Sync 1 DAGs
[2023-11-24T00:29:10.156+0000] {logging_mixin.py:154} INFO - [2023-11-24T00:29:10.156+0000] {dag.py:3722} INFO - Setting next_dagrun for example_python_operator to None, run_after=None
[2023-11-24T00:29:10.307+0000] {processor.py:179} INFO - Processing /home/airflow/.local/lib/python3.8/site-packages/airflow/example_dags/example_python_operator.py took 0.190 seconds
[2023-11-24T00:29:40.948+0000] {processor.py:157} INFO - Started process (PID=1302) to work on /home/airflow/.local/lib/python3.8/site-packages/airflow/example_dags/example_python_operator.py
[2023-11-24T00:29:40.949+0000] {processor.py:829} INFO - Processing file /home/airflow/.local/lib/python3.8/site-packages/airflow/example_dags/example_python_operator.py for tasks to queue
[2023-11-24T00:29:40.951+0000] {logging_mixin.py:154} INFO - [2023-11-24T00:29:40.951+0000] {dagbag.py:536} INFO - Filling up the DagBag from /home/airflow/.local/lib/python3.8/site-packages/airflow/example_dags/example_python_operator.py
[2023-11-24T00:29:40.959+0000] {processor.py:839} INFO - DAG(s) dict_keys(['example_python_operator']) retrieved from /home/airflow/.local/lib/python3.8/site-packages/airflow/example_dags/example_python_operator.py
[2023-11-24T00:29:40.977+0000] {logging_mixin.py:154} INFO - [2023-11-24T00:29:40.976+0000] {dag.py:2941} INFO - Sync 1 DAGs
[2023-11-24T00:29:40.987+0000] {logging_mixin.py:154} INFO - [2023-11-24T00:29:40.987+0000] {dag.py:3722} INFO - Setting next_dagrun for example_python_operator to None, run_after=None
[2023-11-24T00:29:41.001+0000] {processor.py:179} INFO - Processing /home/airflow/.local/lib/python3.8/site-packages/airflow/example_dags/example_python_operator.py took 0.056 seconds
[2023-11-24T00:30:11.809+0000] {processor.py:157} INFO - Started process (PID=1356) to work on /home/airflow/.local/lib/python3.8/site-packages/airflow/example_dags/example_python_operator.py
[2023-11-24T00:30:11.810+0000] {processor.py:829} INFO - Processing file /home/airflow/.local/lib/python3.8/site-packages/airflow/example_dags/example_python_operator.py for tasks to queue
[2023-11-24T00:30:11.812+0000] {logging_mixin.py:154} INFO - [2023-11-24T00:30:11.812+0000] {dagbag.py:536} INFO - Filling up the DagBag from /home/airflow/.local/lib/python3.8/site-packages/airflow/example_dags/example_python_operator.py
[2023-11-24T00:30:11.819+0000] {processor.py:839} INFO - DAG(s) dict_keys(['example_python_operator']) retrieved from /home/airflow/.local/lib/python3.8/site-packages/airflow/example_dags/example_python_operator.py
[2023-11-24T00:30:11.837+0000] {logging_mixin.py:154} INFO - [2023-11-24T00:30:11.837+0000] {dag.py:2941} INFO - Sync 1 DAGs
[2023-11-24T00:30:11.847+0000] {logging_mixin.py:154} INFO - [2023-11-24T00:30:11.847+0000] {dag.py:3722} INFO - Setting next_dagrun for example_python_operator to None, run_after=None
[2023-11-24T00:30:11.862+0000] {processor.py:179} INFO - Processing /home/airflow/.local/lib/python3.8/site-packages/airflow/example_dags/example_python_operator.py took 0.055 seconds
[2023-11-24T00:30:42.417+0000] {processor.py:157} INFO - Started process (PID=1410) to work on /home/airflow/.local/lib/python3.8/site-packages/airflow/example_dags/example_python_operator.py
[2023-11-24T00:30:42.418+0000] {processor.py:829} INFO - Processing file /home/airflow/.local/lib/python3.8/site-packages/airflow/example_dags/example_python_operator.py for tasks to queue
[2023-11-24T00:30:42.420+0000] {logging_mixin.py:154} INFO - [2023-11-24T00:30:42.420+0000] {dagbag.py:536} INFO - Filling up the DagBag from /home/airflow/.local/lib/python3.8/site-packages/airflow/example_dags/example_python_operator.py
[2023-11-24T00:30:42.427+0000] {processor.py:839} INFO - DAG(s) dict_keys(['example_python_operator']) retrieved from /home/airflow/.local/lib/python3.8/site-packages/airflow/example_dags/example_python_operator.py
[2023-11-24T00:30:42.445+0000] {logging_mixin.py:154} INFO - [2023-11-24T00:30:42.445+0000] {dag.py:2941} INFO - Sync 1 DAGs
[2023-11-24T00:30:42.601+0000] {logging_mixin.py:154} INFO - [2023-11-24T00:30:42.601+0000] {dag.py:3722} INFO - Setting next_dagrun for example_python_operator to None, run_after=None
[2023-11-24T00:30:42.615+0000] {processor.py:179} INFO - Processing /home/airflow/.local/lib/python3.8/site-packages/airflow/example_dags/example_python_operator.py took 0.201 seconds
