[2023-11-24T00:17:58.626+0000] {processor.py:157} INFO - Started process (PID=65) to work on /home/airflow/.local/lib/python3.8/site-packages/airflow/example_dags/example_skip_dag.py
[2023-11-24T00:17:58.628+0000] {processor.py:829} INFO - Processing file /home/airflow/.local/lib/python3.8/site-packages/airflow/example_dags/example_skip_dag.py for tasks to queue
[2023-11-24T00:17:58.631+0000] {logging_mixin.py:154} INFO - [2023-11-24T00:17:58.631+0000] {dagbag.py:536} INFO - Filling up the DagBag from /home/airflow/.local/lib/python3.8/site-packages/airflow/example_dags/example_skip_dag.py
[2023-11-24T00:17:58.641+0000] {processor.py:839} INFO - DAG(s) dict_keys(['example_skip_dag']) retrieved from /home/airflow/.local/lib/python3.8/site-packages/airflow/example_dags/example_skip_dag.py
[2023-11-24T00:17:58.658+0000] {logging_mixin.py:154} INFO - [2023-11-24T00:17:58.657+0000] {dag.py:2941} INFO - Sync 1 DAGs
[2023-11-24T00:17:58.691+0000] {logging_mixin.py:154} INFO - [2023-11-24T00:17:58.691+0000] {dag.py:3722} INFO - Setting next_dagrun for example_skip_dag to 2023-11-23T00:17:58.690945+00:00, run_after=2023-11-24T00:17:58.690945+00:00
[2023-11-24T00:17:58.716+0000] {processor.py:179} INFO - Processing /home/airflow/.local/lib/python3.8/site-packages/airflow/example_dags/example_skip_dag.py took 0.095 seconds
[2023-11-24T00:18:29.690+0000] {processor.py:157} INFO - Started process (PID=119) to work on /home/airflow/.local/lib/python3.8/site-packages/airflow/example_dags/example_skip_dag.py
[2023-11-24T00:18:29.693+0000] {processor.py:829} INFO - Processing file /home/airflow/.local/lib/python3.8/site-packages/airflow/example_dags/example_skip_dag.py for tasks to queue
[2023-11-24T00:18:29.695+0000] {logging_mixin.py:154} INFO - [2023-11-24T00:18:29.695+0000] {dagbag.py:536} INFO - Filling up the DagBag from /home/airflow/.local/lib/python3.8/site-packages/airflow/example_dags/example_skip_dag.py
[2023-11-24T00:18:29.700+0000] {processor.py:839} INFO - DAG(s) dict_keys(['example_skip_dag']) retrieved from /home/airflow/.local/lib/python3.8/site-packages/airflow/example_dags/example_skip_dag.py
[2023-11-24T00:18:29.716+0000] {logging_mixin.py:154} INFO - [2023-11-24T00:18:29.716+0000] {dag.py:2941} INFO - Sync 1 DAGs
[2023-11-24T00:18:29.733+0000] {logging_mixin.py:154} INFO - [2023-11-24T00:18:29.732+0000] {dag.py:3722} INFO - Setting next_dagrun for example_skip_dag to 2023-11-23T00:18:29.732773+00:00, run_after=2023-11-24T00:18:29.732773+00:00
[2023-11-24T00:18:29.747+0000] {processor.py:179} INFO - Processing /home/airflow/.local/lib/python3.8/site-packages/airflow/example_dags/example_skip_dag.py took 0.060 seconds
[2023-11-24T00:19:00.717+0000] {processor.py:157} INFO - Started process (PID=173) to work on /home/airflow/.local/lib/python3.8/site-packages/airflow/example_dags/example_skip_dag.py
[2023-11-24T00:19:00.718+0000] {processor.py:829} INFO - Processing file /home/airflow/.local/lib/python3.8/site-packages/airflow/example_dags/example_skip_dag.py for tasks to queue
[2023-11-24T00:19:00.720+0000] {logging_mixin.py:154} INFO - [2023-11-24T00:19:00.720+0000] {dagbag.py:536} INFO - Filling up the DagBag from /home/airflow/.local/lib/python3.8/site-packages/airflow/example_dags/example_skip_dag.py
[2023-11-24T00:19:00.724+0000] {processor.py:839} INFO - DAG(s) dict_keys(['example_skip_dag']) retrieved from /home/airflow/.local/lib/python3.8/site-packages/airflow/example_dags/example_skip_dag.py
[2023-11-24T00:19:00.741+0000] {logging_mixin.py:154} INFO - [2023-11-24T00:19:00.741+0000] {dag.py:2941} INFO - Sync 1 DAGs
[2023-11-24T00:19:00.757+0000] {logging_mixin.py:154} INFO - [2023-11-24T00:19:00.757+0000] {dag.py:3722} INFO - Setting next_dagrun for example_skip_dag to 2023-11-23T00:19:00.756962+00:00, run_after=2023-11-24T00:19:00.756962+00:00
[2023-11-24T00:19:00.771+0000] {processor.py:179} INFO - Processing /home/airflow/.local/lib/python3.8/site-packages/airflow/example_dags/example_skip_dag.py took 0.056 seconds
[2023-11-24T00:19:30.884+0000] {processor.py:157} INFO - Started process (PID=227) to work on /home/airflow/.local/lib/python3.8/site-packages/airflow/example_dags/example_skip_dag.py
[2023-11-24T00:19:30.886+0000] {processor.py:829} INFO - Processing file /home/airflow/.local/lib/python3.8/site-packages/airflow/example_dags/example_skip_dag.py for tasks to queue
[2023-11-24T00:19:30.887+0000] {logging_mixin.py:154} INFO - [2023-11-24T00:19:30.887+0000] {dagbag.py:536} INFO - Filling up the DagBag from /home/airflow/.local/lib/python3.8/site-packages/airflow/example_dags/example_skip_dag.py
[2023-11-24T00:19:30.892+0000] {processor.py:839} INFO - DAG(s) dict_keys(['example_skip_dag']) retrieved from /home/airflow/.local/lib/python3.8/site-packages/airflow/example_dags/example_skip_dag.py
[2023-11-24T00:19:30.908+0000] {logging_mixin.py:154} INFO - [2023-11-24T00:19:30.908+0000] {dag.py:2941} INFO - Sync 1 DAGs
[2023-11-24T00:19:30.924+0000] {logging_mixin.py:154} INFO - [2023-11-24T00:19:30.924+0000] {dag.py:3722} INFO - Setting next_dagrun for example_skip_dag to 2023-11-23T00:19:30.924412+00:00, run_after=2023-11-24T00:19:30.924412+00:00
[2023-11-24T00:19:30.938+0000] {processor.py:179} INFO - Processing /home/airflow/.local/lib/python3.8/site-packages/airflow/example_dags/example_skip_dag.py took 0.056 seconds
[2023-11-24T00:20:01.245+0000] {processor.py:157} INFO - Started process (PID=281) to work on /home/airflow/.local/lib/python3.8/site-packages/airflow/example_dags/example_skip_dag.py
[2023-11-24T00:20:01.247+0000] {processor.py:829} INFO - Processing file /home/airflow/.local/lib/python3.8/site-packages/airflow/example_dags/example_skip_dag.py for tasks to queue
[2023-11-24T00:20:01.248+0000] {logging_mixin.py:154} INFO - [2023-11-24T00:20:01.248+0000] {dagbag.py:536} INFO - Filling up the DagBag from /home/airflow/.local/lib/python3.8/site-packages/airflow/example_dags/example_skip_dag.py
[2023-11-24T00:20:01.254+0000] {processor.py:839} INFO - DAG(s) dict_keys(['example_skip_dag']) retrieved from /home/airflow/.local/lib/python3.8/site-packages/airflow/example_dags/example_skip_dag.py
[2023-11-24T00:20:01.272+0000] {logging_mixin.py:154} INFO - [2023-11-24T00:20:01.271+0000] {dag.py:2941} INFO - Sync 1 DAGs
[2023-11-24T00:20:01.288+0000] {logging_mixin.py:154} INFO - [2023-11-24T00:20:01.288+0000] {dag.py:3722} INFO - Setting next_dagrun for example_skip_dag to 2023-11-23T00:20:01.288319+00:00, run_after=2023-11-24T00:20:01.288319+00:00
[2023-11-24T00:20:01.304+0000] {processor.py:179} INFO - Processing /home/airflow/.local/lib/python3.8/site-packages/airflow/example_dags/example_skip_dag.py took 0.060 seconds
[2023-11-24T00:20:31.600+0000] {processor.py:157} INFO - Started process (PID=335) to work on /home/airflow/.local/lib/python3.8/site-packages/airflow/example_dags/example_skip_dag.py
[2023-11-24T00:20:31.601+0000] {processor.py:829} INFO - Processing file /home/airflow/.local/lib/python3.8/site-packages/airflow/example_dags/example_skip_dag.py for tasks to queue
[2023-11-24T00:20:31.603+0000] {logging_mixin.py:154} INFO - [2023-11-24T00:20:31.602+0000] {dagbag.py:536} INFO - Filling up the DagBag from /home/airflow/.local/lib/python3.8/site-packages/airflow/example_dags/example_skip_dag.py
[2023-11-24T00:20:31.608+0000] {processor.py:839} INFO - DAG(s) dict_keys(['example_skip_dag']) retrieved from /home/airflow/.local/lib/python3.8/site-packages/airflow/example_dags/example_skip_dag.py
[2023-11-24T00:20:31.626+0000] {logging_mixin.py:154} INFO - [2023-11-24T00:20:31.625+0000] {dag.py:2941} INFO - Sync 1 DAGs
[2023-11-24T00:20:31.644+0000] {logging_mixin.py:154} INFO - [2023-11-24T00:20:31.644+0000] {dag.py:3722} INFO - Setting next_dagrun for example_skip_dag to 2023-11-23T00:20:31.644070+00:00, run_after=2023-11-24T00:20:31.644070+00:00
[2023-11-24T00:20:31.659+0000] {processor.py:179} INFO - Processing /home/airflow/.local/lib/python3.8/site-packages/airflow/example_dags/example_skip_dag.py took 0.061 seconds
[2023-11-24T00:21:01.921+0000] {processor.py:157} INFO - Started process (PID=389) to work on /home/airflow/.local/lib/python3.8/site-packages/airflow/example_dags/example_skip_dag.py
[2023-11-24T00:21:01.928+0000] {processor.py:829} INFO - Processing file /home/airflow/.local/lib/python3.8/site-packages/airflow/example_dags/example_skip_dag.py for tasks to queue
[2023-11-24T00:21:01.930+0000] {logging_mixin.py:154} INFO - [2023-11-24T00:21:01.930+0000] {dagbag.py:536} INFO - Filling up the DagBag from /home/airflow/.local/lib/python3.8/site-packages/airflow/example_dags/example_skip_dag.py
[2023-11-24T00:21:01.934+0000] {processor.py:839} INFO - DAG(s) dict_keys(['example_skip_dag']) retrieved from /home/airflow/.local/lib/python3.8/site-packages/airflow/example_dags/example_skip_dag.py
[2023-11-24T00:21:01.949+0000] {logging_mixin.py:154} INFO - [2023-11-24T00:21:01.949+0000] {dag.py:2941} INFO - Sync 1 DAGs
[2023-11-24T00:21:01.966+0000] {logging_mixin.py:154} INFO - [2023-11-24T00:21:01.965+0000] {dag.py:3722} INFO - Setting next_dagrun for example_skip_dag to 2023-11-23T00:21:01.965594+00:00, run_after=2023-11-24T00:21:01.965594+00:00
[2023-11-24T00:21:01.982+0000] {processor.py:179} INFO - Processing /home/airflow/.local/lib/python3.8/site-packages/airflow/example_dags/example_skip_dag.py took 0.064 seconds
[2023-11-24T00:21:32.748+0000] {processor.py:157} INFO - Started process (PID=443) to work on /home/airflow/.local/lib/python3.8/site-packages/airflow/example_dags/example_skip_dag.py
[2023-11-24T00:21:32.749+0000] {processor.py:829} INFO - Processing file /home/airflow/.local/lib/python3.8/site-packages/airflow/example_dags/example_skip_dag.py for tasks to queue
[2023-11-24T00:21:32.751+0000] {logging_mixin.py:154} INFO - [2023-11-24T00:21:32.750+0000] {dagbag.py:536} INFO - Filling up the DagBag from /home/airflow/.local/lib/python3.8/site-packages/airflow/example_dags/example_skip_dag.py
[2023-11-24T00:21:32.755+0000] {processor.py:839} INFO - DAG(s) dict_keys(['example_skip_dag']) retrieved from /home/airflow/.local/lib/python3.8/site-packages/airflow/example_dags/example_skip_dag.py
[2023-11-24T00:21:32.772+0000] {logging_mixin.py:154} INFO - [2023-11-24T00:21:32.772+0000] {dag.py:2941} INFO - Sync 1 DAGs
[2023-11-24T00:21:32.790+0000] {logging_mixin.py:154} INFO - [2023-11-24T00:21:32.790+0000] {dag.py:3722} INFO - Setting next_dagrun for example_skip_dag to 2023-11-23T00:21:32.790050+00:00, run_after=2023-11-24T00:21:32.790050+00:00
[2023-11-24T00:21:32.810+0000] {processor.py:179} INFO - Processing /home/airflow/.local/lib/python3.8/site-packages/airflow/example_dags/example_skip_dag.py took 0.064 seconds
[2023-11-24T00:22:02.880+0000] {processor.py:157} INFO - Started process (PID=497) to work on /home/airflow/.local/lib/python3.8/site-packages/airflow/example_dags/example_skip_dag.py
[2023-11-24T00:22:02.886+0000] {processor.py:829} INFO - Processing file /home/airflow/.local/lib/python3.8/site-packages/airflow/example_dags/example_skip_dag.py for tasks to queue
[2023-11-24T00:22:02.888+0000] {logging_mixin.py:154} INFO - [2023-11-24T00:22:02.888+0000] {dagbag.py:536} INFO - Filling up the DagBag from /home/airflow/.local/lib/python3.8/site-packages/airflow/example_dags/example_skip_dag.py
[2023-11-24T00:22:02.892+0000] {processor.py:839} INFO - DAG(s) dict_keys(['example_skip_dag']) retrieved from /home/airflow/.local/lib/python3.8/site-packages/airflow/example_dags/example_skip_dag.py
[2023-11-24T00:22:02.909+0000] {logging_mixin.py:154} INFO - [2023-11-24T00:22:02.909+0000] {dag.py:2941} INFO - Sync 1 DAGs
[2023-11-24T00:22:02.927+0000] {logging_mixin.py:154} INFO - [2023-11-24T00:22:02.926+0000] {dag.py:3722} INFO - Setting next_dagrun for example_skip_dag to 2023-11-23T00:22:02.926568+00:00, run_after=2023-11-24T00:22:02.926568+00:00
[2023-11-24T00:22:02.943+0000] {processor.py:179} INFO - Processing /home/airflow/.local/lib/python3.8/site-packages/airflow/example_dags/example_skip_dag.py took 0.066 seconds
[2023-11-24T00:22:33.201+0000] {processor.py:157} INFO - Started process (PID=551) to work on /home/airflow/.local/lib/python3.8/site-packages/airflow/example_dags/example_skip_dag.py
[2023-11-24T00:22:33.208+0000] {processor.py:829} INFO - Processing file /home/airflow/.local/lib/python3.8/site-packages/airflow/example_dags/example_skip_dag.py for tasks to queue
[2023-11-24T00:22:33.209+0000] {logging_mixin.py:154} INFO - [2023-11-24T00:22:33.209+0000] {dagbag.py:536} INFO - Filling up the DagBag from /home/airflow/.local/lib/python3.8/site-packages/airflow/example_dags/example_skip_dag.py
[2023-11-24T00:22:33.214+0000] {processor.py:839} INFO - DAG(s) dict_keys(['example_skip_dag']) retrieved from /home/airflow/.local/lib/python3.8/site-packages/airflow/example_dags/example_skip_dag.py
[2023-11-24T00:22:33.229+0000] {logging_mixin.py:154} INFO - [2023-11-24T00:22:33.229+0000] {dag.py:2941} INFO - Sync 1 DAGs
[2023-11-24T00:22:33.245+0000] {logging_mixin.py:154} INFO - [2023-11-24T00:22:33.245+0000] {dag.py:3722} INFO - Setting next_dagrun for example_skip_dag to 2023-11-23T00:22:33.245274+00:00, run_after=2023-11-24T00:22:33.245274+00:00
[2023-11-24T00:22:33.260+0000] {processor.py:179} INFO - Processing /home/airflow/.local/lib/python3.8/site-packages/airflow/example_dags/example_skip_dag.py took 0.061 seconds
[2023-11-24T00:23:03.566+0000] {processor.py:157} INFO - Started process (PID=605) to work on /home/airflow/.local/lib/python3.8/site-packages/airflow/example_dags/example_skip_dag.py
[2023-11-24T00:23:03.567+0000] {processor.py:829} INFO - Processing file /home/airflow/.local/lib/python3.8/site-packages/airflow/example_dags/example_skip_dag.py for tasks to queue
[2023-11-24T00:23:03.569+0000] {logging_mixin.py:154} INFO - [2023-11-24T00:23:03.568+0000] {dagbag.py:536} INFO - Filling up the DagBag from /home/airflow/.local/lib/python3.8/site-packages/airflow/example_dags/example_skip_dag.py
[2023-11-24T00:23:03.574+0000] {processor.py:839} INFO - DAG(s) dict_keys(['example_skip_dag']) retrieved from /home/airflow/.local/lib/python3.8/site-packages/airflow/example_dags/example_skip_dag.py
[2023-11-24T00:23:03.591+0000] {logging_mixin.py:154} INFO - [2023-11-24T00:23:03.591+0000] {dag.py:2941} INFO - Sync 1 DAGs
[2023-11-24T00:23:03.609+0000] {logging_mixin.py:154} INFO - [2023-11-24T00:23:03.608+0000] {dag.py:3722} INFO - Setting next_dagrun for example_skip_dag to 2023-11-23T00:23:03.608636+00:00, run_after=2023-11-24T00:23:03.608636+00:00
[2023-11-24T00:23:03.625+0000] {processor.py:179} INFO - Processing /home/airflow/.local/lib/python3.8/site-packages/airflow/example_dags/example_skip_dag.py took 0.062 seconds
[2023-11-24T00:23:33.919+0000] {processor.py:157} INFO - Started process (PID=659) to work on /home/airflow/.local/lib/python3.8/site-packages/airflow/example_dags/example_skip_dag.py
[2023-11-24T00:23:33.921+0000] {processor.py:829} INFO - Processing file /home/airflow/.local/lib/python3.8/site-packages/airflow/example_dags/example_skip_dag.py for tasks to queue
[2023-11-24T00:23:33.922+0000] {logging_mixin.py:154} INFO - [2023-11-24T00:23:33.922+0000] {dagbag.py:536} INFO - Filling up the DagBag from /home/airflow/.local/lib/python3.8/site-packages/airflow/example_dags/example_skip_dag.py
[2023-11-24T00:23:33.928+0000] {processor.py:839} INFO - DAG(s) dict_keys(['example_skip_dag']) retrieved from /home/airflow/.local/lib/python3.8/site-packages/airflow/example_dags/example_skip_dag.py
[2023-11-24T00:23:33.946+0000] {logging_mixin.py:154} INFO - [2023-11-24T00:23:33.946+0000] {dag.py:2941} INFO - Sync 1 DAGs
[2023-11-24T00:23:33.965+0000] {logging_mixin.py:154} INFO - [2023-11-24T00:23:33.965+0000] {dag.py:3722} INFO - Setting next_dagrun for example_skip_dag to 2023-11-23T00:23:33.965234+00:00, run_after=2023-11-24T00:23:33.965234+00:00
[2023-11-24T00:23:33.982+0000] {processor.py:179} INFO - Processing /home/airflow/.local/lib/python3.8/site-packages/airflow/example_dags/example_skip_dag.py took 0.064 seconds
[2023-11-24T00:24:04.316+0000] {processor.py:157} INFO - Started process (PID=713) to work on /home/airflow/.local/lib/python3.8/site-packages/airflow/example_dags/example_skip_dag.py
[2023-11-24T00:24:04.318+0000] {processor.py:829} INFO - Processing file /home/airflow/.local/lib/python3.8/site-packages/airflow/example_dags/example_skip_dag.py for tasks to queue
[2023-11-24T00:24:04.319+0000] {logging_mixin.py:154} INFO - [2023-11-24T00:24:04.319+0000] {dagbag.py:536} INFO - Filling up the DagBag from /home/airflow/.local/lib/python3.8/site-packages/airflow/example_dags/example_skip_dag.py
[2023-11-24T00:24:04.324+0000] {processor.py:839} INFO - DAG(s) dict_keys(['example_skip_dag']) retrieved from /home/airflow/.local/lib/python3.8/site-packages/airflow/example_dags/example_skip_dag.py
[2023-11-24T00:24:04.342+0000] {logging_mixin.py:154} INFO - [2023-11-24T00:24:04.341+0000] {dag.py:2941} INFO - Sync 1 DAGs
[2023-11-24T00:24:04.359+0000] {logging_mixin.py:154} INFO - [2023-11-24T00:24:04.358+0000] {dag.py:3722} INFO - Setting next_dagrun for example_skip_dag to 2023-11-23T00:24:04.358767+00:00, run_after=2023-11-24T00:24:04.358767+00:00
[2023-11-24T00:24:04.375+0000] {processor.py:179} INFO - Processing /home/airflow/.local/lib/python3.8/site-packages/airflow/example_dags/example_skip_dag.py took 0.062 seconds
[2023-11-24T00:24:34.546+0000] {processor.py:157} INFO - Started process (PID=767) to work on /home/airflow/.local/lib/python3.8/site-packages/airflow/example_dags/example_skip_dag.py
[2023-11-24T00:24:34.548+0000] {processor.py:829} INFO - Processing file /home/airflow/.local/lib/python3.8/site-packages/airflow/example_dags/example_skip_dag.py for tasks to queue
[2023-11-24T00:24:34.549+0000] {logging_mixin.py:154} INFO - [2023-11-24T00:24:34.549+0000] {dagbag.py:536} INFO - Filling up the DagBag from /home/airflow/.local/lib/python3.8/site-packages/airflow/example_dags/example_skip_dag.py
[2023-11-24T00:24:34.554+0000] {processor.py:839} INFO - DAG(s) dict_keys(['example_skip_dag']) retrieved from /home/airflow/.local/lib/python3.8/site-packages/airflow/example_dags/example_skip_dag.py
[2023-11-24T00:24:34.571+0000] {logging_mixin.py:154} INFO - [2023-11-24T00:24:34.570+0000] {dag.py:2941} INFO - Sync 1 DAGs
[2023-11-24T00:24:34.588+0000] {logging_mixin.py:154} INFO - [2023-11-24T00:24:34.588+0000] {dag.py:3722} INFO - Setting next_dagrun for example_skip_dag to 2023-11-23T00:24:34.587860+00:00, run_after=2023-11-24T00:24:34.587860+00:00
[2023-11-24T00:24:34.603+0000] {processor.py:179} INFO - Processing /home/airflow/.local/lib/python3.8/site-packages/airflow/example_dags/example_skip_dag.py took 0.059 seconds
[2023-11-24T00:25:05.351+0000] {processor.py:157} INFO - Started process (PID=821) to work on /home/airflow/.local/lib/python3.8/site-packages/airflow/example_dags/example_skip_dag.py
[2023-11-24T00:25:05.352+0000] {processor.py:829} INFO - Processing file /home/airflow/.local/lib/python3.8/site-packages/airflow/example_dags/example_skip_dag.py for tasks to queue
[2023-11-24T00:25:05.354+0000] {logging_mixin.py:154} INFO - [2023-11-24T00:25:05.354+0000] {dagbag.py:536} INFO - Filling up the DagBag from /home/airflow/.local/lib/python3.8/site-packages/airflow/example_dags/example_skip_dag.py
[2023-11-24T00:25:05.359+0000] {processor.py:839} INFO - DAG(s) dict_keys(['example_skip_dag']) retrieved from /home/airflow/.local/lib/python3.8/site-packages/airflow/example_dags/example_skip_dag.py
[2023-11-24T00:25:05.375+0000] {logging_mixin.py:154} INFO - [2023-11-24T00:25:05.375+0000] {dag.py:2941} INFO - Sync 1 DAGs
[2023-11-24T00:25:05.392+0000] {logging_mixin.py:154} INFO - [2023-11-24T00:25:05.391+0000] {dag.py:3722} INFO - Setting next_dagrun for example_skip_dag to 2023-11-23T00:25:05.391771+00:00, run_after=2023-11-24T00:25:05.391771+00:00
[2023-11-24T00:25:05.406+0000] {processor.py:179} INFO - Processing /home/airflow/.local/lib/python3.8/site-packages/airflow/example_dags/example_skip_dag.py took 0.058 seconds
[2023-11-24T00:25:35.556+0000] {processor.py:157} INFO - Started process (PID=875) to work on /home/airflow/.local/lib/python3.8/site-packages/airflow/example_dags/example_skip_dag.py
[2023-11-24T00:25:35.563+0000] {processor.py:829} INFO - Processing file /home/airflow/.local/lib/python3.8/site-packages/airflow/example_dags/example_skip_dag.py for tasks to queue
[2023-11-24T00:25:35.564+0000] {logging_mixin.py:154} INFO - [2023-11-24T00:25:35.564+0000] {dagbag.py:536} INFO - Filling up the DagBag from /home/airflow/.local/lib/python3.8/site-packages/airflow/example_dags/example_skip_dag.py
[2023-11-24T00:25:35.569+0000] {processor.py:839} INFO - DAG(s) dict_keys(['example_skip_dag']) retrieved from /home/airflow/.local/lib/python3.8/site-packages/airflow/example_dags/example_skip_dag.py
[2023-11-24T00:25:35.585+0000] {logging_mixin.py:154} INFO - [2023-11-24T00:25:35.585+0000] {dag.py:2941} INFO - Sync 1 DAGs
[2023-11-24T00:25:35.602+0000] {logging_mixin.py:154} INFO - [2023-11-24T00:25:35.602+0000] {dag.py:3722} INFO - Setting next_dagrun for example_skip_dag to 2023-11-23T00:25:35.602098+00:00, run_after=2023-11-24T00:25:35.602098+00:00
[2023-11-24T00:25:35.621+0000] {processor.py:179} INFO - Processing /home/airflow/.local/lib/python3.8/site-packages/airflow/example_dags/example_skip_dag.py took 0.067 seconds
[2023-11-24T00:26:06.336+0000] {processor.py:157} INFO - Started process (PID=929) to work on /home/airflow/.local/lib/python3.8/site-packages/airflow/example_dags/example_skip_dag.py
[2023-11-24T00:26:06.338+0000] {processor.py:829} INFO - Processing file /home/airflow/.local/lib/python3.8/site-packages/airflow/example_dags/example_skip_dag.py for tasks to queue
[2023-11-24T00:26:06.341+0000] {logging_mixin.py:154} INFO - [2023-11-24T00:26:06.341+0000] {dagbag.py:536} INFO - Filling up the DagBag from /home/airflow/.local/lib/python3.8/site-packages/airflow/example_dags/example_skip_dag.py
[2023-11-24T00:26:06.352+0000] {processor.py:839} INFO - DAG(s) dict_keys(['example_skip_dag']) retrieved from /home/airflow/.local/lib/python3.8/site-packages/airflow/example_dags/example_skip_dag.py
[2023-11-24T00:26:06.378+0000] {logging_mixin.py:154} INFO - [2023-11-24T00:26:06.378+0000] {dag.py:2941} INFO - Sync 1 DAGs
[2023-11-24T00:26:06.397+0000] {logging_mixin.py:154} INFO - [2023-11-24T00:26:06.397+0000] {dag.py:3722} INFO - Setting next_dagrun for example_skip_dag to 2023-11-23T00:26:06.397244+00:00, run_after=2023-11-24T00:26:06.397244+00:00
[2023-11-24T00:26:06.413+0000] {processor.py:179} INFO - Processing /home/airflow/.local/lib/python3.8/site-packages/airflow/example_dags/example_skip_dag.py took 0.082 seconds
[2023-11-24T00:26:37.074+0000] {processor.py:157} INFO - Started process (PID=983) to work on /home/airflow/.local/lib/python3.8/site-packages/airflow/example_dags/example_skip_dag.py
[2023-11-24T00:26:37.081+0000] {processor.py:829} INFO - Processing file /home/airflow/.local/lib/python3.8/site-packages/airflow/example_dags/example_skip_dag.py for tasks to queue
[2023-11-24T00:26:37.083+0000] {logging_mixin.py:154} INFO - [2023-11-24T00:26:37.083+0000] {dagbag.py:536} INFO - Filling up the DagBag from /home/airflow/.local/lib/python3.8/site-packages/airflow/example_dags/example_skip_dag.py
[2023-11-24T00:26:37.088+0000] {processor.py:839} INFO - DAG(s) dict_keys(['example_skip_dag']) retrieved from /home/airflow/.local/lib/python3.8/site-packages/airflow/example_dags/example_skip_dag.py
[2023-11-24T00:26:37.105+0000] {logging_mixin.py:154} INFO - [2023-11-24T00:26:37.105+0000] {dag.py:2941} INFO - Sync 1 DAGs
[2023-11-24T00:26:37.122+0000] {logging_mixin.py:154} INFO - [2023-11-24T00:26:37.122+0000] {dag.py:3722} INFO - Setting next_dagrun for example_skip_dag to 2023-11-23T00:26:37.122397+00:00, run_after=2023-11-24T00:26:37.122397+00:00
[2023-11-24T00:26:37.137+0000] {processor.py:179} INFO - Processing /home/airflow/.local/lib/python3.8/site-packages/airflow/example_dags/example_skip_dag.py took 0.066 seconds
[2023-11-24T00:27:07.698+0000] {processor.py:157} INFO - Started process (PID=1037) to work on /home/airflow/.local/lib/python3.8/site-packages/airflow/example_dags/example_skip_dag.py
[2023-11-24T00:27:07.700+0000] {processor.py:829} INFO - Processing file /home/airflow/.local/lib/python3.8/site-packages/airflow/example_dags/example_skip_dag.py for tasks to queue
[2023-11-24T00:27:07.701+0000] {logging_mixin.py:154} INFO - [2023-11-24T00:27:07.701+0000] {dagbag.py:536} INFO - Filling up the DagBag from /home/airflow/.local/lib/python3.8/site-packages/airflow/example_dags/example_skip_dag.py
[2023-11-24T00:27:07.706+0000] {processor.py:839} INFO - DAG(s) dict_keys(['example_skip_dag']) retrieved from /home/airflow/.local/lib/python3.8/site-packages/airflow/example_dags/example_skip_dag.py
[2023-11-24T00:27:07.723+0000] {logging_mixin.py:154} INFO - [2023-11-24T00:27:07.722+0000] {dag.py:2941} INFO - Sync 1 DAGs
[2023-11-24T00:27:07.740+0000] {logging_mixin.py:154} INFO - [2023-11-24T00:27:07.740+0000] {dag.py:3722} INFO - Setting next_dagrun for example_skip_dag to 2023-11-23T00:27:07.739842+00:00, run_after=2023-11-24T00:27:07.739842+00:00
[2023-11-24T00:27:07.894+0000] {processor.py:179} INFO - Processing /home/airflow/.local/lib/python3.8/site-packages/airflow/example_dags/example_skip_dag.py took 0.198 seconds
[2023-11-24T00:27:38.063+0000] {processor.py:157} INFO - Started process (PID=1091) to work on /home/airflow/.local/lib/python3.8/site-packages/airflow/example_dags/example_skip_dag.py
[2023-11-24T00:27:38.070+0000] {processor.py:829} INFO - Processing file /home/airflow/.local/lib/python3.8/site-packages/airflow/example_dags/example_skip_dag.py for tasks to queue
[2023-11-24T00:27:38.072+0000] {logging_mixin.py:154} INFO - [2023-11-24T00:27:38.071+0000] {dagbag.py:536} INFO - Filling up the DagBag from /home/airflow/.local/lib/python3.8/site-packages/airflow/example_dags/example_skip_dag.py
[2023-11-24T00:27:38.076+0000] {processor.py:839} INFO - DAG(s) dict_keys(['example_skip_dag']) retrieved from /home/airflow/.local/lib/python3.8/site-packages/airflow/example_dags/example_skip_dag.py
[2023-11-24T00:27:38.091+0000] {logging_mixin.py:154} INFO - [2023-11-24T00:27:38.091+0000] {dag.py:2941} INFO - Sync 1 DAGs
[2023-11-24T00:27:38.107+0000] {logging_mixin.py:154} INFO - [2023-11-24T00:27:38.107+0000] {dag.py:3722} INFO - Setting next_dagrun for example_skip_dag to 2023-11-23T00:27:38.107406+00:00, run_after=2023-11-24T00:27:38.107406+00:00
[2023-11-24T00:27:38.122+0000] {processor.py:179} INFO - Processing /home/airflow/.local/lib/python3.8/site-packages/airflow/example_dags/example_skip_dag.py took 0.061 seconds
[2023-11-24T00:28:08.902+0000] {processor.py:157} INFO - Started process (PID=1145) to work on /home/airflow/.local/lib/python3.8/site-packages/airflow/example_dags/example_skip_dag.py
[2023-11-24T00:28:08.903+0000] {processor.py:829} INFO - Processing file /home/airflow/.local/lib/python3.8/site-packages/airflow/example_dags/example_skip_dag.py for tasks to queue
[2023-11-24T00:28:08.904+0000] {logging_mixin.py:154} INFO - [2023-11-24T00:28:08.904+0000] {dagbag.py:536} INFO - Filling up the DagBag from /home/airflow/.local/lib/python3.8/site-packages/airflow/example_dags/example_skip_dag.py
[2023-11-24T00:28:08.909+0000] {processor.py:839} INFO - DAG(s) dict_keys(['example_skip_dag']) retrieved from /home/airflow/.local/lib/python3.8/site-packages/airflow/example_dags/example_skip_dag.py
[2023-11-24T00:28:08.926+0000] {logging_mixin.py:154} INFO - [2023-11-24T00:28:08.926+0000] {dag.py:2941} INFO - Sync 1 DAGs
[2023-11-24T00:28:08.943+0000] {logging_mixin.py:154} INFO - [2023-11-24T00:28:08.943+0000] {dag.py:3722} INFO - Setting next_dagrun for example_skip_dag to 2023-11-23T00:28:08.943398+00:00, run_after=2023-11-24T00:28:08.943398+00:00
[2023-11-24T00:28:08.958+0000] {processor.py:179} INFO - Processing /home/airflow/.local/lib/python3.8/site-packages/airflow/example_dags/example_skip_dag.py took 0.058 seconds
[2023-11-24T00:28:39.404+0000] {processor.py:157} INFO - Started process (PID=1199) to work on /home/airflow/.local/lib/python3.8/site-packages/airflow/example_dags/example_skip_dag.py
[2023-11-24T00:28:39.405+0000] {processor.py:829} INFO - Processing file /home/airflow/.local/lib/python3.8/site-packages/airflow/example_dags/example_skip_dag.py for tasks to queue
[2023-11-24T00:28:39.407+0000] {logging_mixin.py:154} INFO - [2023-11-24T00:28:39.406+0000] {dagbag.py:536} INFO - Filling up the DagBag from /home/airflow/.local/lib/python3.8/site-packages/airflow/example_dags/example_skip_dag.py
[2023-11-24T00:28:39.411+0000] {processor.py:839} INFO - DAG(s) dict_keys(['example_skip_dag']) retrieved from /home/airflow/.local/lib/python3.8/site-packages/airflow/example_dags/example_skip_dag.py
[2023-11-24T00:28:39.428+0000] {logging_mixin.py:154} INFO - [2023-11-24T00:28:39.427+0000] {dag.py:2941} INFO - Sync 1 DAGs
[2023-11-24T00:28:39.581+0000] {logging_mixin.py:154} INFO - [2023-11-24T00:28:39.581+0000] {dag.py:3722} INFO - Setting next_dagrun for example_skip_dag to 2023-11-23T00:28:39.581127+00:00, run_after=2023-11-24T00:28:39.581127+00:00
[2023-11-24T00:28:39.594+0000] {processor.py:179} INFO - Processing /home/airflow/.local/lib/python3.8/site-packages/airflow/example_dags/example_skip_dag.py took 0.192 seconds
[2023-11-24T00:29:10.561+0000] {processor.py:157} INFO - Started process (PID=1253) to work on /home/airflow/.local/lib/python3.8/site-packages/airflow/example_dags/example_skip_dag.py
[2023-11-24T00:29:10.562+0000] {processor.py:829} INFO - Processing file /home/airflow/.local/lib/python3.8/site-packages/airflow/example_dags/example_skip_dag.py for tasks to queue
[2023-11-24T00:29:10.564+0000] {logging_mixin.py:154} INFO - [2023-11-24T00:29:10.563+0000] {dagbag.py:536} INFO - Filling up the DagBag from /home/airflow/.local/lib/python3.8/site-packages/airflow/example_dags/example_skip_dag.py
[2023-11-24T00:29:10.568+0000] {processor.py:839} INFO - DAG(s) dict_keys(['example_skip_dag']) retrieved from /home/airflow/.local/lib/python3.8/site-packages/airflow/example_dags/example_skip_dag.py
[2023-11-24T00:29:10.584+0000] {logging_mixin.py:154} INFO - [2023-11-24T00:29:10.584+0000] {dag.py:2941} INFO - Sync 1 DAGs
[2023-11-24T00:29:10.604+0000] {logging_mixin.py:154} INFO - [2023-11-24T00:29:10.604+0000] {dag.py:3722} INFO - Setting next_dagrun for example_skip_dag to 2023-11-23T00:29:10.603859+00:00, run_after=2023-11-24T00:29:10.603859+00:00
[2023-11-24T00:29:10.761+0000] {processor.py:179} INFO - Processing /home/airflow/.local/lib/python3.8/site-packages/airflow/example_dags/example_skip_dag.py took 0.202 seconds
[2023-11-24T00:29:41.181+0000] {processor.py:157} INFO - Started process (PID=1307) to work on /home/airflow/.local/lib/python3.8/site-packages/airflow/example_dags/example_skip_dag.py
[2023-11-24T00:29:41.182+0000] {processor.py:829} INFO - Processing file /home/airflow/.local/lib/python3.8/site-packages/airflow/example_dags/example_skip_dag.py for tasks to queue
[2023-11-24T00:29:41.183+0000] {logging_mixin.py:154} INFO - [2023-11-24T00:29:41.183+0000] {dagbag.py:536} INFO - Filling up the DagBag from /home/airflow/.local/lib/python3.8/site-packages/airflow/example_dags/example_skip_dag.py
[2023-11-24T00:29:41.188+0000] {processor.py:839} INFO - DAG(s) dict_keys(['example_skip_dag']) retrieved from /home/airflow/.local/lib/python3.8/site-packages/airflow/example_dags/example_skip_dag.py
[2023-11-24T00:29:41.205+0000] {logging_mixin.py:154} INFO - [2023-11-24T00:29:41.205+0000] {dag.py:2941} INFO - Sync 1 DAGs
[2023-11-24T00:29:41.223+0000] {logging_mixin.py:154} INFO - [2023-11-24T00:29:41.223+0000] {dag.py:3722} INFO - Setting next_dagrun for example_skip_dag to 2023-11-23T00:29:41.223332+00:00, run_after=2023-11-24T00:29:41.223332+00:00
[2023-11-24T00:29:41.238+0000] {processor.py:179} INFO - Processing /home/airflow/.local/lib/python3.8/site-packages/airflow/example_dags/example_skip_dag.py took 0.059 seconds
[2023-11-24T00:30:12.043+0000] {processor.py:157} INFO - Started process (PID=1361) to work on /home/airflow/.local/lib/python3.8/site-packages/airflow/example_dags/example_skip_dag.py
[2023-11-24T00:30:12.044+0000] {processor.py:829} INFO - Processing file /home/airflow/.local/lib/python3.8/site-packages/airflow/example_dags/example_skip_dag.py for tasks to queue
[2023-11-24T00:30:12.046+0000] {logging_mixin.py:154} INFO - [2023-11-24T00:30:12.046+0000] {dagbag.py:536} INFO - Filling up the DagBag from /home/airflow/.local/lib/python3.8/site-packages/airflow/example_dags/example_skip_dag.py
[2023-11-24T00:30:12.051+0000] {processor.py:839} INFO - DAG(s) dict_keys(['example_skip_dag']) retrieved from /home/airflow/.local/lib/python3.8/site-packages/airflow/example_dags/example_skip_dag.py
[2023-11-24T00:30:12.069+0000] {logging_mixin.py:154} INFO - [2023-11-24T00:30:12.069+0000] {dag.py:2941} INFO - Sync 1 DAGs
[2023-11-24T00:30:12.088+0000] {logging_mixin.py:154} INFO - [2023-11-24T00:30:12.088+0000] {dag.py:3722} INFO - Setting next_dagrun for example_skip_dag to 2023-11-23T00:30:12.087914+00:00, run_after=2023-11-24T00:30:12.087914+00:00
[2023-11-24T00:30:12.105+0000] {processor.py:179} INFO - Processing /home/airflow/.local/lib/python3.8/site-packages/airflow/example_dags/example_skip_dag.py took 0.064 seconds
[2023-11-24T00:30:43.058+0000] {processor.py:157} INFO - Started process (PID=1415) to work on /home/airflow/.local/lib/python3.8/site-packages/airflow/example_dags/example_skip_dag.py
[2023-11-24T00:30:43.059+0000] {processor.py:829} INFO - Processing file /home/airflow/.local/lib/python3.8/site-packages/airflow/example_dags/example_skip_dag.py for tasks to queue
[2023-11-24T00:30:43.061+0000] {logging_mixin.py:154} INFO - [2023-11-24T00:30:43.060+0000] {dagbag.py:536} INFO - Filling up the DagBag from /home/airflow/.local/lib/python3.8/site-packages/airflow/example_dags/example_skip_dag.py
[2023-11-24T00:30:43.066+0000] {processor.py:839} INFO - DAG(s) dict_keys(['example_skip_dag']) retrieved from /home/airflow/.local/lib/python3.8/site-packages/airflow/example_dags/example_skip_dag.py
[2023-11-24T00:30:43.084+0000] {logging_mixin.py:154} INFO - [2023-11-24T00:30:43.084+0000] {dag.py:2941} INFO - Sync 1 DAGs
[2023-11-24T00:30:43.242+0000] {logging_mixin.py:154} INFO - [2023-11-24T00:30:43.242+0000] {dag.py:3722} INFO - Setting next_dagrun for example_skip_dag to 2023-11-23T00:30:43.242154+00:00, run_after=2023-11-24T00:30:43.242154+00:00
[2023-11-24T00:30:43.257+0000] {processor.py:179} INFO - Processing /home/airflow/.local/lib/python3.8/site-packages/airflow/example_dags/example_skip_dag.py took 0.201 seconds
