[2023-11-24T00:17:59.061+0000] {processor.py:157} INFO - Started process (PID=71) to work on /home/airflow/.local/lib/python3.8/site-packages/airflow/example_dags/example_dag_decorator.py
[2023-11-24T00:17:59.062+0000] {processor.py:829} INFO - Processing file /home/airflow/.local/lib/python3.8/site-packages/airflow/example_dags/example_dag_decorator.py for tasks to queue
[2023-11-24T00:17:59.064+0000] {logging_mixin.py:154} INFO - [2023-11-24T00:17:59.064+0000] {dagbag.py:536} INFO - Filling up the DagBag from /home/airflow/.local/lib/python3.8/site-packages/airflow/example_dags/example_dag_decorator.py
[2023-11-24T00:17:59.240+0000] {processor.py:839} INFO - DAG(s) dict_keys(['example_dag_decorator']) retrieved from /home/airflow/.local/lib/python3.8/site-packages/airflow/example_dags/example_dag_decorator.py
[2023-11-24T00:17:59.252+0000] {logging_mixin.py:154} INFO - [2023-11-24T00:17:59.252+0000] {dag.py:2941} INFO - Sync 1 DAGs
[2023-11-24T00:17:59.267+0000] {logging_mixin.py:154} INFO - [2023-11-24T00:17:59.267+0000] {dag.py:3722} INFO - Setting next_dagrun for example_dag_decorator to None, run_after=None
[2023-11-24T00:17:59.299+0000] {processor.py:179} INFO - Processing /home/airflow/.local/lib/python3.8/site-packages/airflow/example_dags/example_dag_decorator.py took 0.240 seconds
[2023-11-24T00:18:29.917+0000] {processor.py:157} INFO - Started process (PID=125) to work on /home/airflow/.local/lib/python3.8/site-packages/airflow/example_dags/example_dag_decorator.py
[2023-11-24T00:18:29.918+0000] {processor.py:829} INFO - Processing file /home/airflow/.local/lib/python3.8/site-packages/airflow/example_dags/example_dag_decorator.py for tasks to queue
[2023-11-24T00:18:29.920+0000] {logging_mixin.py:154} INFO - [2023-11-24T00:18:29.920+0000] {dagbag.py:536} INFO - Filling up the DagBag from /home/airflow/.local/lib/python3.8/site-packages/airflow/example_dags/example_dag_decorator.py
[2023-11-24T00:18:29.979+0000] {processor.py:839} INFO - DAG(s) dict_keys(['example_dag_decorator']) retrieved from /home/airflow/.local/lib/python3.8/site-packages/airflow/example_dags/example_dag_decorator.py
[2023-11-24T00:18:30.062+0000] {logging_mixin.py:154} INFO - [2023-11-24T00:18:30.062+0000] {dag.py:2941} INFO - Sync 1 DAGs
[2023-11-24T00:18:30.073+0000] {logging_mixin.py:154} INFO - [2023-11-24T00:18:30.072+0000] {dag.py:3722} INFO - Setting next_dagrun for example_dag_decorator to None, run_after=None
[2023-11-24T00:18:30.225+0000] {processor.py:179} INFO - Processing /home/airflow/.local/lib/python3.8/site-packages/airflow/example_dags/example_dag_decorator.py took 0.310 seconds
[2023-11-24T00:19:00.965+0000] {processor.py:157} INFO - Started process (PID=179) to work on /home/airflow/.local/lib/python3.8/site-packages/airflow/example_dags/example_dag_decorator.py
[2023-11-24T00:19:00.966+0000] {processor.py:829} INFO - Processing file /home/airflow/.local/lib/python3.8/site-packages/airflow/example_dags/example_dag_decorator.py for tasks to queue
[2023-11-24T00:19:00.967+0000] {logging_mixin.py:154} INFO - [2023-11-24T00:19:00.967+0000] {dagbag.py:536} INFO - Filling up the DagBag from /home/airflow/.local/lib/python3.8/site-packages/airflow/example_dags/example_dag_decorator.py
[2023-11-24T00:19:01.026+0000] {processor.py:839} INFO - DAG(s) dict_keys(['example_dag_decorator']) retrieved from /home/airflow/.local/lib/python3.8/site-packages/airflow/example_dags/example_dag_decorator.py
[2023-11-24T00:19:01.111+0000] {logging_mixin.py:154} INFO - [2023-11-24T00:19:01.110+0000] {dag.py:2941} INFO - Sync 1 DAGs
[2023-11-24T00:19:01.119+0000] {logging_mixin.py:154} INFO - [2023-11-24T00:19:01.119+0000] {dag.py:3722} INFO - Setting next_dagrun for example_dag_decorator to None, run_after=None
[2023-11-24T00:19:01.134+0000] {processor.py:179} INFO - Processing /home/airflow/.local/lib/python3.8/site-packages/airflow/example_dags/example_dag_decorator.py took 0.171 seconds
[2023-11-24T00:19:31.202+0000] {processor.py:157} INFO - Started process (PID=233) to work on /home/airflow/.local/lib/python3.8/site-packages/airflow/example_dags/example_dag_decorator.py
[2023-11-24T00:19:31.203+0000] {processor.py:829} INFO - Processing file /home/airflow/.local/lib/python3.8/site-packages/airflow/example_dags/example_dag_decorator.py for tasks to queue
[2023-11-24T00:19:31.204+0000] {logging_mixin.py:154} INFO - [2023-11-24T00:19:31.204+0000] {dagbag.py:536} INFO - Filling up the DagBag from /home/airflow/.local/lib/python3.8/site-packages/airflow/example_dags/example_dag_decorator.py
[2023-11-24T00:19:31.260+0000] {processor.py:839} INFO - DAG(s) dict_keys(['example_dag_decorator']) retrieved from /home/airflow/.local/lib/python3.8/site-packages/airflow/example_dags/example_dag_decorator.py
[2023-11-24T00:19:31.485+0000] {logging_mixin.py:154} INFO - [2023-11-24T00:19:31.484+0000] {dag.py:2941} INFO - Sync 1 DAGs
[2023-11-24T00:19:31.493+0000] {logging_mixin.py:154} INFO - [2023-11-24T00:19:31.493+0000] {dag.py:3722} INFO - Setting next_dagrun for example_dag_decorator to None, run_after=None
[2023-11-24T00:19:31.508+0000] {processor.py:179} INFO - Processing /home/airflow/.local/lib/python3.8/site-packages/airflow/example_dags/example_dag_decorator.py took 0.308 seconds
[2023-11-24T00:20:01.565+0000] {processor.py:157} INFO - Started process (PID=287) to work on /home/airflow/.local/lib/python3.8/site-packages/airflow/example_dags/example_dag_decorator.py
[2023-11-24T00:20:01.566+0000] {processor.py:829} INFO - Processing file /home/airflow/.local/lib/python3.8/site-packages/airflow/example_dags/example_dag_decorator.py for tasks to queue
[2023-11-24T00:20:01.568+0000] {logging_mixin.py:154} INFO - [2023-11-24T00:20:01.568+0000] {dagbag.py:536} INFO - Filling up the DagBag from /home/airflow/.local/lib/python3.8/site-packages/airflow/example_dags/example_dag_decorator.py
[2023-11-24T00:20:01.623+0000] {processor.py:839} INFO - DAG(s) dict_keys(['example_dag_decorator']) retrieved from /home/airflow/.local/lib/python3.8/site-packages/airflow/example_dags/example_dag_decorator.py
[2023-11-24T00:20:01.848+0000] {logging_mixin.py:154} INFO - [2023-11-24T00:20:01.848+0000] {dag.py:2941} INFO - Sync 1 DAGs
[2023-11-24T00:20:01.857+0000] {logging_mixin.py:154} INFO - [2023-11-24T00:20:01.857+0000] {dag.py:3722} INFO - Setting next_dagrun for example_dag_decorator to None, run_after=None
[2023-11-24T00:20:01.871+0000] {processor.py:179} INFO - Processing /home/airflow/.local/lib/python3.8/site-packages/airflow/example_dags/example_dag_decorator.py took 0.307 seconds
[2023-11-24T00:20:31.939+0000] {processor.py:157} INFO - Started process (PID=344) to work on /home/airflow/.local/lib/python3.8/site-packages/airflow/example_dags/example_dag_decorator.py
[2023-11-24T00:20:31.940+0000] {processor.py:829} INFO - Processing file /home/airflow/.local/lib/python3.8/site-packages/airflow/example_dags/example_dag_decorator.py for tasks to queue
[2023-11-24T00:20:31.941+0000] {logging_mixin.py:154} INFO - [2023-11-24T00:20:31.941+0000] {dagbag.py:536} INFO - Filling up the DagBag from /home/airflow/.local/lib/python3.8/site-packages/airflow/example_dags/example_dag_decorator.py
[2023-11-24T00:20:31.996+0000] {processor.py:839} INFO - DAG(s) dict_keys(['example_dag_decorator']) retrieved from /home/airflow/.local/lib/python3.8/site-packages/airflow/example_dags/example_dag_decorator.py
[2023-11-24T00:20:32.212+0000] {logging_mixin.py:154} INFO - [2023-11-24T00:20:32.212+0000] {dag.py:2941} INFO - Sync 1 DAGs
[2023-11-24T00:20:32.221+0000] {logging_mixin.py:154} INFO - [2023-11-24T00:20:32.221+0000] {dag.py:3722} INFO - Setting next_dagrun for example_dag_decorator to None, run_after=None
[2023-11-24T00:20:32.236+0000] {processor.py:179} INFO - Processing /home/airflow/.local/lib/python3.8/site-packages/airflow/example_dags/example_dag_decorator.py took 0.299 seconds
[2023-11-24T00:21:02.307+0000] {processor.py:157} INFO - Started process (PID=396) to work on /home/airflow/.local/lib/python3.8/site-packages/airflow/example_dags/example_dag_decorator.py
[2023-11-24T00:21:02.308+0000] {processor.py:829} INFO - Processing file /home/airflow/.local/lib/python3.8/site-packages/airflow/example_dags/example_dag_decorator.py for tasks to queue
[2023-11-24T00:21:02.310+0000] {logging_mixin.py:154} INFO - [2023-11-24T00:21:02.310+0000] {dagbag.py:536} INFO - Filling up the DagBag from /home/airflow/.local/lib/python3.8/site-packages/airflow/example_dags/example_dag_decorator.py
[2023-11-24T00:21:02.365+0000] {processor.py:839} INFO - DAG(s) dict_keys(['example_dag_decorator']) retrieved from /home/airflow/.local/lib/python3.8/site-packages/airflow/example_dags/example_dag_decorator.py
[2023-11-24T00:21:02.450+0000] {logging_mixin.py:154} INFO - [2023-11-24T00:21:02.449+0000] {dag.py:2941} INFO - Sync 1 DAGs
[2023-11-24T00:21:02.595+0000] {logging_mixin.py:154} INFO - [2023-11-24T00:21:02.595+0000] {dag.py:3722} INFO - Setting next_dagrun for example_dag_decorator to None, run_after=None
[2023-11-24T00:21:02.610+0000] {processor.py:179} INFO - Processing /home/airflow/.local/lib/python3.8/site-packages/airflow/example_dags/example_dag_decorator.py took 0.305 seconds
[2023-11-24T00:21:33.007+0000] {processor.py:157} INFO - Started process (PID=449) to work on /home/airflow/.local/lib/python3.8/site-packages/airflow/example_dags/example_dag_decorator.py
[2023-11-24T00:21:33.007+0000] {processor.py:829} INFO - Processing file /home/airflow/.local/lib/python3.8/site-packages/airflow/example_dags/example_dag_decorator.py for tasks to queue
[2023-11-24T00:21:33.009+0000] {logging_mixin.py:154} INFO - [2023-11-24T00:21:33.009+0000] {dagbag.py:536} INFO - Filling up the DagBag from /home/airflow/.local/lib/python3.8/site-packages/airflow/example_dags/example_dag_decorator.py
[2023-11-24T00:21:33.067+0000] {processor.py:839} INFO - DAG(s) dict_keys(['example_dag_decorator']) retrieved from /home/airflow/.local/lib/python3.8/site-packages/airflow/example_dags/example_dag_decorator.py
[2023-11-24T00:21:33.302+0000] {logging_mixin.py:154} INFO - [2023-11-24T00:21:33.301+0000] {dag.py:2941} INFO - Sync 1 DAGs
[2023-11-24T00:21:33.314+0000] {logging_mixin.py:154} INFO - [2023-11-24T00:21:33.313+0000] {dag.py:3722} INFO - Setting next_dagrun for example_dag_decorator to None, run_after=None
[2023-11-24T00:21:33.335+0000] {processor.py:179} INFO - Processing /home/airflow/.local/lib/python3.8/site-packages/airflow/example_dags/example_dag_decorator.py took 0.330 seconds
[2023-11-24T00:22:04.299+0000] {processor.py:157} INFO - Started process (PID=506) to work on /home/airflow/.local/lib/python3.8/site-packages/airflow/example_dags/example_dag_decorator.py
[2023-11-24T00:22:04.300+0000] {processor.py:829} INFO - Processing file /home/airflow/.local/lib/python3.8/site-packages/airflow/example_dags/example_dag_decorator.py for tasks to queue
[2023-11-24T00:22:04.302+0000] {logging_mixin.py:154} INFO - [2023-11-24T00:22:04.302+0000] {dagbag.py:536} INFO - Filling up the DagBag from /home/airflow/.local/lib/python3.8/site-packages/airflow/example_dags/example_dag_decorator.py
[2023-11-24T00:22:04.361+0000] {processor.py:839} INFO - DAG(s) dict_keys(['example_dag_decorator']) retrieved from /home/airflow/.local/lib/python3.8/site-packages/airflow/example_dags/example_dag_decorator.py
[2023-11-24T00:22:04.587+0000] {logging_mixin.py:154} INFO - [2023-11-24T00:22:04.586+0000] {dag.py:2941} INFO - Sync 1 DAGs
[2023-11-24T00:22:04.596+0000] {logging_mixin.py:154} INFO - [2023-11-24T00:22:04.596+0000] {dag.py:3722} INFO - Setting next_dagrun for example_dag_decorator to None, run_after=None
[2023-11-24T00:22:04.614+0000] {processor.py:179} INFO - Processing /home/airflow/.local/lib/python3.8/site-packages/airflow/example_dags/example_dag_decorator.py took 0.317 seconds
[2023-11-24T00:22:34.675+0000] {processor.py:157} INFO - Started process (PID=563) to work on /home/airflow/.local/lib/python3.8/site-packages/airflow/example_dags/example_dag_decorator.py
[2023-11-24T00:22:34.676+0000] {processor.py:829} INFO - Processing file /home/airflow/.local/lib/python3.8/site-packages/airflow/example_dags/example_dag_decorator.py for tasks to queue
[2023-11-24T00:22:34.678+0000] {logging_mixin.py:154} INFO - [2023-11-24T00:22:34.678+0000] {dagbag.py:536} INFO - Filling up the DagBag from /home/airflow/.local/lib/python3.8/site-packages/airflow/example_dags/example_dag_decorator.py
[2023-11-24T00:22:34.741+0000] {processor.py:839} INFO - DAG(s) dict_keys(['example_dag_decorator']) retrieved from /home/airflow/.local/lib/python3.8/site-packages/airflow/example_dags/example_dag_decorator.py
[2023-11-24T00:22:34.968+0000] {logging_mixin.py:154} INFO - [2023-11-24T00:22:34.967+0000] {dag.py:2941} INFO - Sync 1 DAGs
[2023-11-24T00:22:34.976+0000] {logging_mixin.py:154} INFO - [2023-11-24T00:22:34.976+0000] {dag.py:3722} INFO - Setting next_dagrun for example_dag_decorator to None, run_after=None
[2023-11-24T00:22:34.992+0000] {processor.py:179} INFO - Processing /home/airflow/.local/lib/python3.8/site-packages/airflow/example_dags/example_dag_decorator.py took 0.319 seconds
[2023-11-24T00:23:05.130+0000] {processor.py:157} INFO - Started process (PID=620) to work on /home/airflow/.local/lib/python3.8/site-packages/airflow/example_dags/example_dag_decorator.py
[2023-11-24T00:23:05.131+0000] {processor.py:829} INFO - Processing file /home/airflow/.local/lib/python3.8/site-packages/airflow/example_dags/example_dag_decorator.py for tasks to queue
[2023-11-24T00:23:05.132+0000] {logging_mixin.py:154} INFO - [2023-11-24T00:23:05.132+0000] {dagbag.py:536} INFO - Filling up the DagBag from /home/airflow/.local/lib/python3.8/site-packages/airflow/example_dags/example_dag_decorator.py
[2023-11-24T00:23:05.188+0000] {processor.py:839} INFO - DAG(s) dict_keys(['example_dag_decorator']) retrieved from /home/airflow/.local/lib/python3.8/site-packages/airflow/example_dags/example_dag_decorator.py
[2023-11-24T00:23:05.420+0000] {logging_mixin.py:154} INFO - [2023-11-24T00:23:05.419+0000] {dag.py:2941} INFO - Sync 1 DAGs
[2023-11-24T00:23:05.429+0000] {logging_mixin.py:154} INFO - [2023-11-24T00:23:05.428+0000] {dag.py:3722} INFO - Setting next_dagrun for example_dag_decorator to None, run_after=None
[2023-11-24T00:23:05.446+0000] {processor.py:179} INFO - Processing /home/airflow/.local/lib/python3.8/site-packages/airflow/example_dags/example_dag_decorator.py took 0.318 seconds
[2023-11-24T00:23:35.609+0000] {processor.py:157} INFO - Started process (PID=675) to work on /home/airflow/.local/lib/python3.8/site-packages/airflow/example_dags/example_dag_decorator.py
[2023-11-24T00:23:35.610+0000] {processor.py:829} INFO - Processing file /home/airflow/.local/lib/python3.8/site-packages/airflow/example_dags/example_dag_decorator.py for tasks to queue
[2023-11-24T00:23:35.611+0000] {logging_mixin.py:154} INFO - [2023-11-24T00:23:35.611+0000] {dagbag.py:536} INFO - Filling up the DagBag from /home/airflow/.local/lib/python3.8/site-packages/airflow/example_dags/example_dag_decorator.py
[2023-11-24T00:23:35.668+0000] {processor.py:839} INFO - DAG(s) dict_keys(['example_dag_decorator']) retrieved from /home/airflow/.local/lib/python3.8/site-packages/airflow/example_dags/example_dag_decorator.py
[2023-11-24T00:23:35.894+0000] {logging_mixin.py:154} INFO - [2023-11-24T00:23:35.893+0000] {dag.py:2941} INFO - Sync 1 DAGs
[2023-11-24T00:23:35.903+0000] {logging_mixin.py:154} INFO - [2023-11-24T00:23:35.903+0000] {dag.py:3722} INFO - Setting next_dagrun for example_dag_decorator to None, run_after=None
[2023-11-24T00:23:35.919+0000] {processor.py:179} INFO - Processing /home/airflow/.local/lib/python3.8/site-packages/airflow/example_dags/example_dag_decorator.py took 0.312 seconds
[2023-11-24T00:24:06.076+0000] {processor.py:157} INFO - Started process (PID=730) to work on /home/airflow/.local/lib/python3.8/site-packages/airflow/example_dags/example_dag_decorator.py
[2023-11-24T00:24:06.077+0000] {processor.py:829} INFO - Processing file /home/airflow/.local/lib/python3.8/site-packages/airflow/example_dags/example_dag_decorator.py for tasks to queue
[2023-11-24T00:24:06.079+0000] {logging_mixin.py:154} INFO - [2023-11-24T00:24:06.079+0000] {dagbag.py:536} INFO - Filling up the DagBag from /home/airflow/.local/lib/python3.8/site-packages/airflow/example_dags/example_dag_decorator.py
[2023-11-24T00:24:06.144+0000] {processor.py:839} INFO - DAG(s) dict_keys(['example_dag_decorator']) retrieved from /home/airflow/.local/lib/python3.8/site-packages/airflow/example_dags/example_dag_decorator.py
[2023-11-24T00:24:06.388+0000] {logging_mixin.py:154} INFO - [2023-11-24T00:24:06.387+0000] {dag.py:2941} INFO - Sync 1 DAGs
[2023-11-24T00:24:06.396+0000] {logging_mixin.py:154} INFO - [2023-11-24T00:24:06.396+0000] {dag.py:3722} INFO - Setting next_dagrun for example_dag_decorator to None, run_after=None
[2023-11-24T00:24:06.413+0000] {processor.py:179} INFO - Processing /home/airflow/.local/lib/python3.8/site-packages/airflow/example_dags/example_dag_decorator.py took 0.339 seconds
[2023-11-24T00:24:36.547+0000] {processor.py:157} INFO - Started process (PID=789) to work on /home/airflow/.local/lib/python3.8/site-packages/airflow/example_dags/example_dag_decorator.py
[2023-11-24T00:24:36.548+0000] {processor.py:829} INFO - Processing file /home/airflow/.local/lib/python3.8/site-packages/airflow/example_dags/example_dag_decorator.py for tasks to queue
[2023-11-24T00:24:36.549+0000] {logging_mixin.py:154} INFO - [2023-11-24T00:24:36.549+0000] {dagbag.py:536} INFO - Filling up the DagBag from /home/airflow/.local/lib/python3.8/site-packages/airflow/example_dags/example_dag_decorator.py
[2023-11-24T00:24:36.606+0000] {processor.py:839} INFO - DAG(s) dict_keys(['example_dag_decorator']) retrieved from /home/airflow/.local/lib/python3.8/site-packages/airflow/example_dags/example_dag_decorator.py
[2023-11-24T00:24:36.821+0000] {logging_mixin.py:154} INFO - [2023-11-24T00:24:36.821+0000] {dag.py:2941} INFO - Sync 1 DAGs
[2023-11-24T00:24:36.829+0000] {logging_mixin.py:154} INFO - [2023-11-24T00:24:36.829+0000] {dag.py:3722} INFO - Setting next_dagrun for example_dag_decorator to None, run_after=None
[2023-11-24T00:24:36.844+0000] {processor.py:179} INFO - Processing /home/airflow/.local/lib/python3.8/site-packages/airflow/example_dags/example_dag_decorator.py took 0.300 seconds
[2023-11-24T00:25:07.268+0000] {processor.py:157} INFO - Started process (PID=843) to work on /home/airflow/.local/lib/python3.8/site-packages/airflow/example_dags/example_dag_decorator.py
[2023-11-24T00:25:07.269+0000] {processor.py:829} INFO - Processing file /home/airflow/.local/lib/python3.8/site-packages/airflow/example_dags/example_dag_decorator.py for tasks to queue
[2023-11-24T00:25:07.271+0000] {logging_mixin.py:154} INFO - [2023-11-24T00:25:07.270+0000] {dagbag.py:536} INFO - Filling up the DagBag from /home/airflow/.local/lib/python3.8/site-packages/airflow/example_dags/example_dag_decorator.py
[2023-11-24T00:25:07.333+0000] {processor.py:839} INFO - DAG(s) dict_keys(['example_dag_decorator']) retrieved from /home/airflow/.local/lib/python3.8/site-packages/airflow/example_dags/example_dag_decorator.py
[2023-11-24T00:25:07.545+0000] {logging_mixin.py:154} INFO - [2023-11-24T00:25:07.545+0000] {dag.py:2941} INFO - Sync 1 DAGs
[2023-11-24T00:25:07.553+0000] {logging_mixin.py:154} INFO - [2023-11-24T00:25:07.553+0000] {dag.py:3722} INFO - Setting next_dagrun for example_dag_decorator to None, run_after=None
[2023-11-24T00:25:07.574+0000] {processor.py:179} INFO - Processing /home/airflow/.local/lib/python3.8/site-packages/airflow/example_dags/example_dag_decorator.py took 0.308 seconds
[2023-11-24T00:25:38.091+0000] {processor.py:157} INFO - Started process (PID=897) to work on /home/airflow/.local/lib/python3.8/site-packages/airflow/example_dags/example_dag_decorator.py
[2023-11-24T00:25:38.092+0000] {processor.py:829} INFO - Processing file /home/airflow/.local/lib/python3.8/site-packages/airflow/example_dags/example_dag_decorator.py for tasks to queue
[2023-11-24T00:25:38.094+0000] {logging_mixin.py:154} INFO - [2023-11-24T00:25:38.094+0000] {dagbag.py:536} INFO - Filling up the DagBag from /home/airflow/.local/lib/python3.8/site-packages/airflow/example_dags/example_dag_decorator.py
[2023-11-24T00:25:38.150+0000] {processor.py:839} INFO - DAG(s) dict_keys(['example_dag_decorator']) retrieved from /home/airflow/.local/lib/python3.8/site-packages/airflow/example_dags/example_dag_decorator.py
[2023-11-24T00:25:38.354+0000] {logging_mixin.py:154} INFO - [2023-11-24T00:25:38.354+0000] {dag.py:2941} INFO - Sync 1 DAGs
[2023-11-24T00:25:38.362+0000] {logging_mixin.py:154} INFO - [2023-11-24T00:25:38.362+0000] {dag.py:3722} INFO - Setting next_dagrun for example_dag_decorator to None, run_after=None
[2023-11-24T00:25:38.382+0000] {processor.py:179} INFO - Processing /home/airflow/.local/lib/python3.8/site-packages/airflow/example_dags/example_dag_decorator.py took 0.294 seconds
[2023-11-24T00:26:09.360+0000] {processor.py:157} INFO - Started process (PID=951) to work on /home/airflow/.local/lib/python3.8/site-packages/airflow/example_dags/example_dag_decorator.py
[2023-11-24T00:26:09.361+0000] {processor.py:829} INFO - Processing file /home/airflow/.local/lib/python3.8/site-packages/airflow/example_dags/example_dag_decorator.py for tasks to queue
[2023-11-24T00:26:09.362+0000] {logging_mixin.py:154} INFO - [2023-11-24T00:26:09.362+0000] {dagbag.py:536} INFO - Filling up the DagBag from /home/airflow/.local/lib/python3.8/site-packages/airflow/example_dags/example_dag_decorator.py
[2023-11-24T00:26:09.546+0000] {processor.py:839} INFO - DAG(s) dict_keys(['example_dag_decorator']) retrieved from /home/airflow/.local/lib/python3.8/site-packages/airflow/example_dags/example_dag_decorator.py
[2023-11-24T00:26:09.623+0000] {logging_mixin.py:154} INFO - [2023-11-24T00:26:09.623+0000] {dag.py:2941} INFO - Sync 1 DAGs
[2023-11-24T00:26:09.631+0000] {logging_mixin.py:154} INFO - [2023-11-24T00:26:09.631+0000] {dag.py:3722} INFO - Setting next_dagrun for example_dag_decorator to None, run_after=None
[2023-11-24T00:26:09.651+0000] {processor.py:179} INFO - Processing /home/airflow/.local/lib/python3.8/site-packages/airflow/example_dags/example_dag_decorator.py took 0.293 seconds
[2023-11-24T00:26:39.995+0000] {processor.py:157} INFO - Started process (PID=1005) to work on /home/airflow/.local/lib/python3.8/site-packages/airflow/example_dags/example_dag_decorator.py
[2023-11-24T00:26:39.997+0000] {processor.py:829} INFO - Processing file /home/airflow/.local/lib/python3.8/site-packages/airflow/example_dags/example_dag_decorator.py for tasks to queue
[2023-11-24T00:26:39.998+0000] {logging_mixin.py:154} INFO - [2023-11-24T00:26:39.998+0000] {dagbag.py:536} INFO - Filling up the DagBag from /home/airflow/.local/lib/python3.8/site-packages/airflow/example_dags/example_dag_decorator.py
[2023-11-24T00:26:40.053+0000] {processor.py:839} INFO - DAG(s) dict_keys(['example_dag_decorator']) retrieved from /home/airflow/.local/lib/python3.8/site-packages/airflow/example_dags/example_dag_decorator.py
[2023-11-24T00:26:40.266+0000] {logging_mixin.py:154} INFO - [2023-11-24T00:26:40.266+0000] {dag.py:2941} INFO - Sync 1 DAGs
[2023-11-24T00:26:40.275+0000] {logging_mixin.py:154} INFO - [2023-11-24T00:26:40.275+0000] {dag.py:3722} INFO - Setting next_dagrun for example_dag_decorator to None, run_after=None
[2023-11-24T00:26:40.290+0000] {processor.py:179} INFO - Processing /home/airflow/.local/lib/python3.8/site-packages/airflow/example_dags/example_dag_decorator.py took 0.296 seconds
[2023-11-24T00:27:10.489+0000] {processor.py:157} INFO - Started process (PID=1059) to work on /home/airflow/.local/lib/python3.8/site-packages/airflow/example_dags/example_dag_decorator.py
[2023-11-24T00:27:10.491+0000] {processor.py:829} INFO - Processing file /home/airflow/.local/lib/python3.8/site-packages/airflow/example_dags/example_dag_decorator.py for tasks to queue
[2023-11-24T00:27:10.492+0000] {logging_mixin.py:154} INFO - [2023-11-24T00:27:10.492+0000] {dagbag.py:536} INFO - Filling up the DagBag from /home/airflow/.local/lib/python3.8/site-packages/airflow/example_dags/example_dag_decorator.py
[2023-11-24T00:27:10.544+0000] {processor.py:839} INFO - DAG(s) dict_keys(['example_dag_decorator']) retrieved from /home/airflow/.local/lib/python3.8/site-packages/airflow/example_dags/example_dag_decorator.py
[2023-11-24T00:27:10.750+0000] {logging_mixin.py:154} INFO - [2023-11-24T00:27:10.750+0000] {dag.py:2941} INFO - Sync 1 DAGs
[2023-11-24T00:27:10.759+0000] {logging_mixin.py:154} INFO - [2023-11-24T00:27:10.759+0000] {dag.py:3722} INFO - Setting next_dagrun for example_dag_decorator to None, run_after=None
[2023-11-24T00:27:10.780+0000] {processor.py:179} INFO - Processing /home/airflow/.local/lib/python3.8/site-packages/airflow/example_dags/example_dag_decorator.py took 0.293 seconds
[2023-11-24T00:27:41.385+0000] {processor.py:157} INFO - Started process (PID=1113) to work on /home/airflow/.local/lib/python3.8/site-packages/airflow/example_dags/example_dag_decorator.py
[2023-11-24T00:27:41.387+0000] {processor.py:829} INFO - Processing file /home/airflow/.local/lib/python3.8/site-packages/airflow/example_dags/example_dag_decorator.py for tasks to queue
[2023-11-24T00:27:41.388+0000] {logging_mixin.py:154} INFO - [2023-11-24T00:27:41.388+0000] {dagbag.py:536} INFO - Filling up the DagBag from /home/airflow/.local/lib/python3.8/site-packages/airflow/example_dags/example_dag_decorator.py
[2023-11-24T00:27:41.572+0000] {processor.py:839} INFO - DAG(s) dict_keys(['example_dag_decorator']) retrieved from /home/airflow/.local/lib/python3.8/site-packages/airflow/example_dags/example_dag_decorator.py
[2023-11-24T00:27:41.651+0000] {logging_mixin.py:154} INFO - [2023-11-24T00:27:41.651+0000] {dag.py:2941} INFO - Sync 1 DAGs
[2023-11-24T00:27:41.660+0000] {logging_mixin.py:154} INFO - [2023-11-24T00:27:41.660+0000] {dag.py:3722} INFO - Setting next_dagrun for example_dag_decorator to None, run_after=None
[2023-11-24T00:27:41.681+0000] {processor.py:179} INFO - Processing /home/airflow/.local/lib/python3.8/site-packages/airflow/example_dags/example_dag_decorator.py took 0.298 seconds
[2023-11-24T00:28:11.711+0000] {processor.py:157} INFO - Started process (PID=1167) to work on /home/airflow/.local/lib/python3.8/site-packages/airflow/example_dags/example_dag_decorator.py
[2023-11-24T00:28:11.712+0000] {processor.py:829} INFO - Processing file /home/airflow/.local/lib/python3.8/site-packages/airflow/example_dags/example_dag_decorator.py for tasks to queue
[2023-11-24T00:28:11.714+0000] {logging_mixin.py:154} INFO - [2023-11-24T00:28:11.714+0000] {dagbag.py:536} INFO - Filling up the DagBag from /home/airflow/.local/lib/python3.8/site-packages/airflow/example_dags/example_dag_decorator.py
[2023-11-24T00:28:11.896+0000] {processor.py:839} INFO - DAG(s) dict_keys(['example_dag_decorator']) retrieved from /home/airflow/.local/lib/python3.8/site-packages/airflow/example_dags/example_dag_decorator.py
[2023-11-24T00:28:11.972+0000] {logging_mixin.py:154} INFO - [2023-11-24T00:28:11.972+0000] {dag.py:2941} INFO - Sync 1 DAGs
[2023-11-24T00:28:11.979+0000] {logging_mixin.py:154} INFO - [2023-11-24T00:28:11.979+0000] {dag.py:3722} INFO - Setting next_dagrun for example_dag_decorator to None, run_after=None
[2023-11-24T00:28:11.994+0000] {processor.py:179} INFO - Processing /home/airflow/.local/lib/python3.8/site-packages/airflow/example_dags/example_dag_decorator.py took 0.286 seconds
[2023-11-24T00:28:42.317+0000] {processor.py:157} INFO - Started process (PID=1217) to work on /home/airflow/.local/lib/python3.8/site-packages/airflow/example_dags/example_dag_decorator.py
[2023-11-24T00:28:42.319+0000] {processor.py:829} INFO - Processing file /home/airflow/.local/lib/python3.8/site-packages/airflow/example_dags/example_dag_decorator.py for tasks to queue
[2023-11-24T00:28:42.320+0000] {logging_mixin.py:154} INFO - [2023-11-24T00:28:42.320+0000] {dagbag.py:536} INFO - Filling up the DagBag from /home/airflow/.local/lib/python3.8/site-packages/airflow/example_dags/example_dag_decorator.py
[2023-11-24T00:28:42.393+0000] {processor.py:839} INFO - DAG(s) dict_keys(['example_dag_decorator']) retrieved from /home/airflow/.local/lib/python3.8/site-packages/airflow/example_dags/example_dag_decorator.py
[2023-11-24T00:28:42.659+0000] {logging_mixin.py:154} INFO - [2023-11-24T00:28:42.659+0000] {dag.py:2941} INFO - Sync 1 DAGs
[2023-11-24T00:28:42.668+0000] {logging_mixin.py:154} INFO - [2023-11-24T00:28:42.668+0000] {dag.py:3722} INFO - Setting next_dagrun for example_dag_decorator to None, run_after=None
[2023-11-24T00:28:42.683+0000] {processor.py:179} INFO - Processing /home/airflow/.local/lib/python3.8/site-packages/airflow/example_dags/example_dag_decorator.py took 0.368 seconds
[2023-11-24T00:29:12.857+0000] {processor.py:157} INFO - Started process (PID=1263) to work on /home/airflow/.local/lib/python3.8/site-packages/airflow/example_dags/example_dag_decorator.py
[2023-11-24T00:29:12.864+0000] {processor.py:829} INFO - Processing file /home/airflow/.local/lib/python3.8/site-packages/airflow/example_dags/example_dag_decorator.py for tasks to queue
[2023-11-24T00:29:12.865+0000] {logging_mixin.py:154} INFO - [2023-11-24T00:29:12.865+0000] {dagbag.py:536} INFO - Filling up the DagBag from /home/airflow/.local/lib/python3.8/site-packages/airflow/example_dags/example_dag_decorator.py
[2023-11-24T00:29:13.100+0000] {processor.py:839} INFO - DAG(s) dict_keys(['example_dag_decorator']) retrieved from /home/airflow/.local/lib/python3.8/site-packages/airflow/example_dags/example_dag_decorator.py
[2023-11-24T00:29:13.184+0000] {logging_mixin.py:154} INFO - [2023-11-24T00:29:13.184+0000] {dag.py:2941} INFO - Sync 1 DAGs
[2023-11-24T00:29:13.194+0000] {logging_mixin.py:154} INFO - [2023-11-24T00:29:13.194+0000] {dag.py:3722} INFO - Setting next_dagrun for example_dag_decorator to None, run_after=None
[2023-11-24T00:29:13.211+0000] {processor.py:179} INFO - Processing /home/airflow/.local/lib/python3.8/site-packages/airflow/example_dags/example_dag_decorator.py took 0.357 seconds
[2023-11-24T00:29:43.741+0000] {processor.py:157} INFO - Started process (PID=1317) to work on /home/airflow/.local/lib/python3.8/site-packages/airflow/example_dags/example_dag_decorator.py
[2023-11-24T00:29:43.742+0000] {processor.py:829} INFO - Processing file /home/airflow/.local/lib/python3.8/site-packages/airflow/example_dags/example_dag_decorator.py for tasks to queue
[2023-11-24T00:29:43.744+0000] {logging_mixin.py:154} INFO - [2023-11-24T00:29:43.744+0000] {dagbag.py:536} INFO - Filling up the DagBag from /home/airflow/.local/lib/python3.8/site-packages/airflow/example_dags/example_dag_decorator.py
[2023-11-24T00:29:43.946+0000] {processor.py:839} INFO - DAG(s) dict_keys(['example_dag_decorator']) retrieved from /home/airflow/.local/lib/python3.8/site-packages/airflow/example_dags/example_dag_decorator.py
[2023-11-24T00:29:44.045+0000] {logging_mixin.py:154} INFO - [2023-11-24T00:29:44.044+0000] {dag.py:2941} INFO - Sync 1 DAGs
[2023-11-24T00:29:44.055+0000] {logging_mixin.py:154} INFO - [2023-11-24T00:29:44.055+0000] {dag.py:3722} INFO - Setting next_dagrun for example_dag_decorator to None, run_after=None
[2023-11-24T00:29:44.076+0000] {processor.py:179} INFO - Processing /home/airflow/.local/lib/python3.8/site-packages/airflow/example_dags/example_dag_decorator.py took 0.337 seconds
[2023-11-24T00:30:14.450+0000] {processor.py:157} INFO - Started process (PID=1371) to work on /home/airflow/.local/lib/python3.8/site-packages/airflow/example_dags/example_dag_decorator.py
[2023-11-24T00:30:14.456+0000] {processor.py:829} INFO - Processing file /home/airflow/.local/lib/python3.8/site-packages/airflow/example_dags/example_dag_decorator.py for tasks to queue
[2023-11-24T00:30:14.458+0000] {logging_mixin.py:154} INFO - [2023-11-24T00:30:14.457+0000] {dagbag.py:536} INFO - Filling up the DagBag from /home/airflow/.local/lib/python3.8/site-packages/airflow/example_dags/example_dag_decorator.py
[2023-11-24T00:30:14.512+0000] {processor.py:839} INFO - DAG(s) dict_keys(['example_dag_decorator']) retrieved from /home/airflow/.local/lib/python3.8/site-packages/airflow/example_dags/example_dag_decorator.py
[2023-11-24T00:30:14.668+0000] {logging_mixin.py:154} INFO - [2023-11-24T00:30:14.668+0000] {dag.py:2941} INFO - Sync 1 DAGs
[2023-11-24T00:30:14.677+0000] {logging_mixin.py:154} INFO - [2023-11-24T00:30:14.677+0000] {dag.py:3722} INFO - Setting next_dagrun for example_dag_decorator to None, run_after=None
[2023-11-24T00:30:14.693+0000] {processor.py:179} INFO - Processing /home/airflow/.local/lib/python3.8/site-packages/airflow/example_dags/example_dag_decorator.py took 0.246 seconds
[2023-11-24T00:30:45.236+0000] {processor.py:157} INFO - Started process (PID=1432) to work on /home/airflow/.local/lib/python3.8/site-packages/airflow/example_dags/example_dag_decorator.py
[2023-11-24T00:30:45.238+0000] {processor.py:829} INFO - Processing file /home/airflow/.local/lib/python3.8/site-packages/airflow/example_dags/example_dag_decorator.py for tasks to queue
[2023-11-24T00:30:45.239+0000] {logging_mixin.py:154} INFO - [2023-11-24T00:30:45.239+0000] {dagbag.py:536} INFO - Filling up the DagBag from /home/airflow/.local/lib/python3.8/site-packages/airflow/example_dags/example_dag_decorator.py
[2023-11-24T00:30:45.453+0000] {processor.py:839} INFO - DAG(s) dict_keys(['example_dag_decorator']) retrieved from /home/airflow/.local/lib/python3.8/site-packages/airflow/example_dags/example_dag_decorator.py
[2023-11-24T00:30:45.543+0000] {logging_mixin.py:154} INFO - [2023-11-24T00:30:45.543+0000] {dag.py:2941} INFO - Sync 1 DAGs
[2023-11-24T00:30:45.554+0000] {logging_mixin.py:154} INFO - [2023-11-24T00:30:45.554+0000] {dag.py:3722} INFO - Setting next_dagrun for example_dag_decorator to None, run_after=None
[2023-11-24T00:30:45.571+0000] {processor.py:179} INFO - Processing /home/airflow/.local/lib/python3.8/site-packages/airflow/example_dags/example_dag_decorator.py took 0.338 seconds
