[2023-11-24T00:17:57.624+0000] {processor.py:157} INFO - Started process (PID=47) to work on /home/airflow/.local/lib/python3.8/site-packages/airflow/example_dags/example_task_group_decorator.py
[2023-11-24T00:17:57.625+0000] {processor.py:829} INFO - Processing file /home/airflow/.local/lib/python3.8/site-packages/airflow/example_dags/example_task_group_decorator.py for tasks to queue
[2023-11-24T00:17:57.626+0000] {logging_mixin.py:154} INFO - [2023-11-24T00:17:57.626+0000] {dagbag.py:536} INFO - Filling up the DagBag from /home/airflow/.local/lib/python3.8/site-packages/airflow/example_dags/example_task_group_decorator.py
[2023-11-24T00:17:57.640+0000] {processor.py:839} INFO - DAG(s) dict_keys(['example_task_group_decorator']) retrieved from /home/airflow/.local/lib/python3.8/site-packages/airflow/example_dags/example_task_group_decorator.py
[2023-11-24T00:17:57.651+0000] {logging_mixin.py:154} INFO - [2023-11-24T00:17:57.651+0000] {dag.py:2941} INFO - Sync 1 DAGs
[2023-11-24T00:17:57.673+0000] {logging_mixin.py:154} INFO - [2023-11-24T00:17:57.672+0000] {dag.py:3722} INFO - Setting next_dagrun for example_task_group_decorator to 2023-11-23T00:17:57.672637+00:00, run_after=2023-11-24T00:17:57.672637+00:00
[2023-11-24T00:17:57.693+0000] {processor.py:179} INFO - Processing /home/airflow/.local/lib/python3.8/site-packages/airflow/example_dags/example_task_group_decorator.py took 0.071 seconds
[2023-11-24T00:18:27.834+0000] {processor.py:157} INFO - Started process (PID=101) to work on /home/airflow/.local/lib/python3.8/site-packages/airflow/example_dags/example_task_group_decorator.py
[2023-11-24T00:18:27.835+0000] {processor.py:829} INFO - Processing file /home/airflow/.local/lib/python3.8/site-packages/airflow/example_dags/example_task_group_decorator.py for tasks to queue
[2023-11-24T00:18:27.836+0000] {logging_mixin.py:154} INFO - [2023-11-24T00:18:27.836+0000] {dagbag.py:536} INFO - Filling up the DagBag from /home/airflow/.local/lib/python3.8/site-packages/airflow/example_dags/example_task_group_decorator.py
[2023-11-24T00:18:27.847+0000] {processor.py:839} INFO - DAG(s) dict_keys(['example_task_group_decorator']) retrieved from /home/airflow/.local/lib/python3.8/site-packages/airflow/example_dags/example_task_group_decorator.py
[2023-11-24T00:18:27.867+0000] {logging_mixin.py:154} INFO - [2023-11-24T00:18:27.867+0000] {dag.py:2941} INFO - Sync 1 DAGs
[2023-11-24T00:18:27.886+0000] {logging_mixin.py:154} INFO - [2023-11-24T00:18:27.886+0000] {dag.py:3722} INFO - Setting next_dagrun for example_task_group_decorator to 2023-11-23T00:18:27.886181+00:00, run_after=2023-11-24T00:18:27.886181+00:00
[2023-11-24T00:18:27.901+0000] {processor.py:179} INFO - Processing /home/airflow/.local/lib/python3.8/site-packages/airflow/example_dags/example_task_group_decorator.py took 0.069 seconds
[2023-11-24T00:18:57.940+0000] {processor.py:157} INFO - Started process (PID=155) to work on /home/airflow/.local/lib/python3.8/site-packages/airflow/example_dags/example_task_group_decorator.py
[2023-11-24T00:18:57.941+0000] {processor.py:829} INFO - Processing file /home/airflow/.local/lib/python3.8/site-packages/airflow/example_dags/example_task_group_decorator.py for tasks to queue
[2023-11-24T00:18:57.942+0000] {logging_mixin.py:154} INFO - [2023-11-24T00:18:57.942+0000] {dagbag.py:536} INFO - Filling up the DagBag from /home/airflow/.local/lib/python3.8/site-packages/airflow/example_dags/example_task_group_decorator.py
[2023-11-24T00:18:57.953+0000] {processor.py:839} INFO - DAG(s) dict_keys(['example_task_group_decorator']) retrieved from /home/airflow/.local/lib/python3.8/site-packages/airflow/example_dags/example_task_group_decorator.py
[2023-11-24T00:18:57.973+0000] {logging_mixin.py:154} INFO - [2023-11-24T00:18:57.973+0000] {dag.py:2941} INFO - Sync 1 DAGs
[2023-11-24T00:18:57.990+0000] {logging_mixin.py:154} INFO - [2023-11-24T00:18:57.990+0000] {dag.py:3722} INFO - Setting next_dagrun for example_task_group_decorator to 2023-11-23T00:18:57.989917+00:00, run_after=2023-11-24T00:18:57.989917+00:00
[2023-11-24T00:18:58.004+0000] {processor.py:179} INFO - Processing /home/airflow/.local/lib/python3.8/site-packages/airflow/example_dags/example_task_group_decorator.py took 0.066 seconds
[2023-11-24T00:19:28.253+0000] {processor.py:157} INFO - Started process (PID=209) to work on /home/airflow/.local/lib/python3.8/site-packages/airflow/example_dags/example_task_group_decorator.py
[2023-11-24T00:19:28.253+0000] {processor.py:829} INFO - Processing file /home/airflow/.local/lib/python3.8/site-packages/airflow/example_dags/example_task_group_decorator.py for tasks to queue
[2023-11-24T00:19:28.255+0000] {logging_mixin.py:154} INFO - [2023-11-24T00:19:28.254+0000] {dagbag.py:536} INFO - Filling up the DagBag from /home/airflow/.local/lib/python3.8/site-packages/airflow/example_dags/example_task_group_decorator.py
[2023-11-24T00:19:28.265+0000] {processor.py:839} INFO - DAG(s) dict_keys(['example_task_group_decorator']) retrieved from /home/airflow/.local/lib/python3.8/site-packages/airflow/example_dags/example_task_group_decorator.py
[2023-11-24T00:19:28.284+0000] {logging_mixin.py:154} INFO - [2023-11-24T00:19:28.284+0000] {dag.py:2941} INFO - Sync 1 DAGs
[2023-11-24T00:19:28.301+0000] {logging_mixin.py:154} INFO - [2023-11-24T00:19:28.301+0000] {dag.py:3722} INFO - Setting next_dagrun for example_task_group_decorator to 2023-11-23T00:19:28.301035+00:00, run_after=2023-11-24T00:19:28.301035+00:00
[2023-11-24T00:19:28.315+0000] {processor.py:179} INFO - Processing /home/airflow/.local/lib/python3.8/site-packages/airflow/example_dags/example_task_group_decorator.py took 0.065 seconds
[2023-11-24T00:19:58.548+0000] {processor.py:157} INFO - Started process (PID=263) to work on /home/airflow/.local/lib/python3.8/site-packages/airflow/example_dags/example_task_group_decorator.py
[2023-11-24T00:19:58.549+0000] {processor.py:829} INFO - Processing file /home/airflow/.local/lib/python3.8/site-packages/airflow/example_dags/example_task_group_decorator.py for tasks to queue
[2023-11-24T00:19:58.551+0000] {logging_mixin.py:154} INFO - [2023-11-24T00:19:58.550+0000] {dagbag.py:536} INFO - Filling up the DagBag from /home/airflow/.local/lib/python3.8/site-packages/airflow/example_dags/example_task_group_decorator.py
[2023-11-24T00:19:58.561+0000] {processor.py:839} INFO - DAG(s) dict_keys(['example_task_group_decorator']) retrieved from /home/airflow/.local/lib/python3.8/site-packages/airflow/example_dags/example_task_group_decorator.py
[2023-11-24T00:19:58.580+0000] {logging_mixin.py:154} INFO - [2023-11-24T00:19:58.580+0000] {dag.py:2941} INFO - Sync 1 DAGs
[2023-11-24T00:19:58.597+0000] {logging_mixin.py:154} INFO - [2023-11-24T00:19:58.597+0000] {dag.py:3722} INFO - Setting next_dagrun for example_task_group_decorator to 2023-11-23T00:19:58.596992+00:00, run_after=2023-11-24T00:19:58.596992+00:00
[2023-11-24T00:19:58.611+0000] {processor.py:179} INFO - Processing /home/airflow/.local/lib/python3.8/site-packages/airflow/example_dags/example_task_group_decorator.py took 0.066 seconds
[2023-11-24T00:20:28.944+0000] {processor.py:157} INFO - Started process (PID=317) to work on /home/airflow/.local/lib/python3.8/site-packages/airflow/example_dags/example_task_group_decorator.py
[2023-11-24T00:20:28.945+0000] {processor.py:829} INFO - Processing file /home/airflow/.local/lib/python3.8/site-packages/airflow/example_dags/example_task_group_decorator.py for tasks to queue
[2023-11-24T00:20:28.947+0000] {logging_mixin.py:154} INFO - [2023-11-24T00:20:28.946+0000] {dagbag.py:536} INFO - Filling up the DagBag from /home/airflow/.local/lib/python3.8/site-packages/airflow/example_dags/example_task_group_decorator.py
[2023-11-24T00:20:28.958+0000] {processor.py:839} INFO - DAG(s) dict_keys(['example_task_group_decorator']) retrieved from /home/airflow/.local/lib/python3.8/site-packages/airflow/example_dags/example_task_group_decorator.py
[2023-11-24T00:20:28.978+0000] {logging_mixin.py:154} INFO - [2023-11-24T00:20:28.977+0000] {dag.py:2941} INFO - Sync 1 DAGs
[2023-11-24T00:20:28.995+0000] {logging_mixin.py:154} INFO - [2023-11-24T00:20:28.995+0000] {dag.py:3722} INFO - Setting next_dagrun for example_task_group_decorator to 2023-11-23T00:20:28.995487+00:00, run_after=2023-11-24T00:20:28.995487+00:00
[2023-11-24T00:20:29.010+0000] {processor.py:179} INFO - Processing /home/airflow/.local/lib/python3.8/site-packages/airflow/example_dags/example_task_group_decorator.py took 0.069 seconds
[2023-11-24T00:20:59.198+0000] {processor.py:157} INFO - Started process (PID=371) to work on /home/airflow/.local/lib/python3.8/site-packages/airflow/example_dags/example_task_group_decorator.py
[2023-11-24T00:20:59.199+0000] {processor.py:829} INFO - Processing file /home/airflow/.local/lib/python3.8/site-packages/airflow/example_dags/example_task_group_decorator.py for tasks to queue
[2023-11-24T00:20:59.200+0000] {logging_mixin.py:154} INFO - [2023-11-24T00:20:59.200+0000] {dagbag.py:536} INFO - Filling up the DagBag from /home/airflow/.local/lib/python3.8/site-packages/airflow/example_dags/example_task_group_decorator.py
[2023-11-24T00:20:59.211+0000] {processor.py:839} INFO - DAG(s) dict_keys(['example_task_group_decorator']) retrieved from /home/airflow/.local/lib/python3.8/site-packages/airflow/example_dags/example_task_group_decorator.py
[2023-11-24T00:20:59.229+0000] {logging_mixin.py:154} INFO - [2023-11-24T00:20:59.229+0000] {dag.py:2941} INFO - Sync 1 DAGs
[2023-11-24T00:20:59.246+0000] {logging_mixin.py:154} INFO - [2023-11-24T00:20:59.245+0000] {dag.py:3722} INFO - Setting next_dagrun for example_task_group_decorator to 2023-11-23T00:20:59.245657+00:00, run_after=2023-11-24T00:20:59.245657+00:00
[2023-11-24T00:20:59.260+0000] {processor.py:179} INFO - Processing /home/airflow/.local/lib/python3.8/site-packages/airflow/example_dags/example_task_group_decorator.py took 0.064 seconds
[2023-11-24T00:21:29.584+0000] {processor.py:157} INFO - Started process (PID=425) to work on /home/airflow/.local/lib/python3.8/site-packages/airflow/example_dags/example_task_group_decorator.py
[2023-11-24T00:21:29.585+0000] {processor.py:829} INFO - Processing file /home/airflow/.local/lib/python3.8/site-packages/airflow/example_dags/example_task_group_decorator.py for tasks to queue
[2023-11-24T00:21:29.587+0000] {logging_mixin.py:154} INFO - [2023-11-24T00:21:29.586+0000] {dagbag.py:536} INFO - Filling up the DagBag from /home/airflow/.local/lib/python3.8/site-packages/airflow/example_dags/example_task_group_decorator.py
[2023-11-24T00:21:29.598+0000] {processor.py:839} INFO - DAG(s) dict_keys(['example_task_group_decorator']) retrieved from /home/airflow/.local/lib/python3.8/site-packages/airflow/example_dags/example_task_group_decorator.py
[2023-11-24T00:21:29.618+0000] {logging_mixin.py:154} INFO - [2023-11-24T00:21:29.618+0000] {dag.py:2941} INFO - Sync 1 DAGs
[2023-11-24T00:21:29.636+0000] {logging_mixin.py:154} INFO - [2023-11-24T00:21:29.636+0000] {dag.py:3722} INFO - Setting next_dagrun for example_task_group_decorator to 2023-11-23T00:21:29.636400+00:00, run_after=2023-11-24T00:21:29.636400+00:00
[2023-11-24T00:21:29.652+0000] {processor.py:179} INFO - Processing /home/airflow/.local/lib/python3.8/site-packages/airflow/example_dags/example_task_group_decorator.py took 0.070 seconds
[2023-11-24T00:22:00.220+0000] {processor.py:157} INFO - Started process (PID=479) to work on /home/airflow/.local/lib/python3.8/site-packages/airflow/example_dags/example_task_group_decorator.py
[2023-11-24T00:22:00.221+0000] {processor.py:829} INFO - Processing file /home/airflow/.local/lib/python3.8/site-packages/airflow/example_dags/example_task_group_decorator.py for tasks to queue
[2023-11-24T00:22:00.222+0000] {logging_mixin.py:154} INFO - [2023-11-24T00:22:00.222+0000] {dagbag.py:536} INFO - Filling up the DagBag from /home/airflow/.local/lib/python3.8/site-packages/airflow/example_dags/example_task_group_decorator.py
[2023-11-24T00:22:00.234+0000] {processor.py:839} INFO - DAG(s) dict_keys(['example_task_group_decorator']) retrieved from /home/airflow/.local/lib/python3.8/site-packages/airflow/example_dags/example_task_group_decorator.py
[2023-11-24T00:22:00.253+0000] {logging_mixin.py:154} INFO - [2023-11-24T00:22:00.253+0000] {dag.py:2941} INFO - Sync 1 DAGs
[2023-11-24T00:22:00.271+0000] {logging_mixin.py:154} INFO - [2023-11-24T00:22:00.271+0000] {dag.py:3722} INFO - Setting next_dagrun for example_task_group_decorator to 2023-11-23T00:22:00.271250+00:00, run_after=2023-11-24T00:22:00.271250+00:00
[2023-11-24T00:22:00.286+0000] {processor.py:179} INFO - Processing /home/airflow/.local/lib/python3.8/site-packages/airflow/example_dags/example_task_group_decorator.py took 0.069 seconds
[2023-11-24T00:22:30.511+0000] {processor.py:157} INFO - Started process (PID=533) to work on /home/airflow/.local/lib/python3.8/site-packages/airflow/example_dags/example_task_group_decorator.py
[2023-11-24T00:22:30.512+0000] {processor.py:829} INFO - Processing file /home/airflow/.local/lib/python3.8/site-packages/airflow/example_dags/example_task_group_decorator.py for tasks to queue
[2023-11-24T00:22:30.513+0000] {logging_mixin.py:154} INFO - [2023-11-24T00:22:30.513+0000] {dagbag.py:536} INFO - Filling up the DagBag from /home/airflow/.local/lib/python3.8/site-packages/airflow/example_dags/example_task_group_decorator.py
[2023-11-24T00:22:30.524+0000] {processor.py:839} INFO - DAG(s) dict_keys(['example_task_group_decorator']) retrieved from /home/airflow/.local/lib/python3.8/site-packages/airflow/example_dags/example_task_group_decorator.py
[2023-11-24T00:22:30.545+0000] {logging_mixin.py:154} INFO - [2023-11-24T00:22:30.545+0000] {dag.py:2941} INFO - Sync 1 DAGs
[2023-11-24T00:22:30.564+0000] {logging_mixin.py:154} INFO - [2023-11-24T00:22:30.564+0000] {dag.py:3722} INFO - Setting next_dagrun for example_task_group_decorator to 2023-11-23T00:22:30.564030+00:00, run_after=2023-11-24T00:22:30.564030+00:00
[2023-11-24T00:22:30.583+0000] {processor.py:179} INFO - Processing /home/airflow/.local/lib/python3.8/site-packages/airflow/example_dags/example_task_group_decorator.py took 0.074 seconds
[2023-11-24T00:23:00.826+0000] {processor.py:157} INFO - Started process (PID=587) to work on /home/airflow/.local/lib/python3.8/site-packages/airflow/example_dags/example_task_group_decorator.py
[2023-11-24T00:23:00.827+0000] {processor.py:829} INFO - Processing file /home/airflow/.local/lib/python3.8/site-packages/airflow/example_dags/example_task_group_decorator.py for tasks to queue
[2023-11-24T00:23:00.828+0000] {logging_mixin.py:154} INFO - [2023-11-24T00:23:00.828+0000] {dagbag.py:536} INFO - Filling up the DagBag from /home/airflow/.local/lib/python3.8/site-packages/airflow/example_dags/example_task_group_decorator.py
[2023-11-24T00:23:00.839+0000] {processor.py:839} INFO - DAG(s) dict_keys(['example_task_group_decorator']) retrieved from /home/airflow/.local/lib/python3.8/site-packages/airflow/example_dags/example_task_group_decorator.py
[2023-11-24T00:23:00.860+0000] {logging_mixin.py:154} INFO - [2023-11-24T00:23:00.859+0000] {dag.py:2941} INFO - Sync 1 DAGs
[2023-11-24T00:23:00.879+0000] {logging_mixin.py:154} INFO - [2023-11-24T00:23:00.879+0000] {dag.py:3722} INFO - Setting next_dagrun for example_task_group_decorator to 2023-11-23T00:23:00.879107+00:00, run_after=2023-11-24T00:23:00.879107+00:00
[2023-11-24T00:23:00.899+0000] {processor.py:179} INFO - Processing /home/airflow/.local/lib/python3.8/site-packages/airflow/example_dags/example_task_group_decorator.py took 0.076 seconds
[2023-11-24T00:23:31.181+0000] {processor.py:157} INFO - Started process (PID=641) to work on /home/airflow/.local/lib/python3.8/site-packages/airflow/example_dags/example_task_group_decorator.py
[2023-11-24T00:23:31.182+0000] {processor.py:829} INFO - Processing file /home/airflow/.local/lib/python3.8/site-packages/airflow/example_dags/example_task_group_decorator.py for tasks to queue
[2023-11-24T00:23:31.184+0000] {logging_mixin.py:154} INFO - [2023-11-24T00:23:31.184+0000] {dagbag.py:536} INFO - Filling up the DagBag from /home/airflow/.local/lib/python3.8/site-packages/airflow/example_dags/example_task_group_decorator.py
[2023-11-24T00:23:31.194+0000] {processor.py:839} INFO - DAG(s) dict_keys(['example_task_group_decorator']) retrieved from /home/airflow/.local/lib/python3.8/site-packages/airflow/example_dags/example_task_group_decorator.py
[2023-11-24T00:23:31.213+0000] {logging_mixin.py:154} INFO - [2023-11-24T00:23:31.213+0000] {dag.py:2941} INFO - Sync 1 DAGs
[2023-11-24T00:23:31.230+0000] {logging_mixin.py:154} INFO - [2023-11-24T00:23:31.229+0000] {dag.py:3722} INFO - Setting next_dagrun for example_task_group_decorator to 2023-11-23T00:23:31.229796+00:00, run_after=2023-11-24T00:23:31.229796+00:00
[2023-11-24T00:23:31.244+0000] {processor.py:179} INFO - Processing /home/airflow/.local/lib/python3.8/site-packages/airflow/example_dags/example_task_group_decorator.py took 0.065 seconds
[2023-11-24T00:24:01.551+0000] {processor.py:157} INFO - Started process (PID=695) to work on /home/airflow/.local/lib/python3.8/site-packages/airflow/example_dags/example_task_group_decorator.py
[2023-11-24T00:24:01.552+0000] {processor.py:829} INFO - Processing file /home/airflow/.local/lib/python3.8/site-packages/airflow/example_dags/example_task_group_decorator.py for tasks to queue
[2023-11-24T00:24:01.553+0000] {logging_mixin.py:154} INFO - [2023-11-24T00:24:01.553+0000] {dagbag.py:536} INFO - Filling up the DagBag from /home/airflow/.local/lib/python3.8/site-packages/airflow/example_dags/example_task_group_decorator.py
[2023-11-24T00:24:01.563+0000] {processor.py:839} INFO - DAG(s) dict_keys(['example_task_group_decorator']) retrieved from /home/airflow/.local/lib/python3.8/site-packages/airflow/example_dags/example_task_group_decorator.py
[2023-11-24T00:24:01.582+0000] {logging_mixin.py:154} INFO - [2023-11-24T00:24:01.582+0000] {dag.py:2941} INFO - Sync 1 DAGs
[2023-11-24T00:24:01.599+0000] {logging_mixin.py:154} INFO - [2023-11-24T00:24:01.599+0000] {dag.py:3722} INFO - Setting next_dagrun for example_task_group_decorator to 2023-11-23T00:24:01.599316+00:00, run_after=2023-11-24T00:24:01.599316+00:00
[2023-11-24T00:24:01.612+0000] {processor.py:179} INFO - Processing /home/airflow/.local/lib/python3.8/site-packages/airflow/example_dags/example_task_group_decorator.py took 0.064 seconds
[2023-11-24T00:24:31.759+0000] {processor.py:157} INFO - Started process (PID=749) to work on /home/airflow/.local/lib/python3.8/site-packages/airflow/example_dags/example_task_group_decorator.py
[2023-11-24T00:24:31.760+0000] {processor.py:829} INFO - Processing file /home/airflow/.local/lib/python3.8/site-packages/airflow/example_dags/example_task_group_decorator.py for tasks to queue
[2023-11-24T00:24:31.762+0000] {logging_mixin.py:154} INFO - [2023-11-24T00:24:31.762+0000] {dagbag.py:536} INFO - Filling up the DagBag from /home/airflow/.local/lib/python3.8/site-packages/airflow/example_dags/example_task_group_decorator.py
[2023-11-24T00:24:31.773+0000] {processor.py:839} INFO - DAG(s) dict_keys(['example_task_group_decorator']) retrieved from /home/airflow/.local/lib/python3.8/site-packages/airflow/example_dags/example_task_group_decorator.py
[2023-11-24T00:24:31.791+0000] {logging_mixin.py:154} INFO - [2023-11-24T00:24:31.790+0000] {dag.py:2941} INFO - Sync 1 DAGs
[2023-11-24T00:24:31.807+0000] {logging_mixin.py:154} INFO - [2023-11-24T00:24:31.807+0000] {dag.py:3722} INFO - Setting next_dagrun for example_task_group_decorator to 2023-11-23T00:24:31.806963+00:00, run_after=2023-11-24T00:24:31.806963+00:00
[2023-11-24T00:24:31.822+0000] {processor.py:179} INFO - Processing /home/airflow/.local/lib/python3.8/site-packages/airflow/example_dags/example_task_group_decorator.py took 0.064 seconds
[2023-11-24T00:25:02.148+0000] {processor.py:157} INFO - Started process (PID=803) to work on /home/airflow/.local/lib/python3.8/site-packages/airflow/example_dags/example_task_group_decorator.py
[2023-11-24T00:25:02.149+0000] {processor.py:829} INFO - Processing file /home/airflow/.local/lib/python3.8/site-packages/airflow/example_dags/example_task_group_decorator.py for tasks to queue
[2023-11-24T00:25:02.150+0000] {logging_mixin.py:154} INFO - [2023-11-24T00:25:02.150+0000] {dagbag.py:536} INFO - Filling up the DagBag from /home/airflow/.local/lib/python3.8/site-packages/airflow/example_dags/example_task_group_decorator.py
[2023-11-24T00:25:02.160+0000] {processor.py:839} INFO - DAG(s) dict_keys(['example_task_group_decorator']) retrieved from /home/airflow/.local/lib/python3.8/site-packages/airflow/example_dags/example_task_group_decorator.py
[2023-11-24T00:25:02.178+0000] {logging_mixin.py:154} INFO - [2023-11-24T00:25:02.178+0000] {dag.py:2941} INFO - Sync 1 DAGs
[2023-11-24T00:25:02.195+0000] {logging_mixin.py:154} INFO - [2023-11-24T00:25:02.194+0000] {dag.py:3722} INFO - Setting next_dagrun for example_task_group_decorator to 2023-11-23T00:25:02.194518+00:00, run_after=2023-11-24T00:25:02.194518+00:00
[2023-11-24T00:25:02.335+0000] {processor.py:179} INFO - Processing /home/airflow/.local/lib/python3.8/site-packages/airflow/example_dags/example_task_group_decorator.py took 0.189 seconds
[2023-11-24T00:25:32.859+0000] {processor.py:157} INFO - Started process (PID=857) to work on /home/airflow/.local/lib/python3.8/site-packages/airflow/example_dags/example_task_group_decorator.py
[2023-11-24T00:25:32.860+0000] {processor.py:829} INFO - Processing file /home/airflow/.local/lib/python3.8/site-packages/airflow/example_dags/example_task_group_decorator.py for tasks to queue
[2023-11-24T00:25:32.862+0000] {logging_mixin.py:154} INFO - [2023-11-24T00:25:32.862+0000] {dagbag.py:536} INFO - Filling up the DagBag from /home/airflow/.local/lib/python3.8/site-packages/airflow/example_dags/example_task_group_decorator.py
[2023-11-24T00:25:32.872+0000] {processor.py:839} INFO - DAG(s) dict_keys(['example_task_group_decorator']) retrieved from /home/airflow/.local/lib/python3.8/site-packages/airflow/example_dags/example_task_group_decorator.py
[2023-11-24T00:25:32.891+0000] {logging_mixin.py:154} INFO - [2023-11-24T00:25:32.891+0000] {dag.py:2941} INFO - Sync 1 DAGs
[2023-11-24T00:25:32.908+0000] {logging_mixin.py:154} INFO - [2023-11-24T00:25:32.907+0000] {dag.py:3722} INFO - Setting next_dagrun for example_task_group_decorator to 2023-11-23T00:25:32.907666+00:00, run_after=2023-11-24T00:25:32.907666+00:00
[2023-11-24T00:25:32.922+0000] {processor.py:179} INFO - Processing /home/airflow/.local/lib/python3.8/site-packages/airflow/example_dags/example_task_group_decorator.py took 0.065 seconds
[2023-11-24T00:26:03.665+0000] {processor.py:157} INFO - Started process (PID=911) to work on /home/airflow/.local/lib/python3.8/site-packages/airflow/example_dags/example_task_group_decorator.py
[2023-11-24T00:26:03.666+0000] {processor.py:829} INFO - Processing file /home/airflow/.local/lib/python3.8/site-packages/airflow/example_dags/example_task_group_decorator.py for tasks to queue
[2023-11-24T00:26:03.668+0000] {logging_mixin.py:154} INFO - [2023-11-24T00:26:03.667+0000] {dagbag.py:536} INFO - Filling up the DagBag from /home/airflow/.local/lib/python3.8/site-packages/airflow/example_dags/example_task_group_decorator.py
[2023-11-24T00:26:03.678+0000] {processor.py:839} INFO - DAG(s) dict_keys(['example_task_group_decorator']) retrieved from /home/airflow/.local/lib/python3.8/site-packages/airflow/example_dags/example_task_group_decorator.py
[2023-11-24T00:26:03.697+0000] {logging_mixin.py:154} INFO - [2023-11-24T00:26:03.697+0000] {dag.py:2941} INFO - Sync 1 DAGs
[2023-11-24T00:26:03.714+0000] {logging_mixin.py:154} INFO - [2023-11-24T00:26:03.713+0000] {dag.py:3722} INFO - Setting next_dagrun for example_task_group_decorator to 2023-11-23T00:26:03.713634+00:00, run_after=2023-11-24T00:26:03.713634+00:00
[2023-11-24T00:26:03.728+0000] {processor.py:179} INFO - Processing /home/airflow/.local/lib/python3.8/site-packages/airflow/example_dags/example_task_group_decorator.py took 0.065 seconds
[2023-11-24T00:26:34.258+0000] {processor.py:157} INFO - Started process (PID=965) to work on /home/airflow/.local/lib/python3.8/site-packages/airflow/example_dags/example_task_group_decorator.py
[2023-11-24T00:26:34.259+0000] {processor.py:829} INFO - Processing file /home/airflow/.local/lib/python3.8/site-packages/airflow/example_dags/example_task_group_decorator.py for tasks to queue
[2023-11-24T00:26:34.261+0000] {logging_mixin.py:154} INFO - [2023-11-24T00:26:34.261+0000] {dagbag.py:536} INFO - Filling up the DagBag from /home/airflow/.local/lib/python3.8/site-packages/airflow/example_dags/example_task_group_decorator.py
[2023-11-24T00:26:34.276+0000] {processor.py:839} INFO - DAG(s) dict_keys(['example_task_group_decorator']) retrieved from /home/airflow/.local/lib/python3.8/site-packages/airflow/example_dags/example_task_group_decorator.py
[2023-11-24T00:26:34.298+0000] {logging_mixin.py:154} INFO - [2023-11-24T00:26:34.298+0000] {dag.py:2941} INFO - Sync 1 DAGs
[2023-11-24T00:26:34.477+0000] {logging_mixin.py:154} INFO - [2023-11-24T00:26:34.477+0000] {dag.py:3722} INFO - Setting next_dagrun for example_task_group_decorator to 2023-11-23T00:26:34.477175+00:00, run_after=2023-11-24T00:26:34.477175+00:00
[2023-11-24T00:26:34.494+0000] {processor.py:179} INFO - Processing /home/airflow/.local/lib/python3.8/site-packages/airflow/example_dags/example_task_group_decorator.py took 0.239 seconds
[2023-11-24T00:27:04.571+0000] {processor.py:157} INFO - Started process (PID=1019) to work on /home/airflow/.local/lib/python3.8/site-packages/airflow/example_dags/example_task_group_decorator.py
[2023-11-24T00:27:04.572+0000] {processor.py:829} INFO - Processing file /home/airflow/.local/lib/python3.8/site-packages/airflow/example_dags/example_task_group_decorator.py for tasks to queue
[2023-11-24T00:27:04.574+0000] {logging_mixin.py:154} INFO - [2023-11-24T00:27:04.573+0000] {dagbag.py:536} INFO - Filling up the DagBag from /home/airflow/.local/lib/python3.8/site-packages/airflow/example_dags/example_task_group_decorator.py
[2023-11-24T00:27:04.585+0000] {processor.py:839} INFO - DAG(s) dict_keys(['example_task_group_decorator']) retrieved from /home/airflow/.local/lib/python3.8/site-packages/airflow/example_dags/example_task_group_decorator.py
[2023-11-24T00:27:04.606+0000] {logging_mixin.py:154} INFO - [2023-11-24T00:27:04.605+0000] {dag.py:2941} INFO - Sync 1 DAGs
[2023-11-24T00:27:04.626+0000] {logging_mixin.py:154} INFO - [2023-11-24T00:27:04.626+0000] {dag.py:3722} INFO - Setting next_dagrun for example_task_group_decorator to 2023-11-23T00:27:04.626456+00:00, run_after=2023-11-24T00:27:04.626456+00:00
[2023-11-24T00:27:04.644+0000] {processor.py:179} INFO - Processing /home/airflow/.local/lib/python3.8/site-packages/airflow/example_dags/example_task_group_decorator.py took 0.075 seconds
[2023-11-24T00:27:35.059+0000] {processor.py:157} INFO - Started process (PID=1073) to work on /home/airflow/.local/lib/python3.8/site-packages/airflow/example_dags/example_task_group_decorator.py
[2023-11-24T00:27:35.060+0000] {processor.py:829} INFO - Processing file /home/airflow/.local/lib/python3.8/site-packages/airflow/example_dags/example_task_group_decorator.py for tasks to queue
[2023-11-24T00:27:35.061+0000] {logging_mixin.py:154} INFO - [2023-11-24T00:27:35.061+0000] {dagbag.py:536} INFO - Filling up the DagBag from /home/airflow/.local/lib/python3.8/site-packages/airflow/example_dags/example_task_group_decorator.py
[2023-11-24T00:27:35.073+0000] {processor.py:839} INFO - DAG(s) dict_keys(['example_task_group_decorator']) retrieved from /home/airflow/.local/lib/python3.8/site-packages/airflow/example_dags/example_task_group_decorator.py
[2023-11-24T00:27:35.093+0000] {logging_mixin.py:154} INFO - [2023-11-24T00:27:35.092+0000] {dag.py:2941} INFO - Sync 1 DAGs
[2023-11-24T00:27:35.111+0000] {logging_mixin.py:154} INFO - [2023-11-24T00:27:35.111+0000] {dag.py:3722} INFO - Setting next_dagrun for example_task_group_decorator to 2023-11-23T00:27:35.111441+00:00, run_after=2023-11-24T00:27:35.111441+00:00
[2023-11-24T00:27:35.128+0000] {processor.py:179} INFO - Processing /home/airflow/.local/lib/python3.8/site-packages/airflow/example_dags/example_task_group_decorator.py took 0.071 seconds
[2023-11-24T00:28:05.198+0000] {processor.py:157} INFO - Started process (PID=1127) to work on /home/airflow/.local/lib/python3.8/site-packages/airflow/example_dags/example_task_group_decorator.py
[2023-11-24T00:28:05.199+0000] {processor.py:829} INFO - Processing file /home/airflow/.local/lib/python3.8/site-packages/airflow/example_dags/example_task_group_decorator.py for tasks to queue
[2023-11-24T00:28:05.201+0000] {logging_mixin.py:154} INFO - [2023-11-24T00:28:05.200+0000] {dagbag.py:536} INFO - Filling up the DagBag from /home/airflow/.local/lib/python3.8/site-packages/airflow/example_dags/example_task_group_decorator.py
[2023-11-24T00:28:05.211+0000] {processor.py:839} INFO - DAG(s) dict_keys(['example_task_group_decorator']) retrieved from /home/airflow/.local/lib/python3.8/site-packages/airflow/example_dags/example_task_group_decorator.py
[2023-11-24T00:28:05.231+0000] {logging_mixin.py:154} INFO - [2023-11-24T00:28:05.231+0000] {dag.py:2941} INFO - Sync 1 DAGs
[2023-11-24T00:28:05.248+0000] {logging_mixin.py:154} INFO - [2023-11-24T00:28:05.247+0000] {dag.py:3722} INFO - Setting next_dagrun for example_task_group_decorator to 2023-11-23T00:28:05.247684+00:00, run_after=2023-11-24T00:28:05.247684+00:00
[2023-11-24T00:28:05.262+0000] {processor.py:179} INFO - Processing /home/airflow/.local/lib/python3.8/site-packages/airflow/example_dags/example_task_group_decorator.py took 0.065 seconds
[2023-11-24T00:28:35.544+0000] {processor.py:157} INFO - Started process (PID=1181) to work on /home/airflow/.local/lib/python3.8/site-packages/airflow/example_dags/example_task_group_decorator.py
[2023-11-24T00:28:35.545+0000] {processor.py:829} INFO - Processing file /home/airflow/.local/lib/python3.8/site-packages/airflow/example_dags/example_task_group_decorator.py for tasks to queue
[2023-11-24T00:28:35.546+0000] {logging_mixin.py:154} INFO - [2023-11-24T00:28:35.546+0000] {dagbag.py:536} INFO - Filling up the DagBag from /home/airflow/.local/lib/python3.8/site-packages/airflow/example_dags/example_task_group_decorator.py
[2023-11-24T00:28:35.556+0000] {processor.py:839} INFO - DAG(s) dict_keys(['example_task_group_decorator']) retrieved from /home/airflow/.local/lib/python3.8/site-packages/airflow/example_dags/example_task_group_decorator.py
[2023-11-24T00:28:35.575+0000] {logging_mixin.py:154} INFO - [2023-11-24T00:28:35.575+0000] {dag.py:2941} INFO - Sync 1 DAGs
[2023-11-24T00:28:35.734+0000] {logging_mixin.py:154} INFO - [2023-11-24T00:28:35.733+0000] {dag.py:3722} INFO - Setting next_dagrun for example_task_group_decorator to 2023-11-23T00:28:35.733799+00:00, run_after=2023-11-24T00:28:35.733799+00:00
[2023-11-24T00:28:35.748+0000] {processor.py:179} INFO - Processing /home/airflow/.local/lib/python3.8/site-packages/airflow/example_dags/example_task_group_decorator.py took 0.206 seconds
[2023-11-24T00:29:05.988+0000] {processor.py:157} INFO - Started process (PID=1235) to work on /home/airflow/.local/lib/python3.8/site-packages/airflow/example_dags/example_task_group_decorator.py
[2023-11-24T00:29:05.989+0000] {processor.py:829} INFO - Processing file /home/airflow/.local/lib/python3.8/site-packages/airflow/example_dags/example_task_group_decorator.py for tasks to queue
[2023-11-24T00:29:05.990+0000] {logging_mixin.py:154} INFO - [2023-11-24T00:29:05.990+0000] {dagbag.py:536} INFO - Filling up the DagBag from /home/airflow/.local/lib/python3.8/site-packages/airflow/example_dags/example_task_group_decorator.py
[2023-11-24T00:29:06.001+0000] {processor.py:839} INFO - DAG(s) dict_keys(['example_task_group_decorator']) retrieved from /home/airflow/.local/lib/python3.8/site-packages/airflow/example_dags/example_task_group_decorator.py
[2023-11-24T00:29:06.020+0000] {logging_mixin.py:154} INFO - [2023-11-24T00:29:06.019+0000] {dag.py:2941} INFO - Sync 1 DAGs
[2023-11-24T00:29:06.037+0000] {logging_mixin.py:154} INFO - [2023-11-24T00:29:06.036+0000] {dag.py:3722} INFO - Setting next_dagrun for example_task_group_decorator to 2023-11-23T00:29:06.036701+00:00, run_after=2023-11-24T00:29:06.036701+00:00
[2023-11-24T00:29:06.181+0000] {processor.py:179} INFO - Processing /home/airflow/.local/lib/python3.8/site-packages/airflow/example_dags/example_task_group_decorator.py took 0.195 seconds
[2023-11-24T00:29:36.453+0000] {processor.py:157} INFO - Started process (PID=1289) to work on /home/airflow/.local/lib/python3.8/site-packages/airflow/example_dags/example_task_group_decorator.py
[2023-11-24T00:29:36.454+0000] {processor.py:829} INFO - Processing file /home/airflow/.local/lib/python3.8/site-packages/airflow/example_dags/example_task_group_decorator.py for tasks to queue
[2023-11-24T00:29:36.456+0000] {logging_mixin.py:154} INFO - [2023-11-24T00:29:36.456+0000] {dagbag.py:536} INFO - Filling up the DagBag from /home/airflow/.local/lib/python3.8/site-packages/airflow/example_dags/example_task_group_decorator.py
[2023-11-24T00:29:36.466+0000] {processor.py:839} INFO - DAG(s) dict_keys(['example_task_group_decorator']) retrieved from /home/airflow/.local/lib/python3.8/site-packages/airflow/example_dags/example_task_group_decorator.py
[2023-11-24T00:29:36.487+0000] {logging_mixin.py:154} INFO - [2023-11-24T00:29:36.486+0000] {dag.py:2941} INFO - Sync 1 DAGs
[2023-11-24T00:29:36.504+0000] {logging_mixin.py:154} INFO - [2023-11-24T00:29:36.504+0000] {dag.py:3722} INFO - Setting next_dagrun for example_task_group_decorator to 2023-11-23T00:29:36.503947+00:00, run_after=2023-11-24T00:29:36.503947+00:00
[2023-11-24T00:29:36.519+0000] {processor.py:179} INFO - Processing /home/airflow/.local/lib/python3.8/site-packages/airflow/example_dags/example_task_group_decorator.py took 0.068 seconds
[2023-11-24T00:30:07.384+0000] {processor.py:157} INFO - Started process (PID=1343) to work on /home/airflow/.local/lib/python3.8/site-packages/airflow/example_dags/example_task_group_decorator.py
[2023-11-24T00:30:07.385+0000] {processor.py:829} INFO - Processing file /home/airflow/.local/lib/python3.8/site-packages/airflow/example_dags/example_task_group_decorator.py for tasks to queue
[2023-11-24T00:30:07.387+0000] {logging_mixin.py:154} INFO - [2023-11-24T00:30:07.387+0000] {dagbag.py:536} INFO - Filling up the DagBag from /home/airflow/.local/lib/python3.8/site-packages/airflow/example_dags/example_task_group_decorator.py
[2023-11-24T00:30:07.398+0000] {processor.py:839} INFO - DAG(s) dict_keys(['example_task_group_decorator']) retrieved from /home/airflow/.local/lib/python3.8/site-packages/airflow/example_dags/example_task_group_decorator.py
[2023-11-24T00:30:07.545+0000] {logging_mixin.py:154} INFO - [2023-11-24T00:30:07.545+0000] {dag.py:2941} INFO - Sync 1 DAGs
[2023-11-24T00:30:07.560+0000] {logging_mixin.py:154} INFO - [2023-11-24T00:30:07.560+0000] {dag.py:3722} INFO - Setting next_dagrun for example_task_group_decorator to 2023-11-23T00:30:07.560645+00:00, run_after=2023-11-24T00:30:07.560645+00:00
[2023-11-24T00:30:07.580+0000] {processor.py:179} INFO - Processing /home/airflow/.local/lib/python3.8/site-packages/airflow/example_dags/example_task_group_decorator.py took 0.197 seconds
[2023-11-24T00:30:37.916+0000] {processor.py:157} INFO - Started process (PID=1397) to work on /home/airflow/.local/lib/python3.8/site-packages/airflow/example_dags/example_task_group_decorator.py
[2023-11-24T00:30:37.917+0000] {processor.py:829} INFO - Processing file /home/airflow/.local/lib/python3.8/site-packages/airflow/example_dags/example_task_group_decorator.py for tasks to queue
[2023-11-24T00:30:37.918+0000] {logging_mixin.py:154} INFO - [2023-11-24T00:30:37.918+0000] {dagbag.py:536} INFO - Filling up the DagBag from /home/airflow/.local/lib/python3.8/site-packages/airflow/example_dags/example_task_group_decorator.py
[2023-11-24T00:30:37.929+0000] {processor.py:839} INFO - DAG(s) dict_keys(['example_task_group_decorator']) retrieved from /home/airflow/.local/lib/python3.8/site-packages/airflow/example_dags/example_task_group_decorator.py
[2023-11-24T00:30:37.949+0000] {logging_mixin.py:154} INFO - [2023-11-24T00:30:37.949+0000] {dag.py:2941} INFO - Sync 1 DAGs
[2023-11-24T00:30:38.107+0000] {logging_mixin.py:154} INFO - [2023-11-24T00:30:38.107+0000] {dag.py:3722} INFO - Setting next_dagrun for example_task_group_decorator to 2023-11-23T00:30:38.107455+00:00, run_after=2023-11-24T00:30:38.107455+00:00
[2023-11-24T00:30:38.122+0000] {processor.py:179} INFO - Processing /home/airflow/.local/lib/python3.8/site-packages/airflow/example_dags/example_task_group_decorator.py took 0.209 seconds
