[2023-11-24T00:17:57.915+0000] {processor.py:157} INFO - Started process (PID=52) to work on /home/airflow/.local/lib/python3.8/site-packages/airflow/example_dags/example_trigger_target_dag.py
[2023-11-24T00:17:57.916+0000] {processor.py:829} INFO - Processing file /home/airflow/.local/lib/python3.8/site-packages/airflow/example_dags/example_trigger_target_dag.py for tasks to queue
[2023-11-24T00:17:57.917+0000] {logging_mixin.py:154} INFO - [2023-11-24T00:17:57.917+0000] {dagbag.py:536} INFO - Filling up the DagBag from /home/airflow/.local/lib/python3.8/site-packages/airflow/example_dags/example_trigger_target_dag.py
[2023-11-24T00:17:57.925+0000] {processor.py:839} INFO - DAG(s) dict_keys(['example_trigger_target_dag']) retrieved from /home/airflow/.local/lib/python3.8/site-packages/airflow/example_dags/example_trigger_target_dag.py
[2023-11-24T00:17:57.936+0000] {logging_mixin.py:154} INFO - [2023-11-24T00:17:57.936+0000] {dag.py:2941} INFO - Sync 1 DAGs
[2023-11-24T00:17:57.949+0000] {logging_mixin.py:154} INFO - [2023-11-24T00:17:57.948+0000] {dag.py:3722} INFO - Setting next_dagrun for example_trigger_target_dag to None, run_after=None
[2023-11-24T00:17:57.965+0000] {processor.py:179} INFO - Processing /home/airflow/.local/lib/python3.8/site-packages/airflow/example_dags/example_trigger_target_dag.py took 0.052 seconds
[2023-11-24T00:18:28.059+0000] {processor.py:157} INFO - Started process (PID=106) to work on /home/airflow/.local/lib/python3.8/site-packages/airflow/example_dags/example_trigger_target_dag.py
[2023-11-24T00:18:28.060+0000] {processor.py:829} INFO - Processing file /home/airflow/.local/lib/python3.8/site-packages/airflow/example_dags/example_trigger_target_dag.py for tasks to queue
[2023-11-24T00:18:28.061+0000] {logging_mixin.py:154} INFO - [2023-11-24T00:18:28.061+0000] {dagbag.py:536} INFO - Filling up the DagBag from /home/airflow/.local/lib/python3.8/site-packages/airflow/example_dags/example_trigger_target_dag.py
[2023-11-24T00:18:28.065+0000] {processor.py:839} INFO - DAG(s) dict_keys(['example_trigger_target_dag']) retrieved from /home/airflow/.local/lib/python3.8/site-packages/airflow/example_dags/example_trigger_target_dag.py
[2023-11-24T00:18:28.081+0000] {logging_mixin.py:154} INFO - [2023-11-24T00:18:28.080+0000] {dag.py:2941} INFO - Sync 1 DAGs
[2023-11-24T00:18:28.091+0000] {logging_mixin.py:154} INFO - [2023-11-24T00:18:28.091+0000] {dag.py:3722} INFO - Setting next_dagrun for example_trigger_target_dag to None, run_after=None
[2023-11-24T00:18:28.106+0000] {processor.py:179} INFO - Processing /home/airflow/.local/lib/python3.8/site-packages/airflow/example_dags/example_trigger_target_dag.py took 0.049 seconds
[2023-11-24T00:18:58.143+0000] {processor.py:157} INFO - Started process (PID=160) to work on /home/airflow/.local/lib/python3.8/site-packages/airflow/example_dags/example_trigger_target_dag.py
[2023-11-24T00:18:58.144+0000] {processor.py:829} INFO - Processing file /home/airflow/.local/lib/python3.8/site-packages/airflow/example_dags/example_trigger_target_dag.py for tasks to queue
[2023-11-24T00:18:58.146+0000] {logging_mixin.py:154} INFO - [2023-11-24T00:18:58.145+0000] {dagbag.py:536} INFO - Filling up the DagBag from /home/airflow/.local/lib/python3.8/site-packages/airflow/example_dags/example_trigger_target_dag.py
[2023-11-24T00:18:58.149+0000] {processor.py:839} INFO - DAG(s) dict_keys(['example_trigger_target_dag']) retrieved from /home/airflow/.local/lib/python3.8/site-packages/airflow/example_dags/example_trigger_target_dag.py
[2023-11-24T00:18:58.164+0000] {logging_mixin.py:154} INFO - [2023-11-24T00:18:58.164+0000] {dag.py:2941} INFO - Sync 1 DAGs
[2023-11-24T00:18:58.174+0000] {logging_mixin.py:154} INFO - [2023-11-24T00:18:58.173+0000] {dag.py:3722} INFO - Setting next_dagrun for example_trigger_target_dag to None, run_after=None
[2023-11-24T00:18:58.187+0000] {processor.py:179} INFO - Processing /home/airflow/.local/lib/python3.8/site-packages/airflow/example_dags/example_trigger_target_dag.py took 0.046 seconds
[2023-11-24T00:19:28.470+0000] {processor.py:157} INFO - Started process (PID=214) to work on /home/airflow/.local/lib/python3.8/site-packages/airflow/example_dags/example_trigger_target_dag.py
[2023-11-24T00:19:28.471+0000] {processor.py:829} INFO - Processing file /home/airflow/.local/lib/python3.8/site-packages/airflow/example_dags/example_trigger_target_dag.py for tasks to queue
[2023-11-24T00:19:28.472+0000] {logging_mixin.py:154} INFO - [2023-11-24T00:19:28.472+0000] {dagbag.py:536} INFO - Filling up the DagBag from /home/airflow/.local/lib/python3.8/site-packages/airflow/example_dags/example_trigger_target_dag.py
[2023-11-24T00:19:28.476+0000] {processor.py:839} INFO - DAG(s) dict_keys(['example_trigger_target_dag']) retrieved from /home/airflow/.local/lib/python3.8/site-packages/airflow/example_dags/example_trigger_target_dag.py
[2023-11-24T00:19:28.491+0000] {logging_mixin.py:154} INFO - [2023-11-24T00:19:28.490+0000] {dag.py:2941} INFO - Sync 1 DAGs
[2023-11-24T00:19:28.500+0000] {logging_mixin.py:154} INFO - [2023-11-24T00:19:28.500+0000] {dag.py:3722} INFO - Setting next_dagrun for example_trigger_target_dag to None, run_after=None
[2023-11-24T00:19:28.515+0000] {processor.py:179} INFO - Processing /home/airflow/.local/lib/python3.8/site-packages/airflow/example_dags/example_trigger_target_dag.py took 0.047 seconds
[2023-11-24T00:19:58.767+0000] {processor.py:157} INFO - Started process (PID=268) to work on /home/airflow/.local/lib/python3.8/site-packages/airflow/example_dags/example_trigger_target_dag.py
[2023-11-24T00:19:58.768+0000] {processor.py:829} INFO - Processing file /home/airflow/.local/lib/python3.8/site-packages/airflow/example_dags/example_trigger_target_dag.py for tasks to queue
[2023-11-24T00:19:58.769+0000] {logging_mixin.py:154} INFO - [2023-11-24T00:19:58.769+0000] {dagbag.py:536} INFO - Filling up the DagBag from /home/airflow/.local/lib/python3.8/site-packages/airflow/example_dags/example_trigger_target_dag.py
[2023-11-24T00:19:58.773+0000] {processor.py:839} INFO - DAG(s) dict_keys(['example_trigger_target_dag']) retrieved from /home/airflow/.local/lib/python3.8/site-packages/airflow/example_dags/example_trigger_target_dag.py
[2023-11-24T00:19:58.787+0000] {logging_mixin.py:154} INFO - [2023-11-24T00:19:58.787+0000] {dag.py:2941} INFO - Sync 1 DAGs
[2023-11-24T00:19:58.797+0000] {logging_mixin.py:154} INFO - [2023-11-24T00:19:58.797+0000] {dag.py:3722} INFO - Setting next_dagrun for example_trigger_target_dag to None, run_after=None
[2023-11-24T00:19:58.811+0000] {processor.py:179} INFO - Processing /home/airflow/.local/lib/python3.8/site-packages/airflow/example_dags/example_trigger_target_dag.py took 0.047 seconds
[2023-11-24T00:20:29.176+0000] {processor.py:157} INFO - Started process (PID=322) to work on /home/airflow/.local/lib/python3.8/site-packages/airflow/example_dags/example_trigger_target_dag.py
[2023-11-24T00:20:29.177+0000] {processor.py:829} INFO - Processing file /home/airflow/.local/lib/python3.8/site-packages/airflow/example_dags/example_trigger_target_dag.py for tasks to queue
[2023-11-24T00:20:29.178+0000] {logging_mixin.py:154} INFO - [2023-11-24T00:20:29.178+0000] {dagbag.py:536} INFO - Filling up the DagBag from /home/airflow/.local/lib/python3.8/site-packages/airflow/example_dags/example_trigger_target_dag.py
[2023-11-24T00:20:29.182+0000] {processor.py:839} INFO - DAG(s) dict_keys(['example_trigger_target_dag']) retrieved from /home/airflow/.local/lib/python3.8/site-packages/airflow/example_dags/example_trigger_target_dag.py
[2023-11-24T00:20:29.197+0000] {logging_mixin.py:154} INFO - [2023-11-24T00:20:29.197+0000] {dag.py:2941} INFO - Sync 1 DAGs
[2023-11-24T00:20:29.207+0000] {logging_mixin.py:154} INFO - [2023-11-24T00:20:29.207+0000] {dag.py:3722} INFO - Setting next_dagrun for example_trigger_target_dag to None, run_after=None
[2023-11-24T00:20:29.221+0000] {processor.py:179} INFO - Processing /home/airflow/.local/lib/python3.8/site-packages/airflow/example_dags/example_trigger_target_dag.py took 0.047 seconds
[2023-11-24T00:20:59.412+0000] {processor.py:157} INFO - Started process (PID=376) to work on /home/airflow/.local/lib/python3.8/site-packages/airflow/example_dags/example_trigger_target_dag.py
[2023-11-24T00:20:59.413+0000] {processor.py:829} INFO - Processing file /home/airflow/.local/lib/python3.8/site-packages/airflow/example_dags/example_trigger_target_dag.py for tasks to queue
[2023-11-24T00:20:59.414+0000] {logging_mixin.py:154} INFO - [2023-11-24T00:20:59.414+0000] {dagbag.py:536} INFO - Filling up the DagBag from /home/airflow/.local/lib/python3.8/site-packages/airflow/example_dags/example_trigger_target_dag.py
[2023-11-24T00:20:59.418+0000] {processor.py:839} INFO - DAG(s) dict_keys(['example_trigger_target_dag']) retrieved from /home/airflow/.local/lib/python3.8/site-packages/airflow/example_dags/example_trigger_target_dag.py
[2023-11-24T00:20:59.433+0000] {logging_mixin.py:154} INFO - [2023-11-24T00:20:59.433+0000] {dag.py:2941} INFO - Sync 1 DAGs
[2023-11-24T00:20:59.443+0000] {logging_mixin.py:154} INFO - [2023-11-24T00:20:59.443+0000] {dag.py:3722} INFO - Setting next_dagrun for example_trigger_target_dag to None, run_after=None
[2023-11-24T00:20:59.456+0000] {processor.py:179} INFO - Processing /home/airflow/.local/lib/python3.8/site-packages/airflow/example_dags/example_trigger_target_dag.py took 0.046 seconds
[2023-11-24T00:21:29.795+0000] {processor.py:157} INFO - Started process (PID=430) to work on /home/airflow/.local/lib/python3.8/site-packages/airflow/example_dags/example_trigger_target_dag.py
[2023-11-24T00:21:29.796+0000] {processor.py:829} INFO - Processing file /home/airflow/.local/lib/python3.8/site-packages/airflow/example_dags/example_trigger_target_dag.py for tasks to queue
[2023-11-24T00:21:29.797+0000] {logging_mixin.py:154} INFO - [2023-11-24T00:21:29.797+0000] {dagbag.py:536} INFO - Filling up the DagBag from /home/airflow/.local/lib/python3.8/site-packages/airflow/example_dags/example_trigger_target_dag.py
[2023-11-24T00:21:29.800+0000] {processor.py:839} INFO - DAG(s) dict_keys(['example_trigger_target_dag']) retrieved from /home/airflow/.local/lib/python3.8/site-packages/airflow/example_dags/example_trigger_target_dag.py
[2023-11-24T00:21:29.816+0000] {logging_mixin.py:154} INFO - [2023-11-24T00:21:29.816+0000] {dag.py:2941} INFO - Sync 1 DAGs
[2023-11-24T00:21:29.825+0000] {logging_mixin.py:154} INFO - [2023-11-24T00:21:29.825+0000] {dag.py:3722} INFO - Setting next_dagrun for example_trigger_target_dag to None, run_after=None
[2023-11-24T00:21:29.840+0000] {processor.py:179} INFO - Processing /home/airflow/.local/lib/python3.8/site-packages/airflow/example_dags/example_trigger_target_dag.py took 0.047 seconds
[2023-11-24T00:22:00.448+0000] {processor.py:157} INFO - Started process (PID=484) to work on /home/airflow/.local/lib/python3.8/site-packages/airflow/example_dags/example_trigger_target_dag.py
[2023-11-24T00:22:00.449+0000] {processor.py:829} INFO - Processing file /home/airflow/.local/lib/python3.8/site-packages/airflow/example_dags/example_trigger_target_dag.py for tasks to queue
[2023-11-24T00:22:00.450+0000] {logging_mixin.py:154} INFO - [2023-11-24T00:22:00.450+0000] {dagbag.py:536} INFO - Filling up the DagBag from /home/airflow/.local/lib/python3.8/site-packages/airflow/example_dags/example_trigger_target_dag.py
[2023-11-24T00:22:00.454+0000] {processor.py:839} INFO - DAG(s) dict_keys(['example_trigger_target_dag']) retrieved from /home/airflow/.local/lib/python3.8/site-packages/airflow/example_dags/example_trigger_target_dag.py
[2023-11-24T00:22:00.469+0000] {logging_mixin.py:154} INFO - [2023-11-24T00:22:00.469+0000] {dag.py:2941} INFO - Sync 1 DAGs
[2023-11-24T00:22:00.479+0000] {logging_mixin.py:154} INFO - [2023-11-24T00:22:00.478+0000] {dag.py:3722} INFO - Setting next_dagrun for example_trigger_target_dag to None, run_after=None
[2023-11-24T00:22:00.494+0000] {processor.py:179} INFO - Processing /home/airflow/.local/lib/python3.8/site-packages/airflow/example_dags/example_trigger_target_dag.py took 0.048 seconds
[2023-11-24T00:22:30.762+0000] {processor.py:157} INFO - Started process (PID=538) to work on /home/airflow/.local/lib/python3.8/site-packages/airflow/example_dags/example_trigger_target_dag.py
[2023-11-24T00:22:30.763+0000] {processor.py:829} INFO - Processing file /home/airflow/.local/lib/python3.8/site-packages/airflow/example_dags/example_trigger_target_dag.py for tasks to queue
[2023-11-24T00:22:30.765+0000] {logging_mixin.py:154} INFO - [2023-11-24T00:22:30.765+0000] {dagbag.py:536} INFO - Filling up the DagBag from /home/airflow/.local/lib/python3.8/site-packages/airflow/example_dags/example_trigger_target_dag.py
[2023-11-24T00:22:30.769+0000] {processor.py:839} INFO - DAG(s) dict_keys(['example_trigger_target_dag']) retrieved from /home/airflow/.local/lib/python3.8/site-packages/airflow/example_dags/example_trigger_target_dag.py
[2023-11-24T00:22:30.785+0000] {logging_mixin.py:154} INFO - [2023-11-24T00:22:30.785+0000] {dag.py:2941} INFO - Sync 1 DAGs
[2023-11-24T00:22:30.796+0000] {logging_mixin.py:154} INFO - [2023-11-24T00:22:30.796+0000] {dag.py:3722} INFO - Setting next_dagrun for example_trigger_target_dag to None, run_after=None
[2023-11-24T00:22:30.812+0000] {processor.py:179} INFO - Processing /home/airflow/.local/lib/python3.8/site-packages/airflow/example_dags/example_trigger_target_dag.py took 0.052 seconds
[2023-11-24T00:23:01.083+0000] {processor.py:157} INFO - Started process (PID=592) to work on /home/airflow/.local/lib/python3.8/site-packages/airflow/example_dags/example_trigger_target_dag.py
[2023-11-24T00:23:01.084+0000] {processor.py:829} INFO - Processing file /home/airflow/.local/lib/python3.8/site-packages/airflow/example_dags/example_trigger_target_dag.py for tasks to queue
[2023-11-24T00:23:01.086+0000] {logging_mixin.py:154} INFO - [2023-11-24T00:23:01.085+0000] {dagbag.py:536} INFO - Filling up the DagBag from /home/airflow/.local/lib/python3.8/site-packages/airflow/example_dags/example_trigger_target_dag.py
[2023-11-24T00:23:01.090+0000] {processor.py:839} INFO - DAG(s) dict_keys(['example_trigger_target_dag']) retrieved from /home/airflow/.local/lib/python3.8/site-packages/airflow/example_dags/example_trigger_target_dag.py
[2023-11-24T00:23:01.107+0000] {logging_mixin.py:154} INFO - [2023-11-24T00:23:01.107+0000] {dag.py:2941} INFO - Sync 1 DAGs
[2023-11-24T00:23:01.119+0000] {logging_mixin.py:154} INFO - [2023-11-24T00:23:01.118+0000] {dag.py:3722} INFO - Setting next_dagrun for example_trigger_target_dag to None, run_after=None
[2023-11-24T00:23:01.136+0000] {processor.py:179} INFO - Processing /home/airflow/.local/lib/python3.8/site-packages/airflow/example_dags/example_trigger_target_dag.py took 0.055 seconds
[2023-11-24T00:23:31.405+0000] {processor.py:157} INFO - Started process (PID=646) to work on /home/airflow/.local/lib/python3.8/site-packages/airflow/example_dags/example_trigger_target_dag.py
[2023-11-24T00:23:31.406+0000] {processor.py:829} INFO - Processing file /home/airflow/.local/lib/python3.8/site-packages/airflow/example_dags/example_trigger_target_dag.py for tasks to queue
[2023-11-24T00:23:31.408+0000] {logging_mixin.py:154} INFO - [2023-11-24T00:23:31.408+0000] {dagbag.py:536} INFO - Filling up the DagBag from /home/airflow/.local/lib/python3.8/site-packages/airflow/example_dags/example_trigger_target_dag.py
[2023-11-24T00:23:31.412+0000] {processor.py:839} INFO - DAG(s) dict_keys(['example_trigger_target_dag']) retrieved from /home/airflow/.local/lib/python3.8/site-packages/airflow/example_dags/example_trigger_target_dag.py
[2023-11-24T00:23:31.428+0000] {logging_mixin.py:154} INFO - [2023-11-24T00:23:31.428+0000] {dag.py:2941} INFO - Sync 1 DAGs
[2023-11-24T00:23:31.438+0000] {logging_mixin.py:154} INFO - [2023-11-24T00:23:31.438+0000] {dag.py:3722} INFO - Setting next_dagrun for example_trigger_target_dag to None, run_after=None
[2023-11-24T00:23:31.453+0000] {processor.py:179} INFO - Processing /home/airflow/.local/lib/python3.8/site-packages/airflow/example_dags/example_trigger_target_dag.py took 0.050 seconds
[2023-11-24T00:24:01.770+0000] {processor.py:157} INFO - Started process (PID=700) to work on /home/airflow/.local/lib/python3.8/site-packages/airflow/example_dags/example_trigger_target_dag.py
[2023-11-24T00:24:01.771+0000] {processor.py:829} INFO - Processing file /home/airflow/.local/lib/python3.8/site-packages/airflow/example_dags/example_trigger_target_dag.py for tasks to queue
[2023-11-24T00:24:01.772+0000] {logging_mixin.py:154} INFO - [2023-11-24T00:24:01.772+0000] {dagbag.py:536} INFO - Filling up the DagBag from /home/airflow/.local/lib/python3.8/site-packages/airflow/example_dags/example_trigger_target_dag.py
[2023-11-24T00:24:01.776+0000] {processor.py:839} INFO - DAG(s) dict_keys(['example_trigger_target_dag']) retrieved from /home/airflow/.local/lib/python3.8/site-packages/airflow/example_dags/example_trigger_target_dag.py
[2023-11-24T00:24:01.793+0000] {logging_mixin.py:154} INFO - [2023-11-24T00:24:01.792+0000] {dag.py:2941} INFO - Sync 1 DAGs
[2023-11-24T00:24:01.803+0000] {logging_mixin.py:154} INFO - [2023-11-24T00:24:01.802+0000] {dag.py:3722} INFO - Setting next_dagrun for example_trigger_target_dag to None, run_after=None
[2023-11-24T00:24:01.816+0000] {processor.py:179} INFO - Processing /home/airflow/.local/lib/python3.8/site-packages/airflow/example_dags/example_trigger_target_dag.py took 0.048 seconds
[2023-11-24T00:24:31.979+0000] {processor.py:157} INFO - Started process (PID=754) to work on /home/airflow/.local/lib/python3.8/site-packages/airflow/example_dags/example_trigger_target_dag.py
[2023-11-24T00:24:31.980+0000] {processor.py:829} INFO - Processing file /home/airflow/.local/lib/python3.8/site-packages/airflow/example_dags/example_trigger_target_dag.py for tasks to queue
[2023-11-24T00:24:31.981+0000] {logging_mixin.py:154} INFO - [2023-11-24T00:24:31.981+0000] {dagbag.py:536} INFO - Filling up the DagBag from /home/airflow/.local/lib/python3.8/site-packages/airflow/example_dags/example_trigger_target_dag.py
[2023-11-24T00:24:31.985+0000] {processor.py:839} INFO - DAG(s) dict_keys(['example_trigger_target_dag']) retrieved from /home/airflow/.local/lib/python3.8/site-packages/airflow/example_dags/example_trigger_target_dag.py
[2023-11-24T00:24:31.999+0000] {logging_mixin.py:154} INFO - [2023-11-24T00:24:31.999+0000] {dag.py:2941} INFO - Sync 1 DAGs
[2023-11-24T00:24:32.009+0000] {logging_mixin.py:154} INFO - [2023-11-24T00:24:32.009+0000] {dag.py:3722} INFO - Setting next_dagrun for example_trigger_target_dag to None, run_after=None
[2023-11-24T00:24:32.023+0000] {processor.py:179} INFO - Processing /home/airflow/.local/lib/python3.8/site-packages/airflow/example_dags/example_trigger_target_dag.py took 0.046 seconds
[2023-11-24T00:25:02.502+0000] {processor.py:157} INFO - Started process (PID=808) to work on /home/airflow/.local/lib/python3.8/site-packages/airflow/example_dags/example_trigger_target_dag.py
[2023-11-24T00:25:02.503+0000] {processor.py:829} INFO - Processing file /home/airflow/.local/lib/python3.8/site-packages/airflow/example_dags/example_trigger_target_dag.py for tasks to queue
[2023-11-24T00:25:02.504+0000] {logging_mixin.py:154} INFO - [2023-11-24T00:25:02.504+0000] {dagbag.py:536} INFO - Filling up the DagBag from /home/airflow/.local/lib/python3.8/site-packages/airflow/example_dags/example_trigger_target_dag.py
[2023-11-24T00:25:02.508+0000] {processor.py:839} INFO - DAG(s) dict_keys(['example_trigger_target_dag']) retrieved from /home/airflow/.local/lib/python3.8/site-packages/airflow/example_dags/example_trigger_target_dag.py
[2023-11-24T00:25:02.522+0000] {logging_mixin.py:154} INFO - [2023-11-24T00:25:02.522+0000] {dag.py:2941} INFO - Sync 1 DAGs
[2023-11-24T00:25:02.532+0000] {logging_mixin.py:154} INFO - [2023-11-24T00:25:02.531+0000] {dag.py:3722} INFO - Setting next_dagrun for example_trigger_target_dag to None, run_after=None
[2023-11-24T00:25:02.545+0000] {processor.py:179} INFO - Processing /home/airflow/.local/lib/python3.8/site-packages/airflow/example_dags/example_trigger_target_dag.py took 0.045 seconds
[2023-11-24T00:25:33.078+0000] {processor.py:157} INFO - Started process (PID=862) to work on /home/airflow/.local/lib/python3.8/site-packages/airflow/example_dags/example_trigger_target_dag.py
[2023-11-24T00:25:33.079+0000] {processor.py:829} INFO - Processing file /home/airflow/.local/lib/python3.8/site-packages/airflow/example_dags/example_trigger_target_dag.py for tasks to queue
[2023-11-24T00:25:33.080+0000] {logging_mixin.py:154} INFO - [2023-11-24T00:25:33.080+0000] {dagbag.py:536} INFO - Filling up the DagBag from /home/airflow/.local/lib/python3.8/site-packages/airflow/example_dags/example_trigger_target_dag.py
[2023-11-24T00:25:33.083+0000] {processor.py:839} INFO - DAG(s) dict_keys(['example_trigger_target_dag']) retrieved from /home/airflow/.local/lib/python3.8/site-packages/airflow/example_dags/example_trigger_target_dag.py
[2023-11-24T00:25:33.099+0000] {logging_mixin.py:154} INFO - [2023-11-24T00:25:33.099+0000] {dag.py:2941} INFO - Sync 1 DAGs
[2023-11-24T00:25:33.109+0000] {logging_mixin.py:154} INFO - [2023-11-24T00:25:33.109+0000] {dag.py:3722} INFO - Setting next_dagrun for example_trigger_target_dag to None, run_after=None
[2023-11-24T00:25:33.123+0000] {processor.py:179} INFO - Processing /home/airflow/.local/lib/python3.8/site-packages/airflow/example_dags/example_trigger_target_dag.py took 0.048 seconds
[2023-11-24T00:26:03.888+0000] {processor.py:157} INFO - Started process (PID=916) to work on /home/airflow/.local/lib/python3.8/site-packages/airflow/example_dags/example_trigger_target_dag.py
[2023-11-24T00:26:03.889+0000] {processor.py:829} INFO - Processing file /home/airflow/.local/lib/python3.8/site-packages/airflow/example_dags/example_trigger_target_dag.py for tasks to queue
[2023-11-24T00:26:03.890+0000] {logging_mixin.py:154} INFO - [2023-11-24T00:26:03.890+0000] {dagbag.py:536} INFO - Filling up the DagBag from /home/airflow/.local/lib/python3.8/site-packages/airflow/example_dags/example_trigger_target_dag.py
[2023-11-24T00:26:03.894+0000] {processor.py:839} INFO - DAG(s) dict_keys(['example_trigger_target_dag']) retrieved from /home/airflow/.local/lib/python3.8/site-packages/airflow/example_dags/example_trigger_target_dag.py
[2023-11-24T00:26:03.910+0000] {logging_mixin.py:154} INFO - [2023-11-24T00:26:03.909+0000] {dag.py:2941} INFO - Sync 1 DAGs
[2023-11-24T00:26:03.920+0000] {logging_mixin.py:154} INFO - [2023-11-24T00:26:03.920+0000] {dag.py:3722} INFO - Setting next_dagrun for example_trigger_target_dag to None, run_after=None
[2023-11-24T00:26:03.934+0000] {processor.py:179} INFO - Processing /home/airflow/.local/lib/python3.8/site-packages/airflow/example_dags/example_trigger_target_dag.py took 0.048 seconds
[2023-11-24T00:26:34.952+0000] {processor.py:157} INFO - Started process (PID=970) to work on /home/airflow/.local/lib/python3.8/site-packages/airflow/example_dags/example_trigger_target_dag.py
[2023-11-24T00:26:34.953+0000] {processor.py:829} INFO - Processing file /home/airflow/.local/lib/python3.8/site-packages/airflow/example_dags/example_trigger_target_dag.py for tasks to queue
[2023-11-24T00:26:34.954+0000] {logging_mixin.py:154} INFO - [2023-11-24T00:26:34.954+0000] {dagbag.py:536} INFO - Filling up the DagBag from /home/airflow/.local/lib/python3.8/site-packages/airflow/example_dags/example_trigger_target_dag.py
[2023-11-24T00:26:34.958+0000] {processor.py:839} INFO - DAG(s) dict_keys(['example_trigger_target_dag']) retrieved from /home/airflow/.local/lib/python3.8/site-packages/airflow/example_dags/example_trigger_target_dag.py
[2023-11-24T00:26:34.975+0000] {logging_mixin.py:154} INFO - [2023-11-24T00:26:34.975+0000] {dag.py:2941} INFO - Sync 1 DAGs
[2023-11-24T00:26:34.987+0000] {logging_mixin.py:154} INFO - [2023-11-24T00:26:34.987+0000] {dag.py:3722} INFO - Setting next_dagrun for example_trigger_target_dag to None, run_after=None
[2023-11-24T00:26:35.160+0000] {processor.py:179} INFO - Processing /home/airflow/.local/lib/python3.8/site-packages/airflow/example_dags/example_trigger_target_dag.py took 0.211 seconds
[2023-11-24T00:27:05.791+0000] {processor.py:157} INFO - Started process (PID=1024) to work on /home/airflow/.local/lib/python3.8/site-packages/airflow/example_dags/example_trigger_target_dag.py
[2023-11-24T00:27:05.792+0000] {processor.py:829} INFO - Processing file /home/airflow/.local/lib/python3.8/site-packages/airflow/example_dags/example_trigger_target_dag.py for tasks to queue
[2023-11-24T00:27:05.793+0000] {logging_mixin.py:154} INFO - [2023-11-24T00:27:05.793+0000] {dagbag.py:536} INFO - Filling up the DagBag from /home/airflow/.local/lib/python3.8/site-packages/airflow/example_dags/example_trigger_target_dag.py
[2023-11-24T00:27:05.797+0000] {processor.py:839} INFO - DAG(s) dict_keys(['example_trigger_target_dag']) retrieved from /home/airflow/.local/lib/python3.8/site-packages/airflow/example_dags/example_trigger_target_dag.py
[2023-11-24T00:27:05.811+0000] {logging_mixin.py:154} INFO - [2023-11-24T00:27:05.810+0000] {dag.py:2941} INFO - Sync 1 DAGs
[2023-11-24T00:27:05.820+0000] {logging_mixin.py:154} INFO - [2023-11-24T00:27:05.820+0000] {dag.py:3722} INFO - Setting next_dagrun for example_trigger_target_dag to None, run_after=None
[2023-11-24T00:27:05.836+0000] {processor.py:179} INFO - Processing /home/airflow/.local/lib/python3.8/site-packages/airflow/example_dags/example_trigger_target_dag.py took 0.047 seconds
[2023-11-24T00:27:36.431+0000] {processor.py:157} INFO - Started process (PID=1078) to work on /home/airflow/.local/lib/python3.8/site-packages/airflow/example_dags/example_trigger_target_dag.py
[2023-11-24T00:27:36.433+0000] {processor.py:829} INFO - Processing file /home/airflow/.local/lib/python3.8/site-packages/airflow/example_dags/example_trigger_target_dag.py for tasks to queue
[2023-11-24T00:27:36.434+0000] {logging_mixin.py:154} INFO - [2023-11-24T00:27:36.434+0000] {dagbag.py:536} INFO - Filling up the DagBag from /home/airflow/.local/lib/python3.8/site-packages/airflow/example_dags/example_trigger_target_dag.py
[2023-11-24T00:27:36.439+0000] {processor.py:839} INFO - DAG(s) dict_keys(['example_trigger_target_dag']) retrieved from /home/airflow/.local/lib/python3.8/site-packages/airflow/example_dags/example_trigger_target_dag.py
[2023-11-24T00:27:36.459+0000] {logging_mixin.py:154} INFO - [2023-11-24T00:27:36.458+0000] {dag.py:2941} INFO - Sync 1 DAGs
[2023-11-24T00:27:36.471+0000] {logging_mixin.py:154} INFO - [2023-11-24T00:27:36.471+0000] {dag.py:3722} INFO - Setting next_dagrun for example_trigger_target_dag to None, run_after=None
[2023-11-24T00:27:36.494+0000] {processor.py:179} INFO - Processing /home/airflow/.local/lib/python3.8/site-packages/airflow/example_dags/example_trigger_target_dag.py took 0.065 seconds
[2023-11-24T00:28:07.375+0000] {processor.py:157} INFO - Started process (PID=1132) to work on /home/airflow/.local/lib/python3.8/site-packages/airflow/example_dags/example_trigger_target_dag.py
[2023-11-24T00:28:07.376+0000] {processor.py:829} INFO - Processing file /home/airflow/.local/lib/python3.8/site-packages/airflow/example_dags/example_trigger_target_dag.py for tasks to queue
[2023-11-24T00:28:07.377+0000] {logging_mixin.py:154} INFO - [2023-11-24T00:28:07.377+0000] {dagbag.py:536} INFO - Filling up the DagBag from /home/airflow/.local/lib/python3.8/site-packages/airflow/example_dags/example_trigger_target_dag.py
[2023-11-24T00:28:07.381+0000] {processor.py:839} INFO - DAG(s) dict_keys(['example_trigger_target_dag']) retrieved from /home/airflow/.local/lib/python3.8/site-packages/airflow/example_dags/example_trigger_target_dag.py
[2023-11-24T00:28:07.398+0000] {logging_mixin.py:154} INFO - [2023-11-24T00:28:07.398+0000] {dag.py:2941} INFO - Sync 1 DAGs
[2023-11-24T00:28:07.409+0000] {logging_mixin.py:154} INFO - [2023-11-24T00:28:07.408+0000] {dag.py:3722} INFO - Setting next_dagrun for example_trigger_target_dag to None, run_after=None
[2023-11-24T00:28:07.424+0000] {processor.py:179} INFO - Processing /home/airflow/.local/lib/python3.8/site-packages/airflow/example_dags/example_trigger_target_dag.py took 0.051 seconds
[2023-11-24T00:28:37.994+0000] {processor.py:157} INFO - Started process (PID=1186) to work on /home/airflow/.local/lib/python3.8/site-packages/airflow/example_dags/example_trigger_target_dag.py
[2023-11-24T00:28:37.995+0000] {processor.py:829} INFO - Processing file /home/airflow/.local/lib/python3.8/site-packages/airflow/example_dags/example_trigger_target_dag.py for tasks to queue
[2023-11-24T00:28:37.996+0000] {logging_mixin.py:154} INFO - [2023-11-24T00:28:37.996+0000] {dagbag.py:536} INFO - Filling up the DagBag from /home/airflow/.local/lib/python3.8/site-packages/airflow/example_dags/example_trigger_target_dag.py
[2023-11-24T00:28:38.000+0000] {processor.py:839} INFO - DAG(s) dict_keys(['example_trigger_target_dag']) retrieved from /home/airflow/.local/lib/python3.8/site-packages/airflow/example_dags/example_trigger_target_dag.py
[2023-11-24T00:28:38.014+0000] {logging_mixin.py:154} INFO - [2023-11-24T00:28:38.014+0000] {dag.py:2941} INFO - Sync 1 DAGs
[2023-11-24T00:28:38.167+0000] {logging_mixin.py:154} INFO - [2023-11-24T00:28:38.166+0000] {dag.py:3722} INFO - Setting next_dagrun for example_trigger_target_dag to None, run_after=None
[2023-11-24T00:28:38.180+0000] {processor.py:179} INFO - Processing /home/airflow/.local/lib/python3.8/site-packages/airflow/example_dags/example_trigger_target_dag.py took 0.189 seconds
[2023-11-24T00:29:08.198+0000] {processor.py:157} INFO - Started process (PID=1240) to work on /home/airflow/.local/lib/python3.8/site-packages/airflow/example_dags/example_trigger_target_dag.py
[2023-11-24T00:29:08.199+0000] {processor.py:829} INFO - Processing file /home/airflow/.local/lib/python3.8/site-packages/airflow/example_dags/example_trigger_target_dag.py for tasks to queue
[2023-11-24T00:29:08.200+0000] {logging_mixin.py:154} INFO - [2023-11-24T00:29:08.200+0000] {dagbag.py:536} INFO - Filling up the DagBag from /home/airflow/.local/lib/python3.8/site-packages/airflow/example_dags/example_trigger_target_dag.py
[2023-11-24T00:29:08.204+0000] {processor.py:839} INFO - DAG(s) dict_keys(['example_trigger_target_dag']) retrieved from /home/airflow/.local/lib/python3.8/site-packages/airflow/example_dags/example_trigger_target_dag.py
[2023-11-24T00:29:08.220+0000] {logging_mixin.py:154} INFO - [2023-11-24T00:29:08.220+0000] {dag.py:2941} INFO - Sync 1 DAGs
[2023-11-24T00:29:08.230+0000] {logging_mixin.py:154} INFO - [2023-11-24T00:29:08.230+0000] {dag.py:3722} INFO - Setting next_dagrun for example_trigger_target_dag to None, run_after=None
[2023-11-24T00:29:08.246+0000] {processor.py:179} INFO - Processing /home/airflow/.local/lib/python3.8/site-packages/airflow/example_dags/example_trigger_target_dag.py took 0.051 seconds
[2023-11-24T00:29:38.625+0000] {processor.py:157} INFO - Started process (PID=1294) to work on /home/airflow/.local/lib/python3.8/site-packages/airflow/example_dags/example_trigger_target_dag.py
[2023-11-24T00:29:38.626+0000] {processor.py:829} INFO - Processing file /home/airflow/.local/lib/python3.8/site-packages/airflow/example_dags/example_trigger_target_dag.py for tasks to queue
[2023-11-24T00:29:38.628+0000] {logging_mixin.py:154} INFO - [2023-11-24T00:29:38.627+0000] {dagbag.py:536} INFO - Filling up the DagBag from /home/airflow/.local/lib/python3.8/site-packages/airflow/example_dags/example_trigger_target_dag.py
[2023-11-24T00:29:38.632+0000] {processor.py:839} INFO - DAG(s) dict_keys(['example_trigger_target_dag']) retrieved from /home/airflow/.local/lib/python3.8/site-packages/airflow/example_dags/example_trigger_target_dag.py
[2023-11-24T00:29:38.647+0000] {logging_mixin.py:154} INFO - [2023-11-24T00:29:38.647+0000] {dag.py:2941} INFO - Sync 1 DAGs
[2023-11-24T00:29:38.658+0000] {logging_mixin.py:154} INFO - [2023-11-24T00:29:38.658+0000] {dag.py:3722} INFO - Setting next_dagrun for example_trigger_target_dag to None, run_after=None
[2023-11-24T00:29:38.673+0000] {processor.py:179} INFO - Processing /home/airflow/.local/lib/python3.8/site-packages/airflow/example_dags/example_trigger_target_dag.py took 0.050 seconds
[2023-11-24T00:30:09.033+0000] {processor.py:157} INFO - Started process (PID=1348) to work on /home/airflow/.local/lib/python3.8/site-packages/airflow/example_dags/example_trigger_target_dag.py
[2023-11-24T00:30:09.034+0000] {processor.py:829} INFO - Processing file /home/airflow/.local/lib/python3.8/site-packages/airflow/example_dags/example_trigger_target_dag.py for tasks to queue
[2023-11-24T00:30:09.036+0000] {logging_mixin.py:154} INFO - [2023-11-24T00:30:09.036+0000] {dagbag.py:536} INFO - Filling up the DagBag from /home/airflow/.local/lib/python3.8/site-packages/airflow/example_dags/example_trigger_target_dag.py
[2023-11-24T00:30:09.041+0000] {processor.py:839} INFO - DAG(s) dict_keys(['example_trigger_target_dag']) retrieved from /home/airflow/.local/lib/python3.8/site-packages/airflow/example_dags/example_trigger_target_dag.py
[2023-11-24T00:30:09.201+0000] {logging_mixin.py:154} INFO - [2023-11-24T00:30:09.201+0000] {dag.py:2941} INFO - Sync 1 DAGs
[2023-11-24T00:30:09.210+0000] {logging_mixin.py:154} INFO - [2023-11-24T00:30:09.210+0000] {dag.py:3722} INFO - Setting next_dagrun for example_trigger_target_dag to None, run_after=None
[2023-11-24T00:30:09.224+0000] {processor.py:179} INFO - Processing /home/airflow/.local/lib/python3.8/site-packages/airflow/example_dags/example_trigger_target_dag.py took 0.193 seconds
[2023-11-24T00:30:39.600+0000] {processor.py:157} INFO - Started process (PID=1402) to work on /home/airflow/.local/lib/python3.8/site-packages/airflow/example_dags/example_trigger_target_dag.py
[2023-11-24T00:30:39.601+0000] {processor.py:829} INFO - Processing file /home/airflow/.local/lib/python3.8/site-packages/airflow/example_dags/example_trigger_target_dag.py for tasks to queue
[2023-11-24T00:30:39.602+0000] {logging_mixin.py:154} INFO - [2023-11-24T00:30:39.602+0000] {dagbag.py:536} INFO - Filling up the DagBag from /home/airflow/.local/lib/python3.8/site-packages/airflow/example_dags/example_trigger_target_dag.py
[2023-11-24T00:30:39.606+0000] {processor.py:839} INFO - DAG(s) dict_keys(['example_trigger_target_dag']) retrieved from /home/airflow/.local/lib/python3.8/site-packages/airflow/example_dags/example_trigger_target_dag.py
[2023-11-24T00:30:39.623+0000] {logging_mixin.py:154} INFO - [2023-11-24T00:30:39.622+0000] {dag.py:2941} INFO - Sync 1 DAGs
[2023-11-24T00:30:39.780+0000] {logging_mixin.py:154} INFO - [2023-11-24T00:30:39.780+0000] {dag.py:3722} INFO - Setting next_dagrun for example_trigger_target_dag to None, run_after=None
[2023-11-24T00:30:39.801+0000] {processor.py:179} INFO - Processing /home/airflow/.local/lib/python3.8/site-packages/airflow/example_dags/example_trigger_target_dag.py took 0.203 seconds
