[2023-11-24T00:17:57.811+0000] {processor.py:157} INFO - Started process (PID=51) to work on /home/airflow/.local/lib/python3.8/site-packages/airflow/example_dags/example_branch_day_of_week_operator.py
[2023-11-24T00:17:57.812+0000] {processor.py:829} INFO - Processing file /home/airflow/.local/lib/python3.8/site-packages/airflow/example_dags/example_branch_day_of_week_operator.py for tasks to queue
[2023-11-24T00:17:57.815+0000] {logging_mixin.py:154} INFO - [2023-11-24T00:17:57.814+0000] {dagbag.py:536} INFO - Filling up the DagBag from /home/airflow/.local/lib/python3.8/site-packages/airflow/example_dags/example_branch_day_of_week_operator.py
[2023-11-24T00:17:57.827+0000] {processor.py:839} INFO - DAG(s) dict_keys(['example_weekday_branch_operator']) retrieved from /home/airflow/.local/lib/python3.8/site-packages/airflow/example_dags/example_branch_day_of_week_operator.py
[2023-11-24T00:17:57.842+0000] {logging_mixin.py:154} INFO - [2023-11-24T00:17:57.842+0000] {dag.py:2941} INFO - Sync 1 DAGs
[2023-11-24T00:17:57.870+0000] {logging_mixin.py:154} INFO - [2023-11-24T00:17:57.870+0000] {dag.py:3722} INFO - Setting next_dagrun for example_weekday_branch_operator to 2023-11-23T00:00:00+00:00, run_after=2023-11-24T00:00:00+00:00
[2023-11-24T00:17:57.895+0000] {processor.py:179} INFO - Processing /home/airflow/.local/lib/python3.8/site-packages/airflow/example_dags/example_branch_day_of_week_operator.py took 0.090 seconds
[2023-11-24T00:18:27.987+0000] {processor.py:157} INFO - Started process (PID=105) to work on /home/airflow/.local/lib/python3.8/site-packages/airflow/example_dags/example_branch_day_of_week_operator.py
[2023-11-24T00:18:27.989+0000] {processor.py:829} INFO - Processing file /home/airflow/.local/lib/python3.8/site-packages/airflow/example_dags/example_branch_day_of_week_operator.py for tasks to queue
[2023-11-24T00:18:27.990+0000] {logging_mixin.py:154} INFO - [2023-11-24T00:18:27.990+0000] {dagbag.py:536} INFO - Filling up the DagBag from /home/airflow/.local/lib/python3.8/site-packages/airflow/example_dags/example_branch_day_of_week_operator.py
[2023-11-24T00:18:27.996+0000] {processor.py:839} INFO - DAG(s) dict_keys(['example_weekday_branch_operator']) retrieved from /home/airflow/.local/lib/python3.8/site-packages/airflow/example_dags/example_branch_day_of_week_operator.py
[2023-11-24T00:18:28.012+0000] {logging_mixin.py:154} INFO - [2023-11-24T00:18:28.012+0000] {dag.py:2941} INFO - Sync 1 DAGs
[2023-11-24T00:18:28.030+0000] {logging_mixin.py:154} INFO - [2023-11-24T00:18:28.030+0000] {dag.py:3722} INFO - Setting next_dagrun for example_weekday_branch_operator to 2023-11-23T00:00:00+00:00, run_after=2023-11-24T00:00:00+00:00
[2023-11-24T00:18:28.045+0000] {processor.py:179} INFO - Processing /home/airflow/.local/lib/python3.8/site-packages/airflow/example_dags/example_branch_day_of_week_operator.py took 0.059 seconds
[2023-11-24T00:18:58.072+0000] {processor.py:157} INFO - Started process (PID=158) to work on /home/airflow/.local/lib/python3.8/site-packages/airflow/example_dags/example_branch_day_of_week_operator.py
[2023-11-24T00:18:58.072+0000] {processor.py:829} INFO - Processing file /home/airflow/.local/lib/python3.8/site-packages/airflow/example_dags/example_branch_day_of_week_operator.py for tasks to queue
[2023-11-24T00:18:58.074+0000] {logging_mixin.py:154} INFO - [2023-11-24T00:18:58.074+0000] {dagbag.py:536} INFO - Filling up the DagBag from /home/airflow/.local/lib/python3.8/site-packages/airflow/example_dags/example_branch_day_of_week_operator.py
[2023-11-24T00:18:58.080+0000] {processor.py:839} INFO - DAG(s) dict_keys(['example_weekday_branch_operator']) retrieved from /home/airflow/.local/lib/python3.8/site-packages/airflow/example_dags/example_branch_day_of_week_operator.py
[2023-11-24T00:18:58.096+0000] {logging_mixin.py:154} INFO - [2023-11-24T00:18:58.096+0000] {dag.py:2941} INFO - Sync 1 DAGs
[2023-11-24T00:18:58.114+0000] {logging_mixin.py:154} INFO - [2023-11-24T00:18:58.114+0000] {dag.py:3722} INFO - Setting next_dagrun for example_weekday_branch_operator to 2023-11-23T00:00:00+00:00, run_after=2023-11-24T00:00:00+00:00
[2023-11-24T00:18:58.129+0000] {processor.py:179} INFO - Processing /home/airflow/.local/lib/python3.8/site-packages/airflow/example_dags/example_branch_day_of_week_operator.py took 0.059 seconds
[2023-11-24T00:19:28.401+0000] {processor.py:157} INFO - Started process (PID=213) to work on /home/airflow/.local/lib/python3.8/site-packages/airflow/example_dags/example_branch_day_of_week_operator.py
[2023-11-24T00:19:28.402+0000] {processor.py:829} INFO - Processing file /home/airflow/.local/lib/python3.8/site-packages/airflow/example_dags/example_branch_day_of_week_operator.py for tasks to queue
[2023-11-24T00:19:28.403+0000] {logging_mixin.py:154} INFO - [2023-11-24T00:19:28.403+0000] {dagbag.py:536} INFO - Filling up the DagBag from /home/airflow/.local/lib/python3.8/site-packages/airflow/example_dags/example_branch_day_of_week_operator.py
[2023-11-24T00:19:28.408+0000] {processor.py:839} INFO - DAG(s) dict_keys(['example_weekday_branch_operator']) retrieved from /home/airflow/.local/lib/python3.8/site-packages/airflow/example_dags/example_branch_day_of_week_operator.py
[2023-11-24T00:19:28.424+0000] {logging_mixin.py:154} INFO - [2023-11-24T00:19:28.424+0000] {dag.py:2941} INFO - Sync 1 DAGs
[2023-11-24T00:19:28.442+0000] {logging_mixin.py:154} INFO - [2023-11-24T00:19:28.442+0000] {dag.py:3722} INFO - Setting next_dagrun for example_weekday_branch_operator to 2023-11-23T00:00:00+00:00, run_after=2023-11-24T00:00:00+00:00
[2023-11-24T00:19:28.456+0000] {processor.py:179} INFO - Processing /home/airflow/.local/lib/python3.8/site-packages/airflow/example_dags/example_branch_day_of_week_operator.py took 0.057 seconds
[2023-11-24T00:19:58.698+0000] {processor.py:157} INFO - Started process (PID=267) to work on /home/airflow/.local/lib/python3.8/site-packages/airflow/example_dags/example_branch_day_of_week_operator.py
[2023-11-24T00:19:58.699+0000] {processor.py:829} INFO - Processing file /home/airflow/.local/lib/python3.8/site-packages/airflow/example_dags/example_branch_day_of_week_operator.py for tasks to queue
[2023-11-24T00:19:58.700+0000] {logging_mixin.py:154} INFO - [2023-11-24T00:19:58.700+0000] {dagbag.py:536} INFO - Filling up the DagBag from /home/airflow/.local/lib/python3.8/site-packages/airflow/example_dags/example_branch_day_of_week_operator.py
[2023-11-24T00:19:58.705+0000] {processor.py:839} INFO - DAG(s) dict_keys(['example_weekday_branch_operator']) retrieved from /home/airflow/.local/lib/python3.8/site-packages/airflow/example_dags/example_branch_day_of_week_operator.py
[2023-11-24T00:19:58.722+0000] {logging_mixin.py:154} INFO - [2023-11-24T00:19:58.722+0000] {dag.py:2941} INFO - Sync 1 DAGs
[2023-11-24T00:19:58.740+0000] {logging_mixin.py:154} INFO - [2023-11-24T00:19:58.739+0000] {dag.py:3722} INFO - Setting next_dagrun for example_weekday_branch_operator to 2023-11-23T00:00:00+00:00, run_after=2023-11-24T00:00:00+00:00
[2023-11-24T00:19:58.753+0000] {processor.py:179} INFO - Processing /home/airflow/.local/lib/python3.8/site-packages/airflow/example_dags/example_branch_day_of_week_operator.py took 0.057 seconds
[2023-11-24T00:20:29.106+0000] {processor.py:157} INFO - Started process (PID=321) to work on /home/airflow/.local/lib/python3.8/site-packages/airflow/example_dags/example_branch_day_of_week_operator.py
[2023-11-24T00:20:29.107+0000] {processor.py:829} INFO - Processing file /home/airflow/.local/lib/python3.8/site-packages/airflow/example_dags/example_branch_day_of_week_operator.py for tasks to queue
[2023-11-24T00:20:29.108+0000] {logging_mixin.py:154} INFO - [2023-11-24T00:20:29.108+0000] {dagbag.py:536} INFO - Filling up the DagBag from /home/airflow/.local/lib/python3.8/site-packages/airflow/example_dags/example_branch_day_of_week_operator.py
[2023-11-24T00:20:29.113+0000] {processor.py:839} INFO - DAG(s) dict_keys(['example_weekday_branch_operator']) retrieved from /home/airflow/.local/lib/python3.8/site-packages/airflow/example_dags/example_branch_day_of_week_operator.py
[2023-11-24T00:20:29.129+0000] {logging_mixin.py:154} INFO - [2023-11-24T00:20:29.129+0000] {dag.py:2941} INFO - Sync 1 DAGs
[2023-11-24T00:20:29.148+0000] {logging_mixin.py:154} INFO - [2023-11-24T00:20:29.147+0000] {dag.py:3722} INFO - Setting next_dagrun for example_weekday_branch_operator to 2023-11-23T00:00:00+00:00, run_after=2023-11-24T00:00:00+00:00
[2023-11-24T00:20:29.161+0000] {processor.py:179} INFO - Processing /home/airflow/.local/lib/python3.8/site-packages/airflow/example_dags/example_branch_day_of_week_operator.py took 0.057 seconds
[2023-11-24T00:20:59.341+0000] {processor.py:157} INFO - Started process (PID=374) to work on /home/airflow/.local/lib/python3.8/site-packages/airflow/example_dags/example_branch_day_of_week_operator.py
[2023-11-24T00:20:59.342+0000] {processor.py:829} INFO - Processing file /home/airflow/.local/lib/python3.8/site-packages/airflow/example_dags/example_branch_day_of_week_operator.py for tasks to queue
[2023-11-24T00:20:59.343+0000] {logging_mixin.py:154} INFO - [2023-11-24T00:20:59.343+0000] {dagbag.py:536} INFO - Filling up the DagBag from /home/airflow/.local/lib/python3.8/site-packages/airflow/example_dags/example_branch_day_of_week_operator.py
[2023-11-24T00:20:59.349+0000] {processor.py:839} INFO - DAG(s) dict_keys(['example_weekday_branch_operator']) retrieved from /home/airflow/.local/lib/python3.8/site-packages/airflow/example_dags/example_branch_day_of_week_operator.py
[2023-11-24T00:20:59.364+0000] {logging_mixin.py:154} INFO - [2023-11-24T00:20:59.364+0000] {dag.py:2941} INFO - Sync 1 DAGs
[2023-11-24T00:20:59.382+0000] {logging_mixin.py:154} INFO - [2023-11-24T00:20:59.382+0000] {dag.py:3722} INFO - Setting next_dagrun for example_weekday_branch_operator to 2023-11-23T00:00:00+00:00, run_after=2023-11-24T00:00:00+00:00
[2023-11-24T00:20:59.395+0000] {processor.py:179} INFO - Processing /home/airflow/.local/lib/python3.8/site-packages/airflow/example_dags/example_branch_day_of_week_operator.py took 0.055 seconds
[2023-11-24T00:21:29.722+0000] {processor.py:157} INFO - Started process (PID=428) to work on /home/airflow/.local/lib/python3.8/site-packages/airflow/example_dags/example_branch_day_of_week_operator.py
[2023-11-24T00:21:29.723+0000] {processor.py:829} INFO - Processing file /home/airflow/.local/lib/python3.8/site-packages/airflow/example_dags/example_branch_day_of_week_operator.py for tasks to queue
[2023-11-24T00:21:29.725+0000] {logging_mixin.py:154} INFO - [2023-11-24T00:21:29.724+0000] {dagbag.py:536} INFO - Filling up the DagBag from /home/airflow/.local/lib/python3.8/site-packages/airflow/example_dags/example_branch_day_of_week_operator.py
[2023-11-24T00:21:29.731+0000] {processor.py:839} INFO - DAG(s) dict_keys(['example_weekday_branch_operator']) retrieved from /home/airflow/.local/lib/python3.8/site-packages/airflow/example_dags/example_branch_day_of_week_operator.py
[2023-11-24T00:21:29.747+0000] {logging_mixin.py:154} INFO - [2023-11-24T00:21:29.747+0000] {dag.py:2941} INFO - Sync 1 DAGs
[2023-11-24T00:21:29.765+0000] {logging_mixin.py:154} INFO - [2023-11-24T00:21:29.764+0000] {dag.py:3722} INFO - Setting next_dagrun for example_weekday_branch_operator to 2023-11-23T00:00:00+00:00, run_after=2023-11-24T00:00:00+00:00
[2023-11-24T00:21:29.780+0000] {processor.py:179} INFO - Processing /home/airflow/.local/lib/python3.8/site-packages/airflow/example_dags/example_branch_day_of_week_operator.py took 0.060 seconds
[2023-11-24T00:22:00.376+0000] {processor.py:157} INFO - Started process (PID=483) to work on /home/airflow/.local/lib/python3.8/site-packages/airflow/example_dags/example_branch_day_of_week_operator.py
[2023-11-24T00:22:00.376+0000] {processor.py:829} INFO - Processing file /home/airflow/.local/lib/python3.8/site-packages/airflow/example_dags/example_branch_day_of_week_operator.py for tasks to queue
[2023-11-24T00:22:00.378+0000] {logging_mixin.py:154} INFO - [2023-11-24T00:22:00.378+0000] {dagbag.py:536} INFO - Filling up the DagBag from /home/airflow/.local/lib/python3.8/site-packages/airflow/example_dags/example_branch_day_of_week_operator.py
[2023-11-24T00:22:00.383+0000] {processor.py:839} INFO - DAG(s) dict_keys(['example_weekday_branch_operator']) retrieved from /home/airflow/.local/lib/python3.8/site-packages/airflow/example_dags/example_branch_day_of_week_operator.py
[2023-11-24T00:22:00.400+0000] {logging_mixin.py:154} INFO - [2023-11-24T00:22:00.399+0000] {dag.py:2941} INFO - Sync 1 DAGs
[2023-11-24T00:22:00.418+0000] {logging_mixin.py:154} INFO - [2023-11-24T00:22:00.417+0000] {dag.py:3722} INFO - Setting next_dagrun for example_weekday_branch_operator to 2023-11-23T00:00:00+00:00, run_after=2023-11-24T00:00:00+00:00
[2023-11-24T00:22:00.434+0000] {processor.py:179} INFO - Processing /home/airflow/.local/lib/python3.8/site-packages/airflow/example_dags/example_branch_day_of_week_operator.py took 0.060 seconds
[2023-11-24T00:22:30.685+0000] {processor.py:157} INFO - Started process (PID=537) to work on /home/airflow/.local/lib/python3.8/site-packages/airflow/example_dags/example_branch_day_of_week_operator.py
[2023-11-24T00:22:30.687+0000] {processor.py:829} INFO - Processing file /home/airflow/.local/lib/python3.8/site-packages/airflow/example_dags/example_branch_day_of_week_operator.py for tasks to queue
[2023-11-24T00:22:30.688+0000] {logging_mixin.py:154} INFO - [2023-11-24T00:22:30.688+0000] {dagbag.py:536} INFO - Filling up the DagBag from /home/airflow/.local/lib/python3.8/site-packages/airflow/example_dags/example_branch_day_of_week_operator.py
[2023-11-24T00:22:30.694+0000] {processor.py:839} INFO - DAG(s) dict_keys(['example_weekday_branch_operator']) retrieved from /home/airflow/.local/lib/python3.8/site-packages/airflow/example_dags/example_branch_day_of_week_operator.py
[2023-11-24T00:22:30.712+0000] {logging_mixin.py:154} INFO - [2023-11-24T00:22:30.712+0000] {dag.py:2941} INFO - Sync 1 DAGs
[2023-11-24T00:22:30.732+0000] {logging_mixin.py:154} INFO - [2023-11-24T00:22:30.731+0000] {dag.py:3722} INFO - Setting next_dagrun for example_weekday_branch_operator to 2023-11-23T00:00:00+00:00, run_after=2023-11-24T00:00:00+00:00
[2023-11-24T00:22:30.746+0000] {processor.py:179} INFO - Processing /home/airflow/.local/lib/python3.8/site-packages/airflow/example_dags/example_branch_day_of_week_operator.py took 0.063 seconds
[2023-11-24T00:23:00.998+0000] {processor.py:157} INFO - Started process (PID=591) to work on /home/airflow/.local/lib/python3.8/site-packages/airflow/example_dags/example_branch_day_of_week_operator.py
[2023-11-24T00:23:00.999+0000] {processor.py:829} INFO - Processing file /home/airflow/.local/lib/python3.8/site-packages/airflow/example_dags/example_branch_day_of_week_operator.py for tasks to queue
[2023-11-24T00:23:01.001+0000] {logging_mixin.py:154} INFO - [2023-11-24T00:23:01.001+0000] {dagbag.py:536} INFO - Filling up the DagBag from /home/airflow/.local/lib/python3.8/site-packages/airflow/example_dags/example_branch_day_of_week_operator.py
[2023-11-24T00:23:01.007+0000] {processor.py:839} INFO - DAG(s) dict_keys(['example_weekday_branch_operator']) retrieved from /home/airflow/.local/lib/python3.8/site-packages/airflow/example_dags/example_branch_day_of_week_operator.py
[2023-11-24T00:23:01.026+0000] {logging_mixin.py:154} INFO - [2023-11-24T00:23:01.025+0000] {dag.py:2941} INFO - Sync 1 DAGs
[2023-11-24T00:23:01.047+0000] {logging_mixin.py:154} INFO - [2023-11-24T00:23:01.047+0000] {dag.py:3722} INFO - Setting next_dagrun for example_weekday_branch_operator to 2023-11-23T00:00:00+00:00, run_after=2023-11-24T00:00:00+00:00
[2023-11-24T00:23:01.066+0000] {processor.py:179} INFO - Processing /home/airflow/.local/lib/python3.8/site-packages/airflow/example_dags/example_branch_day_of_week_operator.py took 0.069 seconds
[2023-11-24T00:23:31.330+0000] {processor.py:157} INFO - Started process (PID=645) to work on /home/airflow/.local/lib/python3.8/site-packages/airflow/example_dags/example_branch_day_of_week_operator.py
[2023-11-24T00:23:31.331+0000] {processor.py:829} INFO - Processing file /home/airflow/.local/lib/python3.8/site-packages/airflow/example_dags/example_branch_day_of_week_operator.py for tasks to queue
[2023-11-24T00:23:31.333+0000] {logging_mixin.py:154} INFO - [2023-11-24T00:23:31.333+0000] {dagbag.py:536} INFO - Filling up the DagBag from /home/airflow/.local/lib/python3.8/site-packages/airflow/example_dags/example_branch_day_of_week_operator.py
[2023-11-24T00:23:31.338+0000] {processor.py:839} INFO - DAG(s) dict_keys(['example_weekday_branch_operator']) retrieved from /home/airflow/.local/lib/python3.8/site-packages/airflow/example_dags/example_branch_day_of_week_operator.py
[2023-11-24T00:23:31.356+0000] {logging_mixin.py:154} INFO - [2023-11-24T00:23:31.355+0000] {dag.py:2941} INFO - Sync 1 DAGs
[2023-11-24T00:23:31.376+0000] {logging_mixin.py:154} INFO - [2023-11-24T00:23:31.375+0000] {dag.py:3722} INFO - Setting next_dagrun for example_weekday_branch_operator to 2023-11-23T00:00:00+00:00, run_after=2023-11-24T00:00:00+00:00
[2023-11-24T00:23:31.390+0000] {processor.py:179} INFO - Processing /home/airflow/.local/lib/python3.8/site-packages/airflow/example_dags/example_branch_day_of_week_operator.py took 0.062 seconds
[2023-11-24T00:24:01.698+0000] {processor.py:157} INFO - Started process (PID=698) to work on /home/airflow/.local/lib/python3.8/site-packages/airflow/example_dags/example_branch_day_of_week_operator.py
[2023-11-24T00:24:01.699+0000] {processor.py:829} INFO - Processing file /home/airflow/.local/lib/python3.8/site-packages/airflow/example_dags/example_branch_day_of_week_operator.py for tasks to queue
[2023-11-24T00:24:01.701+0000] {logging_mixin.py:154} INFO - [2023-11-24T00:24:01.701+0000] {dagbag.py:536} INFO - Filling up the DagBag from /home/airflow/.local/lib/python3.8/site-packages/airflow/example_dags/example_branch_day_of_week_operator.py
[2023-11-24T00:24:01.706+0000] {processor.py:839} INFO - DAG(s) dict_keys(['example_weekday_branch_operator']) retrieved from /home/airflow/.local/lib/python3.8/site-packages/airflow/example_dags/example_branch_day_of_week_operator.py
[2023-11-24T00:24:01.721+0000] {logging_mixin.py:154} INFO - [2023-11-24T00:24:01.721+0000] {dag.py:2941} INFO - Sync 1 DAGs
[2023-11-24T00:24:01.738+0000] {logging_mixin.py:154} INFO - [2023-11-24T00:24:01.738+0000] {dag.py:3722} INFO - Setting next_dagrun for example_weekday_branch_operator to 2023-11-23T00:00:00+00:00, run_after=2023-11-24T00:00:00+00:00
[2023-11-24T00:24:01.752+0000] {processor.py:179} INFO - Processing /home/airflow/.local/lib/python3.8/site-packages/airflow/example_dags/example_branch_day_of_week_operator.py took 0.056 seconds
[2023-11-24T00:24:31.910+0000] {processor.py:157} INFO - Started process (PID=753) to work on /home/airflow/.local/lib/python3.8/site-packages/airflow/example_dags/example_branch_day_of_week_operator.py
[2023-11-24T00:24:31.910+0000] {processor.py:829} INFO - Processing file /home/airflow/.local/lib/python3.8/site-packages/airflow/example_dags/example_branch_day_of_week_operator.py for tasks to queue
[2023-11-24T00:24:31.912+0000] {logging_mixin.py:154} INFO - [2023-11-24T00:24:31.911+0000] {dagbag.py:536} INFO - Filling up the DagBag from /home/airflow/.local/lib/python3.8/site-packages/airflow/example_dags/example_branch_day_of_week_operator.py
[2023-11-24T00:24:31.917+0000] {processor.py:839} INFO - DAG(s) dict_keys(['example_weekday_branch_operator']) retrieved from /home/airflow/.local/lib/python3.8/site-packages/airflow/example_dags/example_branch_day_of_week_operator.py
[2023-11-24T00:24:31.932+0000] {logging_mixin.py:154} INFO - [2023-11-24T00:24:31.932+0000] {dag.py:2941} INFO - Sync 1 DAGs
[2023-11-24T00:24:31.951+0000] {logging_mixin.py:154} INFO - [2023-11-24T00:24:31.951+0000] {dag.py:3722} INFO - Setting next_dagrun for example_weekday_branch_operator to 2023-11-23T00:00:00+00:00, run_after=2023-11-24T00:00:00+00:00
[2023-11-24T00:24:31.964+0000] {processor.py:179} INFO - Processing /home/airflow/.local/lib/python3.8/site-packages/airflow/example_dags/example_branch_day_of_week_operator.py took 0.057 seconds
[2023-11-24T00:25:02.428+0000] {processor.py:157} INFO - Started process (PID=806) to work on /home/airflow/.local/lib/python3.8/site-packages/airflow/example_dags/example_branch_day_of_week_operator.py
[2023-11-24T00:25:02.429+0000] {processor.py:829} INFO - Processing file /home/airflow/.local/lib/python3.8/site-packages/airflow/example_dags/example_branch_day_of_week_operator.py for tasks to queue
[2023-11-24T00:25:02.430+0000] {logging_mixin.py:154} INFO - [2023-11-24T00:25:02.430+0000] {dagbag.py:536} INFO - Filling up the DagBag from /home/airflow/.local/lib/python3.8/site-packages/airflow/example_dags/example_branch_day_of_week_operator.py
[2023-11-24T00:25:02.435+0000] {processor.py:839} INFO - DAG(s) dict_keys(['example_weekday_branch_operator']) retrieved from /home/airflow/.local/lib/python3.8/site-packages/airflow/example_dags/example_branch_day_of_week_operator.py
[2023-11-24T00:25:02.451+0000] {logging_mixin.py:154} INFO - [2023-11-24T00:25:02.450+0000] {dag.py:2941} INFO - Sync 1 DAGs
[2023-11-24T00:25:02.469+0000] {logging_mixin.py:154} INFO - [2023-11-24T00:25:02.468+0000] {dag.py:3722} INFO - Setting next_dagrun for example_weekday_branch_operator to 2023-11-23T00:00:00+00:00, run_after=2023-11-24T00:00:00+00:00
[2023-11-24T00:25:02.484+0000] {processor.py:179} INFO - Processing /home/airflow/.local/lib/python3.8/site-packages/airflow/example_dags/example_branch_day_of_week_operator.py took 0.058 seconds
[2023-11-24T00:25:33.008+0000] {processor.py:157} INFO - Started process (PID=861) to work on /home/airflow/.local/lib/python3.8/site-packages/airflow/example_dags/example_branch_day_of_week_operator.py
[2023-11-24T00:25:33.008+0000] {processor.py:829} INFO - Processing file /home/airflow/.local/lib/python3.8/site-packages/airflow/example_dags/example_branch_day_of_week_operator.py for tasks to queue
[2023-11-24T00:25:33.010+0000] {logging_mixin.py:154} INFO - [2023-11-24T00:25:33.010+0000] {dagbag.py:536} INFO - Filling up the DagBag from /home/airflow/.local/lib/python3.8/site-packages/airflow/example_dags/example_branch_day_of_week_operator.py
[2023-11-24T00:25:33.015+0000] {processor.py:839} INFO - DAG(s) dict_keys(['example_weekday_branch_operator']) retrieved from /home/airflow/.local/lib/python3.8/site-packages/airflow/example_dags/example_branch_day_of_week_operator.py
[2023-11-24T00:25:33.032+0000] {logging_mixin.py:154} INFO - [2023-11-24T00:25:33.032+0000] {dag.py:2941} INFO - Sync 1 DAGs
[2023-11-24T00:25:33.049+0000] {logging_mixin.py:154} INFO - [2023-11-24T00:25:33.049+0000] {dag.py:3722} INFO - Setting next_dagrun for example_weekday_branch_operator to 2023-11-23T00:00:00+00:00, run_after=2023-11-24T00:00:00+00:00
[2023-11-24T00:25:33.063+0000] {processor.py:179} INFO - Processing /home/airflow/.local/lib/python3.8/site-packages/airflow/example_dags/example_branch_day_of_week_operator.py took 0.057 seconds
[2023-11-24T00:26:03.815+0000] {processor.py:157} INFO - Started process (PID=915) to work on /home/airflow/.local/lib/python3.8/site-packages/airflow/example_dags/example_branch_day_of_week_operator.py
[2023-11-24T00:26:03.816+0000] {processor.py:829} INFO - Processing file /home/airflow/.local/lib/python3.8/site-packages/airflow/example_dags/example_branch_day_of_week_operator.py for tasks to queue
[2023-11-24T00:26:03.818+0000] {logging_mixin.py:154} INFO - [2023-11-24T00:26:03.818+0000] {dagbag.py:536} INFO - Filling up the DagBag from /home/airflow/.local/lib/python3.8/site-packages/airflow/example_dags/example_branch_day_of_week_operator.py
[2023-11-24T00:26:03.823+0000] {processor.py:839} INFO - DAG(s) dict_keys(['example_weekday_branch_operator']) retrieved from /home/airflow/.local/lib/python3.8/site-packages/airflow/example_dags/example_branch_day_of_week_operator.py
[2023-11-24T00:26:03.839+0000] {logging_mixin.py:154} INFO - [2023-11-24T00:26:03.839+0000] {dag.py:2941} INFO - Sync 1 DAGs
[2023-11-24T00:26:03.859+0000] {logging_mixin.py:154} INFO - [2023-11-24T00:26:03.859+0000] {dag.py:3722} INFO - Setting next_dagrun for example_weekday_branch_operator to 2023-11-23T00:00:00+00:00, run_after=2023-11-24T00:00:00+00:00
[2023-11-24T00:26:03.873+0000] {processor.py:179} INFO - Processing /home/airflow/.local/lib/python3.8/site-packages/airflow/example_dags/example_branch_day_of_week_operator.py took 0.059 seconds
[2023-11-24T00:26:34.730+0000] {processor.py:157} INFO - Started process (PID=969) to work on /home/airflow/.local/lib/python3.8/site-packages/airflow/example_dags/example_branch_day_of_week_operator.py
[2023-11-24T00:26:34.731+0000] {processor.py:829} INFO - Processing file /home/airflow/.local/lib/python3.8/site-packages/airflow/example_dags/example_branch_day_of_week_operator.py for tasks to queue
[2023-11-24T00:26:34.732+0000] {logging_mixin.py:154} INFO - [2023-11-24T00:26:34.732+0000] {dagbag.py:536} INFO - Filling up the DagBag from /home/airflow/.local/lib/python3.8/site-packages/airflow/example_dags/example_branch_day_of_week_operator.py
[2023-11-24T00:26:34.738+0000] {processor.py:839} INFO - DAG(s) dict_keys(['example_weekday_branch_operator']) retrieved from /home/airflow/.local/lib/python3.8/site-packages/airflow/example_dags/example_branch_day_of_week_operator.py
[2023-11-24T00:26:34.754+0000] {logging_mixin.py:154} INFO - [2023-11-24T00:26:34.754+0000] {dag.py:2941} INFO - Sync 1 DAGs
[2023-11-24T00:26:34.916+0000] {logging_mixin.py:154} INFO - [2023-11-24T00:26:34.916+0000] {dag.py:3722} INFO - Setting next_dagrun for example_weekday_branch_operator to 2023-11-23T00:00:00+00:00, run_after=2023-11-24T00:00:00+00:00
[2023-11-24T00:26:34.933+0000] {processor.py:179} INFO - Processing /home/airflow/.local/lib/python3.8/site-packages/airflow/example_dags/example_branch_day_of_week_operator.py took 0.205 seconds
[2023-11-24T00:27:05.723+0000] {processor.py:157} INFO - Started process (PID=1023) to work on /home/airflow/.local/lib/python3.8/site-packages/airflow/example_dags/example_branch_day_of_week_operator.py
[2023-11-24T00:27:05.723+0000] {processor.py:829} INFO - Processing file /home/airflow/.local/lib/python3.8/site-packages/airflow/example_dags/example_branch_day_of_week_operator.py for tasks to queue
[2023-11-24T00:27:05.725+0000] {logging_mixin.py:154} INFO - [2023-11-24T00:27:05.724+0000] {dagbag.py:536} INFO - Filling up the DagBag from /home/airflow/.local/lib/python3.8/site-packages/airflow/example_dags/example_branch_day_of_week_operator.py
[2023-11-24T00:27:05.730+0000] {processor.py:839} INFO - DAG(s) dict_keys(['example_weekday_branch_operator']) retrieved from /home/airflow/.local/lib/python3.8/site-packages/airflow/example_dags/example_branch_day_of_week_operator.py
[2023-11-24T00:27:05.745+0000] {logging_mixin.py:154} INFO - [2023-11-24T00:27:05.745+0000] {dag.py:2941} INFO - Sync 1 DAGs
[2023-11-24T00:27:05.763+0000] {logging_mixin.py:154} INFO - [2023-11-24T00:27:05.763+0000] {dag.py:3722} INFO - Setting next_dagrun for example_weekday_branch_operator to 2023-11-23T00:00:00+00:00, run_after=2023-11-24T00:00:00+00:00
[2023-11-24T00:27:05.777+0000] {processor.py:179} INFO - Processing /home/airflow/.local/lib/python3.8/site-packages/airflow/example_dags/example_branch_day_of_week_operator.py took 0.057 seconds
[2023-11-24T00:27:36.426+0000] {processor.py:157} INFO - Started process (PID=1077) to work on /home/airflow/.local/lib/python3.8/site-packages/airflow/example_dags/example_branch_day_of_week_operator.py
[2023-11-24T00:27:36.427+0000] {processor.py:829} INFO - Processing file /home/airflow/.local/lib/python3.8/site-packages/airflow/example_dags/example_branch_day_of_week_operator.py for tasks to queue
[2023-11-24T00:27:36.428+0000] {logging_mixin.py:154} INFO - [2023-11-24T00:27:36.428+0000] {dagbag.py:536} INFO - Filling up the DagBag from /home/airflow/.local/lib/python3.8/site-packages/airflow/example_dags/example_branch_day_of_week_operator.py
[2023-11-24T00:27:36.436+0000] {processor.py:839} INFO - DAG(s) dict_keys(['example_weekday_branch_operator']) retrieved from /home/airflow/.local/lib/python3.8/site-packages/airflow/example_dags/example_branch_day_of_week_operator.py
[2023-11-24T00:27:36.457+0000] {logging_mixin.py:154} INFO - [2023-11-24T00:27:36.457+0000] {dag.py:2941} INFO - Sync 1 DAGs
[2023-11-24T00:27:36.484+0000] {logging_mixin.py:154} INFO - [2023-11-24T00:27:36.484+0000] {dag.py:3722} INFO - Setting next_dagrun for example_weekday_branch_operator to 2023-11-23T00:00:00+00:00, run_after=2023-11-24T00:00:00+00:00
[2023-11-24T00:27:36.510+0000] {processor.py:179} INFO - Processing /home/airflow/.local/lib/python3.8/site-packages/airflow/example_dags/example_branch_day_of_week_operator.py took 0.087 seconds
[2023-11-24T00:28:07.301+0000] {processor.py:157} INFO - Started process (PID=1131) to work on /home/airflow/.local/lib/python3.8/site-packages/airflow/example_dags/example_branch_day_of_week_operator.py
[2023-11-24T00:28:07.304+0000] {processor.py:829} INFO - Processing file /home/airflow/.local/lib/python3.8/site-packages/airflow/example_dags/example_branch_day_of_week_operator.py for tasks to queue
[2023-11-24T00:28:07.306+0000] {logging_mixin.py:154} INFO - [2023-11-24T00:28:07.305+0000] {dagbag.py:536} INFO - Filling up the DagBag from /home/airflow/.local/lib/python3.8/site-packages/airflow/example_dags/example_branch_day_of_week_operator.py
[2023-11-24T00:28:07.311+0000] {processor.py:839} INFO - DAG(s) dict_keys(['example_weekday_branch_operator']) retrieved from /home/airflow/.local/lib/python3.8/site-packages/airflow/example_dags/example_branch_day_of_week_operator.py
[2023-11-24T00:28:07.328+0000] {logging_mixin.py:154} INFO - [2023-11-24T00:28:07.327+0000] {dag.py:2941} INFO - Sync 1 DAGs
[2023-11-24T00:28:07.347+0000] {logging_mixin.py:154} INFO - [2023-11-24T00:28:07.347+0000] {dag.py:3722} INFO - Setting next_dagrun for example_weekday_branch_operator to 2023-11-23T00:00:00+00:00, run_after=2023-11-24T00:00:00+00:00
[2023-11-24T00:28:07.362+0000] {processor.py:179} INFO - Processing /home/airflow/.local/lib/python3.8/site-packages/airflow/example_dags/example_branch_day_of_week_operator.py took 0.063 seconds
[2023-11-24T00:28:37.782+0000] {processor.py:157} INFO - Started process (PID=1185) to work on /home/airflow/.local/lib/python3.8/site-packages/airflow/example_dags/example_branch_day_of_week_operator.py
[2023-11-24T00:28:37.783+0000] {processor.py:829} INFO - Processing file /home/airflow/.local/lib/python3.8/site-packages/airflow/example_dags/example_branch_day_of_week_operator.py for tasks to queue
[2023-11-24T00:28:37.784+0000] {logging_mixin.py:154} INFO - [2023-11-24T00:28:37.784+0000] {dagbag.py:536} INFO - Filling up the DagBag from /home/airflow/.local/lib/python3.8/site-packages/airflow/example_dags/example_branch_day_of_week_operator.py
[2023-11-24T00:28:37.789+0000] {processor.py:839} INFO - DAG(s) dict_keys(['example_weekday_branch_operator']) retrieved from /home/airflow/.local/lib/python3.8/site-packages/airflow/example_dags/example_branch_day_of_week_operator.py
[2023-11-24T00:28:37.805+0000] {logging_mixin.py:154} INFO - [2023-11-24T00:28:37.805+0000] {dag.py:2941} INFO - Sync 1 DAGs
[2023-11-24T00:28:37.962+0000] {logging_mixin.py:154} INFO - [2023-11-24T00:28:37.962+0000] {dag.py:3722} INFO - Setting next_dagrun for example_weekday_branch_operator to 2023-11-23T00:00:00+00:00, run_after=2023-11-24T00:00:00+00:00
[2023-11-24T00:28:37.977+0000] {processor.py:179} INFO - Processing /home/airflow/.local/lib/python3.8/site-packages/airflow/example_dags/example_branch_day_of_week_operator.py took 0.197 seconds
[2023-11-24T00:29:08.070+0000] {processor.py:157} INFO - Started process (PID=1239) to work on /home/airflow/.local/lib/python3.8/site-packages/airflow/example_dags/example_branch_day_of_week_operator.py
[2023-11-24T00:29:08.073+0000] {processor.py:829} INFO - Processing file /home/airflow/.local/lib/python3.8/site-packages/airflow/example_dags/example_branch_day_of_week_operator.py for tasks to queue
[2023-11-24T00:29:08.074+0000] {logging_mixin.py:154} INFO - [2023-11-24T00:29:08.074+0000] {dagbag.py:536} INFO - Filling up the DagBag from /home/airflow/.local/lib/python3.8/site-packages/airflow/example_dags/example_branch_day_of_week_operator.py
[2023-11-24T00:29:08.080+0000] {processor.py:839} INFO - DAG(s) dict_keys(['example_weekday_branch_operator']) retrieved from /home/airflow/.local/lib/python3.8/site-packages/airflow/example_dags/example_branch_day_of_week_operator.py
[2023-11-24T00:29:08.096+0000] {logging_mixin.py:154} INFO - [2023-11-24T00:29:08.096+0000] {dag.py:2941} INFO - Sync 1 DAGs
[2023-11-24T00:29:08.116+0000] {logging_mixin.py:154} INFO - [2023-11-24T00:29:08.116+0000] {dag.py:3722} INFO - Setting next_dagrun for example_weekday_branch_operator to 2023-11-23T00:00:00+00:00, run_after=2023-11-24T00:00:00+00:00
[2023-11-24T00:29:08.269+0000] {processor.py:179} INFO - Processing /home/airflow/.local/lib/python3.8/site-packages/airflow/example_dags/example_branch_day_of_week_operator.py took 0.201 seconds
[2023-11-24T00:29:38.548+0000] {processor.py:157} INFO - Started process (PID=1293) to work on /home/airflow/.local/lib/python3.8/site-packages/airflow/example_dags/example_branch_day_of_week_operator.py
[2023-11-24T00:29:38.551+0000] {processor.py:829} INFO - Processing file /home/airflow/.local/lib/python3.8/site-packages/airflow/example_dags/example_branch_day_of_week_operator.py for tasks to queue
[2023-11-24T00:29:38.553+0000] {logging_mixin.py:154} INFO - [2023-11-24T00:29:38.553+0000] {dagbag.py:536} INFO - Filling up the DagBag from /home/airflow/.local/lib/python3.8/site-packages/airflow/example_dags/example_branch_day_of_week_operator.py
[2023-11-24T00:29:38.559+0000] {processor.py:839} INFO - DAG(s) dict_keys(['example_weekday_branch_operator']) retrieved from /home/airflow/.local/lib/python3.8/site-packages/airflow/example_dags/example_branch_day_of_week_operator.py
[2023-11-24T00:29:38.576+0000] {logging_mixin.py:154} INFO - [2023-11-24T00:29:38.576+0000] {dag.py:2941} INFO - Sync 1 DAGs
[2023-11-24T00:29:38.596+0000] {logging_mixin.py:154} INFO - [2023-11-24T00:29:38.596+0000] {dag.py:3722} INFO - Setting next_dagrun for example_weekday_branch_operator to 2023-11-23T00:00:00+00:00, run_after=2023-11-24T00:00:00+00:00
[2023-11-24T00:29:38.611+0000] {processor.py:179} INFO - Processing /home/airflow/.local/lib/python3.8/site-packages/airflow/example_dags/example_branch_day_of_week_operator.py took 0.065 seconds
[2023-11-24T00:30:08.821+0000] {processor.py:157} INFO - Started process (PID=1347) to work on /home/airflow/.local/lib/python3.8/site-packages/airflow/example_dags/example_branch_day_of_week_operator.py
[2023-11-24T00:30:08.822+0000] {processor.py:829} INFO - Processing file /home/airflow/.local/lib/python3.8/site-packages/airflow/example_dags/example_branch_day_of_week_operator.py for tasks to queue
[2023-11-24T00:30:08.823+0000] {logging_mixin.py:154} INFO - [2023-11-24T00:30:08.823+0000] {dagbag.py:536} INFO - Filling up the DagBag from /home/airflow/.local/lib/python3.8/site-packages/airflow/example_dags/example_branch_day_of_week_operator.py
[2023-11-24T00:30:08.829+0000] {processor.py:839} INFO - DAG(s) dict_keys(['example_weekday_branch_operator']) retrieved from /home/airflow/.local/lib/python3.8/site-packages/airflow/example_dags/example_branch_day_of_week_operator.py
[2023-11-24T00:30:08.984+0000] {logging_mixin.py:154} INFO - [2023-11-24T00:30:08.983+0000] {dag.py:2941} INFO - Sync 1 DAGs
[2023-11-24T00:30:09.001+0000] {logging_mixin.py:154} INFO - [2023-11-24T00:30:09.000+0000] {dag.py:3722} INFO - Setting next_dagrun for example_weekday_branch_operator to 2023-11-23T00:00:00+00:00, run_after=2023-11-24T00:00:00+00:00
[2023-11-24T00:30:09.014+0000] {processor.py:179} INFO - Processing /home/airflow/.local/lib/python3.8/site-packages/airflow/example_dags/example_branch_day_of_week_operator.py took 0.196 seconds
[2023-11-24T00:30:39.255+0000] {processor.py:157} INFO - Started process (PID=1401) to work on /home/airflow/.local/lib/python3.8/site-packages/airflow/example_dags/example_branch_day_of_week_operator.py
[2023-11-24T00:30:39.258+0000] {processor.py:829} INFO - Processing file /home/airflow/.local/lib/python3.8/site-packages/airflow/example_dags/example_branch_day_of_week_operator.py for tasks to queue
[2023-11-24T00:30:39.263+0000] {logging_mixin.py:154} INFO - [2023-11-24T00:30:39.263+0000] {dagbag.py:536} INFO - Filling up the DagBag from /home/airflow/.local/lib/python3.8/site-packages/airflow/example_dags/example_branch_day_of_week_operator.py
[2023-11-24T00:30:39.290+0000] {processor.py:839} INFO - DAG(s) dict_keys(['example_weekday_branch_operator']) retrieved from /home/airflow/.local/lib/python3.8/site-packages/airflow/example_dags/example_branch_day_of_week_operator.py
[2023-11-24T00:30:39.340+0000] {logging_mixin.py:154} INFO - [2023-11-24T00:30:39.340+0000] {dag.py:2941} INFO - Sync 1 DAGs
[2023-11-24T00:30:39.560+0000] {logging_mixin.py:154} INFO - [2023-11-24T00:30:39.560+0000] {dag.py:3722} INFO - Setting next_dagrun for example_weekday_branch_operator to 2023-11-23T00:00:00+00:00, run_after=2023-11-24T00:00:00+00:00
[2023-11-24T00:30:39.582+0000] {processor.py:179} INFO - Processing /home/airflow/.local/lib/python3.8/site-packages/airflow/example_dags/example_branch_day_of_week_operator.py took 0.336 seconds
