[2023-11-24T00:17:58.226+0000] {processor.py:157} INFO - Started process (PID=58) to work on /home/airflow/.local/lib/python3.8/site-packages/airflow/example_dags/example_dynamic_task_mapping_with_no_taskflow_operators.py
[2023-11-24T00:17:58.227+0000] {processor.py:829} INFO - Processing file /home/airflow/.local/lib/python3.8/site-packages/airflow/example_dags/example_dynamic_task_mapping_with_no_taskflow_operators.py for tasks to queue
[2023-11-24T00:17:58.229+0000] {logging_mixin.py:154} INFO - [2023-11-24T00:17:58.229+0000] {dagbag.py:536} INFO - Filling up the DagBag from /home/airflow/.local/lib/python3.8/site-packages/airflow/example_dags/example_dynamic_task_mapping_with_no_taskflow_operators.py
[2023-11-24T00:17:58.238+0000] {processor.py:839} INFO - DAG(s) dict_keys(['example_dynamic_task_mapping_with_no_taskflow_operators']) retrieved from /home/airflow/.local/lib/python3.8/site-packages/airflow/example_dags/example_dynamic_task_mapping_with_no_taskflow_operators.py
[2023-11-24T00:17:58.249+0000] {logging_mixin.py:154} INFO - [2023-11-24T00:17:58.249+0000] {dag.py:2941} INFO - Sync 1 DAGs
[2023-11-24T00:17:58.276+0000] {logging_mixin.py:154} INFO - [2023-11-24T00:17:58.276+0000] {dag.py:3722} INFO - Setting next_dagrun for example_dynamic_task_mapping_with_no_taskflow_operators to 2023-11-23T00:17:58.275082+00:00, run_after=2023-11-24T00:17:58.275082+00:00
[2023-11-24T00:17:58.296+0000] {processor.py:179} INFO - Processing /home/airflow/.local/lib/python3.8/site-packages/airflow/example_dags/example_dynamic_task_mapping_with_no_taskflow_operators.py took 0.074 seconds
[2023-11-24T00:18:28.365+0000] {processor.py:157} INFO - Started process (PID=112) to work on /home/airflow/.local/lib/python3.8/site-packages/airflow/example_dags/example_dynamic_task_mapping_with_no_taskflow_operators.py
[2023-11-24T00:18:28.366+0000] {processor.py:829} INFO - Processing file /home/airflow/.local/lib/python3.8/site-packages/airflow/example_dags/example_dynamic_task_mapping_with_no_taskflow_operators.py for tasks to queue
[2023-11-24T00:18:28.368+0000] {logging_mixin.py:154} INFO - [2023-11-24T00:18:28.368+0000] {dagbag.py:536} INFO - Filling up the DagBag from /home/airflow/.local/lib/python3.8/site-packages/airflow/example_dags/example_dynamic_task_mapping_with_no_taskflow_operators.py
[2023-11-24T00:18:28.372+0000] {processor.py:839} INFO - DAG(s) dict_keys(['example_dynamic_task_mapping_with_no_taskflow_operators']) retrieved from /home/airflow/.local/lib/python3.8/site-packages/airflow/example_dags/example_dynamic_task_mapping_with_no_taskflow_operators.py
[2023-11-24T00:18:28.387+0000] {logging_mixin.py:154} INFO - [2023-11-24T00:18:28.387+0000] {dag.py:2941} INFO - Sync 1 DAGs
[2023-11-24T00:18:28.405+0000] {logging_mixin.py:154} INFO - [2023-11-24T00:18:28.404+0000] {dag.py:3722} INFO - Setting next_dagrun for example_dynamic_task_mapping_with_no_taskflow_operators to 2023-11-23T00:18:28.404768+00:00, run_after=2023-11-24T00:18:28.404768+00:00
[2023-11-24T00:18:28.419+0000] {processor.py:179} INFO - Processing /home/airflow/.local/lib/python3.8/site-packages/airflow/example_dags/example_dynamic_task_mapping_with_no_taskflow_operators.py took 0.056 seconds
[2023-11-24T00:18:58.475+0000] {processor.py:157} INFO - Started process (PID=166) to work on /home/airflow/.local/lib/python3.8/site-packages/airflow/example_dags/example_dynamic_task_mapping_with_no_taskflow_operators.py
[2023-11-24T00:18:58.477+0000] {processor.py:829} INFO - Processing file /home/airflow/.local/lib/python3.8/site-packages/airflow/example_dags/example_dynamic_task_mapping_with_no_taskflow_operators.py for tasks to queue
[2023-11-24T00:18:58.479+0000] {logging_mixin.py:154} INFO - [2023-11-24T00:18:58.478+0000] {dagbag.py:536} INFO - Filling up the DagBag from /home/airflow/.local/lib/python3.8/site-packages/airflow/example_dags/example_dynamic_task_mapping_with_no_taskflow_operators.py
[2023-11-24T00:18:58.484+0000] {processor.py:839} INFO - DAG(s) dict_keys(['example_dynamic_task_mapping_with_no_taskflow_operators']) retrieved from /home/airflow/.local/lib/python3.8/site-packages/airflow/example_dags/example_dynamic_task_mapping_with_no_taskflow_operators.py
[2023-11-24T00:18:58.499+0000] {logging_mixin.py:154} INFO - [2023-11-24T00:18:58.499+0000] {dag.py:2941} INFO - Sync 1 DAGs
[2023-11-24T00:18:58.517+0000] {logging_mixin.py:154} INFO - [2023-11-24T00:18:58.516+0000] {dag.py:3722} INFO - Setting next_dagrun for example_dynamic_task_mapping_with_no_taskflow_operators to 2023-11-23T00:18:58.516604+00:00, run_after=2023-11-24T00:18:58.516604+00:00
[2023-11-24T00:18:58.530+0000] {processor.py:179} INFO - Processing /home/airflow/.local/lib/python3.8/site-packages/airflow/example_dags/example_dynamic_task_mapping_with_no_taskflow_operators.py took 0.058 seconds
[2023-11-24T00:19:28.658+0000] {processor.py:157} INFO - Started process (PID=220) to work on /home/airflow/.local/lib/python3.8/site-packages/airflow/example_dags/example_dynamic_task_mapping_with_no_taskflow_operators.py
[2023-11-24T00:19:28.659+0000] {processor.py:829} INFO - Processing file /home/airflow/.local/lib/python3.8/site-packages/airflow/example_dags/example_dynamic_task_mapping_with_no_taskflow_operators.py for tasks to queue
[2023-11-24T00:19:28.661+0000] {logging_mixin.py:154} INFO - [2023-11-24T00:19:28.661+0000] {dagbag.py:536} INFO - Filling up the DagBag from /home/airflow/.local/lib/python3.8/site-packages/airflow/example_dags/example_dynamic_task_mapping_with_no_taskflow_operators.py
[2023-11-24T00:19:28.665+0000] {processor.py:839} INFO - DAG(s) dict_keys(['example_dynamic_task_mapping_with_no_taskflow_operators']) retrieved from /home/airflow/.local/lib/python3.8/site-packages/airflow/example_dags/example_dynamic_task_mapping_with_no_taskflow_operators.py
[2023-11-24T00:19:28.679+0000] {logging_mixin.py:154} INFO - [2023-11-24T00:19:28.679+0000] {dag.py:2941} INFO - Sync 1 DAGs
[2023-11-24T00:19:28.696+0000] {logging_mixin.py:154} INFO - [2023-11-24T00:19:28.695+0000] {dag.py:3722} INFO - Setting next_dagrun for example_dynamic_task_mapping_with_no_taskflow_operators to 2023-11-23T00:19:28.695778+00:00, run_after=2023-11-24T00:19:28.695778+00:00
[2023-11-24T00:19:28.710+0000] {processor.py:179} INFO - Processing /home/airflow/.local/lib/python3.8/site-packages/airflow/example_dags/example_dynamic_task_mapping_with_no_taskflow_operators.py took 0.053 seconds
[2023-11-24T00:19:58.954+0000] {processor.py:157} INFO - Started process (PID=274) to work on /home/airflow/.local/lib/python3.8/site-packages/airflow/example_dags/example_dynamic_task_mapping_with_no_taskflow_operators.py
[2023-11-24T00:19:58.955+0000] {processor.py:829} INFO - Processing file /home/airflow/.local/lib/python3.8/site-packages/airflow/example_dags/example_dynamic_task_mapping_with_no_taskflow_operators.py for tasks to queue
[2023-11-24T00:19:58.956+0000] {logging_mixin.py:154} INFO - [2023-11-24T00:19:58.956+0000] {dagbag.py:536} INFO - Filling up the DagBag from /home/airflow/.local/lib/python3.8/site-packages/airflow/example_dags/example_dynamic_task_mapping_with_no_taskflow_operators.py
[2023-11-24T00:19:58.960+0000] {processor.py:839} INFO - DAG(s) dict_keys(['example_dynamic_task_mapping_with_no_taskflow_operators']) retrieved from /home/airflow/.local/lib/python3.8/site-packages/airflow/example_dags/example_dynamic_task_mapping_with_no_taskflow_operators.py
[2023-11-24T00:19:58.975+0000] {logging_mixin.py:154} INFO - [2023-11-24T00:19:58.974+0000] {dag.py:2941} INFO - Sync 1 DAGs
[2023-11-24T00:19:58.991+0000] {logging_mixin.py:154} INFO - [2023-11-24T00:19:58.991+0000] {dag.py:3722} INFO - Setting next_dagrun for example_dynamic_task_mapping_with_no_taskflow_operators to 2023-11-23T00:19:58.990819+00:00, run_after=2023-11-24T00:19:58.990819+00:00
[2023-11-24T00:19:59.005+0000] {processor.py:179} INFO - Processing /home/airflow/.local/lib/python3.8/site-packages/airflow/example_dags/example_dynamic_task_mapping_with_no_taskflow_operators.py took 0.053 seconds
[2023-11-24T00:20:29.365+0000] {processor.py:157} INFO - Started process (PID=328) to work on /home/airflow/.local/lib/python3.8/site-packages/airflow/example_dags/example_dynamic_task_mapping_with_no_taskflow_operators.py
[2023-11-24T00:20:29.366+0000] {processor.py:829} INFO - Processing file /home/airflow/.local/lib/python3.8/site-packages/airflow/example_dags/example_dynamic_task_mapping_with_no_taskflow_operators.py for tasks to queue
[2023-11-24T00:20:29.367+0000] {logging_mixin.py:154} INFO - [2023-11-24T00:20:29.367+0000] {dagbag.py:536} INFO - Filling up the DagBag from /home/airflow/.local/lib/python3.8/site-packages/airflow/example_dags/example_dynamic_task_mapping_with_no_taskflow_operators.py
[2023-11-24T00:20:29.371+0000] {processor.py:839} INFO - DAG(s) dict_keys(['example_dynamic_task_mapping_with_no_taskflow_operators']) retrieved from /home/airflow/.local/lib/python3.8/site-packages/airflow/example_dags/example_dynamic_task_mapping_with_no_taskflow_operators.py
[2023-11-24T00:20:29.386+0000] {logging_mixin.py:154} INFO - [2023-11-24T00:20:29.385+0000] {dag.py:2941} INFO - Sync 1 DAGs
[2023-11-24T00:20:29.402+0000] {logging_mixin.py:154} INFO - [2023-11-24T00:20:29.402+0000] {dag.py:3722} INFO - Setting next_dagrun for example_dynamic_task_mapping_with_no_taskflow_operators to 2023-11-23T00:20:29.402227+00:00, run_after=2023-11-24T00:20:29.402227+00:00
[2023-11-24T00:20:29.417+0000] {processor.py:179} INFO - Processing /home/airflow/.local/lib/python3.8/site-packages/airflow/example_dags/example_dynamic_task_mapping_with_no_taskflow_operators.py took 0.054 seconds
[2023-11-24T00:20:59.656+0000] {processor.py:157} INFO - Started process (PID=382) to work on /home/airflow/.local/lib/python3.8/site-packages/airflow/example_dags/example_dynamic_task_mapping_with_no_taskflow_operators.py
[2023-11-24T00:20:59.657+0000] {processor.py:829} INFO - Processing file /home/airflow/.local/lib/python3.8/site-packages/airflow/example_dags/example_dynamic_task_mapping_with_no_taskflow_operators.py for tasks to queue
[2023-11-24T00:20:59.658+0000] {logging_mixin.py:154} INFO - [2023-11-24T00:20:59.658+0000] {dagbag.py:536} INFO - Filling up the DagBag from /home/airflow/.local/lib/python3.8/site-packages/airflow/example_dags/example_dynamic_task_mapping_with_no_taskflow_operators.py
[2023-11-24T00:20:59.663+0000] {processor.py:839} INFO - DAG(s) dict_keys(['example_dynamic_task_mapping_with_no_taskflow_operators']) retrieved from /home/airflow/.local/lib/python3.8/site-packages/airflow/example_dags/example_dynamic_task_mapping_with_no_taskflow_operators.py
[2023-11-24T00:20:59.678+0000] {logging_mixin.py:154} INFO - [2023-11-24T00:20:59.678+0000] {dag.py:2941} INFO - Sync 1 DAGs
[2023-11-24T00:20:59.697+0000] {logging_mixin.py:154} INFO - [2023-11-24T00:20:59.697+0000] {dag.py:3722} INFO - Setting next_dagrun for example_dynamic_task_mapping_with_no_taskflow_operators to 2023-11-23T00:20:59.697582+00:00, run_after=2023-11-24T00:20:59.697582+00:00
[2023-11-24T00:20:59.712+0000] {processor.py:179} INFO - Processing /home/airflow/.local/lib/python3.8/site-packages/airflow/example_dags/example_dynamic_task_mapping_with_no_taskflow_operators.py took 0.058 seconds
[2023-11-24T00:21:30.054+0000] {processor.py:157} INFO - Started process (PID=436) to work on /home/airflow/.local/lib/python3.8/site-packages/airflow/example_dags/example_dynamic_task_mapping_with_no_taskflow_operators.py
[2023-11-24T00:21:30.055+0000] {processor.py:829} INFO - Processing file /home/airflow/.local/lib/python3.8/site-packages/airflow/example_dags/example_dynamic_task_mapping_with_no_taskflow_operators.py for tasks to queue
[2023-11-24T00:21:30.057+0000] {logging_mixin.py:154} INFO - [2023-11-24T00:21:30.057+0000] {dagbag.py:536} INFO - Filling up the DagBag from /home/airflow/.local/lib/python3.8/site-packages/airflow/example_dags/example_dynamic_task_mapping_with_no_taskflow_operators.py
[2023-11-24T00:21:30.061+0000] {processor.py:839} INFO - DAG(s) dict_keys(['example_dynamic_task_mapping_with_no_taskflow_operators']) retrieved from /home/airflow/.local/lib/python3.8/site-packages/airflow/example_dags/example_dynamic_task_mapping_with_no_taskflow_operators.py
[2023-11-24T00:21:30.076+0000] {logging_mixin.py:154} INFO - [2023-11-24T00:21:30.076+0000] {dag.py:2941} INFO - Sync 1 DAGs
[2023-11-24T00:21:30.094+0000] {logging_mixin.py:154} INFO - [2023-11-24T00:21:30.093+0000] {dag.py:3722} INFO - Setting next_dagrun for example_dynamic_task_mapping_with_no_taskflow_operators to 2023-11-23T00:21:30.093740+00:00, run_after=2023-11-24T00:21:30.093740+00:00
[2023-11-24T00:21:30.107+0000] {processor.py:179} INFO - Processing /home/airflow/.local/lib/python3.8/site-packages/airflow/example_dags/example_dynamic_task_mapping_with_no_taskflow_operators.py took 0.055 seconds
[2023-11-24T00:22:00.644+0000] {processor.py:157} INFO - Started process (PID=490) to work on /home/airflow/.local/lib/python3.8/site-packages/airflow/example_dags/example_dynamic_task_mapping_with_no_taskflow_operators.py
[2023-11-24T00:22:00.645+0000] {processor.py:829} INFO - Processing file /home/airflow/.local/lib/python3.8/site-packages/airflow/example_dags/example_dynamic_task_mapping_with_no_taskflow_operators.py for tasks to queue
[2023-11-24T00:22:00.646+0000] {logging_mixin.py:154} INFO - [2023-11-24T00:22:00.646+0000] {dagbag.py:536} INFO - Filling up the DagBag from /home/airflow/.local/lib/python3.8/site-packages/airflow/example_dags/example_dynamic_task_mapping_with_no_taskflow_operators.py
[2023-11-24T00:22:00.651+0000] {processor.py:839} INFO - DAG(s) dict_keys(['example_dynamic_task_mapping_with_no_taskflow_operators']) retrieved from /home/airflow/.local/lib/python3.8/site-packages/airflow/example_dags/example_dynamic_task_mapping_with_no_taskflow_operators.py
[2023-11-24T00:22:00.665+0000] {logging_mixin.py:154} INFO - [2023-11-24T00:22:00.665+0000] {dag.py:2941} INFO - Sync 1 DAGs
[2023-11-24T00:22:00.681+0000] {logging_mixin.py:154} INFO - [2023-11-24T00:22:00.681+0000] {dag.py:3722} INFO - Setting next_dagrun for example_dynamic_task_mapping_with_no_taskflow_operators to 2023-11-23T00:22:00.681538+00:00, run_after=2023-11-24T00:22:00.681538+00:00
[2023-11-24T00:22:00.697+0000] {processor.py:179} INFO - Processing /home/airflow/.local/lib/python3.8/site-packages/airflow/example_dags/example_dynamic_task_mapping_with_no_taskflow_operators.py took 0.055 seconds
[2023-11-24T00:22:30.972+0000] {processor.py:157} INFO - Started process (PID=544) to work on /home/airflow/.local/lib/python3.8/site-packages/airflow/example_dags/example_dynamic_task_mapping_with_no_taskflow_operators.py
[2023-11-24T00:22:30.973+0000] {processor.py:829} INFO - Processing file /home/airflow/.local/lib/python3.8/site-packages/airflow/example_dags/example_dynamic_task_mapping_with_no_taskflow_operators.py for tasks to queue
[2023-11-24T00:22:30.974+0000] {logging_mixin.py:154} INFO - [2023-11-24T00:22:30.974+0000] {dagbag.py:536} INFO - Filling up the DagBag from /home/airflow/.local/lib/python3.8/site-packages/airflow/example_dags/example_dynamic_task_mapping_with_no_taskflow_operators.py
[2023-11-24T00:22:30.979+0000] {processor.py:839} INFO - DAG(s) dict_keys(['example_dynamic_task_mapping_with_no_taskflow_operators']) retrieved from /home/airflow/.local/lib/python3.8/site-packages/airflow/example_dags/example_dynamic_task_mapping_with_no_taskflow_operators.py
[2023-11-24T00:22:30.994+0000] {logging_mixin.py:154} INFO - [2023-11-24T00:22:30.993+0000] {dag.py:2941} INFO - Sync 1 DAGs
[2023-11-24T00:22:31.010+0000] {logging_mixin.py:154} INFO - [2023-11-24T00:22:31.010+0000] {dag.py:3722} INFO - Setting next_dagrun for example_dynamic_task_mapping_with_no_taskflow_operators to 2023-11-23T00:22:31.010232+00:00, run_after=2023-11-24T00:22:31.010232+00:00
[2023-11-24T00:22:31.026+0000] {processor.py:179} INFO - Processing /home/airflow/.local/lib/python3.8/site-packages/airflow/example_dags/example_dynamic_task_mapping_with_no_taskflow_operators.py took 0.056 seconds
[2023-11-24T00:23:01.313+0000] {processor.py:157} INFO - Started process (PID=598) to work on /home/airflow/.local/lib/python3.8/site-packages/airflow/example_dags/example_dynamic_task_mapping_with_no_taskflow_operators.py
[2023-11-24T00:23:01.314+0000] {processor.py:829} INFO - Processing file /home/airflow/.local/lib/python3.8/site-packages/airflow/example_dags/example_dynamic_task_mapping_with_no_taskflow_operators.py for tasks to queue
[2023-11-24T00:23:01.316+0000] {logging_mixin.py:154} INFO - [2023-11-24T00:23:01.316+0000] {dagbag.py:536} INFO - Filling up the DagBag from /home/airflow/.local/lib/python3.8/site-packages/airflow/example_dags/example_dynamic_task_mapping_with_no_taskflow_operators.py
[2023-11-24T00:23:01.321+0000] {processor.py:839} INFO - DAG(s) dict_keys(['example_dynamic_task_mapping_with_no_taskflow_operators']) retrieved from /home/airflow/.local/lib/python3.8/site-packages/airflow/example_dags/example_dynamic_task_mapping_with_no_taskflow_operators.py
[2023-11-24T00:23:01.338+0000] {logging_mixin.py:154} INFO - [2023-11-24T00:23:01.338+0000] {dag.py:2941} INFO - Sync 1 DAGs
[2023-11-24T00:23:01.358+0000] {logging_mixin.py:154} INFO - [2023-11-24T00:23:01.358+0000] {dag.py:3722} INFO - Setting next_dagrun for example_dynamic_task_mapping_with_no_taskflow_operators to 2023-11-23T00:23:01.357854+00:00, run_after=2023-11-24T00:23:01.357854+00:00
[2023-11-24T00:23:01.373+0000] {processor.py:179} INFO - Processing /home/airflow/.local/lib/python3.8/site-packages/airflow/example_dags/example_dynamic_task_mapping_with_no_taskflow_operators.py took 0.063 seconds
[2023-11-24T00:23:31.614+0000] {processor.py:157} INFO - Started process (PID=652) to work on /home/airflow/.local/lib/python3.8/site-packages/airflow/example_dags/example_dynamic_task_mapping_with_no_taskflow_operators.py
[2023-11-24T00:23:31.615+0000] {processor.py:829} INFO - Processing file /home/airflow/.local/lib/python3.8/site-packages/airflow/example_dags/example_dynamic_task_mapping_with_no_taskflow_operators.py for tasks to queue
[2023-11-24T00:23:31.617+0000] {logging_mixin.py:154} INFO - [2023-11-24T00:23:31.616+0000] {dagbag.py:536} INFO - Filling up the DagBag from /home/airflow/.local/lib/python3.8/site-packages/airflow/example_dags/example_dynamic_task_mapping_with_no_taskflow_operators.py
[2023-11-24T00:23:31.621+0000] {processor.py:839} INFO - DAG(s) dict_keys(['example_dynamic_task_mapping_with_no_taskflow_operators']) retrieved from /home/airflow/.local/lib/python3.8/site-packages/airflow/example_dags/example_dynamic_task_mapping_with_no_taskflow_operators.py
[2023-11-24T00:23:31.637+0000] {logging_mixin.py:154} INFO - [2023-11-24T00:23:31.637+0000] {dag.py:2941} INFO - Sync 1 DAGs
[2023-11-24T00:23:31.656+0000] {logging_mixin.py:154} INFO - [2023-11-24T00:23:31.655+0000] {dag.py:3722} INFO - Setting next_dagrun for example_dynamic_task_mapping_with_no_taskflow_operators to 2023-11-23T00:23:31.655777+00:00, run_after=2023-11-24T00:23:31.655777+00:00
[2023-11-24T00:23:31.671+0000] {processor.py:179} INFO - Processing /home/airflow/.local/lib/python3.8/site-packages/airflow/example_dags/example_dynamic_task_mapping_with_no_taskflow_operators.py took 0.059 seconds
[2023-11-24T00:24:02.027+0000] {processor.py:157} INFO - Started process (PID=706) to work on /home/airflow/.local/lib/python3.8/site-packages/airflow/example_dags/example_dynamic_task_mapping_with_no_taskflow_operators.py
[2023-11-24T00:24:02.028+0000] {processor.py:829} INFO - Processing file /home/airflow/.local/lib/python3.8/site-packages/airflow/example_dags/example_dynamic_task_mapping_with_no_taskflow_operators.py for tasks to queue
[2023-11-24T00:24:02.029+0000] {logging_mixin.py:154} INFO - [2023-11-24T00:24:02.029+0000] {dagbag.py:536} INFO - Filling up the DagBag from /home/airflow/.local/lib/python3.8/site-packages/airflow/example_dags/example_dynamic_task_mapping_with_no_taskflow_operators.py
[2023-11-24T00:24:02.034+0000] {processor.py:839} INFO - DAG(s) dict_keys(['example_dynamic_task_mapping_with_no_taskflow_operators']) retrieved from /home/airflow/.local/lib/python3.8/site-packages/airflow/example_dags/example_dynamic_task_mapping_with_no_taskflow_operators.py
[2023-11-24T00:24:02.049+0000] {logging_mixin.py:154} INFO - [2023-11-24T00:24:02.048+0000] {dag.py:2941} INFO - Sync 1 DAGs
[2023-11-24T00:24:02.068+0000] {logging_mixin.py:154} INFO - [2023-11-24T00:24:02.068+0000] {dag.py:3722} INFO - Setting next_dagrun for example_dynamic_task_mapping_with_no_taskflow_operators to 2023-11-23T00:24:02.067821+00:00, run_after=2023-11-24T00:24:02.067821+00:00
[2023-11-24T00:24:02.082+0000] {processor.py:179} INFO - Processing /home/airflow/.local/lib/python3.8/site-packages/airflow/example_dags/example_dynamic_task_mapping_with_no_taskflow_operators.py took 0.057 seconds
[2023-11-24T00:24:32.244+0000] {processor.py:157} INFO - Started process (PID=760) to work on /home/airflow/.local/lib/python3.8/site-packages/airflow/example_dags/example_dynamic_task_mapping_with_no_taskflow_operators.py
[2023-11-24T00:24:32.245+0000] {processor.py:829} INFO - Processing file /home/airflow/.local/lib/python3.8/site-packages/airflow/example_dags/example_dynamic_task_mapping_with_no_taskflow_operators.py for tasks to queue
[2023-11-24T00:24:32.247+0000] {logging_mixin.py:154} INFO - [2023-11-24T00:24:32.246+0000] {dagbag.py:536} INFO - Filling up the DagBag from /home/airflow/.local/lib/python3.8/site-packages/airflow/example_dags/example_dynamic_task_mapping_with_no_taskflow_operators.py
[2023-11-24T00:24:32.251+0000] {processor.py:839} INFO - DAG(s) dict_keys(['example_dynamic_task_mapping_with_no_taskflow_operators']) retrieved from /home/airflow/.local/lib/python3.8/site-packages/airflow/example_dags/example_dynamic_task_mapping_with_no_taskflow_operators.py
[2023-11-24T00:24:32.264+0000] {logging_mixin.py:154} INFO - [2023-11-24T00:24:32.264+0000] {dag.py:2941} INFO - Sync 1 DAGs
[2023-11-24T00:24:32.282+0000] {logging_mixin.py:154} INFO - [2023-11-24T00:24:32.282+0000] {dag.py:3722} INFO - Setting next_dagrun for example_dynamic_task_mapping_with_no_taskflow_operators to 2023-11-23T00:24:32.281932+00:00, run_after=2023-11-24T00:24:32.281932+00:00
[2023-11-24T00:24:32.295+0000] {processor.py:179} INFO - Processing /home/airflow/.local/lib/python3.8/site-packages/airflow/example_dags/example_dynamic_task_mapping_with_no_taskflow_operators.py took 0.053 seconds
[2023-11-24T00:25:02.986+0000] {processor.py:157} INFO - Started process (PID=814) to work on /home/airflow/.local/lib/python3.8/site-packages/airflow/example_dags/example_dynamic_task_mapping_with_no_taskflow_operators.py
[2023-11-24T00:25:02.987+0000] {processor.py:829} INFO - Processing file /home/airflow/.local/lib/python3.8/site-packages/airflow/example_dags/example_dynamic_task_mapping_with_no_taskflow_operators.py for tasks to queue
[2023-11-24T00:25:02.988+0000] {logging_mixin.py:154} INFO - [2023-11-24T00:25:02.988+0000] {dagbag.py:536} INFO - Filling up the DagBag from /home/airflow/.local/lib/python3.8/site-packages/airflow/example_dags/example_dynamic_task_mapping_with_no_taskflow_operators.py
[2023-11-24T00:25:02.992+0000] {processor.py:839} INFO - DAG(s) dict_keys(['example_dynamic_task_mapping_with_no_taskflow_operators']) retrieved from /home/airflow/.local/lib/python3.8/site-packages/airflow/example_dags/example_dynamic_task_mapping_with_no_taskflow_operators.py
[2023-11-24T00:25:03.007+0000] {logging_mixin.py:154} INFO - [2023-11-24T00:25:03.007+0000] {dag.py:2941} INFO - Sync 1 DAGs
[2023-11-24T00:25:03.027+0000] {logging_mixin.py:154} INFO - [2023-11-24T00:25:03.027+0000] {dag.py:3722} INFO - Setting next_dagrun for example_dynamic_task_mapping_with_no_taskflow_operators to 2023-11-23T00:25:03.027023+00:00, run_after=2023-11-24T00:25:03.027023+00:00
[2023-11-24T00:25:03.175+0000] {processor.py:179} INFO - Processing /home/airflow/.local/lib/python3.8/site-packages/airflow/example_dags/example_dynamic_task_mapping_with_no_taskflow_operators.py took 0.191 seconds
[2023-11-24T00:25:33.267+0000] {processor.py:157} INFO - Started process (PID=868) to work on /home/airflow/.local/lib/python3.8/site-packages/airflow/example_dags/example_dynamic_task_mapping_with_no_taskflow_operators.py
[2023-11-24T00:25:33.267+0000] {processor.py:829} INFO - Processing file /home/airflow/.local/lib/python3.8/site-packages/airflow/example_dags/example_dynamic_task_mapping_with_no_taskflow_operators.py for tasks to queue
[2023-11-24T00:25:33.269+0000] {logging_mixin.py:154} INFO - [2023-11-24T00:25:33.269+0000] {dagbag.py:536} INFO - Filling up the DagBag from /home/airflow/.local/lib/python3.8/site-packages/airflow/example_dags/example_dynamic_task_mapping_with_no_taskflow_operators.py
[2023-11-24T00:25:33.273+0000] {processor.py:839} INFO - DAG(s) dict_keys(['example_dynamic_task_mapping_with_no_taskflow_operators']) retrieved from /home/airflow/.local/lib/python3.8/site-packages/airflow/example_dags/example_dynamic_task_mapping_with_no_taskflow_operators.py
[2023-11-24T00:25:33.287+0000] {logging_mixin.py:154} INFO - [2023-11-24T00:25:33.287+0000] {dag.py:2941} INFO - Sync 1 DAGs
[2023-11-24T00:25:33.303+0000] {logging_mixin.py:154} INFO - [2023-11-24T00:25:33.303+0000] {dag.py:3722} INFO - Setting next_dagrun for example_dynamic_task_mapping_with_no_taskflow_operators to 2023-11-23T00:25:33.303371+00:00, run_after=2023-11-24T00:25:33.303371+00:00
[2023-11-24T00:25:33.318+0000] {processor.py:179} INFO - Processing /home/airflow/.local/lib/python3.8/site-packages/airflow/example_dags/example_dynamic_task_mapping_with_no_taskflow_operators.py took 0.053 seconds
[2023-11-24T00:26:04.080+0000] {processor.py:157} INFO - Started process (PID=922) to work on /home/airflow/.local/lib/python3.8/site-packages/airflow/example_dags/example_dynamic_task_mapping_with_no_taskflow_operators.py
[2023-11-24T00:26:04.081+0000] {processor.py:829} INFO - Processing file /home/airflow/.local/lib/python3.8/site-packages/airflow/example_dags/example_dynamic_task_mapping_with_no_taskflow_operators.py for tasks to queue
[2023-11-24T00:26:04.083+0000] {logging_mixin.py:154} INFO - [2023-11-24T00:26:04.083+0000] {dagbag.py:536} INFO - Filling up the DagBag from /home/airflow/.local/lib/python3.8/site-packages/airflow/example_dags/example_dynamic_task_mapping_with_no_taskflow_operators.py
[2023-11-24T00:26:04.087+0000] {processor.py:839} INFO - DAG(s) dict_keys(['example_dynamic_task_mapping_with_no_taskflow_operators']) retrieved from /home/airflow/.local/lib/python3.8/site-packages/airflow/example_dags/example_dynamic_task_mapping_with_no_taskflow_operators.py
[2023-11-24T00:26:04.101+0000] {logging_mixin.py:154} INFO - [2023-11-24T00:26:04.101+0000] {dag.py:2941} INFO - Sync 1 DAGs
[2023-11-24T00:26:04.118+0000] {logging_mixin.py:154} INFO - [2023-11-24T00:26:04.118+0000] {dag.py:3722} INFO - Setting next_dagrun for example_dynamic_task_mapping_with_no_taskflow_operators to 2023-11-23T00:26:04.118126+00:00, run_after=2023-11-24T00:26:04.118126+00:00
[2023-11-24T00:26:04.132+0000] {processor.py:179} INFO - Processing /home/airflow/.local/lib/python3.8/site-packages/airflow/example_dags/example_dynamic_task_mapping_with_no_taskflow_operators.py took 0.054 seconds
[2023-11-24T00:26:35.659+0000] {processor.py:157} INFO - Started process (PID=976) to work on /home/airflow/.local/lib/python3.8/site-packages/airflow/example_dags/example_dynamic_task_mapping_with_no_taskflow_operators.py
[2023-11-24T00:26:35.660+0000] {processor.py:829} INFO - Processing file /home/airflow/.local/lib/python3.8/site-packages/airflow/example_dags/example_dynamic_task_mapping_with_no_taskflow_operators.py for tasks to queue
[2023-11-24T00:26:35.661+0000] {logging_mixin.py:154} INFO - [2023-11-24T00:26:35.661+0000] {dagbag.py:536} INFO - Filling up the DagBag from /home/airflow/.local/lib/python3.8/site-packages/airflow/example_dags/example_dynamic_task_mapping_with_no_taskflow_operators.py
[2023-11-24T00:26:35.666+0000] {processor.py:839} INFO - DAG(s) dict_keys(['example_dynamic_task_mapping_with_no_taskflow_operators']) retrieved from /home/airflow/.local/lib/python3.8/site-packages/airflow/example_dags/example_dynamic_task_mapping_with_no_taskflow_operators.py
[2023-11-24T00:26:35.681+0000] {logging_mixin.py:154} INFO - [2023-11-24T00:26:35.681+0000] {dag.py:2941} INFO - Sync 1 DAGs
[2023-11-24T00:26:35.848+0000] {logging_mixin.py:154} INFO - [2023-11-24T00:26:35.848+0000] {dag.py:3722} INFO - Setting next_dagrun for example_dynamic_task_mapping_with_no_taskflow_operators to 2023-11-23T00:26:35.848013+00:00, run_after=2023-11-24T00:26:35.848013+00:00
[2023-11-24T00:26:35.861+0000] {processor.py:179} INFO - Processing /home/airflow/.local/lib/python3.8/site-packages/airflow/example_dags/example_dynamic_task_mapping_with_no_taskflow_operators.py took 0.205 seconds
[2023-11-24T00:27:05.987+0000] {processor.py:157} INFO - Started process (PID=1030) to work on /home/airflow/.local/lib/python3.8/site-packages/airflow/example_dags/example_dynamic_task_mapping_with_no_taskflow_operators.py
[2023-11-24T00:27:05.987+0000] {processor.py:829} INFO - Processing file /home/airflow/.local/lib/python3.8/site-packages/airflow/example_dags/example_dynamic_task_mapping_with_no_taskflow_operators.py for tasks to queue
[2023-11-24T00:27:05.989+0000] {logging_mixin.py:154} INFO - [2023-11-24T00:27:05.989+0000] {dagbag.py:536} INFO - Filling up the DagBag from /home/airflow/.local/lib/python3.8/site-packages/airflow/example_dags/example_dynamic_task_mapping_with_no_taskflow_operators.py
[2023-11-24T00:27:05.993+0000] {processor.py:839} INFO - DAG(s) dict_keys(['example_dynamic_task_mapping_with_no_taskflow_operators']) retrieved from /home/airflow/.local/lib/python3.8/site-packages/airflow/example_dags/example_dynamic_task_mapping_with_no_taskflow_operators.py
[2023-11-24T00:27:06.007+0000] {logging_mixin.py:154} INFO - [2023-11-24T00:27:06.007+0000] {dag.py:2941} INFO - Sync 1 DAGs
[2023-11-24T00:27:06.024+0000] {logging_mixin.py:154} INFO - [2023-11-24T00:27:06.024+0000] {dag.py:3722} INFO - Setting next_dagrun for example_dynamic_task_mapping_with_no_taskflow_operators to 2023-11-23T00:27:06.024000+00:00, run_after=2023-11-24T00:27:06.024000+00:00
[2023-11-24T00:27:06.040+0000] {processor.py:179} INFO - Processing /home/airflow/.local/lib/python3.8/site-packages/airflow/example_dags/example_dynamic_task_mapping_with_no_taskflow_operators.py took 0.056 seconds
[2023-11-24T00:27:36.772+0000] {processor.py:157} INFO - Started process (PID=1084) to work on /home/airflow/.local/lib/python3.8/site-packages/airflow/example_dags/example_dynamic_task_mapping_with_no_taskflow_operators.py
[2023-11-24T00:27:36.773+0000] {processor.py:829} INFO - Processing file /home/airflow/.local/lib/python3.8/site-packages/airflow/example_dags/example_dynamic_task_mapping_with_no_taskflow_operators.py for tasks to queue
[2023-11-24T00:27:36.774+0000] {logging_mixin.py:154} INFO - [2023-11-24T00:27:36.774+0000] {dagbag.py:536} INFO - Filling up the DagBag from /home/airflow/.local/lib/python3.8/site-packages/airflow/example_dags/example_dynamic_task_mapping_with_no_taskflow_operators.py
[2023-11-24T00:27:36.778+0000] {processor.py:839} INFO - DAG(s) dict_keys(['example_dynamic_task_mapping_with_no_taskflow_operators']) retrieved from /home/airflow/.local/lib/python3.8/site-packages/airflow/example_dags/example_dynamic_task_mapping_with_no_taskflow_operators.py
[2023-11-24T00:27:36.794+0000] {logging_mixin.py:154} INFO - [2023-11-24T00:27:36.793+0000] {dag.py:2941} INFO - Sync 1 DAGs
[2023-11-24T00:27:36.811+0000] {logging_mixin.py:154} INFO - [2023-11-24T00:27:36.811+0000] {dag.py:3722} INFO - Setting next_dagrun for example_dynamic_task_mapping_with_no_taskflow_operators to 2023-11-23T00:27:36.811275+00:00, run_after=2023-11-24T00:27:36.811275+00:00
[2023-11-24T00:27:36.826+0000] {processor.py:179} INFO - Processing /home/airflow/.local/lib/python3.8/site-packages/airflow/example_dags/example_dynamic_task_mapping_with_no_taskflow_operators.py took 0.056 seconds
[2023-11-24T00:28:07.645+0000] {processor.py:157} INFO - Started process (PID=1138) to work on /home/airflow/.local/lib/python3.8/site-packages/airflow/example_dags/example_dynamic_task_mapping_with_no_taskflow_operators.py
[2023-11-24T00:28:07.646+0000] {processor.py:829} INFO - Processing file /home/airflow/.local/lib/python3.8/site-packages/airflow/example_dags/example_dynamic_task_mapping_with_no_taskflow_operators.py for tasks to queue
[2023-11-24T00:28:07.647+0000] {logging_mixin.py:154} INFO - [2023-11-24T00:28:07.647+0000] {dagbag.py:536} INFO - Filling up the DagBag from /home/airflow/.local/lib/python3.8/site-packages/airflow/example_dags/example_dynamic_task_mapping_with_no_taskflow_operators.py
[2023-11-24T00:28:07.652+0000] {processor.py:839} INFO - DAG(s) dict_keys(['example_dynamic_task_mapping_with_no_taskflow_operators']) retrieved from /home/airflow/.local/lib/python3.8/site-packages/airflow/example_dags/example_dynamic_task_mapping_with_no_taskflow_operators.py
[2023-11-24T00:28:07.668+0000] {logging_mixin.py:154} INFO - [2023-11-24T00:28:07.667+0000] {dag.py:2941} INFO - Sync 1 DAGs
[2023-11-24T00:28:07.687+0000] {logging_mixin.py:154} INFO - [2023-11-24T00:28:07.686+0000] {dag.py:3722} INFO - Setting next_dagrun for example_dynamic_task_mapping_with_no_taskflow_operators to 2023-11-23T00:28:07.686661+00:00, run_after=2023-11-24T00:28:07.686661+00:00
[2023-11-24T00:28:07.701+0000] {processor.py:179} INFO - Processing /home/airflow/.local/lib/python3.8/site-packages/airflow/example_dags/example_dynamic_task_mapping_with_no_taskflow_operators.py took 0.059 seconds
[2023-11-24T00:28:38.616+0000] {processor.py:157} INFO - Started process (PID=1192) to work on /home/airflow/.local/lib/python3.8/site-packages/airflow/example_dags/example_dynamic_task_mapping_with_no_taskflow_operators.py
[2023-11-24T00:28:38.616+0000] {processor.py:829} INFO - Processing file /home/airflow/.local/lib/python3.8/site-packages/airflow/example_dags/example_dynamic_task_mapping_with_no_taskflow_operators.py for tasks to queue
[2023-11-24T00:28:38.618+0000] {logging_mixin.py:154} INFO - [2023-11-24T00:28:38.618+0000] {dagbag.py:536} INFO - Filling up the DagBag from /home/airflow/.local/lib/python3.8/site-packages/airflow/example_dags/example_dynamic_task_mapping_with_no_taskflow_operators.py
[2023-11-24T00:28:38.622+0000] {processor.py:839} INFO - DAG(s) dict_keys(['example_dynamic_task_mapping_with_no_taskflow_operators']) retrieved from /home/airflow/.local/lib/python3.8/site-packages/airflow/example_dags/example_dynamic_task_mapping_with_no_taskflow_operators.py
[2023-11-24T00:28:38.737+0000] {logging_mixin.py:154} INFO - [2023-11-24T00:28:38.737+0000] {dag.py:2941} INFO - Sync 1 DAGs
[2023-11-24T00:28:38.898+0000] {logging_mixin.py:154} INFO - [2023-11-24T00:28:38.897+0000] {dag.py:3722} INFO - Setting next_dagrun for example_dynamic_task_mapping_with_no_taskflow_operators to 2023-11-23T00:28:38.897673+00:00, run_after=2023-11-24T00:28:38.897673+00:00
[2023-11-24T00:28:38.912+0000] {processor.py:179} INFO - Processing /home/airflow/.local/lib/python3.8/site-packages/airflow/example_dags/example_dynamic_task_mapping_with_no_taskflow_operators.py took 0.299 seconds
[2023-11-24T00:29:09.700+0000] {processor.py:157} INFO - Started process (PID=1246) to work on /home/airflow/.local/lib/python3.8/site-packages/airflow/example_dags/example_dynamic_task_mapping_with_no_taskflow_operators.py
[2023-11-24T00:29:09.701+0000] {processor.py:829} INFO - Processing file /home/airflow/.local/lib/python3.8/site-packages/airflow/example_dags/example_dynamic_task_mapping_with_no_taskflow_operators.py for tasks to queue
[2023-11-24T00:29:09.702+0000] {logging_mixin.py:154} INFO - [2023-11-24T00:29:09.702+0000] {dagbag.py:536} INFO - Filling up the DagBag from /home/airflow/.local/lib/python3.8/site-packages/airflow/example_dags/example_dynamic_task_mapping_with_no_taskflow_operators.py
[2023-11-24T00:29:09.706+0000] {processor.py:839} INFO - DAG(s) dict_keys(['example_dynamic_task_mapping_with_no_taskflow_operators']) retrieved from /home/airflow/.local/lib/python3.8/site-packages/airflow/example_dags/example_dynamic_task_mapping_with_no_taskflow_operators.py
[2023-11-24T00:29:09.721+0000] {logging_mixin.py:154} INFO - [2023-11-24T00:29:09.720+0000] {dag.py:2941} INFO - Sync 1 DAGs
[2023-11-24T00:29:09.738+0000] {logging_mixin.py:154} INFO - [2023-11-24T00:29:09.738+0000] {dag.py:3722} INFO - Setting next_dagrun for example_dynamic_task_mapping_with_no_taskflow_operators to 2023-11-23T00:29:09.738307+00:00, run_after=2023-11-24T00:29:09.738307+00:00
[2023-11-24T00:29:09.893+0000] {processor.py:179} INFO - Processing /home/airflow/.local/lib/python3.8/site-packages/airflow/example_dags/example_dynamic_task_mapping_with_no_taskflow_operators.py took 0.195 seconds
[2023-11-24T00:29:40.791+0000] {processor.py:157} INFO - Started process (PID=1300) to work on /home/airflow/.local/lib/python3.8/site-packages/airflow/example_dags/example_dynamic_task_mapping_with_no_taskflow_operators.py
[2023-11-24T00:29:40.792+0000] {processor.py:829} INFO - Processing file /home/airflow/.local/lib/python3.8/site-packages/airflow/example_dags/example_dynamic_task_mapping_with_no_taskflow_operators.py for tasks to queue
[2023-11-24T00:29:40.794+0000] {logging_mixin.py:154} INFO - [2023-11-24T00:29:40.794+0000] {dagbag.py:536} INFO - Filling up the DagBag from /home/airflow/.local/lib/python3.8/site-packages/airflow/example_dags/example_dynamic_task_mapping_with_no_taskflow_operators.py
[2023-11-24T00:29:40.798+0000] {processor.py:839} INFO - DAG(s) dict_keys(['example_dynamic_task_mapping_with_no_taskflow_operators']) retrieved from /home/airflow/.local/lib/python3.8/site-packages/airflow/example_dags/example_dynamic_task_mapping_with_no_taskflow_operators.py
[2023-11-24T00:29:40.814+0000] {logging_mixin.py:154} INFO - [2023-11-24T00:29:40.813+0000] {dag.py:2941} INFO - Sync 1 DAGs
[2023-11-24T00:29:40.831+0000] {logging_mixin.py:154} INFO - [2023-11-24T00:29:40.831+0000] {dag.py:3722} INFO - Setting next_dagrun for example_dynamic_task_mapping_with_no_taskflow_operators to 2023-11-23T00:29:40.830929+00:00, run_after=2023-11-24T00:29:40.830929+00:00
[2023-11-24T00:29:40.847+0000] {processor.py:179} INFO - Processing /home/airflow/.local/lib/python3.8/site-packages/airflow/example_dags/example_dynamic_task_mapping_with_no_taskflow_operators.py took 0.058 seconds
[2023-11-24T00:30:11.513+0000] {processor.py:157} INFO - Started process (PID=1354) to work on /home/airflow/.local/lib/python3.8/site-packages/airflow/example_dags/example_dynamic_task_mapping_with_no_taskflow_operators.py
[2023-11-24T00:30:11.514+0000] {processor.py:829} INFO - Processing file /home/airflow/.local/lib/python3.8/site-packages/airflow/example_dags/example_dynamic_task_mapping_with_no_taskflow_operators.py for tasks to queue
[2023-11-24T00:30:11.515+0000] {logging_mixin.py:154} INFO - [2023-11-24T00:30:11.515+0000] {dagbag.py:536} INFO - Filling up the DagBag from /home/airflow/.local/lib/python3.8/site-packages/airflow/example_dags/example_dynamic_task_mapping_with_no_taskflow_operators.py
[2023-11-24T00:30:11.520+0000] {processor.py:839} INFO - DAG(s) dict_keys(['example_dynamic_task_mapping_with_no_taskflow_operators']) retrieved from /home/airflow/.local/lib/python3.8/site-packages/airflow/example_dags/example_dynamic_task_mapping_with_no_taskflow_operators.py
[2023-11-24T00:30:11.679+0000] {logging_mixin.py:154} INFO - [2023-11-24T00:30:11.679+0000] {dag.py:2941} INFO - Sync 1 DAGs
[2023-11-24T00:30:11.696+0000] {logging_mixin.py:154} INFO - [2023-11-24T00:30:11.696+0000] {dag.py:3722} INFO - Setting next_dagrun for example_dynamic_task_mapping_with_no_taskflow_operators to 2023-11-23T00:30:11.695830+00:00, run_after=2023-11-24T00:30:11.695830+00:00
[2023-11-24T00:30:11.711+0000] {processor.py:179} INFO - Processing /home/airflow/.local/lib/python3.8/site-packages/airflow/example_dags/example_dynamic_task_mapping_with_no_taskflow_operators.py took 0.200 seconds
[2023-11-24T00:30:42.202+0000] {processor.py:157} INFO - Started process (PID=1408) to work on /home/airflow/.local/lib/python3.8/site-packages/airflow/example_dags/example_dynamic_task_mapping_with_no_taskflow_operators.py
[2023-11-24T00:30:42.203+0000] {processor.py:829} INFO - Processing file /home/airflow/.local/lib/python3.8/site-packages/airflow/example_dags/example_dynamic_task_mapping_with_no_taskflow_operators.py for tasks to queue
[2023-11-24T00:30:42.205+0000] {logging_mixin.py:154} INFO - [2023-11-24T00:30:42.205+0000] {dagbag.py:536} INFO - Filling up the DagBag from /home/airflow/.local/lib/python3.8/site-packages/airflow/example_dags/example_dynamic_task_mapping_with_no_taskflow_operators.py
[2023-11-24T00:30:42.209+0000] {processor.py:839} INFO - DAG(s) dict_keys(['example_dynamic_task_mapping_with_no_taskflow_operators']) retrieved from /home/airflow/.local/lib/python3.8/site-packages/airflow/example_dags/example_dynamic_task_mapping_with_no_taskflow_operators.py
[2023-11-24T00:30:42.223+0000] {logging_mixin.py:154} INFO - [2023-11-24T00:30:42.223+0000] {dag.py:2941} INFO - Sync 1 DAGs
[2023-11-24T00:30:42.379+0000] {logging_mixin.py:154} INFO - [2023-11-24T00:30:42.379+0000] {dag.py:3722} INFO - Setting next_dagrun for example_dynamic_task_mapping_with_no_taskflow_operators to 2023-11-23T00:30:42.379057+00:00, run_after=2023-11-24T00:30:42.379057+00:00
[2023-11-24T00:30:42.393+0000] {processor.py:179} INFO - Processing /home/airflow/.local/lib/python3.8/site-packages/airflow/example_dags/example_dynamic_task_mapping_with_no_taskflow_operators.py took 0.193 seconds
