[2023-11-24T00:17:59.836+0000] {processor.py:157} INFO - Started process (PID=84) to work on /home/airflow/.local/lib/python3.8/site-packages/airflow/example_dags/example_xcomargs.py
[2023-11-24T00:17:59.837+0000] {processor.py:829} INFO - Processing file /home/airflow/.local/lib/python3.8/site-packages/airflow/example_dags/example_xcomargs.py for tasks to queue
[2023-11-24T00:17:59.842+0000] {logging_mixin.py:154} INFO - [2023-11-24T00:17:59.841+0000] {dagbag.py:536} INFO - Filling up the DagBag from /home/airflow/.local/lib/python3.8/site-packages/airflow/example_dags/example_xcomargs.py
[2023-11-24T00:17:59.856+0000] {processor.py:839} INFO - DAG(s) dict_keys(['example_xcom_args', 'example_xcom_args_with_operators']) retrieved from /home/airflow/.local/lib/python3.8/site-packages/airflow/example_dags/example_xcomargs.py
[2023-11-24T00:17:59.873+0000] {logging_mixin.py:154} INFO - [2023-11-24T00:17:59.873+0000] {dag.py:2941} INFO - Sync 2 DAGs
[2023-11-24T00:17:59.897+0000] {logging_mixin.py:154} INFO - [2023-11-24T00:17:59.897+0000] {dag.py:3722} INFO - Setting next_dagrun for example_xcom_args to None, run_after=None
[2023-11-24T00:17:59.903+0000] {logging_mixin.py:154} INFO - [2023-11-24T00:17:59.903+0000] {dag.py:3722} INFO - Setting next_dagrun for example_xcom_args_with_operators to None, run_after=None
[2023-11-24T00:17:59.928+0000] {processor.py:179} INFO - Processing /home/airflow/.local/lib/python3.8/site-packages/airflow/example_dags/example_xcomargs.py took 0.097 seconds
[2023-11-24T00:18:30.571+0000] {processor.py:157} INFO - Started process (PID=138) to work on /home/airflow/.local/lib/python3.8/site-packages/airflow/example_dags/example_xcomargs.py
[2023-11-24T00:18:30.572+0000] {processor.py:829} INFO - Processing file /home/airflow/.local/lib/python3.8/site-packages/airflow/example_dags/example_xcomargs.py for tasks to queue
[2023-11-24T00:18:30.573+0000] {logging_mixin.py:154} INFO - [2023-11-24T00:18:30.573+0000] {dagbag.py:536} INFO - Filling up the DagBag from /home/airflow/.local/lib/python3.8/site-packages/airflow/example_dags/example_xcomargs.py
[2023-11-24T00:18:30.579+0000] {processor.py:839} INFO - DAG(s) dict_keys(['example_xcom_args', 'example_xcom_args_with_operators']) retrieved from /home/airflow/.local/lib/python3.8/site-packages/airflow/example_dags/example_xcomargs.py
[2023-11-24T00:18:30.599+0000] {logging_mixin.py:154} INFO - [2023-11-24T00:18:30.599+0000] {dag.py:2941} INFO - Sync 2 DAGs
[2023-11-24T00:18:30.610+0000] {logging_mixin.py:154} INFO - [2023-11-24T00:18:30.610+0000] {dag.py:3722} INFO - Setting next_dagrun for example_xcom_args to None, run_after=None
[2023-11-24T00:18:30.613+0000] {logging_mixin.py:154} INFO - [2023-11-24T00:18:30.613+0000] {dag.py:3722} INFO - Setting next_dagrun for example_xcom_args_with_operators to None, run_after=None
[2023-11-24T00:18:30.627+0000] {processor.py:179} INFO - Processing /home/airflow/.local/lib/python3.8/site-packages/airflow/example_dags/example_xcomargs.py took 0.058 seconds
[2023-11-24T00:19:01.506+0000] {processor.py:157} INFO - Started process (PID=192) to work on /home/airflow/.local/lib/python3.8/site-packages/airflow/example_dags/example_xcomargs.py
[2023-11-24T00:19:01.507+0000] {processor.py:829} INFO - Processing file /home/airflow/.local/lib/python3.8/site-packages/airflow/example_dags/example_xcomargs.py for tasks to queue
[2023-11-24T00:19:01.508+0000] {logging_mixin.py:154} INFO - [2023-11-24T00:19:01.508+0000] {dagbag.py:536} INFO - Filling up the DagBag from /home/airflow/.local/lib/python3.8/site-packages/airflow/example_dags/example_xcomargs.py
[2023-11-24T00:19:01.514+0000] {processor.py:839} INFO - DAG(s) dict_keys(['example_xcom_args_with_operators', 'example_xcom_args']) retrieved from /home/airflow/.local/lib/python3.8/site-packages/airflow/example_dags/example_xcomargs.py
[2023-11-24T00:19:01.532+0000] {logging_mixin.py:154} INFO - [2023-11-24T00:19:01.531+0000] {dag.py:2941} INFO - Sync 2 DAGs
[2023-11-24T00:19:01.542+0000] {logging_mixin.py:154} INFO - [2023-11-24T00:19:01.542+0000] {dag.py:3722} INFO - Setting next_dagrun for example_xcom_args to None, run_after=None
[2023-11-24T00:19:01.545+0000] {logging_mixin.py:154} INFO - [2023-11-24T00:19:01.545+0000] {dag.py:3722} INFO - Setting next_dagrun for example_xcom_args_with_operators to None, run_after=None
[2023-11-24T00:19:01.559+0000] {processor.py:179} INFO - Processing /home/airflow/.local/lib/python3.8/site-packages/airflow/example_dags/example_xcomargs.py took 0.055 seconds
[2023-11-24T00:19:31.831+0000] {processor.py:157} INFO - Started process (PID=246) to work on /home/airflow/.local/lib/python3.8/site-packages/airflow/example_dags/example_xcomargs.py
[2023-11-24T00:19:31.832+0000] {processor.py:829} INFO - Processing file /home/airflow/.local/lib/python3.8/site-packages/airflow/example_dags/example_xcomargs.py for tasks to queue
[2023-11-24T00:19:31.834+0000] {logging_mixin.py:154} INFO - [2023-11-24T00:19:31.834+0000] {dagbag.py:536} INFO - Filling up the DagBag from /home/airflow/.local/lib/python3.8/site-packages/airflow/example_dags/example_xcomargs.py
[2023-11-24T00:19:31.839+0000] {processor.py:839} INFO - DAG(s) dict_keys(['example_xcom_args_with_operators', 'example_xcom_args']) retrieved from /home/airflow/.local/lib/python3.8/site-packages/airflow/example_dags/example_xcomargs.py
[2023-11-24T00:19:31.858+0000] {logging_mixin.py:154} INFO - [2023-11-24T00:19:31.858+0000] {dag.py:2941} INFO - Sync 2 DAGs
[2023-11-24T00:19:31.868+0000] {logging_mixin.py:154} INFO - [2023-11-24T00:19:31.868+0000] {dag.py:3722} INFO - Setting next_dagrun for example_xcom_args to None, run_after=None
[2023-11-24T00:19:31.870+0000] {logging_mixin.py:154} INFO - [2023-11-24T00:19:31.870+0000] {dag.py:3722} INFO - Setting next_dagrun for example_xcom_args_with_operators to None, run_after=None
[2023-11-24T00:19:31.884+0000] {processor.py:179} INFO - Processing /home/airflow/.local/lib/python3.8/site-packages/airflow/example_dags/example_xcomargs.py took 0.054 seconds
[2023-11-24T00:20:02.221+0000] {processor.py:157} INFO - Started process (PID=302) to work on /home/airflow/.local/lib/python3.8/site-packages/airflow/example_dags/example_xcomargs.py
[2023-11-24T00:20:02.222+0000] {processor.py:829} INFO - Processing file /home/airflow/.local/lib/python3.8/site-packages/airflow/example_dags/example_xcomargs.py for tasks to queue
[2023-11-24T00:20:02.224+0000] {logging_mixin.py:154} INFO - [2023-11-24T00:20:02.224+0000] {dagbag.py:536} INFO - Filling up the DagBag from /home/airflow/.local/lib/python3.8/site-packages/airflow/example_dags/example_xcomargs.py
[2023-11-24T00:20:02.229+0000] {processor.py:839} INFO - DAG(s) dict_keys(['example_xcom_args', 'example_xcom_args_with_operators']) retrieved from /home/airflow/.local/lib/python3.8/site-packages/airflow/example_dags/example_xcomargs.py
[2023-11-24T00:20:02.248+0000] {logging_mixin.py:154} INFO - [2023-11-24T00:20:02.248+0000] {dag.py:2941} INFO - Sync 2 DAGs
[2023-11-24T00:20:02.258+0000] {logging_mixin.py:154} INFO - [2023-11-24T00:20:02.258+0000] {dag.py:3722} INFO - Setting next_dagrun for example_xcom_args to None, run_after=None
[2023-11-24T00:20:02.260+0000] {logging_mixin.py:154} INFO - [2023-11-24T00:20:02.260+0000] {dag.py:3722} INFO - Setting next_dagrun for example_xcom_args_with_operators to None, run_after=None
[2023-11-24T00:20:02.273+0000] {processor.py:179} INFO - Processing /home/airflow/.local/lib/python3.8/site-packages/airflow/example_dags/example_xcomargs.py took 0.054 seconds
[2023-11-24T00:20:32.422+0000] {processor.py:157} INFO - Started process (PID=354) to work on /home/airflow/.local/lib/python3.8/site-packages/airflow/example_dags/example_xcomargs.py
[2023-11-24T00:20:32.423+0000] {processor.py:829} INFO - Processing file /home/airflow/.local/lib/python3.8/site-packages/airflow/example_dags/example_xcomargs.py for tasks to queue
[2023-11-24T00:20:32.424+0000] {logging_mixin.py:154} INFO - [2023-11-24T00:20:32.424+0000] {dagbag.py:536} INFO - Filling up the DagBag from /home/airflow/.local/lib/python3.8/site-packages/airflow/example_dags/example_xcomargs.py
[2023-11-24T00:20:32.430+0000] {processor.py:839} INFO - DAG(s) dict_keys(['example_xcom_args', 'example_xcom_args_with_operators']) retrieved from /home/airflow/.local/lib/python3.8/site-packages/airflow/example_dags/example_xcomargs.py
[2023-11-24T00:20:32.448+0000] {logging_mixin.py:154} INFO - [2023-11-24T00:20:32.448+0000] {dag.py:2941} INFO - Sync 2 DAGs
[2023-11-24T00:20:32.458+0000] {logging_mixin.py:154} INFO - [2023-11-24T00:20:32.458+0000] {dag.py:3722} INFO - Setting next_dagrun for example_xcom_args to None, run_after=None
[2023-11-24T00:20:32.461+0000] {logging_mixin.py:154} INFO - [2023-11-24T00:20:32.460+0000] {dag.py:3722} INFO - Setting next_dagrun for example_xcom_args_with_operators to None, run_after=None
[2023-11-24T00:20:32.475+0000] {processor.py:179} INFO - Processing /home/airflow/.local/lib/python3.8/site-packages/airflow/example_dags/example_xcomargs.py took 0.055 seconds
[2023-11-24T00:21:02.834+0000] {processor.py:157} INFO - Started process (PID=408) to work on /home/airflow/.local/lib/python3.8/site-packages/airflow/example_dags/example_xcomargs.py
[2023-11-24T00:21:02.835+0000] {processor.py:829} INFO - Processing file /home/airflow/.local/lib/python3.8/site-packages/airflow/example_dags/example_xcomargs.py for tasks to queue
[2023-11-24T00:21:02.837+0000] {logging_mixin.py:154} INFO - [2023-11-24T00:21:02.836+0000] {dagbag.py:536} INFO - Filling up the DagBag from /home/airflow/.local/lib/python3.8/site-packages/airflow/example_dags/example_xcomargs.py
[2023-11-24T00:21:02.842+0000] {processor.py:839} INFO - DAG(s) dict_keys(['example_xcom_args', 'example_xcom_args_with_operators']) retrieved from /home/airflow/.local/lib/python3.8/site-packages/airflow/example_dags/example_xcomargs.py
[2023-11-24T00:21:02.860+0000] {logging_mixin.py:154} INFO - [2023-11-24T00:21:02.860+0000] {dag.py:2941} INFO - Sync 2 DAGs
[2023-11-24T00:21:02.869+0000] {logging_mixin.py:154} INFO - [2023-11-24T00:21:02.869+0000] {dag.py:3722} INFO - Setting next_dagrun for example_xcom_args to None, run_after=None
[2023-11-24T00:21:02.872+0000] {logging_mixin.py:154} INFO - [2023-11-24T00:21:02.872+0000] {dag.py:3722} INFO - Setting next_dagrun for example_xcom_args_with_operators to None, run_after=None
[2023-11-24T00:21:02.884+0000] {processor.py:179} INFO - Processing /home/airflow/.local/lib/python3.8/site-packages/airflow/example_dags/example_xcomargs.py took 0.052 seconds
[2023-11-24T00:21:33.801+0000] {processor.py:157} INFO - Started process (PID=462) to work on /home/airflow/.local/lib/python3.8/site-packages/airflow/example_dags/example_xcomargs.py
[2023-11-24T00:21:33.802+0000] {processor.py:829} INFO - Processing file /home/airflow/.local/lib/python3.8/site-packages/airflow/example_dags/example_xcomargs.py for tasks to queue
[2023-11-24T00:21:33.804+0000] {logging_mixin.py:154} INFO - [2023-11-24T00:21:33.804+0000] {dagbag.py:536} INFO - Filling up the DagBag from /home/airflow/.local/lib/python3.8/site-packages/airflow/example_dags/example_xcomargs.py
[2023-11-24T00:21:33.811+0000] {processor.py:839} INFO - DAG(s) dict_keys(['example_xcom_args_with_operators', 'example_xcom_args']) retrieved from /home/airflow/.local/lib/python3.8/site-packages/airflow/example_dags/example_xcomargs.py
[2023-11-24T00:21:33.835+0000] {logging_mixin.py:154} INFO - [2023-11-24T00:21:33.835+0000] {dag.py:2941} INFO - Sync 2 DAGs
[2023-11-24T00:21:33.849+0000] {logging_mixin.py:154} INFO - [2023-11-24T00:21:33.849+0000] {dag.py:3722} INFO - Setting next_dagrun for example_xcom_args to None, run_after=None
[2023-11-24T00:21:33.852+0000] {logging_mixin.py:154} INFO - [2023-11-24T00:21:33.852+0000] {dag.py:3722} INFO - Setting next_dagrun for example_xcom_args_with_operators to None, run_after=None
[2023-11-24T00:21:33.872+0000] {processor.py:179} INFO - Processing /home/airflow/.local/lib/python3.8/site-packages/airflow/example_dags/example_xcomargs.py took 0.073 seconds
[2023-11-24T00:22:04.785+0000] {processor.py:157} INFO - Started process (PID=516) to work on /home/airflow/.local/lib/python3.8/site-packages/airflow/example_dags/example_xcomargs.py
[2023-11-24T00:22:04.786+0000] {processor.py:829} INFO - Processing file /home/airflow/.local/lib/python3.8/site-packages/airflow/example_dags/example_xcomargs.py for tasks to queue
[2023-11-24T00:22:04.788+0000] {logging_mixin.py:154} INFO - [2023-11-24T00:22:04.788+0000] {dagbag.py:536} INFO - Filling up the DagBag from /home/airflow/.local/lib/python3.8/site-packages/airflow/example_dags/example_xcomargs.py
[2023-11-24T00:22:04.793+0000] {processor.py:839} INFO - DAG(s) dict_keys(['example_xcom_args_with_operators', 'example_xcom_args']) retrieved from /home/airflow/.local/lib/python3.8/site-packages/airflow/example_dags/example_xcomargs.py
[2023-11-24T00:22:04.811+0000] {logging_mixin.py:154} INFO - [2023-11-24T00:22:04.811+0000] {dag.py:2941} INFO - Sync 2 DAGs
[2023-11-24T00:22:04.821+0000] {logging_mixin.py:154} INFO - [2023-11-24T00:22:04.821+0000] {dag.py:3722} INFO - Setting next_dagrun for example_xcom_args to None, run_after=None
[2023-11-24T00:22:04.824+0000] {logging_mixin.py:154} INFO - [2023-11-24T00:22:04.824+0000] {dag.py:3722} INFO - Setting next_dagrun for example_xcom_args_with_operators to None, run_after=None
[2023-11-24T00:22:04.838+0000] {processor.py:179} INFO - Processing /home/airflow/.local/lib/python3.8/site-packages/airflow/example_dags/example_xcomargs.py took 0.055 seconds
[2023-11-24T00:22:35.069+0000] {processor.py:157} INFO - Started process (PID=570) to work on /home/airflow/.local/lib/python3.8/site-packages/airflow/example_dags/example_xcomargs.py
[2023-11-24T00:22:35.069+0000] {processor.py:829} INFO - Processing file /home/airflow/.local/lib/python3.8/site-packages/airflow/example_dags/example_xcomargs.py for tasks to queue
[2023-11-24T00:22:35.071+0000] {logging_mixin.py:154} INFO - [2023-11-24T00:22:35.071+0000] {dagbag.py:536} INFO - Filling up the DagBag from /home/airflow/.local/lib/python3.8/site-packages/airflow/example_dags/example_xcomargs.py
[2023-11-24T00:22:35.076+0000] {processor.py:839} INFO - DAG(s) dict_keys(['example_xcom_args_with_operators', 'example_xcom_args']) retrieved from /home/airflow/.local/lib/python3.8/site-packages/airflow/example_dags/example_xcomargs.py
[2023-11-24T00:22:35.095+0000] {logging_mixin.py:154} INFO - [2023-11-24T00:22:35.095+0000] {dag.py:2941} INFO - Sync 2 DAGs
[2023-11-24T00:22:35.105+0000] {logging_mixin.py:154} INFO - [2023-11-24T00:22:35.105+0000] {dag.py:3722} INFO - Setting next_dagrun for example_xcom_args to None, run_after=None
[2023-11-24T00:22:35.108+0000] {logging_mixin.py:154} INFO - [2023-11-24T00:22:35.108+0000] {dag.py:3722} INFO - Setting next_dagrun for example_xcom_args_with_operators to None, run_after=None
[2023-11-24T00:22:35.122+0000] {processor.py:179} INFO - Processing /home/airflow/.local/lib/python3.8/site-packages/airflow/example_dags/example_xcomargs.py took 0.055 seconds
[2023-11-24T00:23:05.463+0000] {processor.py:157} INFO - Started process (PID=625) to work on /home/airflow/.local/lib/python3.8/site-packages/airflow/example_dags/example_xcomargs.py
[2023-11-24T00:23:05.464+0000] {processor.py:829} INFO - Processing file /home/airflow/.local/lib/python3.8/site-packages/airflow/example_dags/example_xcomargs.py for tasks to queue
[2023-11-24T00:23:05.465+0000] {logging_mixin.py:154} INFO - [2023-11-24T00:23:05.465+0000] {dagbag.py:536} INFO - Filling up the DagBag from /home/airflow/.local/lib/python3.8/site-packages/airflow/example_dags/example_xcomargs.py
[2023-11-24T00:23:05.470+0000] {processor.py:839} INFO - DAG(s) dict_keys(['example_xcom_args', 'example_xcom_args_with_operators']) retrieved from /home/airflow/.local/lib/python3.8/site-packages/airflow/example_dags/example_xcomargs.py
[2023-11-24T00:23:05.490+0000] {logging_mixin.py:154} INFO - [2023-11-24T00:23:05.490+0000] {dag.py:2941} INFO - Sync 2 DAGs
[2023-11-24T00:23:05.503+0000] {logging_mixin.py:154} INFO - [2023-11-24T00:23:05.503+0000] {dag.py:3722} INFO - Setting next_dagrun for example_xcom_args to None, run_after=None
[2023-11-24T00:23:05.506+0000] {logging_mixin.py:154} INFO - [2023-11-24T00:23:05.506+0000] {dag.py:3722} INFO - Setting next_dagrun for example_xcom_args_with_operators to None, run_after=None
[2023-11-24T00:23:05.522+0000] {processor.py:179} INFO - Processing /home/airflow/.local/lib/python3.8/site-packages/airflow/example_dags/example_xcomargs.py took 0.061 seconds
[2023-11-24T00:23:35.808+0000] {processor.py:157} INFO - Started process (PID=678) to work on /home/airflow/.local/lib/python3.8/site-packages/airflow/example_dags/example_xcomargs.py
[2023-11-24T00:23:35.809+0000] {processor.py:829} INFO - Processing file /home/airflow/.local/lib/python3.8/site-packages/airflow/example_dags/example_xcomargs.py for tasks to queue
[2023-11-24T00:23:35.811+0000] {logging_mixin.py:154} INFO - [2023-11-24T00:23:35.811+0000] {dagbag.py:536} INFO - Filling up the DagBag from /home/airflow/.local/lib/python3.8/site-packages/airflow/example_dags/example_xcomargs.py
[2023-11-24T00:23:35.816+0000] {processor.py:839} INFO - DAG(s) dict_keys(['example_xcom_args_with_operators', 'example_xcom_args']) retrieved from /home/airflow/.local/lib/python3.8/site-packages/airflow/example_dags/example_xcomargs.py
[2023-11-24T00:23:35.834+0000] {logging_mixin.py:154} INFO - [2023-11-24T00:23:35.834+0000] {dag.py:2941} INFO - Sync 2 DAGs
[2023-11-24T00:23:35.844+0000] {logging_mixin.py:154} INFO - [2023-11-24T00:23:35.843+0000] {dag.py:3722} INFO - Setting next_dagrun for example_xcom_args to None, run_after=None
[2023-11-24T00:23:35.846+0000] {logging_mixin.py:154} INFO - [2023-11-24T00:23:35.846+0000] {dag.py:3722} INFO - Setting next_dagrun for example_xcom_args_with_operators to None, run_after=None
[2023-11-24T00:23:35.859+0000] {processor.py:179} INFO - Processing /home/airflow/.local/lib/python3.8/site-packages/airflow/example_dags/example_xcomargs.py took 0.053 seconds
[2023-11-24T00:24:06.205+0000] {processor.py:157} INFO - Started process (PID=732) to work on /home/airflow/.local/lib/python3.8/site-packages/airflow/example_dags/example_xcomargs.py
[2023-11-24T00:24:06.206+0000] {processor.py:829} INFO - Processing file /home/airflow/.local/lib/python3.8/site-packages/airflow/example_dags/example_xcomargs.py for tasks to queue
[2023-11-24T00:24:06.208+0000] {logging_mixin.py:154} INFO - [2023-11-24T00:24:06.207+0000] {dagbag.py:536} INFO - Filling up the DagBag from /home/airflow/.local/lib/python3.8/site-packages/airflow/example_dags/example_xcomargs.py
[2023-11-24T00:24:06.213+0000] {processor.py:839} INFO - DAG(s) dict_keys(['example_xcom_args_with_operators', 'example_xcom_args']) retrieved from /home/airflow/.local/lib/python3.8/site-packages/airflow/example_dags/example_xcomargs.py
[2023-11-24T00:24:06.236+0000] {logging_mixin.py:154} INFO - [2023-11-24T00:24:06.236+0000] {dag.py:2941} INFO - Sync 2 DAGs
[2023-11-24T00:24:06.248+0000] {logging_mixin.py:154} INFO - [2023-11-24T00:24:06.248+0000] {dag.py:3722} INFO - Setting next_dagrun for example_xcom_args to None, run_after=None
[2023-11-24T00:24:06.252+0000] {logging_mixin.py:154} INFO - [2023-11-24T00:24:06.251+0000] {dag.py:3722} INFO - Setting next_dagrun for example_xcom_args_with_operators to None, run_after=None
[2023-11-24T00:24:06.268+0000] {processor.py:179} INFO - Processing /home/airflow/.local/lib/python3.8/site-packages/airflow/example_dags/example_xcomargs.py took 0.066 seconds
[2023-11-24T00:24:36.411+0000] {processor.py:157} INFO - Started process (PID=785) to work on /home/airflow/.local/lib/python3.8/site-packages/airflow/example_dags/example_xcomargs.py
[2023-11-24T00:24:36.412+0000] {processor.py:829} INFO - Processing file /home/airflow/.local/lib/python3.8/site-packages/airflow/example_dags/example_xcomargs.py for tasks to queue
[2023-11-24T00:24:36.414+0000] {logging_mixin.py:154} INFO - [2023-11-24T00:24:36.413+0000] {dagbag.py:536} INFO - Filling up the DagBag from /home/airflow/.local/lib/python3.8/site-packages/airflow/example_dags/example_xcomargs.py
[2023-11-24T00:24:36.419+0000] {processor.py:839} INFO - DAG(s) dict_keys(['example_xcom_args', 'example_xcom_args_with_operators']) retrieved from /home/airflow/.local/lib/python3.8/site-packages/airflow/example_dags/example_xcomargs.py
[2023-11-24T00:24:36.439+0000] {logging_mixin.py:154} INFO - [2023-11-24T00:24:36.439+0000] {dag.py:2941} INFO - Sync 2 DAGs
[2023-11-24T00:24:36.449+0000] {logging_mixin.py:154} INFO - [2023-11-24T00:24:36.449+0000] {dag.py:3722} INFO - Setting next_dagrun for example_xcom_args to None, run_after=None
[2023-11-24T00:24:36.453+0000] {logging_mixin.py:154} INFO - [2023-11-24T00:24:36.452+0000] {dag.py:3722} INFO - Setting next_dagrun for example_xcom_args_with_operators to None, run_after=None
[2023-11-24T00:24:36.469+0000] {processor.py:179} INFO - Processing /home/airflow/.local/lib/python3.8/site-packages/airflow/example_dags/example_xcomargs.py took 0.059 seconds
[2023-11-24T00:25:07.144+0000] {processor.py:157} INFO - Started process (PID=839) to work on /home/airflow/.local/lib/python3.8/site-packages/airflow/example_dags/example_xcomargs.py
[2023-11-24T00:25:07.145+0000] {processor.py:829} INFO - Processing file /home/airflow/.local/lib/python3.8/site-packages/airflow/example_dags/example_xcomargs.py for tasks to queue
[2023-11-24T00:25:07.147+0000] {logging_mixin.py:154} INFO - [2023-11-24T00:25:07.147+0000] {dagbag.py:536} INFO - Filling up the DagBag from /home/airflow/.local/lib/python3.8/site-packages/airflow/example_dags/example_xcomargs.py
[2023-11-24T00:25:07.152+0000] {processor.py:839} INFO - DAG(s) dict_keys(['example_xcom_args', 'example_xcom_args_with_operators']) retrieved from /home/airflow/.local/lib/python3.8/site-packages/airflow/example_dags/example_xcomargs.py
[2023-11-24T00:25:07.174+0000] {logging_mixin.py:154} INFO - [2023-11-24T00:25:07.173+0000] {dag.py:2941} INFO - Sync 2 DAGs
[2023-11-24T00:25:07.185+0000] {logging_mixin.py:154} INFO - [2023-11-24T00:25:07.185+0000] {dag.py:3722} INFO - Setting next_dagrun for example_xcom_args to None, run_after=None
[2023-11-24T00:25:07.188+0000] {logging_mixin.py:154} INFO - [2023-11-24T00:25:07.188+0000] {dag.py:3722} INFO - Setting next_dagrun for example_xcom_args_with_operators to None, run_after=None
[2023-11-24T00:25:07.203+0000] {processor.py:179} INFO - Processing /home/airflow/.local/lib/python3.8/site-packages/airflow/example_dags/example_xcomargs.py took 0.061 seconds
[2023-11-24T00:25:38.008+0000] {processor.py:157} INFO - Started process (PID=893) to work on /home/airflow/.local/lib/python3.8/site-packages/airflow/example_dags/example_xcomargs.py
[2023-11-24T00:25:38.009+0000] {processor.py:829} INFO - Processing file /home/airflow/.local/lib/python3.8/site-packages/airflow/example_dags/example_xcomargs.py for tasks to queue
[2023-11-24T00:25:38.011+0000] {logging_mixin.py:154} INFO - [2023-11-24T00:25:38.011+0000] {dagbag.py:536} INFO - Filling up the DagBag from /home/airflow/.local/lib/python3.8/site-packages/airflow/example_dags/example_xcomargs.py
[2023-11-24T00:25:38.017+0000] {processor.py:839} INFO - DAG(s) dict_keys(['example_xcom_args_with_operators', 'example_xcom_args']) retrieved from /home/airflow/.local/lib/python3.8/site-packages/airflow/example_dags/example_xcomargs.py
[2023-11-24T00:25:38.037+0000] {logging_mixin.py:154} INFO - [2023-11-24T00:25:38.037+0000] {dag.py:2941} INFO - Sync 2 DAGs
[2023-11-24T00:25:38.047+0000] {logging_mixin.py:154} INFO - [2023-11-24T00:25:38.047+0000] {dag.py:3722} INFO - Setting next_dagrun for example_xcom_args to None, run_after=None
[2023-11-24T00:25:38.050+0000] {logging_mixin.py:154} INFO - [2023-11-24T00:25:38.050+0000] {dag.py:3722} INFO - Setting next_dagrun for example_xcom_args_with_operators to None, run_after=None
[2023-11-24T00:25:38.063+0000] {processor.py:179} INFO - Processing /home/airflow/.local/lib/python3.8/site-packages/airflow/example_dags/example_xcomargs.py took 0.057 seconds
[2023-11-24T00:26:08.266+0000] {processor.py:157} INFO - Started process (PID=947) to work on /home/airflow/.local/lib/python3.8/site-packages/airflow/example_dags/example_xcomargs.py
[2023-11-24T00:26:08.267+0000] {processor.py:829} INFO - Processing file /home/airflow/.local/lib/python3.8/site-packages/airflow/example_dags/example_xcomargs.py for tasks to queue
[2023-11-24T00:26:08.268+0000] {logging_mixin.py:154} INFO - [2023-11-24T00:26:08.268+0000] {dagbag.py:536} INFO - Filling up the DagBag from /home/airflow/.local/lib/python3.8/site-packages/airflow/example_dags/example_xcomargs.py
[2023-11-24T00:26:08.274+0000] {processor.py:839} INFO - DAG(s) dict_keys(['example_xcom_args_with_operators', 'example_xcom_args']) retrieved from /home/airflow/.local/lib/python3.8/site-packages/airflow/example_dags/example_xcomargs.py
[2023-11-24T00:26:08.292+0000] {logging_mixin.py:154} INFO - [2023-11-24T00:26:08.292+0000] {dag.py:2941} INFO - Sync 2 DAGs
[2023-11-24T00:26:08.303+0000] {logging_mixin.py:154} INFO - [2023-11-24T00:26:08.303+0000] {dag.py:3722} INFO - Setting next_dagrun for example_xcom_args to None, run_after=None
[2023-11-24T00:26:08.306+0000] {logging_mixin.py:154} INFO - [2023-11-24T00:26:08.306+0000] {dag.py:3722} INFO - Setting next_dagrun for example_xcom_args_with_operators to None, run_after=None
[2023-11-24T00:26:08.319+0000] {processor.py:179} INFO - Processing /home/airflow/.local/lib/python3.8/site-packages/airflow/example_dags/example_xcomargs.py took 0.055 seconds
[2023-11-24T00:26:38.894+0000] {processor.py:157} INFO - Started process (PID=1001) to work on /home/airflow/.local/lib/python3.8/site-packages/airflow/example_dags/example_xcomargs.py
[2023-11-24T00:26:38.895+0000] {processor.py:829} INFO - Processing file /home/airflow/.local/lib/python3.8/site-packages/airflow/example_dags/example_xcomargs.py for tasks to queue
[2023-11-24T00:26:38.896+0000] {logging_mixin.py:154} INFO - [2023-11-24T00:26:38.896+0000] {dagbag.py:536} INFO - Filling up the DagBag from /home/airflow/.local/lib/python3.8/site-packages/airflow/example_dags/example_xcomargs.py
[2023-11-24T00:26:38.902+0000] {processor.py:839} INFO - DAG(s) dict_keys(['example_xcom_args', 'example_xcom_args_with_operators']) retrieved from /home/airflow/.local/lib/python3.8/site-packages/airflow/example_dags/example_xcomargs.py
[2023-11-24T00:26:38.922+0000] {logging_mixin.py:154} INFO - [2023-11-24T00:26:38.921+0000] {dag.py:2941} INFO - Sync 2 DAGs
[2023-11-24T00:26:38.933+0000] {logging_mixin.py:154} INFO - [2023-11-24T00:26:38.933+0000] {dag.py:3722} INFO - Setting next_dagrun for example_xcom_args to None, run_after=None
[2023-11-24T00:26:38.937+0000] {logging_mixin.py:154} INFO - [2023-11-24T00:26:38.936+0000] {dag.py:3722} INFO - Setting next_dagrun for example_xcom_args_with_operators to None, run_after=None
[2023-11-24T00:26:38.951+0000] {processor.py:179} INFO - Processing /home/airflow/.local/lib/python3.8/site-packages/airflow/example_dags/example_xcomargs.py took 0.059 seconds
[2023-11-24T00:27:09.333+0000] {processor.py:157} INFO - Started process (PID=1055) to work on /home/airflow/.local/lib/python3.8/site-packages/airflow/example_dags/example_xcomargs.py
[2023-11-24T00:27:09.334+0000] {processor.py:829} INFO - Processing file /home/airflow/.local/lib/python3.8/site-packages/airflow/example_dags/example_xcomargs.py for tasks to queue
[2023-11-24T00:27:09.335+0000] {logging_mixin.py:154} INFO - [2023-11-24T00:27:09.335+0000] {dagbag.py:536} INFO - Filling up the DagBag from /home/airflow/.local/lib/python3.8/site-packages/airflow/example_dags/example_xcomargs.py
[2023-11-24T00:27:09.341+0000] {processor.py:839} INFO - DAG(s) dict_keys(['example_xcom_args_with_operators', 'example_xcom_args']) retrieved from /home/airflow/.local/lib/python3.8/site-packages/airflow/example_dags/example_xcomargs.py
[2023-11-24T00:27:09.359+0000] {logging_mixin.py:154} INFO - [2023-11-24T00:27:09.359+0000] {dag.py:2941} INFO - Sync 2 DAGs
[2023-11-24T00:27:09.504+0000] {logging_mixin.py:154} INFO - [2023-11-24T00:27:09.504+0000] {dag.py:3722} INFO - Setting next_dagrun for example_xcom_args to None, run_after=None
[2023-11-24T00:27:09.506+0000] {logging_mixin.py:154} INFO - [2023-11-24T00:27:09.506+0000] {dag.py:3722} INFO - Setting next_dagrun for example_xcom_args_with_operators to None, run_after=None
[2023-11-24T00:27:09.518+0000] {processor.py:179} INFO - Processing /home/airflow/.local/lib/python3.8/site-packages/airflow/example_dags/example_xcomargs.py took 0.187 seconds
[2023-11-24T00:27:40.131+0000] {processor.py:157} INFO - Started process (PID=1109) to work on /home/airflow/.local/lib/python3.8/site-packages/airflow/example_dags/example_xcomargs.py
[2023-11-24T00:27:40.132+0000] {processor.py:829} INFO - Processing file /home/airflow/.local/lib/python3.8/site-packages/airflow/example_dags/example_xcomargs.py for tasks to queue
[2023-11-24T00:27:40.133+0000] {logging_mixin.py:154} INFO - [2023-11-24T00:27:40.133+0000] {dagbag.py:536} INFO - Filling up the DagBag from /home/airflow/.local/lib/python3.8/site-packages/airflow/example_dags/example_xcomargs.py
[2023-11-24T00:27:40.139+0000] {processor.py:839} INFO - DAG(s) dict_keys(['example_xcom_args_with_operators', 'example_xcom_args']) retrieved from /home/airflow/.local/lib/python3.8/site-packages/airflow/example_dags/example_xcomargs.py
[2023-11-24T00:27:40.159+0000] {logging_mixin.py:154} INFO - [2023-11-24T00:27:40.159+0000] {dag.py:2941} INFO - Sync 2 DAGs
[2023-11-24T00:27:40.170+0000] {logging_mixin.py:154} INFO - [2023-11-24T00:27:40.170+0000] {dag.py:3722} INFO - Setting next_dagrun for example_xcom_args to None, run_after=None
[2023-11-24T00:27:40.173+0000] {logging_mixin.py:154} INFO - [2023-11-24T00:27:40.173+0000] {dag.py:3722} INFO - Setting next_dagrun for example_xcom_args_with_operators to None, run_after=None
[2023-11-24T00:27:40.325+0000] {processor.py:179} INFO - Processing /home/airflow/.local/lib/python3.8/site-packages/airflow/example_dags/example_xcomargs.py took 0.196 seconds
[2023-11-24T00:28:10.619+0000] {processor.py:157} INFO - Started process (PID=1163) to work on /home/airflow/.local/lib/python3.8/site-packages/airflow/example_dags/example_xcomargs.py
[2023-11-24T00:28:10.620+0000] {processor.py:829} INFO - Processing file /home/airflow/.local/lib/python3.8/site-packages/airflow/example_dags/example_xcomargs.py for tasks to queue
[2023-11-24T00:28:10.621+0000] {logging_mixin.py:154} INFO - [2023-11-24T00:28:10.621+0000] {dagbag.py:536} INFO - Filling up the DagBag from /home/airflow/.local/lib/python3.8/site-packages/airflow/example_dags/example_xcomargs.py
[2023-11-24T00:28:10.627+0000] {processor.py:839} INFO - DAG(s) dict_keys(['example_xcom_args_with_operators', 'example_xcom_args']) retrieved from /home/airflow/.local/lib/python3.8/site-packages/airflow/example_dags/example_xcomargs.py
[2023-11-24T00:28:10.646+0000] {logging_mixin.py:154} INFO - [2023-11-24T00:28:10.646+0000] {dag.py:2941} INFO - Sync 2 DAGs
[2023-11-24T00:28:10.657+0000] {logging_mixin.py:154} INFO - [2023-11-24T00:28:10.656+0000] {dag.py:3722} INFO - Setting next_dagrun for example_xcom_args to None, run_after=None
[2023-11-24T00:28:10.659+0000] {logging_mixin.py:154} INFO - [2023-11-24T00:28:10.659+0000] {dag.py:3722} INFO - Setting next_dagrun for example_xcom_args_with_operators to None, run_after=None
[2023-11-24T00:28:10.673+0000] {processor.py:179} INFO - Processing /home/airflow/.local/lib/python3.8/site-packages/airflow/example_dags/example_xcomargs.py took 0.056 seconds
[2023-11-24T00:28:42.381+0000] {processor.py:157} INFO - Started process (PID=1218) to work on /home/airflow/.local/lib/python3.8/site-packages/airflow/example_dags/example_xcomargs.py
[2023-11-24T00:28:42.382+0000] {processor.py:829} INFO - Processing file /home/airflow/.local/lib/python3.8/site-packages/airflow/example_dags/example_xcomargs.py for tasks to queue
[2023-11-24T00:28:42.383+0000] {logging_mixin.py:154} INFO - [2023-11-24T00:28:42.383+0000] {dagbag.py:536} INFO - Filling up the DagBag from /home/airflow/.local/lib/python3.8/site-packages/airflow/example_dags/example_xcomargs.py
[2023-11-24T00:28:42.391+0000] {processor.py:839} INFO - DAG(s) dict_keys(['example_xcom_args_with_operators', 'example_xcom_args']) retrieved from /home/airflow/.local/lib/python3.8/site-packages/airflow/example_dags/example_xcomargs.py
[2023-11-24T00:28:42.415+0000] {logging_mixin.py:154} INFO - [2023-11-24T00:28:42.415+0000] {dag.py:2941} INFO - Sync 2 DAGs
[2023-11-24T00:28:42.428+0000] {logging_mixin.py:154} INFO - [2023-11-24T00:28:42.428+0000] {dag.py:3722} INFO - Setting next_dagrun for example_xcom_args to None, run_after=None
[2023-11-24T00:28:42.432+0000] {logging_mixin.py:154} INFO - [2023-11-24T00:28:42.431+0000] {dag.py:3722} INFO - Setting next_dagrun for example_xcom_args_with_operators to None, run_after=None
[2023-11-24T00:28:42.450+0000] {processor.py:179} INFO - Processing /home/airflow/.local/lib/python3.8/site-packages/airflow/example_dags/example_xcomargs.py took 0.072 seconds
[2023-11-24T00:29:13.917+0000] {processor.py:157} INFO - Started process (PID=1272) to work on /home/airflow/.local/lib/python3.8/site-packages/airflow/example_dags/example_xcomargs.py
[2023-11-24T00:29:13.918+0000] {processor.py:829} INFO - Processing file /home/airflow/.local/lib/python3.8/site-packages/airflow/example_dags/example_xcomargs.py for tasks to queue
[2023-11-24T00:29:13.920+0000] {logging_mixin.py:154} INFO - [2023-11-24T00:29:13.919+0000] {dagbag.py:536} INFO - Filling up the DagBag from /home/airflow/.local/lib/python3.8/site-packages/airflow/example_dags/example_xcomargs.py
[2023-11-24T00:29:13.927+0000] {processor.py:839} INFO - DAG(s) dict_keys(['example_xcom_args', 'example_xcom_args_with_operators']) retrieved from /home/airflow/.local/lib/python3.8/site-packages/airflow/example_dags/example_xcomargs.py
[2023-11-24T00:29:14.095+0000] {logging_mixin.py:154} INFO - [2023-11-24T00:29:14.095+0000] {dag.py:2941} INFO - Sync 2 DAGs
[2023-11-24T00:29:14.107+0000] {logging_mixin.py:154} INFO - [2023-11-24T00:29:14.107+0000] {dag.py:3722} INFO - Setting next_dagrun for example_xcom_args to None, run_after=None
[2023-11-24T00:29:14.110+0000] {logging_mixin.py:154} INFO - [2023-11-24T00:29:14.110+0000] {dag.py:3722} INFO - Setting next_dagrun for example_xcom_args_with_operators to None, run_after=None
[2023-11-24T00:29:14.128+0000] {processor.py:179} INFO - Processing /home/airflow/.local/lib/python3.8/site-packages/airflow/example_dags/example_xcomargs.py took 0.213 seconds
[2023-11-24T00:29:44.623+0000] {processor.py:157} INFO - Started process (PID=1326) to work on /home/airflow/.local/lib/python3.8/site-packages/airflow/example_dags/example_xcomargs.py
[2023-11-24T00:29:44.625+0000] {processor.py:829} INFO - Processing file /home/airflow/.local/lib/python3.8/site-packages/airflow/example_dags/example_xcomargs.py for tasks to queue
[2023-11-24T00:29:44.626+0000] {logging_mixin.py:154} INFO - [2023-11-24T00:29:44.626+0000] {dagbag.py:536} INFO - Filling up the DagBag from /home/airflow/.local/lib/python3.8/site-packages/airflow/example_dags/example_xcomargs.py
[2023-11-24T00:29:44.632+0000] {processor.py:839} INFO - DAG(s) dict_keys(['example_xcom_args', 'example_xcom_args_with_operators']) retrieved from /home/airflow/.local/lib/python3.8/site-packages/airflow/example_dags/example_xcomargs.py
[2023-11-24T00:29:44.655+0000] {logging_mixin.py:154} INFO - [2023-11-24T00:29:44.654+0000] {dag.py:2941} INFO - Sync 2 DAGs
[2023-11-24T00:29:44.667+0000] {logging_mixin.py:154} INFO - [2023-11-24T00:29:44.667+0000] {dag.py:3722} INFO - Setting next_dagrun for example_xcom_args to None, run_after=None
[2023-11-24T00:29:44.671+0000] {logging_mixin.py:154} INFO - [2023-11-24T00:29:44.671+0000] {dag.py:3722} INFO - Setting next_dagrun for example_xcom_args_with_operators to None, run_after=None
[2023-11-24T00:29:44.826+0000] {processor.py:179} INFO - Processing /home/airflow/.local/lib/python3.8/site-packages/airflow/example_dags/example_xcomargs.py took 0.205 seconds
[2023-11-24T00:30:14.938+0000] {processor.py:157} INFO - Started process (PID=1390) to work on /home/airflow/.local/lib/python3.8/site-packages/airflow/example_dags/example_xcomargs.py
[2023-11-24T00:30:14.939+0000] {processor.py:829} INFO - Processing file /home/airflow/.local/lib/python3.8/site-packages/airflow/example_dags/example_xcomargs.py for tasks to queue
[2023-11-24T00:30:14.940+0000] {logging_mixin.py:154} INFO - [2023-11-24T00:30:14.940+0000] {dagbag.py:536} INFO - Filling up the DagBag from /home/airflow/.local/lib/python3.8/site-packages/airflow/example_dags/example_xcomargs.py
[2023-11-24T00:30:14.946+0000] {processor.py:839} INFO - DAG(s) dict_keys(['example_xcom_args', 'example_xcom_args_with_operators']) retrieved from /home/airflow/.local/lib/python3.8/site-packages/airflow/example_dags/example_xcomargs.py
[2023-11-24T00:30:14.964+0000] {logging_mixin.py:154} INFO - [2023-11-24T00:30:14.964+0000] {dag.py:2941} INFO - Sync 2 DAGs
[2023-11-24T00:30:14.975+0000] {logging_mixin.py:154} INFO - [2023-11-24T00:30:14.974+0000] {dag.py:3722} INFO - Setting next_dagrun for example_xcom_args to None, run_after=None
[2023-11-24T00:30:14.978+0000] {logging_mixin.py:154} INFO - [2023-11-24T00:30:14.977+0000] {dag.py:3722} INFO - Setting next_dagrun for example_xcom_args_with_operators to None, run_after=None
[2023-11-24T00:30:14.992+0000] {processor.py:179} INFO - Processing /home/airflow/.local/lib/python3.8/site-packages/airflow/example_dags/example_xcomargs.py took 0.056 seconds
[2023-11-24T00:30:46.319+0000] {processor.py:157} INFO - Started process (PID=1441) to work on /home/airflow/.local/lib/python3.8/site-packages/airflow/example_dags/example_xcomargs.py
[2023-11-24T00:30:46.319+0000] {processor.py:829} INFO - Processing file /home/airflow/.local/lib/python3.8/site-packages/airflow/example_dags/example_xcomargs.py for tasks to queue
[2023-11-24T00:30:46.321+0000] {logging_mixin.py:154} INFO - [2023-11-24T00:30:46.321+0000] {dagbag.py:536} INFO - Filling up the DagBag from /home/airflow/.local/lib/python3.8/site-packages/airflow/example_dags/example_xcomargs.py
[2023-11-24T00:30:46.535+0000] {processor.py:839} INFO - DAG(s) dict_keys(['example_xcom_args_with_operators', 'example_xcom_args']) retrieved from /home/airflow/.local/lib/python3.8/site-packages/airflow/example_dags/example_xcomargs.py
[2023-11-24T00:30:46.559+0000] {logging_mixin.py:154} INFO - [2023-11-24T00:30:46.559+0000] {dag.py:2941} INFO - Sync 2 DAGs
[2023-11-24T00:30:46.572+0000] {logging_mixin.py:154} INFO - [2023-11-24T00:30:46.572+0000] {dag.py:3722} INFO - Setting next_dagrun for example_xcom_args to None, run_after=None
[2023-11-24T00:30:46.576+0000] {logging_mixin.py:154} INFO - [2023-11-24T00:30:46.576+0000] {dag.py:3722} INFO - Setting next_dagrun for example_xcom_args_with_operators to None, run_after=None
[2023-11-24T00:30:46.598+0000] {processor.py:179} INFO - Processing /home/airflow/.local/lib/python3.8/site-packages/airflow/example_dags/example_xcomargs.py took 0.281 seconds
