[2023-11-24T00:17:59.771+0000] {processor.py:157} INFO - Started process (PID=83) to work on /home/airflow/.local/lib/python3.8/site-packages/airflow/example_dags/example_setup_teardown_taskflow.py
[2023-11-24T00:17:59.771+0000] {processor.py:829} INFO - Processing file /home/airflow/.local/lib/python3.8/site-packages/airflow/example_dags/example_setup_teardown_taskflow.py for tasks to queue
[2023-11-24T00:17:59.773+0000] {logging_mixin.py:154} INFO - [2023-11-24T00:17:59.773+0000] {dagbag.py:536} INFO - Filling up the DagBag from /home/airflow/.local/lib/python3.8/site-packages/airflow/example_dags/example_setup_teardown_taskflow.py
[2023-11-24T00:17:59.783+0000] {processor.py:839} INFO - DAG(s) dict_keys(['example_setup_teardown_taskflow']) retrieved from /home/airflow/.local/lib/python3.8/site-packages/airflow/example_dags/example_setup_teardown_taskflow.py
[2023-11-24T00:17:59.798+0000] {logging_mixin.py:154} INFO - [2023-11-24T00:17:59.798+0000] {dag.py:2941} INFO - Sync 1 DAGs
[2023-11-24T00:17:59.823+0000] {logging_mixin.py:154} INFO - [2023-11-24T00:17:59.823+0000] {dag.py:3722} INFO - Setting next_dagrun for example_setup_teardown_taskflow to 2023-11-23T00:17:59.822922+00:00, run_after=2023-11-24T00:17:59.822922+00:00
[2023-11-24T00:17:59.850+0000] {processor.py:179} INFO - Processing /home/airflow/.local/lib/python3.8/site-packages/airflow/example_dags/example_setup_teardown_taskflow.py took 0.082 seconds
[2023-11-24T00:18:30.529+0000] {processor.py:157} INFO - Started process (PID=137) to work on /home/airflow/.local/lib/python3.8/site-packages/airflow/example_dags/example_setup_teardown_taskflow.py
[2023-11-24T00:18:30.530+0000] {processor.py:829} INFO - Processing file /home/airflow/.local/lib/python3.8/site-packages/airflow/example_dags/example_setup_teardown_taskflow.py for tasks to queue
[2023-11-24T00:18:30.531+0000] {logging_mixin.py:154} INFO - [2023-11-24T00:18:30.531+0000] {dagbag.py:536} INFO - Filling up the DagBag from /home/airflow/.local/lib/python3.8/site-packages/airflow/example_dags/example_setup_teardown_taskflow.py
[2023-11-24T00:18:30.538+0000] {processor.py:839} INFO - DAG(s) dict_keys(['example_setup_teardown_taskflow']) retrieved from /home/airflow/.local/lib/python3.8/site-packages/airflow/example_dags/example_setup_teardown_taskflow.py
[2023-11-24T00:18:30.554+0000] {logging_mixin.py:154} INFO - [2023-11-24T00:18:30.554+0000] {dag.py:2941} INFO - Sync 1 DAGs
[2023-11-24T00:18:30.572+0000] {logging_mixin.py:154} INFO - [2023-11-24T00:18:30.572+0000] {dag.py:3722} INFO - Setting next_dagrun for example_setup_teardown_taskflow to 2023-11-23T00:18:30.572192+00:00, run_after=2023-11-24T00:18:30.572192+00:00
[2023-11-24T00:18:30.587+0000] {processor.py:179} INFO - Processing /home/airflow/.local/lib/python3.8/site-packages/airflow/example_dags/example_setup_teardown_taskflow.py took 0.060 seconds
[2023-11-24T00:19:01.484+0000] {processor.py:157} INFO - Started process (PID=191) to work on /home/airflow/.local/lib/python3.8/site-packages/airflow/example_dags/example_setup_teardown_taskflow.py
[2023-11-24T00:19:01.485+0000] {processor.py:829} INFO - Processing file /home/airflow/.local/lib/python3.8/site-packages/airflow/example_dags/example_setup_teardown_taskflow.py for tasks to queue
[2023-11-24T00:19:01.486+0000] {logging_mixin.py:154} INFO - [2023-11-24T00:19:01.486+0000] {dagbag.py:536} INFO - Filling up the DagBag from /home/airflow/.local/lib/python3.8/site-packages/airflow/example_dags/example_setup_teardown_taskflow.py
[2023-11-24T00:19:01.493+0000] {processor.py:839} INFO - DAG(s) dict_keys(['example_setup_teardown_taskflow']) retrieved from /home/airflow/.local/lib/python3.8/site-packages/airflow/example_dags/example_setup_teardown_taskflow.py
[2023-11-24T00:19:01.509+0000] {logging_mixin.py:154} INFO - [2023-11-24T00:19:01.509+0000] {dag.py:2941} INFO - Sync 1 DAGs
[2023-11-24T00:19:01.527+0000] {logging_mixin.py:154} INFO - [2023-11-24T00:19:01.526+0000] {dag.py:3722} INFO - Setting next_dagrun for example_setup_teardown_taskflow to 2023-11-23T00:19:01.526755+00:00, run_after=2023-11-24T00:19:01.526755+00:00
[2023-11-24T00:19:01.541+0000] {processor.py:179} INFO - Processing /home/airflow/.local/lib/python3.8/site-packages/airflow/example_dags/example_setup_teardown_taskflow.py took 0.059 seconds
[2023-11-24T00:19:31.760+0000] {processor.py:157} INFO - Started process (PID=245) to work on /home/airflow/.local/lib/python3.8/site-packages/airflow/example_dags/example_setup_teardown_taskflow.py
[2023-11-24T00:19:31.760+0000] {processor.py:829} INFO - Processing file /home/airflow/.local/lib/python3.8/site-packages/airflow/example_dags/example_setup_teardown_taskflow.py for tasks to queue
[2023-11-24T00:19:31.762+0000] {logging_mixin.py:154} INFO - [2023-11-24T00:19:31.762+0000] {dagbag.py:536} INFO - Filling up the DagBag from /home/airflow/.local/lib/python3.8/site-packages/airflow/example_dags/example_setup_teardown_taskflow.py
[2023-11-24T00:19:31.768+0000] {processor.py:839} INFO - DAG(s) dict_keys(['example_setup_teardown_taskflow']) retrieved from /home/airflow/.local/lib/python3.8/site-packages/airflow/example_dags/example_setup_teardown_taskflow.py
[2023-11-24T00:19:31.785+0000] {logging_mixin.py:154} INFO - [2023-11-24T00:19:31.785+0000] {dag.py:2941} INFO - Sync 1 DAGs
[2023-11-24T00:19:31.801+0000] {logging_mixin.py:154} INFO - [2023-11-24T00:19:31.801+0000] {dag.py:3722} INFO - Setting next_dagrun for example_setup_teardown_taskflow to 2023-11-23T00:19:31.800981+00:00, run_after=2023-11-24T00:19:31.800981+00:00
[2023-11-24T00:19:31.817+0000] {processor.py:179} INFO - Processing /home/airflow/.local/lib/python3.8/site-packages/airflow/example_dags/example_setup_teardown_taskflow.py took 0.060 seconds
[2023-11-24T00:20:02.121+0000] {processor.py:157} INFO - Started process (PID=299) to work on /home/airflow/.local/lib/python3.8/site-packages/airflow/example_dags/example_setup_teardown_taskflow.py
[2023-11-24T00:20:02.122+0000] {processor.py:829} INFO - Processing file /home/airflow/.local/lib/python3.8/site-packages/airflow/example_dags/example_setup_teardown_taskflow.py for tasks to queue
[2023-11-24T00:20:02.124+0000] {logging_mixin.py:154} INFO - [2023-11-24T00:20:02.124+0000] {dagbag.py:536} INFO - Filling up the DagBag from /home/airflow/.local/lib/python3.8/site-packages/airflow/example_dags/example_setup_teardown_taskflow.py
[2023-11-24T00:20:02.130+0000] {processor.py:839} INFO - DAG(s) dict_keys(['example_setup_teardown_taskflow']) retrieved from /home/airflow/.local/lib/python3.8/site-packages/airflow/example_dags/example_setup_teardown_taskflow.py
[2023-11-24T00:20:02.147+0000] {logging_mixin.py:154} INFO - [2023-11-24T00:20:02.147+0000] {dag.py:2941} INFO - Sync 1 DAGs
[2023-11-24T00:20:02.165+0000] {logging_mixin.py:154} INFO - [2023-11-24T00:20:02.164+0000] {dag.py:3722} INFO - Setting next_dagrun for example_setup_teardown_taskflow to 2023-11-23T00:20:02.164799+00:00, run_after=2023-11-24T00:20:02.164799+00:00
[2023-11-24T00:20:02.180+0000] {processor.py:179} INFO - Processing /home/airflow/.local/lib/python3.8/site-packages/airflow/example_dags/example_setup_teardown_taskflow.py took 0.061 seconds
[2023-11-24T00:20:32.386+0000] {processor.py:157} INFO - Started process (PID=353) to work on /home/airflow/.local/lib/python3.8/site-packages/airflow/example_dags/example_setup_teardown_taskflow.py
[2023-11-24T00:20:32.387+0000] {processor.py:829} INFO - Processing file /home/airflow/.local/lib/python3.8/site-packages/airflow/example_dags/example_setup_teardown_taskflow.py for tasks to queue
[2023-11-24T00:20:32.389+0000] {logging_mixin.py:154} INFO - [2023-11-24T00:20:32.388+0000] {dagbag.py:536} INFO - Filling up the DagBag from /home/airflow/.local/lib/python3.8/site-packages/airflow/example_dags/example_setup_teardown_taskflow.py
[2023-11-24T00:20:32.395+0000] {processor.py:839} INFO - DAG(s) dict_keys(['example_setup_teardown_taskflow']) retrieved from /home/airflow/.local/lib/python3.8/site-packages/airflow/example_dags/example_setup_teardown_taskflow.py
[2023-11-24T00:20:32.411+0000] {logging_mixin.py:154} INFO - [2023-11-24T00:20:32.411+0000] {dag.py:2941} INFO - Sync 1 DAGs
[2023-11-24T00:20:32.429+0000] {logging_mixin.py:154} INFO - [2023-11-24T00:20:32.429+0000] {dag.py:3722} INFO - Setting next_dagrun for example_setup_teardown_taskflow to 2023-11-23T00:20:32.429078+00:00, run_after=2023-11-24T00:20:32.429078+00:00
[2023-11-24T00:20:32.443+0000] {processor.py:179} INFO - Processing /home/airflow/.local/lib/python3.8/site-packages/airflow/example_dags/example_setup_teardown_taskflow.py took 0.059 seconds
[2023-11-24T00:21:02.826+0000] {processor.py:157} INFO - Started process (PID=407) to work on /home/airflow/.local/lib/python3.8/site-packages/airflow/example_dags/example_setup_teardown_taskflow.py
[2023-11-24T00:21:02.827+0000] {processor.py:829} INFO - Processing file /home/airflow/.local/lib/python3.8/site-packages/airflow/example_dags/example_setup_teardown_taskflow.py for tasks to queue
[2023-11-24T00:21:02.829+0000] {logging_mixin.py:154} INFO - [2023-11-24T00:21:02.828+0000] {dagbag.py:536} INFO - Filling up the DagBag from /home/airflow/.local/lib/python3.8/site-packages/airflow/example_dags/example_setup_teardown_taskflow.py
[2023-11-24T00:21:02.835+0000] {processor.py:839} INFO - DAG(s) dict_keys(['example_setup_teardown_taskflow']) retrieved from /home/airflow/.local/lib/python3.8/site-packages/airflow/example_dags/example_setup_teardown_taskflow.py
[2023-11-24T00:21:02.851+0000] {logging_mixin.py:154} INFO - [2023-11-24T00:21:02.851+0000] {dag.py:2941} INFO - Sync 1 DAGs
[2023-11-24T00:21:02.868+0000] {logging_mixin.py:154} INFO - [2023-11-24T00:21:02.868+0000] {dag.py:3722} INFO - Setting next_dagrun for example_setup_teardown_taskflow to 2023-11-23T00:21:02.868153+00:00, run_after=2023-11-24T00:21:02.868153+00:00
[2023-11-24T00:21:02.882+0000] {processor.py:179} INFO - Processing /home/airflow/.local/lib/python3.8/site-packages/airflow/example_dags/example_setup_teardown_taskflow.py took 0.058 seconds
[2023-11-24T00:21:33.744+0000] {processor.py:157} INFO - Started process (PID=461) to work on /home/airflow/.local/lib/python3.8/site-packages/airflow/example_dags/example_setup_teardown_taskflow.py
[2023-11-24T00:21:33.745+0000] {processor.py:829} INFO - Processing file /home/airflow/.local/lib/python3.8/site-packages/airflow/example_dags/example_setup_teardown_taskflow.py for tasks to queue
[2023-11-24T00:21:33.746+0000] {logging_mixin.py:154} INFO - [2023-11-24T00:21:33.746+0000] {dagbag.py:536} INFO - Filling up the DagBag from /home/airflow/.local/lib/python3.8/site-packages/airflow/example_dags/example_setup_teardown_taskflow.py
[2023-11-24T00:21:33.755+0000] {processor.py:839} INFO - DAG(s) dict_keys(['example_setup_teardown_taskflow']) retrieved from /home/airflow/.local/lib/python3.8/site-packages/airflow/example_dags/example_setup_teardown_taskflow.py
[2023-11-24T00:21:33.776+0000] {logging_mixin.py:154} INFO - [2023-11-24T00:21:33.775+0000] {dag.py:2941} INFO - Sync 1 DAGs
[2023-11-24T00:21:33.799+0000] {logging_mixin.py:154} INFO - [2023-11-24T00:21:33.798+0000] {dag.py:3722} INFO - Setting next_dagrun for example_setup_teardown_taskflow to 2023-11-23T00:21:33.798645+00:00, run_after=2023-11-24T00:21:33.798645+00:00
[2023-11-24T00:21:33.820+0000] {processor.py:179} INFO - Processing /home/airflow/.local/lib/python3.8/site-packages/airflow/example_dags/example_setup_teardown_taskflow.py took 0.079 seconds
[2023-11-24T00:22:04.764+0000] {processor.py:157} INFO - Started process (PID=515) to work on /home/airflow/.local/lib/python3.8/site-packages/airflow/example_dags/example_setup_teardown_taskflow.py
[2023-11-24T00:22:04.764+0000] {processor.py:829} INFO - Processing file /home/airflow/.local/lib/python3.8/site-packages/airflow/example_dags/example_setup_teardown_taskflow.py for tasks to queue
[2023-11-24T00:22:04.766+0000] {logging_mixin.py:154} INFO - [2023-11-24T00:22:04.766+0000] {dagbag.py:536} INFO - Filling up the DagBag from /home/airflow/.local/lib/python3.8/site-packages/airflow/example_dags/example_setup_teardown_taskflow.py
[2023-11-24T00:22:04.772+0000] {processor.py:839} INFO - DAG(s) dict_keys(['example_setup_teardown_taskflow']) retrieved from /home/airflow/.local/lib/python3.8/site-packages/airflow/example_dags/example_setup_teardown_taskflow.py
[2023-11-24T00:22:04.789+0000] {logging_mixin.py:154} INFO - [2023-11-24T00:22:04.789+0000] {dag.py:2941} INFO - Sync 1 DAGs
[2023-11-24T00:22:04.806+0000] {logging_mixin.py:154} INFO - [2023-11-24T00:22:04.806+0000] {dag.py:3722} INFO - Setting next_dagrun for example_setup_teardown_taskflow to 2023-11-23T00:22:04.806528+00:00, run_after=2023-11-24T00:22:04.806528+00:00
[2023-11-24T00:22:04.821+0000] {processor.py:179} INFO - Processing /home/airflow/.local/lib/python3.8/site-packages/airflow/example_dags/example_setup_teardown_taskflow.py took 0.060 seconds
[2023-11-24T00:22:35.013+0000] {processor.py:157} INFO - Started process (PID=569) to work on /home/airflow/.local/lib/python3.8/site-packages/airflow/example_dags/example_setup_teardown_taskflow.py
[2023-11-24T00:22:35.014+0000] {processor.py:829} INFO - Processing file /home/airflow/.local/lib/python3.8/site-packages/airflow/example_dags/example_setup_teardown_taskflow.py for tasks to queue
[2023-11-24T00:22:35.015+0000] {logging_mixin.py:154} INFO - [2023-11-24T00:22:35.015+0000] {dagbag.py:536} INFO - Filling up the DagBag from /home/airflow/.local/lib/python3.8/site-packages/airflow/example_dags/example_setup_teardown_taskflow.py
[2023-11-24T00:22:35.021+0000] {processor.py:839} INFO - DAG(s) dict_keys(['example_setup_teardown_taskflow']) retrieved from /home/airflow/.local/lib/python3.8/site-packages/airflow/example_dags/example_setup_teardown_taskflow.py
[2023-11-24T00:22:35.038+0000] {logging_mixin.py:154} INFO - [2023-11-24T00:22:35.038+0000] {dag.py:2941} INFO - Sync 1 DAGs
[2023-11-24T00:22:35.054+0000] {logging_mixin.py:154} INFO - [2023-11-24T00:22:35.054+0000] {dag.py:3722} INFO - Setting next_dagrun for example_setup_teardown_taskflow to 2023-11-23T00:22:35.054506+00:00, run_after=2023-11-24T00:22:35.054506+00:00
[2023-11-24T00:22:35.070+0000] {processor.py:179} INFO - Processing /home/airflow/.local/lib/python3.8/site-packages/airflow/example_dags/example_setup_teardown_taskflow.py took 0.059 seconds
[2023-11-24T00:23:05.362+0000] {processor.py:157} INFO - Started process (PID=623) to work on /home/airflow/.local/lib/python3.8/site-packages/airflow/example_dags/example_setup_teardown_taskflow.py
[2023-11-24T00:23:05.363+0000] {processor.py:829} INFO - Processing file /home/airflow/.local/lib/python3.8/site-packages/airflow/example_dags/example_setup_teardown_taskflow.py for tasks to queue
[2023-11-24T00:23:05.364+0000] {logging_mixin.py:154} INFO - [2023-11-24T00:23:05.364+0000] {dagbag.py:536} INFO - Filling up the DagBag from /home/airflow/.local/lib/python3.8/site-packages/airflow/example_dags/example_setup_teardown_taskflow.py
[2023-11-24T00:23:05.371+0000] {processor.py:839} INFO - DAG(s) dict_keys(['example_setup_teardown_taskflow']) retrieved from /home/airflow/.local/lib/python3.8/site-packages/airflow/example_dags/example_setup_teardown_taskflow.py
[2023-11-24T00:23:05.388+0000] {logging_mixin.py:154} INFO - [2023-11-24T00:23:05.387+0000] {dag.py:2941} INFO - Sync 1 DAGs
[2023-11-24T00:23:05.405+0000] {logging_mixin.py:154} INFO - [2023-11-24T00:23:05.405+0000] {dag.py:3722} INFO - Setting next_dagrun for example_setup_teardown_taskflow to 2023-11-23T00:23:05.405099+00:00, run_after=2023-11-24T00:23:05.405099+00:00
[2023-11-24T00:23:05.419+0000] {processor.py:179} INFO - Processing /home/airflow/.local/lib/python3.8/site-packages/airflow/example_dags/example_setup_teardown_taskflow.py took 0.059 seconds
[2023-11-24T00:23:35.732+0000] {processor.py:157} INFO - Started process (PID=677) to work on /home/airflow/.local/lib/python3.8/site-packages/airflow/example_dags/example_setup_teardown_taskflow.py
[2023-11-24T00:23:35.733+0000] {processor.py:829} INFO - Processing file /home/airflow/.local/lib/python3.8/site-packages/airflow/example_dags/example_setup_teardown_taskflow.py for tasks to queue
[2023-11-24T00:23:35.735+0000] {logging_mixin.py:154} INFO - [2023-11-24T00:23:35.734+0000] {dagbag.py:536} INFO - Filling up the DagBag from /home/airflow/.local/lib/python3.8/site-packages/airflow/example_dags/example_setup_teardown_taskflow.py
[2023-11-24T00:23:35.741+0000] {processor.py:839} INFO - DAG(s) dict_keys(['example_setup_teardown_taskflow']) retrieved from /home/airflow/.local/lib/python3.8/site-packages/airflow/example_dags/example_setup_teardown_taskflow.py
[2023-11-24T00:23:35.759+0000] {logging_mixin.py:154} INFO - [2023-11-24T00:23:35.759+0000] {dag.py:2941} INFO - Sync 1 DAGs
[2023-11-24T00:23:35.777+0000] {logging_mixin.py:154} INFO - [2023-11-24T00:23:35.777+0000] {dag.py:3722} INFO - Setting next_dagrun for example_setup_teardown_taskflow to 2023-11-23T00:23:35.777104+00:00, run_after=2023-11-24T00:23:35.777104+00:00
[2023-11-24T00:23:35.792+0000] {processor.py:179} INFO - Processing /home/airflow/.local/lib/python3.8/site-packages/airflow/example_dags/example_setup_teardown_taskflow.py took 0.062 seconds
[2023-11-24T00:24:06.125+0000] {processor.py:157} INFO - Started process (PID=731) to work on /home/airflow/.local/lib/python3.8/site-packages/airflow/example_dags/example_setup_teardown_taskflow.py
[2023-11-24T00:24:06.126+0000] {processor.py:829} INFO - Processing file /home/airflow/.local/lib/python3.8/site-packages/airflow/example_dags/example_setup_teardown_taskflow.py for tasks to queue
[2023-11-24T00:24:06.128+0000] {logging_mixin.py:154} INFO - [2023-11-24T00:24:06.128+0000] {dagbag.py:536} INFO - Filling up the DagBag from /home/airflow/.local/lib/python3.8/site-packages/airflow/example_dags/example_setup_teardown_taskflow.py
[2023-11-24T00:24:06.135+0000] {processor.py:839} INFO - DAG(s) dict_keys(['example_setup_teardown_taskflow']) retrieved from /home/airflow/.local/lib/python3.8/site-packages/airflow/example_dags/example_setup_teardown_taskflow.py
[2023-11-24T00:24:06.154+0000] {logging_mixin.py:154} INFO - [2023-11-24T00:24:06.154+0000] {dag.py:2941} INFO - Sync 1 DAGs
[2023-11-24T00:24:06.173+0000] {logging_mixin.py:154} INFO - [2023-11-24T00:24:06.172+0000] {dag.py:3722} INFO - Setting next_dagrun for example_setup_teardown_taskflow to 2023-11-23T00:24:06.172580+00:00, run_after=2023-11-24T00:24:06.172580+00:00
[2023-11-24T00:24:06.190+0000] {processor.py:179} INFO - Processing /home/airflow/.local/lib/python3.8/site-packages/airflow/example_dags/example_setup_teardown_taskflow.py took 0.067 seconds
[2023-11-24T00:24:36.407+0000] {processor.py:157} INFO - Started process (PID=784) to work on /home/airflow/.local/lib/python3.8/site-packages/airflow/example_dags/example_setup_teardown_taskflow.py
[2023-11-24T00:24:36.408+0000] {processor.py:829} INFO - Processing file /home/airflow/.local/lib/python3.8/site-packages/airflow/example_dags/example_setup_teardown_taskflow.py for tasks to queue
[2023-11-24T00:24:36.410+0000] {logging_mixin.py:154} INFO - [2023-11-24T00:24:36.409+0000] {dagbag.py:536} INFO - Filling up the DagBag from /home/airflow/.local/lib/python3.8/site-packages/airflow/example_dags/example_setup_teardown_taskflow.py
[2023-11-24T00:24:36.417+0000] {processor.py:839} INFO - DAG(s) dict_keys(['example_setup_teardown_taskflow']) retrieved from /home/airflow/.local/lib/python3.8/site-packages/airflow/example_dags/example_setup_teardown_taskflow.py
[2023-11-24T00:24:36.435+0000] {logging_mixin.py:154} INFO - [2023-11-24T00:24:36.435+0000] {dag.py:2941} INFO - Sync 1 DAGs
[2023-11-24T00:24:36.453+0000] {logging_mixin.py:154} INFO - [2023-11-24T00:24:36.453+0000] {dag.py:3722} INFO - Setting next_dagrun for example_setup_teardown_taskflow to 2023-11-23T00:24:36.453172+00:00, run_after=2023-11-24T00:24:36.453172+00:00
[2023-11-24T00:24:36.470+0000] {processor.py:179} INFO - Processing /home/airflow/.local/lib/python3.8/site-packages/airflow/example_dags/example_setup_teardown_taskflow.py took 0.065 seconds
[2023-11-24T00:25:07.104+0000] {processor.py:157} INFO - Started process (PID=838) to work on /home/airflow/.local/lib/python3.8/site-packages/airflow/example_dags/example_setup_teardown_taskflow.py
[2023-11-24T00:25:07.105+0000] {processor.py:829} INFO - Processing file /home/airflow/.local/lib/python3.8/site-packages/airflow/example_dags/example_setup_teardown_taskflow.py for tasks to queue
[2023-11-24T00:25:07.107+0000] {logging_mixin.py:154} INFO - [2023-11-24T00:25:07.106+0000] {dagbag.py:536} INFO - Filling up the DagBag from /home/airflow/.local/lib/python3.8/site-packages/airflow/example_dags/example_setup_teardown_taskflow.py
[2023-11-24T00:25:07.113+0000] {processor.py:839} INFO - DAG(s) dict_keys(['example_setup_teardown_taskflow']) retrieved from /home/airflow/.local/lib/python3.8/site-packages/airflow/example_dags/example_setup_teardown_taskflow.py
[2023-11-24T00:25:07.132+0000] {logging_mixin.py:154} INFO - [2023-11-24T00:25:07.131+0000] {dag.py:2941} INFO - Sync 1 DAGs
[2023-11-24T00:25:07.150+0000] {logging_mixin.py:154} INFO - [2023-11-24T00:25:07.150+0000] {dag.py:3722} INFO - Setting next_dagrun for example_setup_teardown_taskflow to 2023-11-23T00:25:07.150443+00:00, run_after=2023-11-24T00:25:07.150443+00:00
[2023-11-24T00:25:07.167+0000] {processor.py:179} INFO - Processing /home/airflow/.local/lib/python3.8/site-packages/airflow/example_dags/example_setup_teardown_taskflow.py took 0.065 seconds
[2023-11-24T00:25:37.959+0000] {processor.py:157} INFO - Started process (PID=892) to work on /home/airflow/.local/lib/python3.8/site-packages/airflow/example_dags/example_setup_teardown_taskflow.py
[2023-11-24T00:25:37.960+0000] {processor.py:829} INFO - Processing file /home/airflow/.local/lib/python3.8/site-packages/airflow/example_dags/example_setup_teardown_taskflow.py for tasks to queue
[2023-11-24T00:25:37.962+0000] {logging_mixin.py:154} INFO - [2023-11-24T00:25:37.961+0000] {dagbag.py:536} INFO - Filling up the DagBag from /home/airflow/.local/lib/python3.8/site-packages/airflow/example_dags/example_setup_teardown_taskflow.py
[2023-11-24T00:25:37.968+0000] {processor.py:839} INFO - DAG(s) dict_keys(['example_setup_teardown_taskflow']) retrieved from /home/airflow/.local/lib/python3.8/site-packages/airflow/example_dags/example_setup_teardown_taskflow.py
[2023-11-24T00:25:37.984+0000] {logging_mixin.py:154} INFO - [2023-11-24T00:25:37.984+0000] {dag.py:2941} INFO - Sync 1 DAGs
[2023-11-24T00:25:38.002+0000] {logging_mixin.py:154} INFO - [2023-11-24T00:25:38.002+0000] {dag.py:3722} INFO - Setting next_dagrun for example_setup_teardown_taskflow to 2023-11-23T00:25:38.002388+00:00, run_after=2023-11-24T00:25:38.002388+00:00
[2023-11-24T00:25:38.018+0000] {processor.py:179} INFO - Processing /home/airflow/.local/lib/python3.8/site-packages/airflow/example_dags/example_setup_teardown_taskflow.py took 0.061 seconds
[2023-11-24T00:26:08.227+0000] {processor.py:157} INFO - Started process (PID=946) to work on /home/airflow/.local/lib/python3.8/site-packages/airflow/example_dags/example_setup_teardown_taskflow.py
[2023-11-24T00:26:08.227+0000] {processor.py:829} INFO - Processing file /home/airflow/.local/lib/python3.8/site-packages/airflow/example_dags/example_setup_teardown_taskflow.py for tasks to queue
[2023-11-24T00:26:08.229+0000] {logging_mixin.py:154} INFO - [2023-11-24T00:26:08.229+0000] {dagbag.py:536} INFO - Filling up the DagBag from /home/airflow/.local/lib/python3.8/site-packages/airflow/example_dags/example_setup_teardown_taskflow.py
[2023-11-24T00:26:08.235+0000] {processor.py:839} INFO - DAG(s) dict_keys(['example_setup_teardown_taskflow']) retrieved from /home/airflow/.local/lib/python3.8/site-packages/airflow/example_dags/example_setup_teardown_taskflow.py
[2023-11-24T00:26:08.251+0000] {logging_mixin.py:154} INFO - [2023-11-24T00:26:08.251+0000] {dag.py:2941} INFO - Sync 1 DAGs
[2023-11-24T00:26:08.270+0000] {logging_mixin.py:154} INFO - [2023-11-24T00:26:08.269+0000] {dag.py:3722} INFO - Setting next_dagrun for example_setup_teardown_taskflow to 2023-11-23T00:26:08.269788+00:00, run_after=2023-11-24T00:26:08.269788+00:00
[2023-11-24T00:26:08.284+0000] {processor.py:179} INFO - Processing /home/airflow/.local/lib/python3.8/site-packages/airflow/example_dags/example_setup_teardown_taskflow.py took 0.059 seconds
[2023-11-24T00:26:38.853+0000] {processor.py:157} INFO - Started process (PID=1000) to work on /home/airflow/.local/lib/python3.8/site-packages/airflow/example_dags/example_setup_teardown_taskflow.py
[2023-11-24T00:26:38.854+0000] {processor.py:829} INFO - Processing file /home/airflow/.local/lib/python3.8/site-packages/airflow/example_dags/example_setup_teardown_taskflow.py for tasks to queue
[2023-11-24T00:26:38.855+0000] {logging_mixin.py:154} INFO - [2023-11-24T00:26:38.855+0000] {dagbag.py:536} INFO - Filling up the DagBag from /home/airflow/.local/lib/python3.8/site-packages/airflow/example_dags/example_setup_teardown_taskflow.py
[2023-11-24T00:26:38.862+0000] {processor.py:839} INFO - DAG(s) dict_keys(['example_setup_teardown_taskflow']) retrieved from /home/airflow/.local/lib/python3.8/site-packages/airflow/example_dags/example_setup_teardown_taskflow.py
[2023-11-24T00:26:38.879+0000] {logging_mixin.py:154} INFO - [2023-11-24T00:26:38.878+0000] {dag.py:2941} INFO - Sync 1 DAGs
[2023-11-24T00:26:38.898+0000] {logging_mixin.py:154} INFO - [2023-11-24T00:26:38.898+0000] {dag.py:3722} INFO - Setting next_dagrun for example_setup_teardown_taskflow to 2023-11-23T00:26:38.898479+00:00, run_after=2023-11-24T00:26:38.898479+00:00
[2023-11-24T00:26:38.914+0000] {processor.py:179} INFO - Processing /home/airflow/.local/lib/python3.8/site-packages/airflow/example_dags/example_setup_teardown_taskflow.py took 0.063 seconds
[2023-11-24T00:27:09.323+0000] {processor.py:157} INFO - Started process (PID=1054) to work on /home/airflow/.local/lib/python3.8/site-packages/airflow/example_dags/example_setup_teardown_taskflow.py
[2023-11-24T00:27:09.324+0000] {processor.py:829} INFO - Processing file /home/airflow/.local/lib/python3.8/site-packages/airflow/example_dags/example_setup_teardown_taskflow.py for tasks to queue
[2023-11-24T00:27:09.325+0000] {logging_mixin.py:154} INFO - [2023-11-24T00:27:09.325+0000] {dagbag.py:536} INFO - Filling up the DagBag from /home/airflow/.local/lib/python3.8/site-packages/airflow/example_dags/example_setup_teardown_taskflow.py
[2023-11-24T00:27:09.332+0000] {processor.py:839} INFO - DAG(s) dict_keys(['example_setup_teardown_taskflow']) retrieved from /home/airflow/.local/lib/python3.8/site-packages/airflow/example_dags/example_setup_teardown_taskflow.py
[2023-11-24T00:27:09.348+0000] {logging_mixin.py:154} INFO - [2023-11-24T00:27:09.348+0000] {dag.py:2941} INFO - Sync 1 DAGs
[2023-11-24T00:27:09.366+0000] {logging_mixin.py:154} INFO - [2023-11-24T00:27:09.366+0000] {dag.py:3722} INFO - Setting next_dagrun for example_setup_teardown_taskflow to 2023-11-23T00:27:09.366081+00:00, run_after=2023-11-24T00:27:09.366081+00:00
[2023-11-24T00:27:09.381+0000] {processor.py:179} INFO - Processing /home/airflow/.local/lib/python3.8/site-packages/airflow/example_dags/example_setup_teardown_taskflow.py took 0.060 seconds
[2023-11-24T00:27:40.105+0000] {processor.py:157} INFO - Started process (PID=1108) to work on /home/airflow/.local/lib/python3.8/site-packages/airflow/example_dags/example_setup_teardown_taskflow.py
[2023-11-24T00:27:40.106+0000] {processor.py:829} INFO - Processing file /home/airflow/.local/lib/python3.8/site-packages/airflow/example_dags/example_setup_teardown_taskflow.py for tasks to queue
[2023-11-24T00:27:40.108+0000] {logging_mixin.py:154} INFO - [2023-11-24T00:27:40.108+0000] {dagbag.py:536} INFO - Filling up the DagBag from /home/airflow/.local/lib/python3.8/site-packages/airflow/example_dags/example_setup_teardown_taskflow.py
[2023-11-24T00:27:40.116+0000] {processor.py:839} INFO - DAG(s) dict_keys(['example_setup_teardown_taskflow']) retrieved from /home/airflow/.local/lib/python3.8/site-packages/airflow/example_dags/example_setup_teardown_taskflow.py
[2023-11-24T00:27:40.134+0000] {logging_mixin.py:154} INFO - [2023-11-24T00:27:40.133+0000] {dag.py:2941} INFO - Sync 1 DAGs
[2023-11-24T00:27:40.152+0000] {logging_mixin.py:154} INFO - [2023-11-24T00:27:40.152+0000] {dag.py:3722} INFO - Setting next_dagrun for example_setup_teardown_taskflow to 2023-11-23T00:27:40.152511+00:00, run_after=2023-11-24T00:27:40.152511+00:00
[2023-11-24T00:27:40.327+0000] {processor.py:179} INFO - Processing /home/airflow/.local/lib/python3.8/site-packages/airflow/example_dags/example_setup_teardown_taskflow.py took 0.224 seconds
[2023-11-24T00:28:10.547+0000] {processor.py:157} INFO - Started process (PID=1162) to work on /home/airflow/.local/lib/python3.8/site-packages/airflow/example_dags/example_setup_teardown_taskflow.py
[2023-11-24T00:28:10.548+0000] {processor.py:829} INFO - Processing file /home/airflow/.local/lib/python3.8/site-packages/airflow/example_dags/example_setup_teardown_taskflow.py for tasks to queue
[2023-11-24T00:28:10.550+0000] {logging_mixin.py:154} INFO - [2023-11-24T00:28:10.550+0000] {dagbag.py:536} INFO - Filling up the DagBag from /home/airflow/.local/lib/python3.8/site-packages/airflow/example_dags/example_setup_teardown_taskflow.py
[2023-11-24T00:28:10.556+0000] {processor.py:839} INFO - DAG(s) dict_keys(['example_setup_teardown_taskflow']) retrieved from /home/airflow/.local/lib/python3.8/site-packages/airflow/example_dags/example_setup_teardown_taskflow.py
[2023-11-24T00:28:10.573+0000] {logging_mixin.py:154} INFO - [2023-11-24T00:28:10.573+0000] {dag.py:2941} INFO - Sync 1 DAGs
[2023-11-24T00:28:10.590+0000] {logging_mixin.py:154} INFO - [2023-11-24T00:28:10.590+0000] {dag.py:3722} INFO - Setting next_dagrun for example_setup_teardown_taskflow to 2023-11-23T00:28:10.590169+00:00, run_after=2023-11-24T00:28:10.590169+00:00
[2023-11-24T00:28:10.605+0000] {processor.py:179} INFO - Processing /home/airflow/.local/lib/python3.8/site-packages/airflow/example_dags/example_setup_teardown_taskflow.py took 0.060 seconds
[2023-11-24T00:28:42.281+0000] {processor.py:157} INFO - Started process (PID=1216) to work on /home/airflow/.local/lib/python3.8/site-packages/airflow/example_dags/example_setup_teardown_taskflow.py
[2023-11-24T00:28:42.283+0000] {processor.py:829} INFO - Processing file /home/airflow/.local/lib/python3.8/site-packages/airflow/example_dags/example_setup_teardown_taskflow.py for tasks to queue
[2023-11-24T00:28:42.284+0000] {logging_mixin.py:154} INFO - [2023-11-24T00:28:42.284+0000] {dagbag.py:536} INFO - Filling up the DagBag from /home/airflow/.local/lib/python3.8/site-packages/airflow/example_dags/example_setup_teardown_taskflow.py
[2023-11-24T00:28:42.292+0000] {processor.py:839} INFO - DAG(s) dict_keys(['example_setup_teardown_taskflow']) retrieved from /home/airflow/.local/lib/python3.8/site-packages/airflow/example_dags/example_setup_teardown_taskflow.py
[2023-11-24T00:28:42.313+0000] {logging_mixin.py:154} INFO - [2023-11-24T00:28:42.312+0000] {dag.py:2941} INFO - Sync 1 DAGs
[2023-11-24T00:28:42.336+0000] {logging_mixin.py:154} INFO - [2023-11-24T00:28:42.336+0000] {dag.py:3722} INFO - Setting next_dagrun for example_setup_teardown_taskflow to 2023-11-23T00:28:42.335915+00:00, run_after=2023-11-24T00:28:42.335915+00:00
[2023-11-24T00:28:42.358+0000] {processor.py:179} INFO - Processing /home/airflow/.local/lib/python3.8/site-packages/airflow/example_dags/example_setup_teardown_taskflow.py took 0.079 seconds
[2023-11-24T00:29:13.818+0000] {processor.py:157} INFO - Started process (PID=1271) to work on /home/airflow/.local/lib/python3.8/site-packages/airflow/example_dags/example_setup_teardown_taskflow.py
[2023-11-24T00:29:13.819+0000] {processor.py:829} INFO - Processing file /home/airflow/.local/lib/python3.8/site-packages/airflow/example_dags/example_setup_teardown_taskflow.py for tasks to queue
[2023-11-24T00:29:13.821+0000] {logging_mixin.py:154} INFO - [2023-11-24T00:29:13.821+0000] {dagbag.py:536} INFO - Filling up the DagBag from /home/airflow/.local/lib/python3.8/site-packages/airflow/example_dags/example_setup_teardown_taskflow.py
[2023-11-24T00:29:13.828+0000] {processor.py:839} INFO - DAG(s) dict_keys(['example_setup_teardown_taskflow']) retrieved from /home/airflow/.local/lib/python3.8/site-packages/airflow/example_dags/example_setup_teardown_taskflow.py
[2023-11-24T00:29:13.847+0000] {logging_mixin.py:154} INFO - [2023-11-24T00:29:13.847+0000] {dag.py:2941} INFO - Sync 1 DAGs
[2023-11-24T00:29:14.032+0000] {logging_mixin.py:154} INFO - [2023-11-24T00:29:14.032+0000] {dag.py:3722} INFO - Setting next_dagrun for example_setup_teardown_taskflow to 2023-11-23T00:29:14.031906+00:00, run_after=2023-11-24T00:29:14.031906+00:00
[2023-11-24T00:29:14.051+0000] {processor.py:179} INFO - Processing /home/airflow/.local/lib/python3.8/site-packages/airflow/example_dags/example_setup_teardown_taskflow.py took 0.236 seconds
[2023-11-24T00:29:44.407+0000] {processor.py:157} INFO - Started process (PID=1325) to work on /home/airflow/.local/lib/python3.8/site-packages/airflow/example_dags/example_setup_teardown_taskflow.py
[2023-11-24T00:29:44.408+0000] {processor.py:829} INFO - Processing file /home/airflow/.local/lib/python3.8/site-packages/airflow/example_dags/example_setup_teardown_taskflow.py for tasks to queue
[2023-11-24T00:29:44.409+0000] {logging_mixin.py:154} INFO - [2023-11-24T00:29:44.409+0000] {dagbag.py:536} INFO - Filling up the DagBag from /home/airflow/.local/lib/python3.8/site-packages/airflow/example_dags/example_setup_teardown_taskflow.py
[2023-11-24T00:29:44.415+0000] {processor.py:839} INFO - DAG(s) dict_keys(['example_setup_teardown_taskflow']) retrieved from /home/airflow/.local/lib/python3.8/site-packages/airflow/example_dags/example_setup_teardown_taskflow.py
[2023-11-24T00:29:44.432+0000] {logging_mixin.py:154} INFO - [2023-11-24T00:29:44.432+0000] {dag.py:2941} INFO - Sync 1 DAGs
[2023-11-24T00:29:44.588+0000] {logging_mixin.py:154} INFO - [2023-11-24T00:29:44.588+0000] {dag.py:3722} INFO - Setting next_dagrun for example_setup_teardown_taskflow to 2023-11-23T00:29:44.588414+00:00, run_after=2023-11-24T00:29:44.588414+00:00
[2023-11-24T00:29:44.604+0000] {processor.py:179} INFO - Processing /home/airflow/.local/lib/python3.8/site-packages/airflow/example_dags/example_setup_teardown_taskflow.py took 0.200 seconds
[2023-11-24T00:30:14.843+0000] {processor.py:157} INFO - Started process (PID=1386) to work on /home/airflow/.local/lib/python3.8/site-packages/airflow/example_dags/example_setup_teardown_taskflow.py
[2023-11-24T00:30:14.843+0000] {processor.py:829} INFO - Processing file /home/airflow/.local/lib/python3.8/site-packages/airflow/example_dags/example_setup_teardown_taskflow.py for tasks to queue
[2023-11-24T00:30:14.845+0000] {logging_mixin.py:154} INFO - [2023-11-24T00:30:14.845+0000] {dagbag.py:536} INFO - Filling up the DagBag from /home/airflow/.local/lib/python3.8/site-packages/airflow/example_dags/example_setup_teardown_taskflow.py
[2023-11-24T00:30:14.853+0000] {processor.py:839} INFO - DAG(s) dict_keys(['example_setup_teardown_taskflow']) retrieved from /home/airflow/.local/lib/python3.8/site-packages/airflow/example_dags/example_setup_teardown_taskflow.py
[2023-11-24T00:30:14.871+0000] {logging_mixin.py:154} INFO - [2023-11-24T00:30:14.871+0000] {dag.py:2941} INFO - Sync 1 DAGs
[2023-11-24T00:30:14.892+0000] {logging_mixin.py:154} INFO - [2023-11-24T00:30:14.892+0000] {dag.py:3722} INFO - Setting next_dagrun for example_setup_teardown_taskflow to 2023-11-23T00:30:14.892320+00:00, run_after=2023-11-24T00:30:14.892320+00:00
[2023-11-24T00:30:14.910+0000] {processor.py:179} INFO - Processing /home/airflow/.local/lib/python3.8/site-packages/airflow/example_dags/example_setup_teardown_taskflow.py took 0.070 seconds
[2023-11-24T00:30:46.179+0000] {processor.py:157} INFO - Started process (PID=1440) to work on /home/airflow/.local/lib/python3.8/site-packages/airflow/example_dags/example_setup_teardown_taskflow.py
[2023-11-24T00:30:46.180+0000] {processor.py:829} INFO - Processing file /home/airflow/.local/lib/python3.8/site-packages/airflow/example_dags/example_setup_teardown_taskflow.py for tasks to queue
[2023-11-24T00:30:46.181+0000] {logging_mixin.py:154} INFO - [2023-11-24T00:30:46.181+0000] {dagbag.py:536} INFO - Filling up the DagBag from /home/airflow/.local/lib/python3.8/site-packages/airflow/example_dags/example_setup_teardown_taskflow.py
[2023-11-24T00:30:46.331+0000] {processor.py:839} INFO - DAG(s) dict_keys(['example_setup_teardown_taskflow']) retrieved from /home/airflow/.local/lib/python3.8/site-packages/airflow/example_dags/example_setup_teardown_taskflow.py
[2023-11-24T00:30:46.350+0000] {logging_mixin.py:154} INFO - [2023-11-24T00:30:46.350+0000] {dag.py:2941} INFO - Sync 1 DAGs
[2023-11-24T00:30:46.372+0000] {logging_mixin.py:154} INFO - [2023-11-24T00:30:46.371+0000] {dag.py:3722} INFO - Setting next_dagrun for example_setup_teardown_taskflow to 2023-11-23T00:30:46.371566+00:00, run_after=2023-11-24T00:30:46.371566+00:00
[2023-11-24T00:30:46.389+0000] {processor.py:179} INFO - Processing /home/airflow/.local/lib/python3.8/site-packages/airflow/example_dags/example_setup_teardown_taskflow.py took 0.213 seconds
