[2023-11-24T00:17:58.856+0000] {processor.py:157} INFO - Started process (PID=68) to work on /home/airflow/.local/lib/python3.8/site-packages/airflow/example_dags/example_bash_operator.py
[2023-11-24T00:17:58.857+0000] {processor.py:829} INFO - Processing file /home/airflow/.local/lib/python3.8/site-packages/airflow/example_dags/example_bash_operator.py for tasks to queue
[2023-11-24T00:17:58.859+0000] {logging_mixin.py:154} INFO - [2023-11-24T00:17:58.858+0000] {dagbag.py:536} INFO - Filling up the DagBag from /home/airflow/.local/lib/python3.8/site-packages/airflow/example_dags/example_bash_operator.py
[2023-11-24T00:17:58.871+0000] {processor.py:839} INFO - DAG(s) dict_keys(['example_bash_operator']) retrieved from /home/airflow/.local/lib/python3.8/site-packages/airflow/example_dags/example_bash_operator.py
[2023-11-24T00:17:58.885+0000] {logging_mixin.py:154} INFO - [2023-11-24T00:17:58.884+0000] {dag.py:2941} INFO - Sync 1 DAGs
[2023-11-24T00:17:58.912+0000] {logging_mixin.py:154} INFO - [2023-11-24T00:17:58.912+0000] {dag.py:3722} INFO - Setting next_dagrun for example_bash_operator to 2023-11-23T00:00:00+00:00, run_after=2023-11-24T00:00:00+00:00
[2023-11-24T00:17:58.932+0000] {processor.py:179} INFO - Processing /home/airflow/.local/lib/python3.8/site-packages/airflow/example_dags/example_bash_operator.py took 0.078 seconds
[2023-11-24T00:18:29.764+0000] {processor.py:157} INFO - Started process (PID=122) to work on /home/airflow/.local/lib/python3.8/site-packages/airflow/example_dags/example_bash_operator.py
[2023-11-24T00:18:29.764+0000] {processor.py:829} INFO - Processing file /home/airflow/.local/lib/python3.8/site-packages/airflow/example_dags/example_bash_operator.py for tasks to queue
[2023-11-24T00:18:29.766+0000] {logging_mixin.py:154} INFO - [2023-11-24T00:18:29.766+0000] {dagbag.py:536} INFO - Filling up the DagBag from /home/airflow/.local/lib/python3.8/site-packages/airflow/example_dags/example_bash_operator.py
[2023-11-24T00:18:29.774+0000] {processor.py:839} INFO - DAG(s) dict_keys(['example_bash_operator']) retrieved from /home/airflow/.local/lib/python3.8/site-packages/airflow/example_dags/example_bash_operator.py
[2023-11-24T00:18:29.797+0000] {logging_mixin.py:154} INFO - [2023-11-24T00:18:29.796+0000] {dag.py:2941} INFO - Sync 1 DAGs
[2023-11-24T00:18:29.815+0000] {logging_mixin.py:154} INFO - [2023-11-24T00:18:29.815+0000] {dag.py:3722} INFO - Setting next_dagrun for example_bash_operator to 2023-11-23T00:00:00+00:00, run_after=2023-11-24T00:00:00+00:00
[2023-11-24T00:18:29.829+0000] {processor.py:179} INFO - Processing /home/airflow/.local/lib/python3.8/site-packages/airflow/example_dags/example_bash_operator.py took 0.067 seconds
[2023-11-24T00:19:00.882+0000] {processor.py:157} INFO - Started process (PID=176) to work on /home/airflow/.local/lib/python3.8/site-packages/airflow/example_dags/example_bash_operator.py
[2023-11-24T00:19:00.883+0000] {processor.py:829} INFO - Processing file /home/airflow/.local/lib/python3.8/site-packages/airflow/example_dags/example_bash_operator.py for tasks to queue
[2023-11-24T00:19:00.884+0000] {logging_mixin.py:154} INFO - [2023-11-24T00:19:00.884+0000] {dagbag.py:536} INFO - Filling up the DagBag from /home/airflow/.local/lib/python3.8/site-packages/airflow/example_dags/example_bash_operator.py
[2023-11-24T00:19:00.893+0000] {processor.py:839} INFO - DAG(s) dict_keys(['example_bash_operator']) retrieved from /home/airflow/.local/lib/python3.8/site-packages/airflow/example_dags/example_bash_operator.py
[2023-11-24T00:19:00.917+0000] {logging_mixin.py:154} INFO - [2023-11-24T00:19:00.916+0000] {dag.py:2941} INFO - Sync 1 DAGs
[2023-11-24T00:19:00.934+0000] {logging_mixin.py:154} INFO - [2023-11-24T00:19:00.934+0000] {dag.py:3722} INFO - Setting next_dagrun for example_bash_operator to 2023-11-23T00:00:00+00:00, run_after=2023-11-24T00:00:00+00:00
[2023-11-24T00:19:00.950+0000] {processor.py:179} INFO - Processing /home/airflow/.local/lib/python3.8/site-packages/airflow/example_dags/example_bash_operator.py took 0.070 seconds
[2023-11-24T00:19:31.048+0000] {processor.py:157} INFO - Started process (PID=230) to work on /home/airflow/.local/lib/python3.8/site-packages/airflow/example_dags/example_bash_operator.py
[2023-11-24T00:19:31.049+0000] {processor.py:829} INFO - Processing file /home/airflow/.local/lib/python3.8/site-packages/airflow/example_dags/example_bash_operator.py for tasks to queue
[2023-11-24T00:19:31.050+0000] {logging_mixin.py:154} INFO - [2023-11-24T00:19:31.050+0000] {dagbag.py:536} INFO - Filling up the DagBag from /home/airflow/.local/lib/python3.8/site-packages/airflow/example_dags/example_bash_operator.py
[2023-11-24T00:19:31.059+0000] {processor.py:839} INFO - DAG(s) dict_keys(['example_bash_operator']) retrieved from /home/airflow/.local/lib/python3.8/site-packages/airflow/example_dags/example_bash_operator.py
[2023-11-24T00:19:31.083+0000] {logging_mixin.py:154} INFO - [2023-11-24T00:19:31.083+0000] {dag.py:2941} INFO - Sync 1 DAGs
[2023-11-24T00:19:31.100+0000] {logging_mixin.py:154} INFO - [2023-11-24T00:19:31.100+0000] {dag.py:3722} INFO - Setting next_dagrun for example_bash_operator to 2023-11-23T00:00:00+00:00, run_after=2023-11-24T00:00:00+00:00
[2023-11-24T00:19:31.114+0000] {processor.py:179} INFO - Processing /home/airflow/.local/lib/python3.8/site-packages/airflow/example_dags/example_bash_operator.py took 0.068 seconds
[2023-11-24T00:20:01.412+0000] {processor.py:157} INFO - Started process (PID=284) to work on /home/airflow/.local/lib/python3.8/site-packages/airflow/example_dags/example_bash_operator.py
[2023-11-24T00:20:01.413+0000] {processor.py:829} INFO - Processing file /home/airflow/.local/lib/python3.8/site-packages/airflow/example_dags/example_bash_operator.py for tasks to queue
[2023-11-24T00:20:01.414+0000] {logging_mixin.py:154} INFO - [2023-11-24T00:20:01.414+0000] {dagbag.py:536} INFO - Filling up the DagBag from /home/airflow/.local/lib/python3.8/site-packages/airflow/example_dags/example_bash_operator.py
[2023-11-24T00:20:01.423+0000] {processor.py:839} INFO - DAG(s) dict_keys(['example_bash_operator']) retrieved from /home/airflow/.local/lib/python3.8/site-packages/airflow/example_dags/example_bash_operator.py
[2023-11-24T00:20:01.447+0000] {logging_mixin.py:154} INFO - [2023-11-24T00:20:01.446+0000] {dag.py:2941} INFO - Sync 1 DAGs
[2023-11-24T00:20:01.464+0000] {logging_mixin.py:154} INFO - [2023-11-24T00:20:01.464+0000] {dag.py:3722} INFO - Setting next_dagrun for example_bash_operator to 2023-11-23T00:00:00+00:00, run_after=2023-11-24T00:00:00+00:00
[2023-11-24T00:20:01.479+0000] {processor.py:179} INFO - Processing /home/airflow/.local/lib/python3.8/site-packages/airflow/example_dags/example_bash_operator.py took 0.069 seconds
[2023-11-24T00:20:31.678+0000] {processor.py:157} INFO - Started process (PID=338) to work on /home/airflow/.local/lib/python3.8/site-packages/airflow/example_dags/example_bash_operator.py
[2023-11-24T00:20:31.679+0000] {processor.py:829} INFO - Processing file /home/airflow/.local/lib/python3.8/site-packages/airflow/example_dags/example_bash_operator.py for tasks to queue
[2023-11-24T00:20:31.680+0000] {logging_mixin.py:154} INFO - [2023-11-24T00:20:31.680+0000] {dagbag.py:536} INFO - Filling up the DagBag from /home/airflow/.local/lib/python3.8/site-packages/airflow/example_dags/example_bash_operator.py
[2023-11-24T00:20:31.689+0000] {processor.py:839} INFO - DAG(s) dict_keys(['example_bash_operator']) retrieved from /home/airflow/.local/lib/python3.8/site-packages/airflow/example_dags/example_bash_operator.py
[2023-11-24T00:20:31.713+0000] {logging_mixin.py:154} INFO - [2023-11-24T00:20:31.713+0000] {dag.py:2941} INFO - Sync 1 DAGs
[2023-11-24T00:20:31.732+0000] {logging_mixin.py:154} INFO - [2023-11-24T00:20:31.732+0000] {dag.py:3722} INFO - Setting next_dagrun for example_bash_operator to 2023-11-23T00:00:00+00:00, run_after=2023-11-24T00:00:00+00:00
[2023-11-24T00:20:31.747+0000] {processor.py:179} INFO - Processing /home/airflow/.local/lib/python3.8/site-packages/airflow/example_dags/example_bash_operator.py took 0.071 seconds
[2023-11-24T00:21:02.095+0000] {processor.py:157} INFO - Started process (PID=392) to work on /home/airflow/.local/lib/python3.8/site-packages/airflow/example_dags/example_bash_operator.py
[2023-11-24T00:21:02.096+0000] {processor.py:829} INFO - Processing file /home/airflow/.local/lib/python3.8/site-packages/airflow/example_dags/example_bash_operator.py for tasks to queue
[2023-11-24T00:21:02.097+0000] {logging_mixin.py:154} INFO - [2023-11-24T00:21:02.097+0000] {dagbag.py:536} INFO - Filling up the DagBag from /home/airflow/.local/lib/python3.8/site-packages/airflow/example_dags/example_bash_operator.py
[2023-11-24T00:21:02.105+0000] {processor.py:839} INFO - DAG(s) dict_keys(['example_bash_operator']) retrieved from /home/airflow/.local/lib/python3.8/site-packages/airflow/example_dags/example_bash_operator.py
[2023-11-24T00:21:02.130+0000] {logging_mixin.py:154} INFO - [2023-11-24T00:21:02.129+0000] {dag.py:2941} INFO - Sync 1 DAGs
[2023-11-24T00:21:02.147+0000] {logging_mixin.py:154} INFO - [2023-11-24T00:21:02.147+0000] {dag.py:3722} INFO - Setting next_dagrun for example_bash_operator to 2023-11-23T00:00:00+00:00, run_after=2023-11-24T00:00:00+00:00
[2023-11-24T00:21:02.161+0000] {processor.py:179} INFO - Processing /home/airflow/.local/lib/python3.8/site-packages/airflow/example_dags/example_bash_operator.py took 0.068 seconds
[2023-11-24T00:21:32.835+0000] {processor.py:157} INFO - Started process (PID=446) to work on /home/airflow/.local/lib/python3.8/site-packages/airflow/example_dags/example_bash_operator.py
[2023-11-24T00:21:32.837+0000] {processor.py:829} INFO - Processing file /home/airflow/.local/lib/python3.8/site-packages/airflow/example_dags/example_bash_operator.py for tasks to queue
[2023-11-24T00:21:32.838+0000] {logging_mixin.py:154} INFO - [2023-11-24T00:21:32.838+0000] {dagbag.py:536} INFO - Filling up the DagBag from /home/airflow/.local/lib/python3.8/site-packages/airflow/example_dags/example_bash_operator.py
[2023-11-24T00:21:32.847+0000] {processor.py:839} INFO - DAG(s) dict_keys(['example_bash_operator']) retrieved from /home/airflow/.local/lib/python3.8/site-packages/airflow/example_dags/example_bash_operator.py
[2023-11-24T00:21:32.874+0000] {logging_mixin.py:154} INFO - [2023-11-24T00:21:32.874+0000] {dag.py:2941} INFO - Sync 1 DAGs
[2023-11-24T00:21:32.894+0000] {logging_mixin.py:154} INFO - [2023-11-24T00:21:32.894+0000] {dag.py:3722} INFO - Setting next_dagrun for example_bash_operator to 2023-11-23T00:00:00+00:00, run_after=2023-11-24T00:00:00+00:00
[2023-11-24T00:21:32.908+0000] {processor.py:179} INFO - Processing /home/airflow/.local/lib/python3.8/site-packages/airflow/example_dags/example_bash_operator.py took 0.075 seconds
[2023-11-24T00:22:03.055+0000] {processor.py:157} INFO - Started process (PID=500) to work on /home/airflow/.local/lib/python3.8/site-packages/airflow/example_dags/example_bash_operator.py
[2023-11-24T00:22:03.056+0000] {processor.py:829} INFO - Processing file /home/airflow/.local/lib/python3.8/site-packages/airflow/example_dags/example_bash_operator.py for tasks to queue
[2023-11-24T00:22:03.057+0000] {logging_mixin.py:154} INFO - [2023-11-24T00:22:03.057+0000] {dagbag.py:536} INFO - Filling up the DagBag from /home/airflow/.local/lib/python3.8/site-packages/airflow/example_dags/example_bash_operator.py
[2023-11-24T00:22:03.065+0000] {processor.py:839} INFO - DAG(s) dict_keys(['example_bash_operator']) retrieved from /home/airflow/.local/lib/python3.8/site-packages/airflow/example_dags/example_bash_operator.py
[2023-11-24T00:22:03.088+0000] {logging_mixin.py:154} INFO - [2023-11-24T00:22:03.088+0000] {dag.py:2941} INFO - Sync 1 DAGs
[2023-11-24T00:22:03.107+0000] {logging_mixin.py:154} INFO - [2023-11-24T00:22:03.107+0000] {dag.py:3722} INFO - Setting next_dagrun for example_bash_operator to 2023-11-23T00:00:00+00:00, run_after=2023-11-24T00:00:00+00:00
[2023-11-24T00:22:03.120+0000] {processor.py:179} INFO - Processing /home/airflow/.local/lib/python3.8/site-packages/airflow/example_dags/example_bash_operator.py took 0.068 seconds
[2023-11-24T00:22:33.278+0000] {processor.py:157} INFO - Started process (PID=554) to work on /home/airflow/.local/lib/python3.8/site-packages/airflow/example_dags/example_bash_operator.py
[2023-11-24T00:22:33.279+0000] {processor.py:829} INFO - Processing file /home/airflow/.local/lib/python3.8/site-packages/airflow/example_dags/example_bash_operator.py for tasks to queue
[2023-11-24T00:22:33.280+0000] {logging_mixin.py:154} INFO - [2023-11-24T00:22:33.280+0000] {dagbag.py:536} INFO - Filling up the DagBag from /home/airflow/.local/lib/python3.8/site-packages/airflow/example_dags/example_bash_operator.py
[2023-11-24T00:22:33.288+0000] {processor.py:839} INFO - DAG(s) dict_keys(['example_bash_operator']) retrieved from /home/airflow/.local/lib/python3.8/site-packages/airflow/example_dags/example_bash_operator.py
[2023-11-24T00:22:33.311+0000] {logging_mixin.py:154} INFO - [2023-11-24T00:22:33.311+0000] {dag.py:2941} INFO - Sync 1 DAGs
[2023-11-24T00:22:33.329+0000] {logging_mixin.py:154} INFO - [2023-11-24T00:22:33.329+0000] {dag.py:3722} INFO - Setting next_dagrun for example_bash_operator to 2023-11-23T00:00:00+00:00, run_after=2023-11-24T00:00:00+00:00
[2023-11-24T00:22:33.343+0000] {processor.py:179} INFO - Processing /home/airflow/.local/lib/python3.8/site-packages/airflow/example_dags/example_bash_operator.py took 0.067 seconds
[2023-11-24T00:23:03.647+0000] {processor.py:157} INFO - Started process (PID=608) to work on /home/airflow/.local/lib/python3.8/site-packages/airflow/example_dags/example_bash_operator.py
[2023-11-24T00:23:03.648+0000] {processor.py:829} INFO - Processing file /home/airflow/.local/lib/python3.8/site-packages/airflow/example_dags/example_bash_operator.py for tasks to queue
[2023-11-24T00:23:03.649+0000] {logging_mixin.py:154} INFO - [2023-11-24T00:23:03.649+0000] {dagbag.py:536} INFO - Filling up the DagBag from /home/airflow/.local/lib/python3.8/site-packages/airflow/example_dags/example_bash_operator.py
[2023-11-24T00:23:03.659+0000] {processor.py:839} INFO - DAG(s) dict_keys(['example_bash_operator']) retrieved from /home/airflow/.local/lib/python3.8/site-packages/airflow/example_dags/example_bash_operator.py
[2023-11-24T00:23:03.686+0000] {logging_mixin.py:154} INFO - [2023-11-24T00:23:03.686+0000] {dag.py:2941} INFO - Sync 1 DAGs
[2023-11-24T00:23:03.707+0000] {logging_mixin.py:154} INFO - [2023-11-24T00:23:03.707+0000] {dag.py:3722} INFO - Setting next_dagrun for example_bash_operator to 2023-11-23T00:00:00+00:00, run_after=2023-11-24T00:00:00+00:00
[2023-11-24T00:23:03.723+0000] {processor.py:179} INFO - Processing /home/airflow/.local/lib/python3.8/site-packages/airflow/example_dags/example_bash_operator.py took 0.079 seconds
[2023-11-24T00:23:34.099+0000] {processor.py:157} INFO - Started process (PID=662) to work on /home/airflow/.local/lib/python3.8/site-packages/airflow/example_dags/example_bash_operator.py
[2023-11-24T00:23:34.100+0000] {processor.py:829} INFO - Processing file /home/airflow/.local/lib/python3.8/site-packages/airflow/example_dags/example_bash_operator.py for tasks to queue
[2023-11-24T00:23:34.101+0000] {logging_mixin.py:154} INFO - [2023-11-24T00:23:34.101+0000] {dagbag.py:536} INFO - Filling up the DagBag from /home/airflow/.local/lib/python3.8/site-packages/airflow/example_dags/example_bash_operator.py
[2023-11-24T00:23:34.110+0000] {processor.py:839} INFO - DAG(s) dict_keys(['example_bash_operator']) retrieved from /home/airflow/.local/lib/python3.8/site-packages/airflow/example_dags/example_bash_operator.py
[2023-11-24T00:23:34.136+0000] {logging_mixin.py:154} INFO - [2023-11-24T00:23:34.136+0000] {dag.py:2941} INFO - Sync 1 DAGs
[2023-11-24T00:23:34.156+0000] {logging_mixin.py:154} INFO - [2023-11-24T00:23:34.156+0000] {dag.py:3722} INFO - Setting next_dagrun for example_bash_operator to 2023-11-23T00:00:00+00:00, run_after=2023-11-24T00:00:00+00:00
[2023-11-24T00:23:34.173+0000] {processor.py:179} INFO - Processing /home/airflow/.local/lib/python3.8/site-packages/airflow/example_dags/example_bash_operator.py took 0.076 seconds
[2023-11-24T00:24:04.495+0000] {processor.py:157} INFO - Started process (PID=716) to work on /home/airflow/.local/lib/python3.8/site-packages/airflow/example_dags/example_bash_operator.py
[2023-11-24T00:24:04.496+0000] {processor.py:829} INFO - Processing file /home/airflow/.local/lib/python3.8/site-packages/airflow/example_dags/example_bash_operator.py for tasks to queue
[2023-11-24T00:24:04.498+0000] {logging_mixin.py:154} INFO - [2023-11-24T00:24:04.498+0000] {dagbag.py:536} INFO - Filling up the DagBag from /home/airflow/.local/lib/python3.8/site-packages/airflow/example_dags/example_bash_operator.py
[2023-11-24T00:24:04.507+0000] {processor.py:839} INFO - DAG(s) dict_keys(['example_bash_operator']) retrieved from /home/airflow/.local/lib/python3.8/site-packages/airflow/example_dags/example_bash_operator.py
[2023-11-24T00:24:04.533+0000] {logging_mixin.py:154} INFO - [2023-11-24T00:24:04.533+0000] {dag.py:2941} INFO - Sync 1 DAGs
[2023-11-24T00:24:04.552+0000] {logging_mixin.py:154} INFO - [2023-11-24T00:24:04.552+0000] {dag.py:3722} INFO - Setting next_dagrun for example_bash_operator to 2023-11-23T00:00:00+00:00, run_after=2023-11-24T00:00:00+00:00
[2023-11-24T00:24:04.568+0000] {processor.py:179} INFO - Processing /home/airflow/.local/lib/python3.8/site-packages/airflow/example_dags/example_bash_operator.py took 0.075 seconds
[2023-11-24T00:24:34.712+0000] {processor.py:157} INFO - Started process (PID=770) to work on /home/airflow/.local/lib/python3.8/site-packages/airflow/example_dags/example_bash_operator.py
[2023-11-24T00:24:34.713+0000] {processor.py:829} INFO - Processing file /home/airflow/.local/lib/python3.8/site-packages/airflow/example_dags/example_bash_operator.py for tasks to queue
[2023-11-24T00:24:34.715+0000] {logging_mixin.py:154} INFO - [2023-11-24T00:24:34.715+0000] {dagbag.py:536} INFO - Filling up the DagBag from /home/airflow/.local/lib/python3.8/site-packages/airflow/example_dags/example_bash_operator.py
[2023-11-24T00:24:34.724+0000] {processor.py:839} INFO - DAG(s) dict_keys(['example_bash_operator']) retrieved from /home/airflow/.local/lib/python3.8/site-packages/airflow/example_dags/example_bash_operator.py
[2023-11-24T00:24:34.749+0000] {logging_mixin.py:154} INFO - [2023-11-24T00:24:34.749+0000] {dag.py:2941} INFO - Sync 1 DAGs
[2023-11-24T00:24:34.768+0000] {logging_mixin.py:154} INFO - [2023-11-24T00:24:34.768+0000] {dag.py:3722} INFO - Setting next_dagrun for example_bash_operator to 2023-11-23T00:00:00+00:00, run_after=2023-11-24T00:00:00+00:00
[2023-11-24T00:24:34.785+0000] {processor.py:179} INFO - Processing /home/airflow/.local/lib/python3.8/site-packages/airflow/example_dags/example_bash_operator.py took 0.075 seconds
[2023-11-24T00:25:05.518+0000] {processor.py:157} INFO - Started process (PID=824) to work on /home/airflow/.local/lib/python3.8/site-packages/airflow/example_dags/example_bash_operator.py
[2023-11-24T00:25:05.519+0000] {processor.py:829} INFO - Processing file /home/airflow/.local/lib/python3.8/site-packages/airflow/example_dags/example_bash_operator.py for tasks to queue
[2023-11-24T00:25:05.520+0000] {logging_mixin.py:154} INFO - [2023-11-24T00:25:05.520+0000] {dagbag.py:536} INFO - Filling up the DagBag from /home/airflow/.local/lib/python3.8/site-packages/airflow/example_dags/example_bash_operator.py
[2023-11-24T00:25:05.528+0000] {processor.py:839} INFO - DAG(s) dict_keys(['example_bash_operator']) retrieved from /home/airflow/.local/lib/python3.8/site-packages/airflow/example_dags/example_bash_operator.py
[2023-11-24T00:25:05.553+0000] {logging_mixin.py:154} INFO - [2023-11-24T00:25:05.553+0000] {dag.py:2941} INFO - Sync 1 DAGs
[2023-11-24T00:25:05.572+0000] {logging_mixin.py:154} INFO - [2023-11-24T00:25:05.572+0000] {dag.py:3722} INFO - Setting next_dagrun for example_bash_operator to 2023-11-23T00:00:00+00:00, run_after=2023-11-24T00:00:00+00:00
[2023-11-24T00:25:05.587+0000] {processor.py:179} INFO - Processing /home/airflow/.local/lib/python3.8/site-packages/airflow/example_dags/example_bash_operator.py took 0.071 seconds
[2023-11-24T00:25:35.863+0000] {processor.py:157} INFO - Started process (PID=878) to work on /home/airflow/.local/lib/python3.8/site-packages/airflow/example_dags/example_bash_operator.py
[2023-11-24T00:25:35.864+0000] {processor.py:829} INFO - Processing file /home/airflow/.local/lib/python3.8/site-packages/airflow/example_dags/example_bash_operator.py for tasks to queue
[2023-11-24T00:25:35.865+0000] {logging_mixin.py:154} INFO - [2023-11-24T00:25:35.865+0000] {dagbag.py:536} INFO - Filling up the DagBag from /home/airflow/.local/lib/python3.8/site-packages/airflow/example_dags/example_bash_operator.py
[2023-11-24T00:25:35.874+0000] {processor.py:839} INFO - DAG(s) dict_keys(['example_bash_operator']) retrieved from /home/airflow/.local/lib/python3.8/site-packages/airflow/example_dags/example_bash_operator.py
[2023-11-24T00:25:35.897+0000] {logging_mixin.py:154} INFO - [2023-11-24T00:25:35.897+0000] {dag.py:2941} INFO - Sync 1 DAGs
[2023-11-24T00:25:35.917+0000] {logging_mixin.py:154} INFO - [2023-11-24T00:25:35.916+0000] {dag.py:3722} INFO - Setting next_dagrun for example_bash_operator to 2023-11-23T00:00:00+00:00, run_after=2023-11-24T00:00:00+00:00
[2023-11-24T00:25:36.069+0000] {processor.py:179} INFO - Processing /home/airflow/.local/lib/python3.8/site-packages/airflow/example_dags/example_bash_operator.py took 0.208 seconds
[2023-11-24T00:26:06.617+0000] {processor.py:157} INFO - Started process (PID=932) to work on /home/airflow/.local/lib/python3.8/site-packages/airflow/example_dags/example_bash_operator.py
[2023-11-24T00:26:06.618+0000] {processor.py:829} INFO - Processing file /home/airflow/.local/lib/python3.8/site-packages/airflow/example_dags/example_bash_operator.py for tasks to queue
[2023-11-24T00:26:06.621+0000] {logging_mixin.py:154} INFO - [2023-11-24T00:26:06.621+0000] {dagbag.py:536} INFO - Filling up the DagBag from /home/airflow/.local/lib/python3.8/site-packages/airflow/example_dags/example_bash_operator.py
[2023-11-24T00:26:06.632+0000] {processor.py:839} INFO - DAG(s) dict_keys(['example_bash_operator']) retrieved from /home/airflow/.local/lib/python3.8/site-packages/airflow/example_dags/example_bash_operator.py
[2023-11-24T00:26:06.664+0000] {logging_mixin.py:154} INFO - [2023-11-24T00:26:06.664+0000] {dag.py:2941} INFO - Sync 1 DAGs
[2023-11-24T00:26:06.698+0000] {logging_mixin.py:154} INFO - [2023-11-24T00:26:06.698+0000] {dag.py:3722} INFO - Setting next_dagrun for example_bash_operator to 2023-11-23T00:00:00+00:00, run_after=2023-11-24T00:00:00+00:00
[2023-11-24T00:26:06.726+0000] {processor.py:179} INFO - Processing /home/airflow/.local/lib/python3.8/site-packages/airflow/example_dags/example_bash_operator.py took 0.114 seconds
[2023-11-24T00:26:37.255+0000] {processor.py:157} INFO - Started process (PID=986) to work on /home/airflow/.local/lib/python3.8/site-packages/airflow/example_dags/example_bash_operator.py
[2023-11-24T00:26:37.256+0000] {processor.py:829} INFO - Processing file /home/airflow/.local/lib/python3.8/site-packages/airflow/example_dags/example_bash_operator.py for tasks to queue
[2023-11-24T00:26:37.258+0000] {logging_mixin.py:154} INFO - [2023-11-24T00:26:37.258+0000] {dagbag.py:536} INFO - Filling up the DagBag from /home/airflow/.local/lib/python3.8/site-packages/airflow/example_dags/example_bash_operator.py
[2023-11-24T00:26:37.268+0000] {processor.py:839} INFO - DAG(s) dict_keys(['example_bash_operator']) retrieved from /home/airflow/.local/lib/python3.8/site-packages/airflow/example_dags/example_bash_operator.py
[2023-11-24T00:26:37.295+0000] {logging_mixin.py:154} INFO - [2023-11-24T00:26:37.295+0000] {dag.py:2941} INFO - Sync 1 DAGs
[2023-11-24T00:26:37.314+0000] {logging_mixin.py:154} INFO - [2023-11-24T00:26:37.314+0000] {dag.py:3722} INFO - Setting next_dagrun for example_bash_operator to 2023-11-23T00:00:00+00:00, run_after=2023-11-24T00:00:00+00:00
[2023-11-24T00:26:37.329+0000] {processor.py:179} INFO - Processing /home/airflow/.local/lib/python3.8/site-packages/airflow/example_dags/example_bash_operator.py took 0.076 seconds
[2023-11-24T00:27:07.917+0000] {processor.py:157} INFO - Started process (PID=1040) to work on /home/airflow/.local/lib/python3.8/site-packages/airflow/example_dags/example_bash_operator.py
[2023-11-24T00:27:07.918+0000] {processor.py:829} INFO - Processing file /home/airflow/.local/lib/python3.8/site-packages/airflow/example_dags/example_bash_operator.py for tasks to queue
[2023-11-24T00:27:07.920+0000] {logging_mixin.py:154} INFO - [2023-11-24T00:27:07.920+0000] {dagbag.py:536} INFO - Filling up the DagBag from /home/airflow/.local/lib/python3.8/site-packages/airflow/example_dags/example_bash_operator.py
[2023-11-24T00:27:07.928+0000] {processor.py:839} INFO - DAG(s) dict_keys(['example_bash_operator']) retrieved from /home/airflow/.local/lib/python3.8/site-packages/airflow/example_dags/example_bash_operator.py
[2023-11-24T00:27:07.952+0000] {logging_mixin.py:154} INFO - [2023-11-24T00:27:07.952+0000] {dag.py:2941} INFO - Sync 1 DAGs
[2023-11-24T00:27:08.107+0000] {logging_mixin.py:154} INFO - [2023-11-24T00:27:08.107+0000] {dag.py:3722} INFO - Setting next_dagrun for example_bash_operator to 2023-11-23T00:00:00+00:00, run_after=2023-11-24T00:00:00+00:00
[2023-11-24T00:27:08.121+0000] {processor.py:179} INFO - Processing /home/airflow/.local/lib/python3.8/site-packages/airflow/example_dags/example_bash_operator.py took 0.206 seconds
[2023-11-24T00:27:39.110+0000] {processor.py:157} INFO - Started process (PID=1094) to work on /home/airflow/.local/lib/python3.8/site-packages/airflow/example_dags/example_bash_operator.py
[2023-11-24T00:27:39.111+0000] {processor.py:829} INFO - Processing file /home/airflow/.local/lib/python3.8/site-packages/airflow/example_dags/example_bash_operator.py for tasks to queue
[2023-11-24T00:27:39.112+0000] {logging_mixin.py:154} INFO - [2023-11-24T00:27:39.112+0000] {dagbag.py:536} INFO - Filling up the DagBag from /home/airflow/.local/lib/python3.8/site-packages/airflow/example_dags/example_bash_operator.py
[2023-11-24T00:27:39.121+0000] {processor.py:839} INFO - DAG(s) dict_keys(['example_bash_operator']) retrieved from /home/airflow/.local/lib/python3.8/site-packages/airflow/example_dags/example_bash_operator.py
[2023-11-24T00:27:39.144+0000] {logging_mixin.py:154} INFO - [2023-11-24T00:27:39.143+0000] {dag.py:2941} INFO - Sync 1 DAGs
[2023-11-24T00:27:39.162+0000] {logging_mixin.py:154} INFO - [2023-11-24T00:27:39.161+0000] {dag.py:3722} INFO - Setting next_dagrun for example_bash_operator to 2023-11-23T00:00:00+00:00, run_after=2023-11-24T00:00:00+00:00
[2023-11-24T00:27:39.176+0000] {processor.py:179} INFO - Processing /home/airflow/.local/lib/python3.8/site-packages/airflow/example_dags/example_bash_operator.py took 0.069 seconds
[2023-11-24T00:28:09.978+0000] {processor.py:157} INFO - Started process (PID=1148) to work on /home/airflow/.local/lib/python3.8/site-packages/airflow/example_dags/example_bash_operator.py
[2023-11-24T00:28:09.979+0000] {processor.py:829} INFO - Processing file /home/airflow/.local/lib/python3.8/site-packages/airflow/example_dags/example_bash_operator.py for tasks to queue
[2023-11-24T00:28:09.981+0000] {logging_mixin.py:154} INFO - [2023-11-24T00:28:09.981+0000] {dagbag.py:536} INFO - Filling up the DagBag from /home/airflow/.local/lib/python3.8/site-packages/airflow/example_dags/example_bash_operator.py
[2023-11-24T00:28:09.989+0000] {processor.py:839} INFO - DAG(s) dict_keys(['example_bash_operator']) retrieved from /home/airflow/.local/lib/python3.8/site-packages/airflow/example_dags/example_bash_operator.py
[2023-11-24T00:28:10.010+0000] {logging_mixin.py:154} INFO - [2023-11-24T00:28:10.010+0000] {dag.py:2941} INFO - Sync 1 DAGs
[2023-11-24T00:28:10.028+0000] {logging_mixin.py:154} INFO - [2023-11-24T00:28:10.028+0000] {dag.py:3722} INFO - Setting next_dagrun for example_bash_operator to 2023-11-23T00:00:00+00:00, run_after=2023-11-24T00:00:00+00:00
[2023-11-24T00:28:10.042+0000] {processor.py:179} INFO - Processing /home/airflow/.local/lib/python3.8/site-packages/airflow/example_dags/example_bash_operator.py took 0.066 seconds
[2023-11-24T00:28:40.626+0000] {processor.py:157} INFO - Started process (PID=1202) to work on /home/airflow/.local/lib/python3.8/site-packages/airflow/example_dags/example_bash_operator.py
[2023-11-24T00:28:40.627+0000] {processor.py:829} INFO - Processing file /home/airflow/.local/lib/python3.8/site-packages/airflow/example_dags/example_bash_operator.py for tasks to queue
[2023-11-24T00:28:40.628+0000] {logging_mixin.py:154} INFO - [2023-11-24T00:28:40.628+0000] {dagbag.py:536} INFO - Filling up the DagBag from /home/airflow/.local/lib/python3.8/site-packages/airflow/example_dags/example_bash_operator.py
[2023-11-24T00:28:40.637+0000] {processor.py:839} INFO - DAG(s) dict_keys(['example_bash_operator']) retrieved from /home/airflow/.local/lib/python3.8/site-packages/airflow/example_dags/example_bash_operator.py
[2023-11-24T00:28:40.824+0000] {logging_mixin.py:154} INFO - [2023-11-24T00:28:40.824+0000] {dag.py:2941} INFO - Sync 1 DAGs
[2023-11-24T00:28:40.855+0000] {logging_mixin.py:154} INFO - [2023-11-24T00:28:40.855+0000] {dag.py:3722} INFO - Setting next_dagrun for example_bash_operator to 2023-11-23T00:00:00+00:00, run_after=2023-11-24T00:00:00+00:00
[2023-11-24T00:28:40.873+0000] {processor.py:179} INFO - Processing /home/airflow/.local/lib/python3.8/site-packages/airflow/example_dags/example_bash_operator.py took 0.249 seconds
[2023-11-24T00:29:10.983+0000] {processor.py:157} INFO - Started process (PID=1256) to work on /home/airflow/.local/lib/python3.8/site-packages/airflow/example_dags/example_bash_operator.py
[2023-11-24T00:29:10.984+0000] {processor.py:829} INFO - Processing file /home/airflow/.local/lib/python3.8/site-packages/airflow/example_dags/example_bash_operator.py for tasks to queue
[2023-11-24T00:29:10.985+0000] {logging_mixin.py:154} INFO - [2023-11-24T00:29:10.985+0000] {dagbag.py:536} INFO - Filling up the DagBag from /home/airflow/.local/lib/python3.8/site-packages/airflow/example_dags/example_bash_operator.py
[2023-11-24T00:29:10.994+0000] {processor.py:839} INFO - DAG(s) dict_keys(['example_bash_operator']) retrieved from /home/airflow/.local/lib/python3.8/site-packages/airflow/example_dags/example_bash_operator.py
[2023-11-24T00:29:11.017+0000] {logging_mixin.py:154} INFO - [2023-11-24T00:29:11.017+0000] {dag.py:2941} INFO - Sync 1 DAGs
[2023-11-24T00:29:11.175+0000] {logging_mixin.py:154} INFO - [2023-11-24T00:29:11.174+0000] {dag.py:3722} INFO - Setting next_dagrun for example_bash_operator to 2023-11-23T00:00:00+00:00, run_after=2023-11-24T00:00:00+00:00
[2023-11-24T00:29:11.188+0000] {processor.py:179} INFO - Processing /home/airflow/.local/lib/python3.8/site-packages/airflow/example_dags/example_bash_operator.py took 0.207 seconds
[2023-11-24T00:29:41.262+0000] {processor.py:157} INFO - Started process (PID=1310) to work on /home/airflow/.local/lib/python3.8/site-packages/airflow/example_dags/example_bash_operator.py
[2023-11-24T00:29:41.263+0000] {processor.py:829} INFO - Processing file /home/airflow/.local/lib/python3.8/site-packages/airflow/example_dags/example_bash_operator.py for tasks to queue
[2023-11-24T00:29:41.265+0000] {logging_mixin.py:154} INFO - [2023-11-24T00:29:41.265+0000] {dagbag.py:536} INFO - Filling up the DagBag from /home/airflow/.local/lib/python3.8/site-packages/airflow/example_dags/example_bash_operator.py
[2023-11-24T00:29:41.274+0000] {processor.py:839} INFO - DAG(s) dict_keys(['example_bash_operator']) retrieved from /home/airflow/.local/lib/python3.8/site-packages/airflow/example_dags/example_bash_operator.py
[2023-11-24T00:29:41.299+0000] {logging_mixin.py:154} INFO - [2023-11-24T00:29:41.299+0000] {dag.py:2941} INFO - Sync 1 DAGs
[2023-11-24T00:29:41.318+0000] {logging_mixin.py:154} INFO - [2023-11-24T00:29:41.318+0000] {dag.py:3722} INFO - Setting next_dagrun for example_bash_operator to 2023-11-23T00:00:00+00:00, run_after=2023-11-24T00:00:00+00:00
[2023-11-24T00:29:41.334+0000] {processor.py:179} INFO - Processing /home/airflow/.local/lib/python3.8/site-packages/airflow/example_dags/example_bash_operator.py took 0.074 seconds
[2023-11-24T00:30:12.135+0000] {processor.py:157} INFO - Started process (PID=1364) to work on /home/airflow/.local/lib/python3.8/site-packages/airflow/example_dags/example_bash_operator.py
[2023-11-24T00:30:12.136+0000] {processor.py:829} INFO - Processing file /home/airflow/.local/lib/python3.8/site-packages/airflow/example_dags/example_bash_operator.py for tasks to queue
[2023-11-24T00:30:12.137+0000] {logging_mixin.py:154} INFO - [2023-11-24T00:30:12.137+0000] {dagbag.py:536} INFO - Filling up the DagBag from /home/airflow/.local/lib/python3.8/site-packages/airflow/example_dags/example_bash_operator.py
[2023-11-24T00:30:12.146+0000] {processor.py:839} INFO - DAG(s) dict_keys(['example_bash_operator']) retrieved from /home/airflow/.local/lib/python3.8/site-packages/airflow/example_dags/example_bash_operator.py
[2023-11-24T00:30:12.170+0000] {logging_mixin.py:154} INFO - [2023-11-24T00:30:12.170+0000] {dag.py:2941} INFO - Sync 1 DAGs
[2023-11-24T00:30:12.190+0000] {logging_mixin.py:154} INFO - [2023-11-24T00:30:12.190+0000] {dag.py:3722} INFO - Setting next_dagrun for example_bash_operator to 2023-11-23T00:00:00+00:00, run_after=2023-11-24T00:00:00+00:00
[2023-11-24T00:30:12.206+0000] {processor.py:179} INFO - Processing /home/airflow/.local/lib/python3.8/site-packages/airflow/example_dags/example_bash_operator.py took 0.074 seconds
[2023-11-24T00:30:43.294+0000] {processor.py:157} INFO - Started process (PID=1418) to work on /home/airflow/.local/lib/python3.8/site-packages/airflow/example_dags/example_bash_operator.py
[2023-11-24T00:30:43.295+0000] {processor.py:829} INFO - Processing file /home/airflow/.local/lib/python3.8/site-packages/airflow/example_dags/example_bash_operator.py for tasks to queue
[2023-11-24T00:30:43.297+0000] {logging_mixin.py:154} INFO - [2023-11-24T00:30:43.297+0000] {dagbag.py:536} INFO - Filling up the DagBag from /home/airflow/.local/lib/python3.8/site-packages/airflow/example_dags/example_bash_operator.py
[2023-11-24T00:30:43.305+0000] {processor.py:839} INFO - DAG(s) dict_keys(['example_bash_operator']) retrieved from /home/airflow/.local/lib/python3.8/site-packages/airflow/example_dags/example_bash_operator.py
[2023-11-24T00:30:43.330+0000] {logging_mixin.py:154} INFO - [2023-11-24T00:30:43.330+0000] {dag.py:2941} INFO - Sync 1 DAGs
[2023-11-24T00:30:43.486+0000] {logging_mixin.py:154} INFO - [2023-11-24T00:30:43.486+0000] {dag.py:3722} INFO - Setting next_dagrun for example_bash_operator to 2023-11-23T00:00:00+00:00, run_after=2023-11-24T00:00:00+00:00
[2023-11-24T00:30:43.500+0000] {processor.py:179} INFO - Processing /home/airflow/.local/lib/python3.8/site-packages/airflow/example_dags/example_bash_operator.py took 0.208 seconds
