[2023-11-24T00:17:57.691+0000] {processor.py:157} INFO - Started process (PID=48) to work on /home/airflow/.local/lib/python3.8/site-packages/airflow/example_dags/example_branch_python_dop_operator_3.py
[2023-11-24T00:17:57.691+0000] {processor.py:829} INFO - Processing file /home/airflow/.local/lib/python3.8/site-packages/airflow/example_dags/example_branch_python_dop_operator_3.py for tasks to queue
[2023-11-24T00:17:57.693+0000] {logging_mixin.py:154} INFO - [2023-11-24T00:17:57.692+0000] {dagbag.py:536} INFO - Filling up the DagBag from /home/airflow/.local/lib/python3.8/site-packages/airflow/example_dags/example_branch_python_dop_operator_3.py
[2023-11-24T00:17:57.703+0000] {processor.py:839} INFO - DAG(s) dict_keys(['example_branch_dop_operator_v3']) retrieved from /home/airflow/.local/lib/python3.8/site-packages/airflow/example_dags/example_branch_python_dop_operator_3.py
[2023-11-24T00:17:57.713+0000] {logging_mixin.py:154} INFO - [2023-11-24T00:17:57.713+0000] {dag.py:2941} INFO - Sync 1 DAGs
[2023-11-24T00:17:57.738+0000] {logging_mixin.py:154} INFO - [2023-11-24T00:17:57.738+0000] {dag.py:3722} INFO - Setting next_dagrun for example_branch_dop_operator_v3 to 2023-11-24T00:16:00+00:00, run_after=2023-11-24T00:17:00+00:00
[2023-11-24T00:17:57.761+0000] {processor.py:179} INFO - Processing /home/airflow/.local/lib/python3.8/site-packages/airflow/example_dags/example_branch_python_dop_operator_3.py took 0.073 seconds
[2023-11-24T00:18:27.894+0000] {processor.py:157} INFO - Started process (PID=102) to work on /home/airflow/.local/lib/python3.8/site-packages/airflow/example_dags/example_branch_python_dop_operator_3.py
[2023-11-24T00:18:27.895+0000] {processor.py:829} INFO - Processing file /home/airflow/.local/lib/python3.8/site-packages/airflow/example_dags/example_branch_python_dop_operator_3.py for tasks to queue
[2023-11-24T00:18:27.896+0000] {logging_mixin.py:154} INFO - [2023-11-24T00:18:27.896+0000] {dagbag.py:536} INFO - Filling up the DagBag from /home/airflow/.local/lib/python3.8/site-packages/airflow/example_dags/example_branch_python_dop_operator_3.py
[2023-11-24T00:18:27.902+0000] {processor.py:839} INFO - DAG(s) dict_keys(['example_branch_dop_operator_v3']) retrieved from /home/airflow/.local/lib/python3.8/site-packages/airflow/example_dags/example_branch_python_dop_operator_3.py
[2023-11-24T00:18:27.918+0000] {logging_mixin.py:154} INFO - [2023-11-24T00:18:27.917+0000] {dag.py:2941} INFO - Sync 1 DAGs
[2023-11-24T00:18:27.939+0000] {logging_mixin.py:154} INFO - [2023-11-24T00:18:27.939+0000] {dag.py:3722} INFO - Setting next_dagrun for example_branch_dop_operator_v3 to 2023-11-24T00:17:00+00:00, run_after=2023-11-24T00:18:00+00:00
[2023-11-24T00:18:27.954+0000] {processor.py:179} INFO - Processing /home/airflow/.local/lib/python3.8/site-packages/airflow/example_dags/example_branch_python_dop_operator_3.py took 0.062 seconds
[2023-11-24T00:18:57.997+0000] {processor.py:157} INFO - Started process (PID=156) to work on /home/airflow/.local/lib/python3.8/site-packages/airflow/example_dags/example_branch_python_dop_operator_3.py
[2023-11-24T00:18:57.998+0000] {processor.py:829} INFO - Processing file /home/airflow/.local/lib/python3.8/site-packages/airflow/example_dags/example_branch_python_dop_operator_3.py for tasks to queue
[2023-11-24T00:18:58.000+0000] {logging_mixin.py:154} INFO - [2023-11-24T00:18:57.999+0000] {dagbag.py:536} INFO - Filling up the DagBag from /home/airflow/.local/lib/python3.8/site-packages/airflow/example_dags/example_branch_python_dop_operator_3.py
[2023-11-24T00:18:58.006+0000] {processor.py:839} INFO - DAG(s) dict_keys(['example_branch_dop_operator_v3']) retrieved from /home/airflow/.local/lib/python3.8/site-packages/airflow/example_dags/example_branch_python_dop_operator_3.py
[2023-11-24T00:18:58.021+0000] {logging_mixin.py:154} INFO - [2023-11-24T00:18:58.021+0000] {dag.py:2941} INFO - Sync 1 DAGs
[2023-11-24T00:18:58.042+0000] {logging_mixin.py:154} INFO - [2023-11-24T00:18:58.042+0000] {dag.py:3722} INFO - Setting next_dagrun for example_branch_dop_operator_v3 to 2023-11-24T00:17:00+00:00, run_after=2023-11-24T00:18:00+00:00
[2023-11-24T00:18:58.055+0000] {processor.py:179} INFO - Processing /home/airflow/.local/lib/python3.8/site-packages/airflow/example_dags/example_branch_python_dop_operator_3.py took 0.060 seconds
[2023-11-24T00:19:28.309+0000] {processor.py:157} INFO - Started process (PID=210) to work on /home/airflow/.local/lib/python3.8/site-packages/airflow/example_dags/example_branch_python_dop_operator_3.py
[2023-11-24T00:19:28.310+0000] {processor.py:829} INFO - Processing file /home/airflow/.local/lib/python3.8/site-packages/airflow/example_dags/example_branch_python_dop_operator_3.py for tasks to queue
[2023-11-24T00:19:28.311+0000] {logging_mixin.py:154} INFO - [2023-11-24T00:19:28.311+0000] {dagbag.py:536} INFO - Filling up the DagBag from /home/airflow/.local/lib/python3.8/site-packages/airflow/example_dags/example_branch_python_dop_operator_3.py
[2023-11-24T00:19:28.317+0000] {processor.py:839} INFO - DAG(s) dict_keys(['example_branch_dop_operator_v3']) retrieved from /home/airflow/.local/lib/python3.8/site-packages/airflow/example_dags/example_branch_python_dop_operator_3.py
[2023-11-24T00:19:28.333+0000] {logging_mixin.py:154} INFO - [2023-11-24T00:19:28.333+0000] {dag.py:2941} INFO - Sync 1 DAGs
[2023-11-24T00:19:28.354+0000] {logging_mixin.py:154} INFO - [2023-11-24T00:19:28.354+0000] {dag.py:3722} INFO - Setting next_dagrun for example_branch_dop_operator_v3 to 2023-11-24T00:18:00+00:00, run_after=2023-11-24T00:19:00+00:00
[2023-11-24T00:19:28.368+0000] {processor.py:179} INFO - Processing /home/airflow/.local/lib/python3.8/site-packages/airflow/example_dags/example_branch_python_dop_operator_3.py took 0.061 seconds
[2023-11-24T00:19:58.606+0000] {processor.py:157} INFO - Started process (PID=264) to work on /home/airflow/.local/lib/python3.8/site-packages/airflow/example_dags/example_branch_python_dop_operator_3.py
[2023-11-24T00:19:58.606+0000] {processor.py:829} INFO - Processing file /home/airflow/.local/lib/python3.8/site-packages/airflow/example_dags/example_branch_python_dop_operator_3.py for tasks to queue
[2023-11-24T00:19:58.608+0000] {logging_mixin.py:154} INFO - [2023-11-24T00:19:58.608+0000] {dagbag.py:536} INFO - Filling up the DagBag from /home/airflow/.local/lib/python3.8/site-packages/airflow/example_dags/example_branch_python_dop_operator_3.py
[2023-11-24T00:19:58.614+0000] {processor.py:839} INFO - DAG(s) dict_keys(['example_branch_dop_operator_v3']) retrieved from /home/airflow/.local/lib/python3.8/site-packages/airflow/example_dags/example_branch_python_dop_operator_3.py
[2023-11-24T00:19:58.629+0000] {logging_mixin.py:154} INFO - [2023-11-24T00:19:58.629+0000] {dag.py:2941} INFO - Sync 1 DAGs
[2023-11-24T00:19:58.651+0000] {logging_mixin.py:154} INFO - [2023-11-24T00:19:58.651+0000] {dag.py:3722} INFO - Setting next_dagrun for example_branch_dop_operator_v3 to 2023-11-24T00:18:00+00:00, run_after=2023-11-24T00:19:00+00:00
[2023-11-24T00:19:58.665+0000] {processor.py:179} INFO - Processing /home/airflow/.local/lib/python3.8/site-packages/airflow/example_dags/example_branch_python_dop_operator_3.py took 0.062 seconds
[2023-11-24T00:20:29.003+0000] {processor.py:157} INFO - Started process (PID=318) to work on /home/airflow/.local/lib/python3.8/site-packages/airflow/example_dags/example_branch_python_dop_operator_3.py
[2023-11-24T00:20:29.004+0000] {processor.py:829} INFO - Processing file /home/airflow/.local/lib/python3.8/site-packages/airflow/example_dags/example_branch_python_dop_operator_3.py for tasks to queue
[2023-11-24T00:20:29.005+0000] {logging_mixin.py:154} INFO - [2023-11-24T00:20:29.005+0000] {dagbag.py:536} INFO - Filling up the DagBag from /home/airflow/.local/lib/python3.8/site-packages/airflow/example_dags/example_branch_python_dop_operator_3.py
[2023-11-24T00:20:29.012+0000] {processor.py:839} INFO - DAG(s) dict_keys(['example_branch_dop_operator_v3']) retrieved from /home/airflow/.local/lib/python3.8/site-packages/airflow/example_dags/example_branch_python_dop_operator_3.py
[2023-11-24T00:20:29.028+0000] {logging_mixin.py:154} INFO - [2023-11-24T00:20:29.028+0000] {dag.py:2941} INFO - Sync 1 DAGs
[2023-11-24T00:20:29.054+0000] {logging_mixin.py:154} INFO - [2023-11-24T00:20:29.054+0000] {dag.py:3722} INFO - Setting next_dagrun for example_branch_dop_operator_v3 to 2023-11-24T00:19:00+00:00, run_after=2023-11-24T00:20:00+00:00
[2023-11-24T00:20:29.070+0000] {processor.py:179} INFO - Processing /home/airflow/.local/lib/python3.8/site-packages/airflow/example_dags/example_branch_python_dop_operator_3.py took 0.069 seconds
[2023-11-24T00:20:59.201+0000] {processor.py:157} INFO - Started process (PID=372) to work on /home/airflow/.local/lib/python3.8/site-packages/airflow/example_dags/example_branch_python_dop_operator_3.py
[2023-11-24T00:20:59.202+0000] {processor.py:829} INFO - Processing file /home/airflow/.local/lib/python3.8/site-packages/airflow/example_dags/example_branch_python_dop_operator_3.py for tasks to queue
[2023-11-24T00:20:59.204+0000] {logging_mixin.py:154} INFO - [2023-11-24T00:20:59.203+0000] {dagbag.py:536} INFO - Filling up the DagBag from /home/airflow/.local/lib/python3.8/site-packages/airflow/example_dags/example_branch_python_dop_operator_3.py
[2023-11-24T00:20:59.209+0000] {processor.py:839} INFO - DAG(s) dict_keys(['example_branch_dop_operator_v3']) retrieved from /home/airflow/.local/lib/python3.8/site-packages/airflow/example_dags/example_branch_python_dop_operator_3.py
[2023-11-24T00:20:59.225+0000] {logging_mixin.py:154} INFO - [2023-11-24T00:20:59.225+0000] {dag.py:2941} INFO - Sync 1 DAGs
[2023-11-24T00:20:59.246+0000] {logging_mixin.py:154} INFO - [2023-11-24T00:20:59.246+0000] {dag.py:3722} INFO - Setting next_dagrun for example_branch_dop_operator_v3 to 2023-11-24T00:19:00+00:00, run_after=2023-11-24T00:20:00+00:00
[2023-11-24T00:20:59.261+0000] {processor.py:179} INFO - Processing /home/airflow/.local/lib/python3.8/site-packages/airflow/example_dags/example_branch_python_dop_operator_3.py took 0.061 seconds
[2023-11-24T00:21:29.643+0000] {processor.py:157} INFO - Started process (PID=426) to work on /home/airflow/.local/lib/python3.8/site-packages/airflow/example_dags/example_branch_python_dop_operator_3.py
[2023-11-24T00:21:29.644+0000] {processor.py:829} INFO - Processing file /home/airflow/.local/lib/python3.8/site-packages/airflow/example_dags/example_branch_python_dop_operator_3.py for tasks to queue
[2023-11-24T00:21:29.646+0000] {logging_mixin.py:154} INFO - [2023-11-24T00:21:29.646+0000] {dagbag.py:536} INFO - Filling up the DagBag from /home/airflow/.local/lib/python3.8/site-packages/airflow/example_dags/example_branch_python_dop_operator_3.py
[2023-11-24T00:21:29.652+0000] {processor.py:839} INFO - DAG(s) dict_keys(['example_branch_dop_operator_v3']) retrieved from /home/airflow/.local/lib/python3.8/site-packages/airflow/example_dags/example_branch_python_dop_operator_3.py
[2023-11-24T00:21:29.668+0000] {logging_mixin.py:154} INFO - [2023-11-24T00:21:29.668+0000] {dag.py:2941} INFO - Sync 1 DAGs
[2023-11-24T00:21:29.691+0000] {logging_mixin.py:154} INFO - [2023-11-24T00:21:29.691+0000] {dag.py:3722} INFO - Setting next_dagrun for example_branch_dop_operator_v3 to 2023-11-24T00:20:00+00:00, run_after=2023-11-24T00:21:00+00:00
[2023-11-24T00:21:29.706+0000] {processor.py:179} INFO - Processing /home/airflow/.local/lib/python3.8/site-packages/airflow/example_dags/example_branch_python_dop_operator_3.py took 0.065 seconds
[2023-11-24T00:22:00.279+0000] {processor.py:157} INFO - Started process (PID=480) to work on /home/airflow/.local/lib/python3.8/site-packages/airflow/example_dags/example_branch_python_dop_operator_3.py
[2023-11-24T00:22:00.280+0000] {processor.py:829} INFO - Processing file /home/airflow/.local/lib/python3.8/site-packages/airflow/example_dags/example_branch_python_dop_operator_3.py for tasks to queue
[2023-11-24T00:22:00.281+0000] {logging_mixin.py:154} INFO - [2023-11-24T00:22:00.281+0000] {dagbag.py:536} INFO - Filling up the DagBag from /home/airflow/.local/lib/python3.8/site-packages/airflow/example_dags/example_branch_python_dop_operator_3.py
[2023-11-24T00:22:00.288+0000] {processor.py:839} INFO - DAG(s) dict_keys(['example_branch_dop_operator_v3']) retrieved from /home/airflow/.local/lib/python3.8/site-packages/airflow/example_dags/example_branch_python_dop_operator_3.py
[2023-11-24T00:22:00.305+0000] {logging_mixin.py:154} INFO - [2023-11-24T00:22:00.304+0000] {dag.py:2941} INFO - Sync 1 DAGs
[2023-11-24T00:22:00.327+0000] {logging_mixin.py:154} INFO - [2023-11-24T00:22:00.326+0000] {dag.py:3722} INFO - Setting next_dagrun for example_branch_dop_operator_v3 to 2023-11-24T00:21:00+00:00, run_after=2023-11-24T00:22:00+00:00
[2023-11-24T00:22:00.341+0000] {processor.py:179} INFO - Processing /home/airflow/.local/lib/python3.8/site-packages/airflow/example_dags/example_branch_python_dop_operator_3.py took 0.064 seconds
[2023-11-24T00:22:30.574+0000] {processor.py:157} INFO - Started process (PID=534) to work on /home/airflow/.local/lib/python3.8/site-packages/airflow/example_dags/example_branch_python_dop_operator_3.py
[2023-11-24T00:22:30.575+0000] {processor.py:829} INFO - Processing file /home/airflow/.local/lib/python3.8/site-packages/airflow/example_dags/example_branch_python_dop_operator_3.py for tasks to queue
[2023-11-24T00:22:30.577+0000] {logging_mixin.py:154} INFO - [2023-11-24T00:22:30.576+0000] {dagbag.py:536} INFO - Filling up the DagBag from /home/airflow/.local/lib/python3.8/site-packages/airflow/example_dags/example_branch_python_dop_operator_3.py
[2023-11-24T00:22:30.584+0000] {processor.py:839} INFO - DAG(s) dict_keys(['example_branch_dop_operator_v3']) retrieved from /home/airflow/.local/lib/python3.8/site-packages/airflow/example_dags/example_branch_python_dop_operator_3.py
[2023-11-24T00:22:30.603+0000] {logging_mixin.py:154} INFO - [2023-11-24T00:22:30.603+0000] {dag.py:2941} INFO - Sync 1 DAGs
[2023-11-24T00:22:30.629+0000] {logging_mixin.py:154} INFO - [2023-11-24T00:22:30.629+0000] {dag.py:3722} INFO - Setting next_dagrun for example_branch_dop_operator_v3 to 2023-11-24T00:21:00+00:00, run_after=2023-11-24T00:22:00+00:00
[2023-11-24T00:22:30.648+0000] {processor.py:179} INFO - Processing /home/airflow/.local/lib/python3.8/site-packages/airflow/example_dags/example_branch_python_dop_operator_3.py took 0.076 seconds
[2023-11-24T00:23:00.889+0000] {processor.py:157} INFO - Started process (PID=588) to work on /home/airflow/.local/lib/python3.8/site-packages/airflow/example_dags/example_branch_python_dop_operator_3.py
[2023-11-24T00:23:00.890+0000] {processor.py:829} INFO - Processing file /home/airflow/.local/lib/python3.8/site-packages/airflow/example_dags/example_branch_python_dop_operator_3.py for tasks to queue
[2023-11-24T00:23:00.892+0000] {logging_mixin.py:154} INFO - [2023-11-24T00:23:00.891+0000] {dagbag.py:536} INFO - Filling up the DagBag from /home/airflow/.local/lib/python3.8/site-packages/airflow/example_dags/example_branch_python_dop_operator_3.py
[2023-11-24T00:23:00.898+0000] {processor.py:839} INFO - DAG(s) dict_keys(['example_branch_dop_operator_v3']) retrieved from /home/airflow/.local/lib/python3.8/site-packages/airflow/example_dags/example_branch_python_dop_operator_3.py
[2023-11-24T00:23:00.916+0000] {logging_mixin.py:154} INFO - [2023-11-24T00:23:00.916+0000] {dag.py:2941} INFO - Sync 1 DAGs
[2023-11-24T00:23:00.940+0000] {logging_mixin.py:154} INFO - [2023-11-24T00:23:00.939+0000] {dag.py:3722} INFO - Setting next_dagrun for example_branch_dop_operator_v3 to 2023-11-24T00:22:00+00:00, run_after=2023-11-24T00:23:00+00:00
[2023-11-24T00:23:00.955+0000] {processor.py:179} INFO - Processing /home/airflow/.local/lib/python3.8/site-packages/airflow/example_dags/example_branch_python_dop_operator_3.py took 0.069 seconds
[2023-11-24T00:23:31.236+0000] {processor.py:157} INFO - Started process (PID=642) to work on /home/airflow/.local/lib/python3.8/site-packages/airflow/example_dags/example_branch_python_dop_operator_3.py
[2023-11-24T00:23:31.237+0000] {processor.py:829} INFO - Processing file /home/airflow/.local/lib/python3.8/site-packages/airflow/example_dags/example_branch_python_dop_operator_3.py for tasks to queue
[2023-11-24T00:23:31.239+0000] {logging_mixin.py:154} INFO - [2023-11-24T00:23:31.239+0000] {dagbag.py:536} INFO - Filling up the DagBag from /home/airflow/.local/lib/python3.8/site-packages/airflow/example_dags/example_branch_python_dop_operator_3.py
[2023-11-24T00:23:31.245+0000] {processor.py:839} INFO - DAG(s) dict_keys(['example_branch_dop_operator_v3']) retrieved from /home/airflow/.local/lib/python3.8/site-packages/airflow/example_dags/example_branch_python_dop_operator_3.py
[2023-11-24T00:23:31.261+0000] {logging_mixin.py:154} INFO - [2023-11-24T00:23:31.260+0000] {dag.py:2941} INFO - Sync 1 DAGs
[2023-11-24T00:23:31.282+0000] {logging_mixin.py:154} INFO - [2023-11-24T00:23:31.282+0000] {dag.py:3722} INFO - Setting next_dagrun for example_branch_dop_operator_v3 to 2023-11-24T00:22:00+00:00, run_after=2023-11-24T00:23:00+00:00
[2023-11-24T00:23:31.296+0000] {processor.py:179} INFO - Processing /home/airflow/.local/lib/python3.8/site-packages/airflow/example_dags/example_branch_python_dop_operator_3.py took 0.062 seconds
[2023-11-24T00:24:01.627+0000] {processor.py:157} INFO - Started process (PID=696) to work on /home/airflow/.local/lib/python3.8/site-packages/airflow/example_dags/example_branch_python_dop_operator_3.py
[2023-11-24T00:24:01.628+0000] {processor.py:829} INFO - Processing file /home/airflow/.local/lib/python3.8/site-packages/airflow/example_dags/example_branch_python_dop_operator_3.py for tasks to queue
[2023-11-24T00:24:01.629+0000] {logging_mixin.py:154} INFO - [2023-11-24T00:24:01.629+0000] {dagbag.py:536} INFO - Filling up the DagBag from /home/airflow/.local/lib/python3.8/site-packages/airflow/example_dags/example_branch_python_dop_operator_3.py
[2023-11-24T00:24:01.635+0000] {processor.py:839} INFO - DAG(s) dict_keys(['example_branch_dop_operator_v3']) retrieved from /home/airflow/.local/lib/python3.8/site-packages/airflow/example_dags/example_branch_python_dop_operator_3.py
[2023-11-24T00:24:01.651+0000] {logging_mixin.py:154} INFO - [2023-11-24T00:24:01.650+0000] {dag.py:2941} INFO - Sync 1 DAGs
[2023-11-24T00:24:01.672+0000] {logging_mixin.py:154} INFO - [2023-11-24T00:24:01.672+0000] {dag.py:3722} INFO - Setting next_dagrun for example_branch_dop_operator_v3 to 2023-11-24T00:23:00+00:00, run_after=2023-11-24T00:24:00+00:00
[2023-11-24T00:24:01.686+0000] {processor.py:179} INFO - Processing /home/airflow/.local/lib/python3.8/site-packages/airflow/example_dags/example_branch_python_dop_operator_3.py took 0.062 seconds
[2023-11-24T00:24:31.763+0000] {processor.py:157} INFO - Started process (PID=750) to work on /home/airflow/.local/lib/python3.8/site-packages/airflow/example_dags/example_branch_python_dop_operator_3.py
[2023-11-24T00:24:31.764+0000] {processor.py:829} INFO - Processing file /home/airflow/.local/lib/python3.8/site-packages/airflow/example_dags/example_branch_python_dop_operator_3.py for tasks to queue
[2023-11-24T00:24:31.766+0000] {logging_mixin.py:154} INFO - [2023-11-24T00:24:31.766+0000] {dagbag.py:536} INFO - Filling up the DagBag from /home/airflow/.local/lib/python3.8/site-packages/airflow/example_dags/example_branch_python_dop_operator_3.py
[2023-11-24T00:24:31.771+0000] {processor.py:839} INFO - DAG(s) dict_keys(['example_branch_dop_operator_v3']) retrieved from /home/airflow/.local/lib/python3.8/site-packages/airflow/example_dags/example_branch_python_dop_operator_3.py
[2023-11-24T00:24:31.787+0000] {logging_mixin.py:154} INFO - [2023-11-24T00:24:31.787+0000] {dag.py:2941} INFO - Sync 1 DAGs
[2023-11-24T00:24:31.808+0000] {logging_mixin.py:154} INFO - [2023-11-24T00:24:31.807+0000] {dag.py:3722} INFO - Setting next_dagrun for example_branch_dop_operator_v3 to 2023-11-24T00:23:00+00:00, run_after=2023-11-24T00:24:00+00:00
[2023-11-24T00:24:31.822+0000] {processor.py:179} INFO - Processing /home/airflow/.local/lib/python3.8/site-packages/airflow/example_dags/example_branch_python_dop_operator_3.py took 0.061 seconds
[2023-11-24T00:25:02.351+0000] {processor.py:157} INFO - Started process (PID=804) to work on /home/airflow/.local/lib/python3.8/site-packages/airflow/example_dags/example_branch_python_dop_operator_3.py
[2023-11-24T00:25:02.353+0000] {processor.py:829} INFO - Processing file /home/airflow/.local/lib/python3.8/site-packages/airflow/example_dags/example_branch_python_dop_operator_3.py for tasks to queue
[2023-11-24T00:25:02.355+0000] {logging_mixin.py:154} INFO - [2023-11-24T00:25:02.355+0000] {dagbag.py:536} INFO - Filling up the DagBag from /home/airflow/.local/lib/python3.8/site-packages/airflow/example_dags/example_branch_python_dop_operator_3.py
[2023-11-24T00:25:02.361+0000] {processor.py:839} INFO - DAG(s) dict_keys(['example_branch_dop_operator_v3']) retrieved from /home/airflow/.local/lib/python3.8/site-packages/airflow/example_dags/example_branch_python_dop_operator_3.py
[2023-11-24T00:25:02.377+0000] {logging_mixin.py:154} INFO - [2023-11-24T00:25:02.377+0000] {dag.py:2941} INFO - Sync 1 DAGs
[2023-11-24T00:25:02.400+0000] {logging_mixin.py:154} INFO - [2023-11-24T00:25:02.400+0000] {dag.py:3722} INFO - Setting next_dagrun for example_branch_dop_operator_v3 to 2023-11-24T00:24:00+00:00, run_after=2023-11-24T00:25:00+00:00
[2023-11-24T00:25:02.415+0000] {processor.py:179} INFO - Processing /home/airflow/.local/lib/python3.8/site-packages/airflow/example_dags/example_branch_python_dop_operator_3.py took 0.066 seconds
[2023-11-24T00:25:32.915+0000] {processor.py:157} INFO - Started process (PID=858) to work on /home/airflow/.local/lib/python3.8/site-packages/airflow/example_dags/example_branch_python_dop_operator_3.py
[2023-11-24T00:25:32.916+0000] {processor.py:829} INFO - Processing file /home/airflow/.local/lib/python3.8/site-packages/airflow/example_dags/example_branch_python_dop_operator_3.py for tasks to queue
[2023-11-24T00:25:32.918+0000] {logging_mixin.py:154} INFO - [2023-11-24T00:25:32.918+0000] {dagbag.py:536} INFO - Filling up the DagBag from /home/airflow/.local/lib/python3.8/site-packages/airflow/example_dags/example_branch_python_dop_operator_3.py
[2023-11-24T00:25:32.923+0000] {processor.py:839} INFO - DAG(s) dict_keys(['example_branch_dop_operator_v3']) retrieved from /home/airflow/.local/lib/python3.8/site-packages/airflow/example_dags/example_branch_python_dop_operator_3.py
[2023-11-24T00:25:32.939+0000] {logging_mixin.py:154} INFO - [2023-11-24T00:25:32.938+0000] {dag.py:2941} INFO - Sync 1 DAGs
[2023-11-24T00:25:32.959+0000] {logging_mixin.py:154} INFO - [2023-11-24T00:25:32.959+0000] {dag.py:3722} INFO - Setting next_dagrun for example_branch_dop_operator_v3 to 2023-11-24T00:24:00+00:00, run_after=2023-11-24T00:25:00+00:00
[2023-11-24T00:25:32.974+0000] {processor.py:179} INFO - Processing /home/airflow/.local/lib/python3.8/site-packages/airflow/example_dags/example_branch_python_dop_operator_3.py took 0.061 seconds
[2023-11-24T00:26:03.722+0000] {processor.py:157} INFO - Started process (PID=912) to work on /home/airflow/.local/lib/python3.8/site-packages/airflow/example_dags/example_branch_python_dop_operator_3.py
[2023-11-24T00:26:03.722+0000] {processor.py:829} INFO - Processing file /home/airflow/.local/lib/python3.8/site-packages/airflow/example_dags/example_branch_python_dop_operator_3.py for tasks to queue
[2023-11-24T00:26:03.724+0000] {logging_mixin.py:154} INFO - [2023-11-24T00:26:03.724+0000] {dagbag.py:536} INFO - Filling up the DagBag from /home/airflow/.local/lib/python3.8/site-packages/airflow/example_dags/example_branch_python_dop_operator_3.py
[2023-11-24T00:26:03.730+0000] {processor.py:839} INFO - DAG(s) dict_keys(['example_branch_dop_operator_v3']) retrieved from /home/airflow/.local/lib/python3.8/site-packages/airflow/example_dags/example_branch_python_dop_operator_3.py
[2023-11-24T00:26:03.746+0000] {logging_mixin.py:154} INFO - [2023-11-24T00:26:03.746+0000] {dag.py:2941} INFO - Sync 1 DAGs
[2023-11-24T00:26:03.769+0000] {logging_mixin.py:154} INFO - [2023-11-24T00:26:03.769+0000] {dag.py:3722} INFO - Setting next_dagrun for example_branch_dop_operator_v3 to 2023-11-24T00:25:00+00:00, run_after=2023-11-24T00:26:00+00:00
[2023-11-24T00:26:03.783+0000] {processor.py:179} INFO - Processing /home/airflow/.local/lib/python3.8/site-packages/airflow/example_dags/example_branch_python_dop_operator_3.py took 0.064 seconds
[2023-11-24T00:26:34.492+0000] {processor.py:157} INFO - Started process (PID=966) to work on /home/airflow/.local/lib/python3.8/site-packages/airflow/example_dags/example_branch_python_dop_operator_3.py
[2023-11-24T00:26:34.493+0000] {processor.py:829} INFO - Processing file /home/airflow/.local/lib/python3.8/site-packages/airflow/example_dags/example_branch_python_dop_operator_3.py for tasks to queue
[2023-11-24T00:26:34.495+0000] {logging_mixin.py:154} INFO - [2023-11-24T00:26:34.495+0000] {dagbag.py:536} INFO - Filling up the DagBag from /home/airflow/.local/lib/python3.8/site-packages/airflow/example_dags/example_branch_python_dop_operator_3.py
[2023-11-24T00:26:34.502+0000] {processor.py:839} INFO - DAG(s) dict_keys(['example_branch_dop_operator_v3']) retrieved from /home/airflow/.local/lib/python3.8/site-packages/airflow/example_dags/example_branch_python_dop_operator_3.py
[2023-11-24T00:26:34.518+0000] {logging_mixin.py:154} INFO - [2023-11-24T00:26:34.518+0000] {dag.py:2941} INFO - Sync 1 DAGs
[2023-11-24T00:26:34.682+0000] {logging_mixin.py:154} INFO - [2023-11-24T00:26:34.682+0000] {dag.py:3722} INFO - Setting next_dagrun for example_branch_dop_operator_v3 to 2023-11-24T00:25:00+00:00, run_after=2023-11-24T00:26:00+00:00
[2023-11-24T00:26:34.697+0000] {processor.py:179} INFO - Processing /home/airflow/.local/lib/python3.8/site-packages/airflow/example_dags/example_branch_python_dop_operator_3.py took 0.207 seconds
[2023-11-24T00:27:05.641+0000] {processor.py:157} INFO - Started process (PID=1020) to work on /home/airflow/.local/lib/python3.8/site-packages/airflow/example_dags/example_branch_python_dop_operator_3.py
[2023-11-24T00:27:05.643+0000] {processor.py:829} INFO - Processing file /home/airflow/.local/lib/python3.8/site-packages/airflow/example_dags/example_branch_python_dop_operator_3.py for tasks to queue
[2023-11-24T00:27:05.645+0000] {logging_mixin.py:154} INFO - [2023-11-24T00:27:05.645+0000] {dagbag.py:536} INFO - Filling up the DagBag from /home/airflow/.local/lib/python3.8/site-packages/airflow/example_dags/example_branch_python_dop_operator_3.py
[2023-11-24T00:27:05.651+0000] {processor.py:839} INFO - DAG(s) dict_keys(['example_branch_dop_operator_v3']) retrieved from /home/airflow/.local/lib/python3.8/site-packages/airflow/example_dags/example_branch_python_dop_operator_3.py
[2023-11-24T00:27:05.667+0000] {logging_mixin.py:154} INFO - [2023-11-24T00:27:05.667+0000] {dag.py:2941} INFO - Sync 1 DAGs
[2023-11-24T00:27:05.689+0000] {logging_mixin.py:154} INFO - [2023-11-24T00:27:05.688+0000] {dag.py:3722} INFO - Setting next_dagrun for example_branch_dop_operator_v3 to 2023-11-24T00:26:00+00:00, run_after=2023-11-24T00:27:00+00:00
[2023-11-24T00:27:05.703+0000] {processor.py:179} INFO - Processing /home/airflow/.local/lib/python3.8/site-packages/airflow/example_dags/example_branch_python_dop_operator_3.py took 0.064 seconds
[2023-11-24T00:27:36.126+0000] {processor.py:157} INFO - Started process (PID=1074) to work on /home/airflow/.local/lib/python3.8/site-packages/airflow/example_dags/example_branch_python_dop_operator_3.py
[2023-11-24T00:27:36.127+0000] {processor.py:829} INFO - Processing file /home/airflow/.local/lib/python3.8/site-packages/airflow/example_dags/example_branch_python_dop_operator_3.py for tasks to queue
[2023-11-24T00:27:36.129+0000] {logging_mixin.py:154} INFO - [2023-11-24T00:27:36.129+0000] {dagbag.py:536} INFO - Filling up the DagBag from /home/airflow/.local/lib/python3.8/site-packages/airflow/example_dags/example_branch_python_dop_operator_3.py
[2023-11-24T00:27:36.136+0000] {processor.py:839} INFO - DAG(s) dict_keys(['example_branch_dop_operator_v3']) retrieved from /home/airflow/.local/lib/python3.8/site-packages/airflow/example_dags/example_branch_python_dop_operator_3.py
[2023-11-24T00:27:36.153+0000] {logging_mixin.py:154} INFO - [2023-11-24T00:27:36.153+0000] {dag.py:2941} INFO - Sync 1 DAGs
[2023-11-24T00:27:36.179+0000] {logging_mixin.py:154} INFO - [2023-11-24T00:27:36.178+0000] {dag.py:3722} INFO - Setting next_dagrun for example_branch_dop_operator_v3 to 2023-11-24T00:26:00+00:00, run_after=2023-11-24T00:27:00+00:00
[2023-11-24T00:27:36.207+0000] {processor.py:179} INFO - Processing /home/airflow/.local/lib/python3.8/site-packages/airflow/example_dags/example_branch_python_dop_operator_3.py took 0.084 seconds
[2023-11-24T00:28:06.282+0000] {processor.py:157} INFO - Started process (PID=1128) to work on /home/airflow/.local/lib/python3.8/site-packages/airflow/example_dags/example_branch_python_dop_operator_3.py
[2023-11-24T00:28:06.283+0000] {processor.py:829} INFO - Processing file /home/airflow/.local/lib/python3.8/site-packages/airflow/example_dags/example_branch_python_dop_operator_3.py for tasks to queue
[2023-11-24T00:28:06.285+0000] {logging_mixin.py:154} INFO - [2023-11-24T00:28:06.285+0000] {dagbag.py:536} INFO - Filling up the DagBag from /home/airflow/.local/lib/python3.8/site-packages/airflow/example_dags/example_branch_python_dop_operator_3.py
[2023-11-24T00:28:06.291+0000] {processor.py:839} INFO - DAG(s) dict_keys(['example_branch_dop_operator_v3']) retrieved from /home/airflow/.local/lib/python3.8/site-packages/airflow/example_dags/example_branch_python_dop_operator_3.py
[2023-11-24T00:28:06.308+0000] {logging_mixin.py:154} INFO - [2023-11-24T00:28:06.307+0000] {dag.py:2941} INFO - Sync 1 DAGs
[2023-11-24T00:28:06.329+0000] {logging_mixin.py:154} INFO - [2023-11-24T00:28:06.329+0000] {dag.py:3722} INFO - Setting next_dagrun for example_branch_dop_operator_v3 to 2023-11-24T00:27:00+00:00, run_after=2023-11-24T00:28:00+00:00
[2023-11-24T00:28:06.344+0000] {processor.py:179} INFO - Processing /home/airflow/.local/lib/python3.8/site-packages/airflow/example_dags/example_branch_python_dop_operator_3.py took 0.065 seconds
[2023-11-24T00:28:36.754+0000] {processor.py:157} INFO - Started process (PID=1182) to work on /home/airflow/.local/lib/python3.8/site-packages/airflow/example_dags/example_branch_python_dop_operator_3.py
[2023-11-24T00:28:36.761+0000] {processor.py:829} INFO - Processing file /home/airflow/.local/lib/python3.8/site-packages/airflow/example_dags/example_branch_python_dop_operator_3.py for tasks to queue
[2023-11-24T00:28:36.763+0000] {logging_mixin.py:154} INFO - [2023-11-24T00:28:36.762+0000] {dagbag.py:536} INFO - Filling up the DagBag from /home/airflow/.local/lib/python3.8/site-packages/airflow/example_dags/example_branch_python_dop_operator_3.py
[2023-11-24T00:28:36.768+0000] {processor.py:839} INFO - DAG(s) dict_keys(['example_branch_dop_operator_v3']) retrieved from /home/airflow/.local/lib/python3.8/site-packages/airflow/example_dags/example_branch_python_dop_operator_3.py
[2023-11-24T00:28:36.785+0000] {logging_mixin.py:154} INFO - [2023-11-24T00:28:36.785+0000] {dag.py:2941} INFO - Sync 1 DAGs
[2023-11-24T00:28:36.945+0000] {logging_mixin.py:154} INFO - [2023-11-24T00:28:36.945+0000] {dag.py:3722} INFO - Setting next_dagrun for example_branch_dop_operator_v3 to 2023-11-24T00:27:00+00:00, run_after=2023-11-24T00:28:00+00:00
[2023-11-24T00:28:36.960+0000] {processor.py:179} INFO - Processing /home/airflow/.local/lib/python3.8/site-packages/airflow/example_dags/example_branch_python_dop_operator_3.py took 0.208 seconds
[2023-11-24T00:29:07.050+0000] {processor.py:157} INFO - Started process (PID=1236) to work on /home/airflow/.local/lib/python3.8/site-packages/airflow/example_dags/example_branch_python_dop_operator_3.py
[2023-11-24T00:29:07.057+0000] {processor.py:829} INFO - Processing file /home/airflow/.local/lib/python3.8/site-packages/airflow/example_dags/example_branch_python_dop_operator_3.py for tasks to queue
[2023-11-24T00:29:07.058+0000] {logging_mixin.py:154} INFO - [2023-11-24T00:29:07.058+0000] {dagbag.py:536} INFO - Filling up the DagBag from /home/airflow/.local/lib/python3.8/site-packages/airflow/example_dags/example_branch_python_dop_operator_3.py
[2023-11-24T00:29:07.064+0000] {processor.py:839} INFO - DAG(s) dict_keys(['example_branch_dop_operator_v3']) retrieved from /home/airflow/.local/lib/python3.8/site-packages/airflow/example_dags/example_branch_python_dop_operator_3.py
[2023-11-24T00:29:07.079+0000] {logging_mixin.py:154} INFO - [2023-11-24T00:29:07.078+0000] {dag.py:2941} INFO - Sync 1 DAGs
[2023-11-24T00:29:07.099+0000] {logging_mixin.py:154} INFO - [2023-11-24T00:29:07.099+0000] {dag.py:3722} INFO - Setting next_dagrun for example_branch_dop_operator_v3 to 2023-11-24T00:28:00+00:00, run_after=2023-11-24T00:29:00+00:00
[2023-11-24T00:29:07.115+0000] {processor.py:179} INFO - Processing /home/airflow/.local/lib/python3.8/site-packages/airflow/example_dags/example_branch_python_dop_operator_3.py took 0.068 seconds
[2023-11-24T00:29:37.464+0000] {processor.py:157} INFO - Started process (PID=1290) to work on /home/airflow/.local/lib/python3.8/site-packages/airflow/example_dags/example_branch_python_dop_operator_3.py
[2023-11-24T00:29:37.472+0000] {processor.py:829} INFO - Processing file /home/airflow/.local/lib/python3.8/site-packages/airflow/example_dags/example_branch_python_dop_operator_3.py for tasks to queue
[2023-11-24T00:29:37.474+0000] {logging_mixin.py:154} INFO - [2023-11-24T00:29:37.473+0000] {dagbag.py:536} INFO - Filling up the DagBag from /home/airflow/.local/lib/python3.8/site-packages/airflow/example_dags/example_branch_python_dop_operator_3.py
[2023-11-24T00:29:37.480+0000] {processor.py:839} INFO - DAG(s) dict_keys(['example_branch_dop_operator_v3']) retrieved from /home/airflow/.local/lib/python3.8/site-packages/airflow/example_dags/example_branch_python_dop_operator_3.py
[2023-11-24T00:29:37.495+0000] {logging_mixin.py:154} INFO - [2023-11-24T00:29:37.495+0000] {dag.py:2941} INFO - Sync 1 DAGs
[2023-11-24T00:29:37.518+0000] {logging_mixin.py:154} INFO - [2023-11-24T00:29:37.518+0000] {dag.py:3722} INFO - Setting next_dagrun for example_branch_dop_operator_v3 to 2023-11-24T00:28:00+00:00, run_after=2023-11-24T00:29:00+00:00
[2023-11-24T00:29:37.534+0000] {processor.py:179} INFO - Processing /home/airflow/.local/lib/python3.8/site-packages/airflow/example_dags/example_branch_python_dop_operator_3.py took 0.072 seconds
[2023-11-24T00:30:07.598+0000] {processor.py:157} INFO - Started process (PID=1344) to work on /home/airflow/.local/lib/python3.8/site-packages/airflow/example_dags/example_branch_python_dop_operator_3.py
[2023-11-24T00:30:07.599+0000] {processor.py:829} INFO - Processing file /home/airflow/.local/lib/python3.8/site-packages/airflow/example_dags/example_branch_python_dop_operator_3.py for tasks to queue
[2023-11-24T00:30:07.601+0000] {logging_mixin.py:154} INFO - [2023-11-24T00:30:07.601+0000] {dagbag.py:536} INFO - Filling up the DagBag from /home/airflow/.local/lib/python3.8/site-packages/airflow/example_dags/example_branch_python_dop_operator_3.py
[2023-11-24T00:30:07.607+0000] {processor.py:839} INFO - DAG(s) dict_keys(['example_branch_dop_operator_v3']) retrieved from /home/airflow/.local/lib/python3.8/site-packages/airflow/example_dags/example_branch_python_dop_operator_3.py
[2023-11-24T00:30:07.623+0000] {logging_mixin.py:154} INFO - [2023-11-24T00:30:07.623+0000] {dag.py:2941} INFO - Sync 1 DAGs
[2023-11-24T00:30:07.779+0000] {logging_mixin.py:154} INFO - [2023-11-24T00:30:07.779+0000] {dag.py:3722} INFO - Setting next_dagrun for example_branch_dop_operator_v3 to 2023-11-24T00:29:00+00:00, run_after=2023-11-24T00:30:00+00:00
[2023-11-24T00:30:07.794+0000] {processor.py:179} INFO - Processing /home/airflow/.local/lib/python3.8/site-packages/airflow/example_dags/example_branch_python_dop_operator_3.py took 0.198 seconds
[2023-11-24T00:30:37.925+0000] {processor.py:157} INFO - Started process (PID=1398) to work on /home/airflow/.local/lib/python3.8/site-packages/airflow/example_dags/example_branch_python_dop_operator_3.py
[2023-11-24T00:30:37.926+0000] {processor.py:829} INFO - Processing file /home/airflow/.local/lib/python3.8/site-packages/airflow/example_dags/example_branch_python_dop_operator_3.py for tasks to queue
[2023-11-24T00:30:37.928+0000] {logging_mixin.py:154} INFO - [2023-11-24T00:30:37.927+0000] {dagbag.py:536} INFO - Filling up the DagBag from /home/airflow/.local/lib/python3.8/site-packages/airflow/example_dags/example_branch_python_dop_operator_3.py
[2023-11-24T00:30:37.934+0000] {processor.py:839} INFO - DAG(s) dict_keys(['example_branch_dop_operator_v3']) retrieved from /home/airflow/.local/lib/python3.8/site-packages/airflow/example_dags/example_branch_python_dop_operator_3.py
[2023-11-24T00:30:37.949+0000] {logging_mixin.py:154} INFO - [2023-11-24T00:30:37.949+0000] {dag.py:2941} INFO - Sync 1 DAGs
[2023-11-24T00:30:38.109+0000] {logging_mixin.py:154} INFO - [2023-11-24T00:30:38.108+0000] {dag.py:3722} INFO - Setting next_dagrun for example_branch_dop_operator_v3 to 2023-11-24T00:29:00+00:00, run_after=2023-11-24T00:30:00+00:00
[2023-11-24T00:30:38.123+0000] {processor.py:179} INFO - Processing /home/airflow/.local/lib/python3.8/site-packages/airflow/example_dags/example_branch_python_dop_operator_3.py took 0.200 seconds
