[2023-11-24T00:17:59.736+0000] {processor.py:157} INFO - Started process (PID=82) to work on /home/airflow/.local/lib/python3.8/site-packages/airflow/example_dags/example_complex.py
[2023-11-24T00:17:59.737+0000] {processor.py:829} INFO - Processing file /home/airflow/.local/lib/python3.8/site-packages/airflow/example_dags/example_complex.py for tasks to queue
[2023-11-24T00:17:59.739+0000] {logging_mixin.py:154} INFO - [2023-11-24T00:17:59.739+0000] {dagbag.py:536} INFO - Filling up the DagBag from /home/airflow/.local/lib/python3.8/site-packages/airflow/example_dags/example_complex.py
[2023-11-24T00:17:59.754+0000] {processor.py:839} INFO - DAG(s) dict_keys(['example_complex']) retrieved from /home/airflow/.local/lib/python3.8/site-packages/airflow/example_dags/example_complex.py
[2023-11-24T00:17:59.769+0000] {logging_mixin.py:154} INFO - [2023-11-24T00:17:59.768+0000] {dag.py:2941} INFO - Sync 1 DAGs
[2023-11-24T00:17:59.785+0000] {logging_mixin.py:154} INFO - [2023-11-24T00:17:59.785+0000] {dag.py:3722} INFO - Setting next_dagrun for example_complex to None, run_after=None
[2023-11-24T00:17:59.811+0000] {processor.py:179} INFO - Processing /home/airflow/.local/lib/python3.8/site-packages/airflow/example_dags/example_complex.py took 0.080 seconds
[2023-11-24T00:18:30.497+0000] {processor.py:157} INFO - Started process (PID=136) to work on /home/airflow/.local/lib/python3.8/site-packages/airflow/example_dags/example_complex.py
[2023-11-24T00:18:30.497+0000] {processor.py:829} INFO - Processing file /home/airflow/.local/lib/python3.8/site-packages/airflow/example_dags/example_complex.py for tasks to queue
[2023-11-24T00:18:30.499+0000] {logging_mixin.py:154} INFO - [2023-11-24T00:18:30.498+0000] {dagbag.py:536} INFO - Filling up the DagBag from /home/airflow/.local/lib/python3.8/site-packages/airflow/example_dags/example_complex.py
[2023-11-24T00:18:30.507+0000] {processor.py:839} INFO - DAG(s) dict_keys(['example_complex']) retrieved from /home/airflow/.local/lib/python3.8/site-packages/airflow/example_dags/example_complex.py
[2023-11-24T00:18:30.532+0000] {logging_mixin.py:154} INFO - [2023-11-24T00:18:30.532+0000] {dag.py:2941} INFO - Sync 1 DAGs
[2023-11-24T00:18:30.542+0000] {logging_mixin.py:154} INFO - [2023-11-24T00:18:30.542+0000] {dag.py:3722} INFO - Setting next_dagrun for example_complex to None, run_after=None
[2023-11-24T00:18:30.556+0000] {processor.py:179} INFO - Processing /home/airflow/.local/lib/python3.8/site-packages/airflow/example_dags/example_complex.py took 0.062 seconds
[2023-11-24T00:19:01.429+0000] {processor.py:157} INFO - Started process (PID=190) to work on /home/airflow/.local/lib/python3.8/site-packages/airflow/example_dags/example_complex.py
[2023-11-24T00:19:01.430+0000] {processor.py:829} INFO - Processing file /home/airflow/.local/lib/python3.8/site-packages/airflow/example_dags/example_complex.py for tasks to queue
[2023-11-24T00:19:01.431+0000] {logging_mixin.py:154} INFO - [2023-11-24T00:19:01.431+0000] {dagbag.py:536} INFO - Filling up the DagBag from /home/airflow/.local/lib/python3.8/site-packages/airflow/example_dags/example_complex.py
[2023-11-24T00:19:01.439+0000] {processor.py:839} INFO - DAG(s) dict_keys(['example_complex']) retrieved from /home/airflow/.local/lib/python3.8/site-packages/airflow/example_dags/example_complex.py
[2023-11-24T00:19:01.464+0000] {logging_mixin.py:154} INFO - [2023-11-24T00:19:01.464+0000] {dag.py:2941} INFO - Sync 1 DAGs
[2023-11-24T00:19:01.474+0000] {logging_mixin.py:154} INFO - [2023-11-24T00:19:01.474+0000] {dag.py:3722} INFO - Setting next_dagrun for example_complex to None, run_after=None
[2023-11-24T00:19:01.491+0000] {processor.py:179} INFO - Processing /home/airflow/.local/lib/python3.8/site-packages/airflow/example_dags/example_complex.py took 0.064 seconds
[2023-11-24T00:19:31.690+0000] {processor.py:157} INFO - Started process (PID=244) to work on /home/airflow/.local/lib/python3.8/site-packages/airflow/example_dags/example_complex.py
[2023-11-24T00:19:31.691+0000] {processor.py:829} INFO - Processing file /home/airflow/.local/lib/python3.8/site-packages/airflow/example_dags/example_complex.py for tasks to queue
[2023-11-24T00:19:31.692+0000] {logging_mixin.py:154} INFO - [2023-11-24T00:19:31.692+0000] {dagbag.py:536} INFO - Filling up the DagBag from /home/airflow/.local/lib/python3.8/site-packages/airflow/example_dags/example_complex.py
[2023-11-24T00:19:31.700+0000] {processor.py:839} INFO - DAG(s) dict_keys(['example_complex']) retrieved from /home/airflow/.local/lib/python3.8/site-packages/airflow/example_dags/example_complex.py
[2023-11-24T00:19:31.725+0000] {logging_mixin.py:154} INFO - [2023-11-24T00:19:31.725+0000] {dag.py:2941} INFO - Sync 1 DAGs
[2023-11-24T00:19:31.734+0000] {logging_mixin.py:154} INFO - [2023-11-24T00:19:31.734+0000] {dag.py:3722} INFO - Setting next_dagrun for example_complex to None, run_after=None
[2023-11-24T00:19:31.750+0000] {processor.py:179} INFO - Processing /home/airflow/.local/lib/python3.8/site-packages/airflow/example_dags/example_complex.py took 0.062 seconds
[2023-11-24T00:20:02.047+0000] {processor.py:157} INFO - Started process (PID=298) to work on /home/airflow/.local/lib/python3.8/site-packages/airflow/example_dags/example_complex.py
[2023-11-24T00:20:02.048+0000] {processor.py:829} INFO - Processing file /home/airflow/.local/lib/python3.8/site-packages/airflow/example_dags/example_complex.py for tasks to queue
[2023-11-24T00:20:02.049+0000] {logging_mixin.py:154} INFO - [2023-11-24T00:20:02.049+0000] {dagbag.py:536} INFO - Filling up the DagBag from /home/airflow/.local/lib/python3.8/site-packages/airflow/example_dags/example_complex.py
[2023-11-24T00:20:02.057+0000] {processor.py:839} INFO - DAG(s) dict_keys(['example_complex']) retrieved from /home/airflow/.local/lib/python3.8/site-packages/airflow/example_dags/example_complex.py
[2023-11-24T00:20:02.082+0000] {logging_mixin.py:154} INFO - [2023-11-24T00:20:02.082+0000] {dag.py:2941} INFO - Sync 1 DAGs
[2023-11-24T00:20:02.091+0000] {logging_mixin.py:154} INFO - [2023-11-24T00:20:02.091+0000] {dag.py:3722} INFO - Setting next_dagrun for example_complex to None, run_after=None
[2023-11-24T00:20:02.106+0000] {processor.py:179} INFO - Processing /home/airflow/.local/lib/python3.8/site-packages/airflow/example_dags/example_complex.py took 0.061 seconds
[2023-11-24T00:20:32.312+0000] {processor.py:157} INFO - Started process (PID=351) to work on /home/airflow/.local/lib/python3.8/site-packages/airflow/example_dags/example_complex.py
[2023-11-24T00:20:32.313+0000] {processor.py:829} INFO - Processing file /home/airflow/.local/lib/python3.8/site-packages/airflow/example_dags/example_complex.py for tasks to queue
[2023-11-24T00:20:32.315+0000] {logging_mixin.py:154} INFO - [2023-11-24T00:20:32.315+0000] {dagbag.py:536} INFO - Filling up the DagBag from /home/airflow/.local/lib/python3.8/site-packages/airflow/example_dags/example_complex.py
[2023-11-24T00:20:32.323+0000] {processor.py:839} INFO - DAG(s) dict_keys(['example_complex']) retrieved from /home/airflow/.local/lib/python3.8/site-packages/airflow/example_dags/example_complex.py
[2023-11-24T00:20:32.348+0000] {logging_mixin.py:154} INFO - [2023-11-24T00:20:32.348+0000] {dag.py:2941} INFO - Sync 1 DAGs
[2023-11-24T00:20:32.358+0000] {logging_mixin.py:154} INFO - [2023-11-24T00:20:32.358+0000] {dag.py:3722} INFO - Setting next_dagrun for example_complex to None, run_after=None
[2023-11-24T00:20:32.371+0000] {processor.py:179} INFO - Processing /home/airflow/.local/lib/python3.8/site-packages/airflow/example_dags/example_complex.py took 0.061 seconds
[2023-11-24T00:21:02.759+0000] {processor.py:157} INFO - Started process (PID=406) to work on /home/airflow/.local/lib/python3.8/site-packages/airflow/example_dags/example_complex.py
[2023-11-24T00:21:02.760+0000] {processor.py:829} INFO - Processing file /home/airflow/.local/lib/python3.8/site-packages/airflow/example_dags/example_complex.py for tasks to queue
[2023-11-24T00:21:02.761+0000] {logging_mixin.py:154} INFO - [2023-11-24T00:21:02.761+0000] {dagbag.py:536} INFO - Filling up the DagBag from /home/airflow/.local/lib/python3.8/site-packages/airflow/example_dags/example_complex.py
[2023-11-24T00:21:02.769+0000] {processor.py:839} INFO - DAG(s) dict_keys(['example_complex']) retrieved from /home/airflow/.local/lib/python3.8/site-packages/airflow/example_dags/example_complex.py
[2023-11-24T00:21:02.795+0000] {logging_mixin.py:154} INFO - [2023-11-24T00:21:02.794+0000] {dag.py:2941} INFO - Sync 1 DAGs
[2023-11-24T00:21:02.804+0000] {logging_mixin.py:154} INFO - [2023-11-24T00:21:02.804+0000] {dag.py:3722} INFO - Setting next_dagrun for example_complex to None, run_after=None
[2023-11-24T00:21:02.819+0000] {processor.py:179} INFO - Processing /home/airflow/.local/lib/python3.8/site-packages/airflow/example_dags/example_complex.py took 0.062 seconds
[2023-11-24T00:21:33.701+0000] {processor.py:157} INFO - Started process (PID=460) to work on /home/airflow/.local/lib/python3.8/site-packages/airflow/example_dags/example_complex.py
[2023-11-24T00:21:33.702+0000] {processor.py:829} INFO - Processing file /home/airflow/.local/lib/python3.8/site-packages/airflow/example_dags/example_complex.py for tasks to queue
[2023-11-24T00:21:33.704+0000] {logging_mixin.py:154} INFO - [2023-11-24T00:21:33.704+0000] {dagbag.py:536} INFO - Filling up the DagBag from /home/airflow/.local/lib/python3.8/site-packages/airflow/example_dags/example_complex.py
[2023-11-24T00:21:33.714+0000] {processor.py:839} INFO - DAG(s) dict_keys(['example_complex']) retrieved from /home/airflow/.local/lib/python3.8/site-packages/airflow/example_dags/example_complex.py
[2023-11-24T00:21:33.746+0000] {logging_mixin.py:154} INFO - [2023-11-24T00:21:33.746+0000] {dag.py:2941} INFO - Sync 1 DAGs
[2023-11-24T00:21:33.761+0000] {logging_mixin.py:154} INFO - [2023-11-24T00:21:33.761+0000] {dag.py:3722} INFO - Setting next_dagrun for example_complex to None, run_after=None
[2023-11-24T00:21:33.783+0000] {processor.py:179} INFO - Processing /home/airflow/.local/lib/python3.8/site-packages/airflow/example_dags/example_complex.py took 0.084 seconds
[2023-11-24T00:22:04.709+0000] {processor.py:157} INFO - Started process (PID=514) to work on /home/airflow/.local/lib/python3.8/site-packages/airflow/example_dags/example_complex.py
[2023-11-24T00:22:04.710+0000] {processor.py:829} INFO - Processing file /home/airflow/.local/lib/python3.8/site-packages/airflow/example_dags/example_complex.py for tasks to queue
[2023-11-24T00:22:04.712+0000] {logging_mixin.py:154} INFO - [2023-11-24T00:22:04.711+0000] {dagbag.py:536} INFO - Filling up the DagBag from /home/airflow/.local/lib/python3.8/site-packages/airflow/example_dags/example_complex.py
[2023-11-24T00:22:04.720+0000] {processor.py:839} INFO - DAG(s) dict_keys(['example_complex']) retrieved from /home/airflow/.local/lib/python3.8/site-packages/airflow/example_dags/example_complex.py
[2023-11-24T00:22:04.745+0000] {logging_mixin.py:154} INFO - [2023-11-24T00:22:04.745+0000] {dag.py:2941} INFO - Sync 1 DAGs
[2023-11-24T00:22:04.755+0000] {logging_mixin.py:154} INFO - [2023-11-24T00:22:04.755+0000] {dag.py:3722} INFO - Setting next_dagrun for example_complex to None, run_after=None
[2023-11-24T00:22:04.770+0000] {processor.py:179} INFO - Processing /home/airflow/.local/lib/python3.8/site-packages/airflow/example_dags/example_complex.py took 0.063 seconds
[2023-11-24T00:22:34.993+0000] {processor.py:157} INFO - Started process (PID=568) to work on /home/airflow/.local/lib/python3.8/site-packages/airflow/example_dags/example_complex.py
[2023-11-24T00:22:34.994+0000] {processor.py:829} INFO - Processing file /home/airflow/.local/lib/python3.8/site-packages/airflow/example_dags/example_complex.py for tasks to queue
[2023-11-24T00:22:34.995+0000] {logging_mixin.py:154} INFO - [2023-11-24T00:22:34.995+0000] {dagbag.py:536} INFO - Filling up the DagBag from /home/airflow/.local/lib/python3.8/site-packages/airflow/example_dags/example_complex.py
[2023-11-24T00:22:35.004+0000] {processor.py:839} INFO - DAG(s) dict_keys(['example_complex']) retrieved from /home/airflow/.local/lib/python3.8/site-packages/airflow/example_dags/example_complex.py
[2023-11-24T00:22:35.029+0000] {logging_mixin.py:154} INFO - [2023-11-24T00:22:35.029+0000] {dag.py:2941} INFO - Sync 1 DAGs
[2023-11-24T00:22:35.039+0000] {logging_mixin.py:154} INFO - [2023-11-24T00:22:35.039+0000] {dag.py:3722} INFO - Setting next_dagrun for example_complex to None, run_after=None
[2023-11-24T00:22:35.054+0000] {processor.py:179} INFO - Processing /home/airflow/.local/lib/python3.8/site-packages/airflow/example_dags/example_complex.py took 0.063 seconds
[2023-11-24T00:23:05.285+0000] {processor.py:157} INFO - Started process (PID=622) to work on /home/airflow/.local/lib/python3.8/site-packages/airflow/example_dags/example_complex.py
[2023-11-24T00:23:05.286+0000] {processor.py:829} INFO - Processing file /home/airflow/.local/lib/python3.8/site-packages/airflow/example_dags/example_complex.py for tasks to queue
[2023-11-24T00:23:05.287+0000] {logging_mixin.py:154} INFO - [2023-11-24T00:23:05.287+0000] {dagbag.py:536} INFO - Filling up the DagBag from /home/airflow/.local/lib/python3.8/site-packages/airflow/example_dags/example_complex.py
[2023-11-24T00:23:05.296+0000] {processor.py:839} INFO - DAG(s) dict_keys(['example_complex']) retrieved from /home/airflow/.local/lib/python3.8/site-packages/airflow/example_dags/example_complex.py
[2023-11-24T00:23:05.322+0000] {logging_mixin.py:154} INFO - [2023-11-24T00:23:05.321+0000] {dag.py:2941} INFO - Sync 1 DAGs
[2023-11-24T00:23:05.333+0000] {logging_mixin.py:154} INFO - [2023-11-24T00:23:05.332+0000] {dag.py:3722} INFO - Setting next_dagrun for example_complex to None, run_after=None
[2023-11-24T00:23:05.347+0000] {processor.py:179} INFO - Processing /home/airflow/.local/lib/python3.8/site-packages/airflow/example_dags/example_complex.py took 0.065 seconds
[2023-11-24T00:23:35.658+0000] {processor.py:157} INFO - Started process (PID=676) to work on /home/airflow/.local/lib/python3.8/site-packages/airflow/example_dags/example_complex.py
[2023-11-24T00:23:35.659+0000] {processor.py:829} INFO - Processing file /home/airflow/.local/lib/python3.8/site-packages/airflow/example_dags/example_complex.py for tasks to queue
[2023-11-24T00:23:35.660+0000] {logging_mixin.py:154} INFO - [2023-11-24T00:23:35.660+0000] {dagbag.py:536} INFO - Filling up the DagBag from /home/airflow/.local/lib/python3.8/site-packages/airflow/example_dags/example_complex.py
[2023-11-24T00:23:35.668+0000] {processor.py:839} INFO - DAG(s) dict_keys(['example_complex']) retrieved from /home/airflow/.local/lib/python3.8/site-packages/airflow/example_dags/example_complex.py
[2023-11-24T00:23:35.693+0000] {logging_mixin.py:154} INFO - [2023-11-24T00:23:35.692+0000] {dag.py:2941} INFO - Sync 1 DAGs
[2023-11-24T00:23:35.703+0000] {logging_mixin.py:154} INFO - [2023-11-24T00:23:35.702+0000] {dag.py:3722} INFO - Setting next_dagrun for example_complex to None, run_after=None
[2023-11-24T00:23:35.718+0000] {processor.py:179} INFO - Processing /home/airflow/.local/lib/python3.8/site-packages/airflow/example_dags/example_complex.py took 0.062 seconds
[2023-11-24T00:24:06.041+0000] {processor.py:157} INFO - Started process (PID=729) to work on /home/airflow/.local/lib/python3.8/site-packages/airflow/example_dags/example_complex.py
[2023-11-24T00:24:06.042+0000] {processor.py:829} INFO - Processing file /home/airflow/.local/lib/python3.8/site-packages/airflow/example_dags/example_complex.py for tasks to queue
[2023-11-24T00:24:06.043+0000] {logging_mixin.py:154} INFO - [2023-11-24T00:24:06.043+0000] {dagbag.py:536} INFO - Filling up the DagBag from /home/airflow/.local/lib/python3.8/site-packages/airflow/example_dags/example_complex.py
[2023-11-24T00:24:06.052+0000] {processor.py:839} INFO - DAG(s) dict_keys(['example_complex']) retrieved from /home/airflow/.local/lib/python3.8/site-packages/airflow/example_dags/example_complex.py
[2023-11-24T00:24:06.081+0000] {logging_mixin.py:154} INFO - [2023-11-24T00:24:06.081+0000] {dag.py:2941} INFO - Sync 1 DAGs
[2023-11-24T00:24:06.093+0000] {logging_mixin.py:154} INFO - [2023-11-24T00:24:06.093+0000] {dag.py:3722} INFO - Setting next_dagrun for example_complex to None, run_after=None
[2023-11-24T00:24:06.109+0000] {processor.py:179} INFO - Processing /home/airflow/.local/lib/python3.8/site-packages/airflow/example_dags/example_complex.py took 0.071 seconds
[2023-11-24T00:24:36.332+0000] {processor.py:157} INFO - Started process (PID=783) to work on /home/airflow/.local/lib/python3.8/site-packages/airflow/example_dags/example_complex.py
[2023-11-24T00:24:36.333+0000] {processor.py:829} INFO - Processing file /home/airflow/.local/lib/python3.8/site-packages/airflow/example_dags/example_complex.py for tasks to queue
[2023-11-24T00:24:36.334+0000] {logging_mixin.py:154} INFO - [2023-11-24T00:24:36.334+0000] {dagbag.py:536} INFO - Filling up the DagBag from /home/airflow/.local/lib/python3.8/site-packages/airflow/example_dags/example_complex.py
[2023-11-24T00:24:36.343+0000] {processor.py:839} INFO - DAG(s) dict_keys(['example_complex']) retrieved from /home/airflow/.local/lib/python3.8/site-packages/airflow/example_dags/example_complex.py
[2023-11-24T00:24:36.368+0000] {logging_mixin.py:154} INFO - [2023-11-24T00:24:36.367+0000] {dag.py:2941} INFO - Sync 1 DAGs
[2023-11-24T00:24:36.378+0000] {logging_mixin.py:154} INFO - [2023-11-24T00:24:36.378+0000] {dag.py:3722} INFO - Setting next_dagrun for example_complex to None, run_after=None
[2023-11-24T00:24:36.392+0000] {processor.py:179} INFO - Processing /home/airflow/.local/lib/python3.8/site-packages/airflow/example_dags/example_complex.py took 0.062 seconds
[2023-11-24T00:25:07.065+0000] {processor.py:157} INFO - Started process (PID=837) to work on /home/airflow/.local/lib/python3.8/site-packages/airflow/example_dags/example_complex.py
[2023-11-24T00:25:07.066+0000] {processor.py:829} INFO - Processing file /home/airflow/.local/lib/python3.8/site-packages/airflow/example_dags/example_complex.py for tasks to queue
[2023-11-24T00:25:07.067+0000] {logging_mixin.py:154} INFO - [2023-11-24T00:25:07.067+0000] {dagbag.py:536} INFO - Filling up the DagBag from /home/airflow/.local/lib/python3.8/site-packages/airflow/example_dags/example_complex.py
[2023-11-24T00:25:07.076+0000] {processor.py:839} INFO - DAG(s) dict_keys(['example_complex']) retrieved from /home/airflow/.local/lib/python3.8/site-packages/airflow/example_dags/example_complex.py
[2023-11-24T00:25:07.102+0000] {logging_mixin.py:154} INFO - [2023-11-24T00:25:07.102+0000] {dag.py:2941} INFO - Sync 1 DAGs
[2023-11-24T00:25:07.113+0000] {logging_mixin.py:154} INFO - [2023-11-24T00:25:07.113+0000] {dag.py:3722} INFO - Setting next_dagrun for example_complex to None, run_after=None
[2023-11-24T00:25:07.128+0000] {processor.py:179} INFO - Processing /home/airflow/.local/lib/python3.8/site-packages/airflow/example_dags/example_complex.py took 0.066 seconds
[2023-11-24T00:25:37.933+0000] {processor.py:157} INFO - Started process (PID=891) to work on /home/airflow/.local/lib/python3.8/site-packages/airflow/example_dags/example_complex.py
[2023-11-24T00:25:37.934+0000] {processor.py:829} INFO - Processing file /home/airflow/.local/lib/python3.8/site-packages/airflow/example_dags/example_complex.py for tasks to queue
[2023-11-24T00:25:37.935+0000] {logging_mixin.py:154} INFO - [2023-11-24T00:25:37.935+0000] {dagbag.py:536} INFO - Filling up the DagBag from /home/airflow/.local/lib/python3.8/site-packages/airflow/example_dags/example_complex.py
[2023-11-24T00:25:37.944+0000] {processor.py:839} INFO - DAG(s) dict_keys(['example_complex']) retrieved from /home/airflow/.local/lib/python3.8/site-packages/airflow/example_dags/example_complex.py
[2023-11-24T00:25:37.968+0000] {logging_mixin.py:154} INFO - [2023-11-24T00:25:37.968+0000] {dag.py:2941} INFO - Sync 1 DAGs
[2023-11-24T00:25:37.978+0000] {logging_mixin.py:154} INFO - [2023-11-24T00:25:37.978+0000] {dag.py:3722} INFO - Setting next_dagrun for example_complex to None, run_after=None
[2023-11-24T00:25:37.993+0000] {processor.py:179} INFO - Processing /home/airflow/.local/lib/python3.8/site-packages/airflow/example_dags/example_complex.py took 0.062 seconds
[2023-11-24T00:26:08.190+0000] {processor.py:157} INFO - Started process (PID=945) to work on /home/airflow/.local/lib/python3.8/site-packages/airflow/example_dags/example_complex.py
[2023-11-24T00:26:08.191+0000] {processor.py:829} INFO - Processing file /home/airflow/.local/lib/python3.8/site-packages/airflow/example_dags/example_complex.py for tasks to queue
[2023-11-24T00:26:08.193+0000] {logging_mixin.py:154} INFO - [2023-11-24T00:26:08.192+0000] {dagbag.py:536} INFO - Filling up the DagBag from /home/airflow/.local/lib/python3.8/site-packages/airflow/example_dags/example_complex.py
[2023-11-24T00:26:08.201+0000] {processor.py:839} INFO - DAG(s) dict_keys(['example_complex']) retrieved from /home/airflow/.local/lib/python3.8/site-packages/airflow/example_dags/example_complex.py
[2023-11-24T00:26:08.226+0000] {logging_mixin.py:154} INFO - [2023-11-24T00:26:08.226+0000] {dag.py:2941} INFO - Sync 1 DAGs
[2023-11-24T00:26:08.236+0000] {logging_mixin.py:154} INFO - [2023-11-24T00:26:08.236+0000] {dag.py:3722} INFO - Setting next_dagrun for example_complex to None, run_after=None
[2023-11-24T00:26:08.250+0000] {processor.py:179} INFO - Processing /home/airflow/.local/lib/python3.8/site-packages/airflow/example_dags/example_complex.py took 0.062 seconds
[2023-11-24T00:26:38.808+0000] {processor.py:157} INFO - Started process (PID=999) to work on /home/airflow/.local/lib/python3.8/site-packages/airflow/example_dags/example_complex.py
[2023-11-24T00:26:38.809+0000] {processor.py:829} INFO - Processing file /home/airflow/.local/lib/python3.8/site-packages/airflow/example_dags/example_complex.py for tasks to queue
[2023-11-24T00:26:38.810+0000] {logging_mixin.py:154} INFO - [2023-11-24T00:26:38.810+0000] {dagbag.py:536} INFO - Filling up the DagBag from /home/airflow/.local/lib/python3.8/site-packages/airflow/example_dags/example_complex.py
[2023-11-24T00:26:38.823+0000] {processor.py:839} INFO - DAG(s) dict_keys(['example_complex']) retrieved from /home/airflow/.local/lib/python3.8/site-packages/airflow/example_dags/example_complex.py
[2023-11-24T00:26:38.851+0000] {logging_mixin.py:154} INFO - [2023-11-24T00:26:38.851+0000] {dag.py:2941} INFO - Sync 1 DAGs
[2023-11-24T00:26:38.862+0000] {logging_mixin.py:154} INFO - [2023-11-24T00:26:38.861+0000] {dag.py:3722} INFO - Setting next_dagrun for example_complex to None, run_after=None
[2023-11-24T00:26:38.878+0000] {processor.py:179} INFO - Processing /home/airflow/.local/lib/python3.8/site-packages/airflow/example_dags/example_complex.py took 0.071 seconds
[2023-11-24T00:27:09.111+0000] {processor.py:157} INFO - Started process (PID=1053) to work on /home/airflow/.local/lib/python3.8/site-packages/airflow/example_dags/example_complex.py
[2023-11-24T00:27:09.112+0000] {processor.py:829} INFO - Processing file /home/airflow/.local/lib/python3.8/site-packages/airflow/example_dags/example_complex.py for tasks to queue
[2023-11-24T00:27:09.113+0000] {logging_mixin.py:154} INFO - [2023-11-24T00:27:09.113+0000] {dagbag.py:536} INFO - Filling up the DagBag from /home/airflow/.local/lib/python3.8/site-packages/airflow/example_dags/example_complex.py
[2023-11-24T00:27:09.122+0000] {processor.py:839} INFO - DAG(s) dict_keys(['example_complex']) retrieved from /home/airflow/.local/lib/python3.8/site-packages/airflow/example_dags/example_complex.py
[2023-11-24T00:27:09.146+0000] {logging_mixin.py:154} INFO - [2023-11-24T00:27:09.145+0000] {dag.py:2941} INFO - Sync 1 DAGs
[2023-11-24T00:27:09.293+0000] {logging_mixin.py:154} INFO - [2023-11-24T00:27:09.292+0000] {dag.py:3722} INFO - Setting next_dagrun for example_complex to None, run_after=None
[2023-11-24T00:27:09.306+0000] {processor.py:179} INFO - Processing /home/airflow/.local/lib/python3.8/site-packages/airflow/example_dags/example_complex.py took 0.197 seconds
[2023-11-24T00:27:39.855+0000] {processor.py:157} INFO - Started process (PID=1107) to work on /home/airflow/.local/lib/python3.8/site-packages/airflow/example_dags/example_complex.py
[2023-11-24T00:27:39.856+0000] {processor.py:829} INFO - Processing file /home/airflow/.local/lib/python3.8/site-packages/airflow/example_dags/example_complex.py for tasks to queue
[2023-11-24T00:27:39.858+0000] {logging_mixin.py:154} INFO - [2023-11-24T00:27:39.858+0000] {dagbag.py:536} INFO - Filling up the DagBag from /home/airflow/.local/lib/python3.8/site-packages/airflow/example_dags/example_complex.py
[2023-11-24T00:27:39.869+0000] {processor.py:839} INFO - DAG(s) dict_keys(['example_complex']) retrieved from /home/airflow/.local/lib/python3.8/site-packages/airflow/example_dags/example_complex.py
[2023-11-24T00:27:39.904+0000] {logging_mixin.py:154} INFO - [2023-11-24T00:27:39.903+0000] {dag.py:2941} INFO - Sync 1 DAGs
[2023-11-24T00:27:39.919+0000] {logging_mixin.py:154} INFO - [2023-11-24T00:27:39.918+0000] {dag.py:3722} INFO - Setting next_dagrun for example_complex to None, run_after=None
[2023-11-24T00:27:40.111+0000] {processor.py:179} INFO - Processing /home/airflow/.local/lib/python3.8/site-packages/airflow/example_dags/example_complex.py took 0.258 seconds
[2023-11-24T00:28:10.476+0000] {processor.py:157} INFO - Started process (PID=1161) to work on /home/airflow/.local/lib/python3.8/site-packages/airflow/example_dags/example_complex.py
[2023-11-24T00:28:10.477+0000] {processor.py:829} INFO - Processing file /home/airflow/.local/lib/python3.8/site-packages/airflow/example_dags/example_complex.py for tasks to queue
[2023-11-24T00:28:10.479+0000] {logging_mixin.py:154} INFO - [2023-11-24T00:28:10.479+0000] {dagbag.py:536} INFO - Filling up the DagBag from /home/airflow/.local/lib/python3.8/site-packages/airflow/example_dags/example_complex.py
[2023-11-24T00:28:10.487+0000] {processor.py:839} INFO - DAG(s) dict_keys(['example_complex']) retrieved from /home/airflow/.local/lib/python3.8/site-packages/airflow/example_dags/example_complex.py
[2023-11-24T00:28:10.512+0000] {logging_mixin.py:154} INFO - [2023-11-24T00:28:10.512+0000] {dag.py:2941} INFO - Sync 1 DAGs
[2023-11-24T00:28:10.521+0000] {logging_mixin.py:154} INFO - [2023-11-24T00:28:10.521+0000] {dag.py:3722} INFO - Setting next_dagrun for example_complex to None, run_after=None
[2023-11-24T00:28:10.535+0000] {processor.py:179} INFO - Processing /home/airflow/.local/lib/python3.8/site-packages/airflow/example_dags/example_complex.py took 0.060 seconds
[2023-11-24T00:28:42.227+0000] {processor.py:157} INFO - Started process (PID=1215) to work on /home/airflow/.local/lib/python3.8/site-packages/airflow/example_dags/example_complex.py
[2023-11-24T00:28:42.228+0000] {processor.py:829} INFO - Processing file /home/airflow/.local/lib/python3.8/site-packages/airflow/example_dags/example_complex.py for tasks to queue
[2023-11-24T00:28:42.229+0000] {logging_mixin.py:154} INFO - [2023-11-24T00:28:42.229+0000] {dagbag.py:536} INFO - Filling up the DagBag from /home/airflow/.local/lib/python3.8/site-packages/airflow/example_dags/example_complex.py
[2023-11-24T00:28:42.238+0000] {processor.py:839} INFO - DAG(s) dict_keys(['example_complex']) retrieved from /home/airflow/.local/lib/python3.8/site-packages/airflow/example_dags/example_complex.py
[2023-11-24T00:28:42.266+0000] {logging_mixin.py:154} INFO - [2023-11-24T00:28:42.265+0000] {dag.py:2941} INFO - Sync 1 DAGs
[2023-11-24T00:28:42.278+0000] {logging_mixin.py:154} INFO - [2023-11-24T00:28:42.278+0000] {dag.py:3722} INFO - Setting next_dagrun for example_complex to None, run_after=None
[2023-11-24T00:28:42.297+0000] {processor.py:179} INFO - Processing /home/airflow/.local/lib/python3.8/site-packages/airflow/example_dags/example_complex.py took 0.073 seconds
[2023-11-24T00:29:13.680+0000] {processor.py:157} INFO - Started process (PID=1270) to work on /home/airflow/.local/lib/python3.8/site-packages/airflow/example_dags/example_complex.py
[2023-11-24T00:29:13.682+0000] {processor.py:829} INFO - Processing file /home/airflow/.local/lib/python3.8/site-packages/airflow/example_dags/example_complex.py for tasks to queue
[2023-11-24T00:29:13.684+0000] {logging_mixin.py:154} INFO - [2023-11-24T00:29:13.683+0000] {dagbag.py:536} INFO - Filling up the DagBag from /home/airflow/.local/lib/python3.8/site-packages/airflow/example_dags/example_complex.py
[2023-11-24T00:29:13.696+0000] {processor.py:839} INFO - DAG(s) dict_keys(['example_complex']) retrieved from /home/airflow/.local/lib/python3.8/site-packages/airflow/example_dags/example_complex.py
[2023-11-24T00:29:13.868+0000] {logging_mixin.py:154} INFO - [2023-11-24T00:29:13.868+0000] {dag.py:2941} INFO - Sync 1 DAGs
[2023-11-24T00:29:13.878+0000] {logging_mixin.py:154} INFO - [2023-11-24T00:29:13.878+0000] {dag.py:3722} INFO - Setting next_dagrun for example_complex to None, run_after=None
[2023-11-24T00:29:13.895+0000] {processor.py:179} INFO - Processing /home/airflow/.local/lib/python3.8/site-packages/airflow/example_dags/example_complex.py took 0.218 seconds
[2023-11-24T00:29:44.402+0000] {processor.py:157} INFO - Started process (PID=1324) to work on /home/airflow/.local/lib/python3.8/site-packages/airflow/example_dags/example_complex.py
[2023-11-24T00:29:44.403+0000] {processor.py:829} INFO - Processing file /home/airflow/.local/lib/python3.8/site-packages/airflow/example_dags/example_complex.py for tasks to queue
[2023-11-24T00:29:44.405+0000] {logging_mixin.py:154} INFO - [2023-11-24T00:29:44.405+0000] {dagbag.py:536} INFO - Filling up the DagBag from /home/airflow/.local/lib/python3.8/site-packages/airflow/example_dags/example_complex.py
[2023-11-24T00:29:44.414+0000] {processor.py:839} INFO - DAG(s) dict_keys(['example_complex']) retrieved from /home/airflow/.local/lib/python3.8/site-packages/airflow/example_dags/example_complex.py
[2023-11-24T00:29:44.440+0000] {logging_mixin.py:154} INFO - [2023-11-24T00:29:44.440+0000] {dag.py:2941} INFO - Sync 1 DAGs
[2023-11-24T00:29:44.451+0000] {logging_mixin.py:154} INFO - [2023-11-24T00:29:44.451+0000] {dag.py:3722} INFO - Setting next_dagrun for example_complex to None, run_after=None
[2023-11-24T00:29:44.605+0000] {processor.py:179} INFO - Processing /home/airflow/.local/lib/python3.8/site-packages/airflow/example_dags/example_complex.py took 0.205 seconds
[2023-11-24T00:30:14.789+0000] {processor.py:157} INFO - Started process (PID=1378) to work on /home/airflow/.local/lib/python3.8/site-packages/airflow/example_dags/example_complex.py
[2023-11-24T00:30:14.790+0000] {processor.py:829} INFO - Processing file /home/airflow/.local/lib/python3.8/site-packages/airflow/example_dags/example_complex.py for tasks to queue
[2023-11-24T00:30:14.791+0000] {logging_mixin.py:154} INFO - [2023-11-24T00:30:14.791+0000] {dagbag.py:536} INFO - Filling up the DagBag from /home/airflow/.local/lib/python3.8/site-packages/airflow/example_dags/example_complex.py
[2023-11-24T00:30:14.801+0000] {processor.py:839} INFO - DAG(s) dict_keys(['example_complex']) retrieved from /home/airflow/.local/lib/python3.8/site-packages/airflow/example_dags/example_complex.py
[2023-11-24T00:30:14.831+0000] {logging_mixin.py:154} INFO - [2023-11-24T00:30:14.830+0000] {dag.py:2941} INFO - Sync 1 DAGs
[2023-11-24T00:30:14.841+0000] {logging_mixin.py:154} INFO - [2023-11-24T00:30:14.841+0000] {dag.py:3722} INFO - Setting next_dagrun for example_complex to None, run_after=None
[2023-11-24T00:30:14.858+0000] {processor.py:179} INFO - Processing /home/airflow/.local/lib/python3.8/site-packages/airflow/example_dags/example_complex.py took 0.072 seconds
[2023-11-24T00:30:46.069+0000] {processor.py:157} INFO - Started process (PID=1439) to work on /home/airflow/.local/lib/python3.8/site-packages/airflow/example_dags/example_complex.py
[2023-11-24T00:30:46.069+0000] {processor.py:829} INFO - Processing file /home/airflow/.local/lib/python3.8/site-packages/airflow/example_dags/example_complex.py for tasks to queue
[2023-11-24T00:30:46.071+0000] {logging_mixin.py:154} INFO - [2023-11-24T00:30:46.071+0000] {dagbag.py:536} INFO - Filling up the DagBag from /home/airflow/.local/lib/python3.8/site-packages/airflow/example_dags/example_complex.py
[2023-11-24T00:30:46.243+0000] {processor.py:839} INFO - DAG(s) dict_keys(['example_complex']) retrieved from /home/airflow/.local/lib/python3.8/site-packages/airflow/example_dags/example_complex.py
[2023-11-24T00:30:46.270+0000] {logging_mixin.py:154} INFO - [2023-11-24T00:30:46.270+0000] {dag.py:2941} INFO - Sync 1 DAGs
[2023-11-24T00:30:46.280+0000] {logging_mixin.py:154} INFO - [2023-11-24T00:30:46.280+0000] {dag.py:3722} INFO - Setting next_dagrun for example_complex to None, run_after=None
[2023-11-24T00:30:46.297+0000] {processor.py:179} INFO - Processing /home/airflow/.local/lib/python3.8/site-packages/airflow/example_dags/example_complex.py took 0.231 seconds
