[2023-11-24T00:17:59.400+0000] {processor.py:157} INFO - Started process (PID=76) to work on /home/airflow/.local/lib/python3.8/site-packages/airflow/example_dags/example_nested_branch_dag.py
[2023-11-24T00:17:59.402+0000] {processor.py:829} INFO - Processing file /home/airflow/.local/lib/python3.8/site-packages/airflow/example_dags/example_nested_branch_dag.py for tasks to queue
[2023-11-24T00:17:59.407+0000] {logging_mixin.py:154} INFO - [2023-11-24T00:17:59.406+0000] {dagbag.py:536} INFO - Filling up the DagBag from /home/airflow/.local/lib/python3.8/site-packages/airflow/example_dags/example_nested_branch_dag.py
[2023-11-24T00:17:59.424+0000] {processor.py:839} INFO - DAG(s) dict_keys(['example_nested_branch_dag']) retrieved from /home/airflow/.local/lib/python3.8/site-packages/airflow/example_dags/example_nested_branch_dag.py
[2023-11-24T00:17:59.441+0000] {logging_mixin.py:154} INFO - [2023-11-24T00:17:59.441+0000] {dag.py:2941} INFO - Sync 1 DAGs
[2023-11-24T00:17:59.481+0000] {logging_mixin.py:154} INFO - [2023-11-24T00:17:59.481+0000] {dag.py:3722} INFO - Setting next_dagrun for example_nested_branch_dag to 2023-11-23T00:00:00+00:00, run_after=2023-11-24T00:00:00+00:00
[2023-11-24T00:17:59.506+0000] {processor.py:179} INFO - Processing /home/airflow/.local/lib/python3.8/site-packages/airflow/example_dags/example_nested_branch_dag.py took 0.113 seconds
[2023-11-24T00:18:30.223+0000] {processor.py:157} INFO - Started process (PID=130) to work on /home/airflow/.local/lib/python3.8/site-packages/airflow/example_dags/example_nested_branch_dag.py
[2023-11-24T00:18:30.224+0000] {processor.py:829} INFO - Processing file /home/airflow/.local/lib/python3.8/site-packages/airflow/example_dags/example_nested_branch_dag.py for tasks to queue
[2023-11-24T00:18:30.225+0000] {logging_mixin.py:154} INFO - [2023-11-24T00:18:30.225+0000] {dagbag.py:536} INFO - Filling up the DagBag from /home/airflow/.local/lib/python3.8/site-packages/airflow/example_dags/example_nested_branch_dag.py
[2023-11-24T00:18:30.232+0000] {processor.py:839} INFO - DAG(s) dict_keys(['example_nested_branch_dag']) retrieved from /home/airflow/.local/lib/python3.8/site-packages/airflow/example_dags/example_nested_branch_dag.py
[2023-11-24T00:18:30.251+0000] {logging_mixin.py:154} INFO - [2023-11-24T00:18:30.250+0000] {dag.py:2941} INFO - Sync 1 DAGs
[2023-11-24T00:18:30.271+0000] {logging_mixin.py:154} INFO - [2023-11-24T00:18:30.270+0000] {dag.py:3722} INFO - Setting next_dagrun for example_nested_branch_dag to 2023-11-23T00:00:00+00:00, run_after=2023-11-24T00:00:00+00:00
[2023-11-24T00:18:30.286+0000] {processor.py:179} INFO - Processing /home/airflow/.local/lib/python3.8/site-packages/airflow/example_dags/example_nested_branch_dag.py took 0.065 seconds
[2023-11-24T00:19:01.221+0000] {processor.py:157} INFO - Started process (PID=184) to work on /home/airflow/.local/lib/python3.8/site-packages/airflow/example_dags/example_nested_branch_dag.py
[2023-11-24T00:19:01.222+0000] {processor.py:829} INFO - Processing file /home/airflow/.local/lib/python3.8/site-packages/airflow/example_dags/example_nested_branch_dag.py for tasks to queue
[2023-11-24T00:19:01.223+0000] {logging_mixin.py:154} INFO - [2023-11-24T00:19:01.223+0000] {dagbag.py:536} INFO - Filling up the DagBag from /home/airflow/.local/lib/python3.8/site-packages/airflow/example_dags/example_nested_branch_dag.py
[2023-11-24T00:19:01.230+0000] {processor.py:839} INFO - DAG(s) dict_keys(['example_nested_branch_dag']) retrieved from /home/airflow/.local/lib/python3.8/site-packages/airflow/example_dags/example_nested_branch_dag.py
[2023-11-24T00:19:01.247+0000] {logging_mixin.py:154} INFO - [2023-11-24T00:19:01.247+0000] {dag.py:2941} INFO - Sync 1 DAGs
[2023-11-24T00:19:01.266+0000] {logging_mixin.py:154} INFO - [2023-11-24T00:19:01.266+0000] {dag.py:3722} INFO - Setting next_dagrun for example_nested_branch_dag to 2023-11-23T00:00:00+00:00, run_after=2023-11-24T00:00:00+00:00
[2023-11-24T00:19:01.280+0000] {processor.py:179} INFO - Processing /home/airflow/.local/lib/python3.8/site-packages/airflow/example_dags/example_nested_branch_dag.py took 0.061 seconds
[2023-11-24T00:19:31.484+0000] {processor.py:157} INFO - Started process (PID=238) to work on /home/airflow/.local/lib/python3.8/site-packages/airflow/example_dags/example_nested_branch_dag.py
[2023-11-24T00:19:31.485+0000] {processor.py:829} INFO - Processing file /home/airflow/.local/lib/python3.8/site-packages/airflow/example_dags/example_nested_branch_dag.py for tasks to queue
[2023-11-24T00:19:31.486+0000] {logging_mixin.py:154} INFO - [2023-11-24T00:19:31.486+0000] {dagbag.py:536} INFO - Filling up the DagBag from /home/airflow/.local/lib/python3.8/site-packages/airflow/example_dags/example_nested_branch_dag.py
[2023-11-24T00:19:31.493+0000] {processor.py:839} INFO - DAG(s) dict_keys(['example_nested_branch_dag']) retrieved from /home/airflow/.local/lib/python3.8/site-packages/airflow/example_dags/example_nested_branch_dag.py
[2023-11-24T00:19:31.510+0000] {logging_mixin.py:154} INFO - [2023-11-24T00:19:31.510+0000] {dag.py:2941} INFO - Sync 1 DAGs
[2023-11-24T00:19:31.529+0000] {logging_mixin.py:154} INFO - [2023-11-24T00:19:31.529+0000] {dag.py:3722} INFO - Setting next_dagrun for example_nested_branch_dag to 2023-11-23T00:00:00+00:00, run_after=2023-11-24T00:00:00+00:00
[2023-11-24T00:19:31.544+0000] {processor.py:179} INFO - Processing /home/airflow/.local/lib/python3.8/site-packages/airflow/example_dags/example_nested_branch_dag.py took 0.062 seconds
[2023-11-24T00:20:01.842+0000] {processor.py:157} INFO - Started process (PID=292) to work on /home/airflow/.local/lib/python3.8/site-packages/airflow/example_dags/example_nested_branch_dag.py
[2023-11-24T00:20:01.843+0000] {processor.py:829} INFO - Processing file /home/airflow/.local/lib/python3.8/site-packages/airflow/example_dags/example_nested_branch_dag.py for tasks to queue
[2023-11-24T00:20:01.844+0000] {logging_mixin.py:154} INFO - [2023-11-24T00:20:01.844+0000] {dagbag.py:536} INFO - Filling up the DagBag from /home/airflow/.local/lib/python3.8/site-packages/airflow/example_dags/example_nested_branch_dag.py
[2023-11-24T00:20:01.851+0000] {processor.py:839} INFO - DAG(s) dict_keys(['example_nested_branch_dag']) retrieved from /home/airflow/.local/lib/python3.8/site-packages/airflow/example_dags/example_nested_branch_dag.py
[2023-11-24T00:20:01.867+0000] {logging_mixin.py:154} INFO - [2023-11-24T00:20:01.867+0000] {dag.py:2941} INFO - Sync 1 DAGs
[2023-11-24T00:20:01.885+0000] {logging_mixin.py:154} INFO - [2023-11-24T00:20:01.885+0000] {dag.py:3722} INFO - Setting next_dagrun for example_nested_branch_dag to 2023-11-23T00:00:00+00:00, run_after=2023-11-24T00:00:00+00:00
[2023-11-24T00:20:01.900+0000] {processor.py:179} INFO - Processing /home/airflow/.local/lib/python3.8/site-packages/airflow/example_dags/example_nested_branch_dag.py took 0.060 seconds
[2023-11-24T00:20:32.043+0000] {processor.py:157} INFO - Started process (PID=346) to work on /home/airflow/.local/lib/python3.8/site-packages/airflow/example_dags/example_nested_branch_dag.py
[2023-11-24T00:20:32.044+0000] {processor.py:829} INFO - Processing file /home/airflow/.local/lib/python3.8/site-packages/airflow/example_dags/example_nested_branch_dag.py for tasks to queue
[2023-11-24T00:20:32.046+0000] {logging_mixin.py:154} INFO - [2023-11-24T00:20:32.046+0000] {dagbag.py:536} INFO - Filling up the DagBag from /home/airflow/.local/lib/python3.8/site-packages/airflow/example_dags/example_nested_branch_dag.py
[2023-11-24T00:20:32.052+0000] {processor.py:839} INFO - DAG(s) dict_keys(['example_nested_branch_dag']) retrieved from /home/airflow/.local/lib/python3.8/site-packages/airflow/example_dags/example_nested_branch_dag.py
[2023-11-24T00:20:32.069+0000] {logging_mixin.py:154} INFO - [2023-11-24T00:20:32.069+0000] {dag.py:2941} INFO - Sync 1 DAGs
[2023-11-24T00:20:32.088+0000] {logging_mixin.py:154} INFO - [2023-11-24T00:20:32.088+0000] {dag.py:3722} INFO - Setting next_dagrun for example_nested_branch_dag to 2023-11-23T00:00:00+00:00, run_after=2023-11-24T00:00:00+00:00
[2023-11-24T00:20:32.103+0000] {processor.py:179} INFO - Processing /home/airflow/.local/lib/python3.8/site-packages/airflow/example_dags/example_nested_branch_dag.py took 0.062 seconds
[2023-11-24T00:21:02.521+0000] {processor.py:157} INFO - Started process (PID=400) to work on /home/airflow/.local/lib/python3.8/site-packages/airflow/example_dags/example_nested_branch_dag.py
[2023-11-24T00:21:02.522+0000] {processor.py:829} INFO - Processing file /home/airflow/.local/lib/python3.8/site-packages/airflow/example_dags/example_nested_branch_dag.py for tasks to queue
[2023-11-24T00:21:02.524+0000] {logging_mixin.py:154} INFO - [2023-11-24T00:21:02.523+0000] {dagbag.py:536} INFO - Filling up the DagBag from /home/airflow/.local/lib/python3.8/site-packages/airflow/example_dags/example_nested_branch_dag.py
[2023-11-24T00:21:02.531+0000] {processor.py:839} INFO - DAG(s) dict_keys(['example_nested_branch_dag']) retrieved from /home/airflow/.local/lib/python3.8/site-packages/airflow/example_dags/example_nested_branch_dag.py
[2023-11-24T00:21:02.548+0000] {logging_mixin.py:154} INFO - [2023-11-24T00:21:02.547+0000] {dag.py:2941} INFO - Sync 1 DAGs
[2023-11-24T00:21:02.566+0000] {logging_mixin.py:154} INFO - [2023-11-24T00:21:02.566+0000] {dag.py:3722} INFO - Setting next_dagrun for example_nested_branch_dag to 2023-11-23T00:00:00+00:00, run_after=2023-11-24T00:00:00+00:00
[2023-11-24T00:21:02.579+0000] {processor.py:179} INFO - Processing /home/airflow/.local/lib/python3.8/site-packages/airflow/example_dags/example_nested_branch_dag.py took 0.061 seconds
[2023-11-24T00:21:33.356+0000] {processor.py:157} INFO - Started process (PID=454) to work on /home/airflow/.local/lib/python3.8/site-packages/airflow/example_dags/example_nested_branch_dag.py
[2023-11-24T00:21:33.357+0000] {processor.py:829} INFO - Processing file /home/airflow/.local/lib/python3.8/site-packages/airflow/example_dags/example_nested_branch_dag.py for tasks to queue
[2023-11-24T00:21:33.358+0000] {logging_mixin.py:154} INFO - [2023-11-24T00:21:33.358+0000] {dagbag.py:536} INFO - Filling up the DagBag from /home/airflow/.local/lib/python3.8/site-packages/airflow/example_dags/example_nested_branch_dag.py
[2023-11-24T00:21:33.365+0000] {processor.py:839} INFO - DAG(s) dict_keys(['example_nested_branch_dag']) retrieved from /home/airflow/.local/lib/python3.8/site-packages/airflow/example_dags/example_nested_branch_dag.py
[2023-11-24T00:21:33.384+0000] {logging_mixin.py:154} INFO - [2023-11-24T00:21:33.384+0000] {dag.py:2941} INFO - Sync 1 DAGs
[2023-11-24T00:21:33.405+0000] {logging_mixin.py:154} INFO - [2023-11-24T00:21:33.405+0000] {dag.py:3722} INFO - Setting next_dagrun for example_nested_branch_dag to 2023-11-23T00:00:00+00:00, run_after=2023-11-24T00:00:00+00:00
[2023-11-24T00:21:33.422+0000] {processor.py:179} INFO - Processing /home/airflow/.local/lib/python3.8/site-packages/airflow/example_dags/example_nested_branch_dag.py took 0.069 seconds
[2023-11-24T00:22:04.379+0000] {processor.py:157} INFO - Started process (PID=508) to work on /home/airflow/.local/lib/python3.8/site-packages/airflow/example_dags/example_nested_branch_dag.py
[2023-11-24T00:22:04.380+0000] {processor.py:829} INFO - Processing file /home/airflow/.local/lib/python3.8/site-packages/airflow/example_dags/example_nested_branch_dag.py for tasks to queue
[2023-11-24T00:22:04.381+0000] {logging_mixin.py:154} INFO - [2023-11-24T00:22:04.381+0000] {dagbag.py:536} INFO - Filling up the DagBag from /home/airflow/.local/lib/python3.8/site-packages/airflow/example_dags/example_nested_branch_dag.py
[2023-11-24T00:22:04.388+0000] {processor.py:839} INFO - DAG(s) dict_keys(['example_nested_branch_dag']) retrieved from /home/airflow/.local/lib/python3.8/site-packages/airflow/example_dags/example_nested_branch_dag.py
[2023-11-24T00:22:04.405+0000] {logging_mixin.py:154} INFO - [2023-11-24T00:22:04.405+0000] {dag.py:2941} INFO - Sync 1 DAGs
[2023-11-24T00:22:04.425+0000] {logging_mixin.py:154} INFO - [2023-11-24T00:22:04.425+0000] {dag.py:3722} INFO - Setting next_dagrun for example_nested_branch_dag to 2023-11-23T00:00:00+00:00, run_after=2023-11-24T00:00:00+00:00
[2023-11-24T00:22:04.441+0000] {processor.py:179} INFO - Processing /home/airflow/.local/lib/python3.8/site-packages/airflow/example_dags/example_nested_branch_dag.py took 0.065 seconds
[2023-11-24T00:22:34.545+0000] {processor.py:157} INFO - Started process (PID=561) to work on /home/airflow/.local/lib/python3.8/site-packages/airflow/example_dags/example_nested_branch_dag.py
[2023-11-24T00:22:34.546+0000] {processor.py:829} INFO - Processing file /home/airflow/.local/lib/python3.8/site-packages/airflow/example_dags/example_nested_branch_dag.py for tasks to queue
[2023-11-24T00:22:34.547+0000] {logging_mixin.py:154} INFO - [2023-11-24T00:22:34.547+0000] {dagbag.py:536} INFO - Filling up the DagBag from /home/airflow/.local/lib/python3.8/site-packages/airflow/example_dags/example_nested_branch_dag.py
[2023-11-24T00:22:34.554+0000] {processor.py:839} INFO - DAG(s) dict_keys(['example_nested_branch_dag']) retrieved from /home/airflow/.local/lib/python3.8/site-packages/airflow/example_dags/example_nested_branch_dag.py
[2023-11-24T00:22:34.571+0000] {logging_mixin.py:154} INFO - [2023-11-24T00:22:34.570+0000] {dag.py:2941} INFO - Sync 1 DAGs
[2023-11-24T00:22:34.590+0000] {logging_mixin.py:154} INFO - [2023-11-24T00:22:34.589+0000] {dag.py:3722} INFO - Setting next_dagrun for example_nested_branch_dag to 2023-11-23T00:00:00+00:00, run_after=2023-11-24T00:00:00+00:00
[2023-11-24T00:22:34.604+0000] {processor.py:179} INFO - Processing /home/airflow/.local/lib/python3.8/site-packages/airflow/example_dags/example_nested_branch_dag.py took 0.062 seconds
[2023-11-24T00:23:04.929+0000] {processor.py:157} INFO - Started process (PID=615) to work on /home/airflow/.local/lib/python3.8/site-packages/airflow/example_dags/example_nested_branch_dag.py
[2023-11-24T00:23:04.930+0000] {processor.py:829} INFO - Processing file /home/airflow/.local/lib/python3.8/site-packages/airflow/example_dags/example_nested_branch_dag.py for tasks to queue
[2023-11-24T00:23:04.931+0000] {logging_mixin.py:154} INFO - [2023-11-24T00:23:04.931+0000] {dagbag.py:536} INFO - Filling up the DagBag from /home/airflow/.local/lib/python3.8/site-packages/airflow/example_dags/example_nested_branch_dag.py
[2023-11-24T00:23:04.938+0000] {processor.py:839} INFO - DAG(s) dict_keys(['example_nested_branch_dag']) retrieved from /home/airflow/.local/lib/python3.8/site-packages/airflow/example_dags/example_nested_branch_dag.py
[2023-11-24T00:23:04.955+0000] {logging_mixin.py:154} INFO - [2023-11-24T00:23:04.954+0000] {dag.py:2941} INFO - Sync 1 DAGs
[2023-11-24T00:23:04.972+0000] {logging_mixin.py:154} INFO - [2023-11-24T00:23:04.972+0000] {dag.py:3722} INFO - Setting next_dagrun for example_nested_branch_dag to 2023-11-23T00:00:00+00:00, run_after=2023-11-24T00:00:00+00:00
[2023-11-24T00:23:04.986+0000] {processor.py:179} INFO - Processing /home/airflow/.local/lib/python3.8/site-packages/airflow/example_dags/example_nested_branch_dag.py took 0.059 seconds
[2023-11-24T00:23:35.356+0000] {processor.py:157} INFO - Started process (PID=669) to work on /home/airflow/.local/lib/python3.8/site-packages/airflow/example_dags/example_nested_branch_dag.py
[2023-11-24T00:23:35.358+0000] {processor.py:829} INFO - Processing file /home/airflow/.local/lib/python3.8/site-packages/airflow/example_dags/example_nested_branch_dag.py for tasks to queue
[2023-11-24T00:23:35.359+0000] {logging_mixin.py:154} INFO - [2023-11-24T00:23:35.359+0000] {dagbag.py:536} INFO - Filling up the DagBag from /home/airflow/.local/lib/python3.8/site-packages/airflow/example_dags/example_nested_branch_dag.py
[2023-11-24T00:23:35.366+0000] {processor.py:839} INFO - DAG(s) dict_keys(['example_nested_branch_dag']) retrieved from /home/airflow/.local/lib/python3.8/site-packages/airflow/example_dags/example_nested_branch_dag.py
[2023-11-24T00:23:35.382+0000] {logging_mixin.py:154} INFO - [2023-11-24T00:23:35.382+0000] {dag.py:2941} INFO - Sync 1 DAGs
[2023-11-24T00:23:35.399+0000] {logging_mixin.py:154} INFO - [2023-11-24T00:23:35.399+0000] {dag.py:3722} INFO - Setting next_dagrun for example_nested_branch_dag to 2023-11-23T00:00:00+00:00, run_after=2023-11-24T00:00:00+00:00
[2023-11-24T00:23:35.412+0000] {processor.py:179} INFO - Processing /home/airflow/.local/lib/python3.8/site-packages/airflow/example_dags/example_nested_branch_dag.py took 0.058 seconds
[2023-11-24T00:24:05.744+0000] {processor.py:157} INFO - Started process (PID=723) to work on /home/airflow/.local/lib/python3.8/site-packages/airflow/example_dags/example_nested_branch_dag.py
[2023-11-24T00:24:05.746+0000] {processor.py:829} INFO - Processing file /home/airflow/.local/lib/python3.8/site-packages/airflow/example_dags/example_nested_branch_dag.py for tasks to queue
[2023-11-24T00:24:05.747+0000] {logging_mixin.py:154} INFO - [2023-11-24T00:24:05.747+0000] {dagbag.py:536} INFO - Filling up the DagBag from /home/airflow/.local/lib/python3.8/site-packages/airflow/example_dags/example_nested_branch_dag.py
[2023-11-24T00:24:05.754+0000] {processor.py:839} INFO - DAG(s) dict_keys(['example_nested_branch_dag']) retrieved from /home/airflow/.local/lib/python3.8/site-packages/airflow/example_dags/example_nested_branch_dag.py
[2023-11-24T00:24:05.772+0000] {logging_mixin.py:154} INFO - [2023-11-24T00:24:05.772+0000] {dag.py:2941} INFO - Sync 1 DAGs
[2023-11-24T00:24:05.791+0000] {logging_mixin.py:154} INFO - [2023-11-24T00:24:05.791+0000] {dag.py:3722} INFO - Setting next_dagrun for example_nested_branch_dag to 2023-11-23T00:00:00+00:00, run_after=2023-11-24T00:00:00+00:00
[2023-11-24T00:24:05.807+0000] {processor.py:179} INFO - Processing /home/airflow/.local/lib/python3.8/site-packages/airflow/example_dags/example_nested_branch_dag.py took 0.065 seconds
[2023-11-24T00:24:35.958+0000] {processor.py:157} INFO - Started process (PID=777) to work on /home/airflow/.local/lib/python3.8/site-packages/airflow/example_dags/example_nested_branch_dag.py
[2023-11-24T00:24:35.959+0000] {processor.py:829} INFO - Processing file /home/airflow/.local/lib/python3.8/site-packages/airflow/example_dags/example_nested_branch_dag.py for tasks to queue
[2023-11-24T00:24:35.961+0000] {logging_mixin.py:154} INFO - [2023-11-24T00:24:35.961+0000] {dagbag.py:536} INFO - Filling up the DagBag from /home/airflow/.local/lib/python3.8/site-packages/airflow/example_dags/example_nested_branch_dag.py
[2023-11-24T00:24:35.969+0000] {processor.py:839} INFO - DAG(s) dict_keys(['example_nested_branch_dag']) retrieved from /home/airflow/.local/lib/python3.8/site-packages/airflow/example_dags/example_nested_branch_dag.py
[2023-11-24T00:24:35.988+0000] {logging_mixin.py:154} INFO - [2023-11-24T00:24:35.987+0000] {dag.py:2941} INFO - Sync 1 DAGs
[2023-11-24T00:24:36.007+0000] {logging_mixin.py:154} INFO - [2023-11-24T00:24:36.007+0000] {dag.py:3722} INFO - Setting next_dagrun for example_nested_branch_dag to 2023-11-23T00:00:00+00:00, run_after=2023-11-24T00:00:00+00:00
[2023-11-24T00:24:36.022+0000] {processor.py:179} INFO - Processing /home/airflow/.local/lib/python3.8/site-packages/airflow/example_dags/example_nested_branch_dag.py took 0.066 seconds
[2023-11-24T00:25:06.741+0000] {processor.py:157} INFO - Started process (PID=831) to work on /home/airflow/.local/lib/python3.8/site-packages/airflow/example_dags/example_nested_branch_dag.py
[2023-11-24T00:25:06.742+0000] {processor.py:829} INFO - Processing file /home/airflow/.local/lib/python3.8/site-packages/airflow/example_dags/example_nested_branch_dag.py for tasks to queue
[2023-11-24T00:25:06.743+0000] {logging_mixin.py:154} INFO - [2023-11-24T00:25:06.743+0000] {dagbag.py:536} INFO - Filling up the DagBag from /home/airflow/.local/lib/python3.8/site-packages/airflow/example_dags/example_nested_branch_dag.py
[2023-11-24T00:25:06.751+0000] {processor.py:839} INFO - DAG(s) dict_keys(['example_nested_branch_dag']) retrieved from /home/airflow/.local/lib/python3.8/site-packages/airflow/example_dags/example_nested_branch_dag.py
[2023-11-24T00:25:06.768+0000] {logging_mixin.py:154} INFO - [2023-11-24T00:25:06.768+0000] {dag.py:2941} INFO - Sync 1 DAGs
[2023-11-24T00:25:06.791+0000] {logging_mixin.py:154} INFO - [2023-11-24T00:25:06.790+0000] {dag.py:3722} INFO - Setting next_dagrun for example_nested_branch_dag to 2023-11-23T00:00:00+00:00, run_after=2023-11-24T00:00:00+00:00
[2023-11-24T00:25:06.807+0000] {processor.py:179} INFO - Processing /home/airflow/.local/lib/python3.8/site-packages/airflow/example_dags/example_nested_branch_dag.py took 0.068 seconds
[2023-11-24T00:25:37.370+0000] {processor.py:157} INFO - Started process (PID=885) to work on /home/airflow/.local/lib/python3.8/site-packages/airflow/example_dags/example_nested_branch_dag.py
[2023-11-24T00:25:37.372+0000] {processor.py:829} INFO - Processing file /home/airflow/.local/lib/python3.8/site-packages/airflow/example_dags/example_nested_branch_dag.py for tasks to queue
[2023-11-24T00:25:37.373+0000] {logging_mixin.py:154} INFO - [2023-11-24T00:25:37.373+0000] {dagbag.py:536} INFO - Filling up the DagBag from /home/airflow/.local/lib/python3.8/site-packages/airflow/example_dags/example_nested_branch_dag.py
[2023-11-24T00:25:37.380+0000] {processor.py:839} INFO - DAG(s) dict_keys(['example_nested_branch_dag']) retrieved from /home/airflow/.local/lib/python3.8/site-packages/airflow/example_dags/example_nested_branch_dag.py
[2023-11-24T00:25:37.397+0000] {logging_mixin.py:154} INFO - [2023-11-24T00:25:37.396+0000] {dag.py:2941} INFO - Sync 1 DAGs
[2023-11-24T00:25:37.415+0000] {logging_mixin.py:154} INFO - [2023-11-24T00:25:37.415+0000] {dag.py:3722} INFO - Setting next_dagrun for example_nested_branch_dag to 2023-11-23T00:00:00+00:00, run_after=2023-11-24T00:00:00+00:00
[2023-11-24T00:25:37.572+0000] {processor.py:179} INFO - Processing /home/airflow/.local/lib/python3.8/site-packages/airflow/example_dags/example_nested_branch_dag.py took 0.204 seconds
[2023-11-24T00:26:07.927+0000] {processor.py:157} INFO - Started process (PID=939) to work on /home/airflow/.local/lib/python3.8/site-packages/airflow/example_dags/example_nested_branch_dag.py
[2023-11-24T00:26:07.927+0000] {processor.py:829} INFO - Processing file /home/airflow/.local/lib/python3.8/site-packages/airflow/example_dags/example_nested_branch_dag.py for tasks to queue
[2023-11-24T00:26:07.929+0000] {logging_mixin.py:154} INFO - [2023-11-24T00:26:07.929+0000] {dagbag.py:536} INFO - Filling up the DagBag from /home/airflow/.local/lib/python3.8/site-packages/airflow/example_dags/example_nested_branch_dag.py
[2023-11-24T00:26:07.936+0000] {processor.py:839} INFO - DAG(s) dict_keys(['example_nested_branch_dag']) retrieved from /home/airflow/.local/lib/python3.8/site-packages/airflow/example_dags/example_nested_branch_dag.py
[2023-11-24T00:26:07.952+0000] {logging_mixin.py:154} INFO - [2023-11-24T00:26:07.951+0000] {dag.py:2941} INFO - Sync 1 DAGs
[2023-11-24T00:26:07.969+0000] {logging_mixin.py:154} INFO - [2023-11-24T00:26:07.969+0000] {dag.py:3722} INFO - Setting next_dagrun for example_nested_branch_dag to 2023-11-23T00:00:00+00:00, run_after=2023-11-24T00:00:00+00:00
[2023-11-24T00:26:07.982+0000] {processor.py:179} INFO - Processing /home/airflow/.local/lib/python3.8/site-packages/airflow/example_dags/example_nested_branch_dag.py took 0.058 seconds
[2023-11-24T00:26:38.507+0000] {processor.py:157} INFO - Started process (PID=993) to work on /home/airflow/.local/lib/python3.8/site-packages/airflow/example_dags/example_nested_branch_dag.py
[2023-11-24T00:26:38.508+0000] {processor.py:829} INFO - Processing file /home/airflow/.local/lib/python3.8/site-packages/airflow/example_dags/example_nested_branch_dag.py for tasks to queue
[2023-11-24T00:26:38.510+0000] {logging_mixin.py:154} INFO - [2023-11-24T00:26:38.510+0000] {dagbag.py:536} INFO - Filling up the DagBag from /home/airflow/.local/lib/python3.8/site-packages/airflow/example_dags/example_nested_branch_dag.py
[2023-11-24T00:26:38.517+0000] {processor.py:839} INFO - DAG(s) dict_keys(['example_nested_branch_dag']) retrieved from /home/airflow/.local/lib/python3.8/site-packages/airflow/example_dags/example_nested_branch_dag.py
[2023-11-24T00:26:38.536+0000] {logging_mixin.py:154} INFO - [2023-11-24T00:26:38.536+0000] {dag.py:2941} INFO - Sync 1 DAGs
[2023-11-24T00:26:38.557+0000] {logging_mixin.py:154} INFO - [2023-11-24T00:26:38.557+0000] {dag.py:3722} INFO - Setting next_dagrun for example_nested_branch_dag to 2023-11-23T00:00:00+00:00, run_after=2023-11-24T00:00:00+00:00
[2023-11-24T00:26:38.573+0000] {processor.py:179} INFO - Processing /home/airflow/.local/lib/python3.8/site-packages/airflow/example_dags/example_nested_branch_dag.py took 0.068 seconds
[2023-11-24T00:27:08.628+0000] {processor.py:157} INFO - Started process (PID=1047) to work on /home/airflow/.local/lib/python3.8/site-packages/airflow/example_dags/example_nested_branch_dag.py
[2023-11-24T00:27:08.629+0000] {processor.py:829} INFO - Processing file /home/airflow/.local/lib/python3.8/site-packages/airflow/example_dags/example_nested_branch_dag.py for tasks to queue
[2023-11-24T00:27:08.631+0000] {logging_mixin.py:154} INFO - [2023-11-24T00:27:08.630+0000] {dagbag.py:536} INFO - Filling up the DagBag from /home/airflow/.local/lib/python3.8/site-packages/airflow/example_dags/example_nested_branch_dag.py
[2023-11-24T00:27:08.638+0000] {processor.py:839} INFO - DAG(s) dict_keys(['example_nested_branch_dag']) retrieved from /home/airflow/.local/lib/python3.8/site-packages/airflow/example_dags/example_nested_branch_dag.py
[2023-11-24T00:27:08.657+0000] {logging_mixin.py:154} INFO - [2023-11-24T00:27:08.656+0000] {dag.py:2941} INFO - Sync 1 DAGs
[2023-11-24T00:27:08.806+0000] {logging_mixin.py:154} INFO - [2023-11-24T00:27:08.806+0000] {dag.py:3722} INFO - Setting next_dagrun for example_nested_branch_dag to 2023-11-23T00:00:00+00:00, run_after=2023-11-24T00:00:00+00:00
[2023-11-24T00:27:08.820+0000] {processor.py:179} INFO - Processing /home/airflow/.local/lib/python3.8/site-packages/airflow/example_dags/example_nested_branch_dag.py took 0.195 seconds
[2023-11-24T00:27:39.511+0000] {processor.py:157} INFO - Started process (PID=1101) to work on /home/airflow/.local/lib/python3.8/site-packages/airflow/example_dags/example_nested_branch_dag.py
[2023-11-24T00:27:39.512+0000] {processor.py:829} INFO - Processing file /home/airflow/.local/lib/python3.8/site-packages/airflow/example_dags/example_nested_branch_dag.py for tasks to queue
[2023-11-24T00:27:39.514+0000] {logging_mixin.py:154} INFO - [2023-11-24T00:27:39.514+0000] {dagbag.py:536} INFO - Filling up the DagBag from /home/airflow/.local/lib/python3.8/site-packages/airflow/example_dags/example_nested_branch_dag.py
[2023-11-24T00:27:39.533+0000] {processor.py:839} INFO - DAG(s) dict_keys(['example_nested_branch_dag']) retrieved from /home/airflow/.local/lib/python3.8/site-packages/airflow/example_dags/example_nested_branch_dag.py
[2023-11-24T00:27:39.561+0000] {logging_mixin.py:154} INFO - [2023-11-24T00:27:39.561+0000] {dag.py:2941} INFO - Sync 1 DAGs
[2023-11-24T00:27:39.594+0000] {logging_mixin.py:154} INFO - [2023-11-24T00:27:39.594+0000] {dag.py:3722} INFO - Setting next_dagrun for example_nested_branch_dag to 2023-11-23T00:00:00+00:00, run_after=2023-11-24T00:00:00+00:00
[2023-11-24T00:27:39.624+0000] {processor.py:179} INFO - Processing /home/airflow/.local/lib/python3.8/site-packages/airflow/example_dags/example_nested_branch_dag.py took 0.116 seconds
[2023-11-24T00:28:10.269+0000] {processor.py:157} INFO - Started process (PID=1155) to work on /home/airflow/.local/lib/python3.8/site-packages/airflow/example_dags/example_nested_branch_dag.py
[2023-11-24T00:28:10.270+0000] {processor.py:829} INFO - Processing file /home/airflow/.local/lib/python3.8/site-packages/airflow/example_dags/example_nested_branch_dag.py for tasks to queue
[2023-11-24T00:28:10.271+0000] {logging_mixin.py:154} INFO - [2023-11-24T00:28:10.271+0000] {dagbag.py:536} INFO - Filling up the DagBag from /home/airflow/.local/lib/python3.8/site-packages/airflow/example_dags/example_nested_branch_dag.py
[2023-11-24T00:28:10.278+0000] {processor.py:839} INFO - DAG(s) dict_keys(['example_nested_branch_dag']) retrieved from /home/airflow/.local/lib/python3.8/site-packages/airflow/example_dags/example_nested_branch_dag.py
[2023-11-24T00:28:10.295+0000] {logging_mixin.py:154} INFO - [2023-11-24T00:28:10.294+0000] {dag.py:2941} INFO - Sync 1 DAGs
[2023-11-24T00:28:10.314+0000] {logging_mixin.py:154} INFO - [2023-11-24T00:28:10.314+0000] {dag.py:3722} INFO - Setting next_dagrun for example_nested_branch_dag to 2023-11-23T00:00:00+00:00, run_after=2023-11-24T00:00:00+00:00
[2023-11-24T00:28:10.329+0000] {processor.py:179} INFO - Processing /home/airflow/.local/lib/python3.8/site-packages/airflow/example_dags/example_nested_branch_dag.py took 0.062 seconds
[2023-11-24T00:28:41.609+0000] {processor.py:157} INFO - Started process (PID=1209) to work on /home/airflow/.local/lib/python3.8/site-packages/airflow/example_dags/example_nested_branch_dag.py
[2023-11-24T00:28:41.610+0000] {processor.py:829} INFO - Processing file /home/airflow/.local/lib/python3.8/site-packages/airflow/example_dags/example_nested_branch_dag.py for tasks to queue
[2023-11-24T00:28:41.612+0000] {logging_mixin.py:154} INFO - [2023-11-24T00:28:41.611+0000] {dagbag.py:536} INFO - Filling up the DagBag from /home/airflow/.local/lib/python3.8/site-packages/airflow/example_dags/example_nested_branch_dag.py
[2023-11-24T00:28:41.619+0000] {processor.py:839} INFO - DAG(s) dict_keys(['example_nested_branch_dag']) retrieved from /home/airflow/.local/lib/python3.8/site-packages/airflow/example_dags/example_nested_branch_dag.py
[2023-11-24T00:28:41.811+0000] {logging_mixin.py:154} INFO - [2023-11-24T00:28:41.811+0000] {dag.py:2941} INFO - Sync 1 DAGs
[2023-11-24T00:28:41.839+0000] {logging_mixin.py:154} INFO - [2023-11-24T00:28:41.838+0000] {dag.py:3722} INFO - Setting next_dagrun for example_nested_branch_dag to 2023-11-23T00:00:00+00:00, run_after=2023-11-24T00:00:00+00:00
[2023-11-24T00:28:41.859+0000] {processor.py:179} INFO - Processing /home/airflow/.local/lib/python3.8/site-packages/airflow/example_dags/example_nested_branch_dag.py took 0.252 seconds
[2023-11-24T00:29:12.861+0000] {processor.py:157} INFO - Started process (PID=1264) to work on /home/airflow/.local/lib/python3.8/site-packages/airflow/example_dags/example_nested_branch_dag.py
[2023-11-24T00:29:12.864+0000] {processor.py:829} INFO - Processing file /home/airflow/.local/lib/python3.8/site-packages/airflow/example_dags/example_nested_branch_dag.py for tasks to queue
[2023-11-24T00:29:12.865+0000] {logging_mixin.py:154} INFO - [2023-11-24T00:29:12.865+0000] {dagbag.py:536} INFO - Filling up the DagBag from /home/airflow/.local/lib/python3.8/site-packages/airflow/example_dags/example_nested_branch_dag.py
[2023-11-24T00:29:12.872+0000] {processor.py:839} INFO - DAG(s) dict_keys(['example_nested_branch_dag']) retrieved from /home/airflow/.local/lib/python3.8/site-packages/airflow/example_dags/example_nested_branch_dag.py
[2023-11-24T00:29:12.890+0000] {logging_mixin.py:154} INFO - [2023-11-24T00:29:12.890+0000] {dag.py:2941} INFO - Sync 1 DAGs
[2023-11-24T00:29:13.081+0000] {logging_mixin.py:154} INFO - [2023-11-24T00:29:13.080+0000] {dag.py:3722} INFO - Setting next_dagrun for example_nested_branch_dag to 2023-11-23T00:00:00+00:00, run_after=2023-11-24T00:00:00+00:00
[2023-11-24T00:29:13.097+0000] {processor.py:179} INFO - Processing /home/airflow/.local/lib/python3.8/site-packages/airflow/example_dags/example_nested_branch_dag.py took 0.238 seconds
[2023-11-24T00:29:43.746+0000] {processor.py:157} INFO - Started process (PID=1318) to work on /home/airflow/.local/lib/python3.8/site-packages/airflow/example_dags/example_nested_branch_dag.py
[2023-11-24T00:29:43.747+0000] {processor.py:829} INFO - Processing file /home/airflow/.local/lib/python3.8/site-packages/airflow/example_dags/example_nested_branch_dag.py for tasks to queue
[2023-11-24T00:29:43.748+0000] {logging_mixin.py:154} INFO - [2023-11-24T00:29:43.748+0000] {dagbag.py:536} INFO - Filling up the DagBag from /home/airflow/.local/lib/python3.8/site-packages/airflow/example_dags/example_nested_branch_dag.py
[2023-11-24T00:29:43.755+0000] {processor.py:839} INFO - DAG(s) dict_keys(['example_nested_branch_dag']) retrieved from /home/airflow/.local/lib/python3.8/site-packages/airflow/example_dags/example_nested_branch_dag.py
[2023-11-24T00:29:43.773+0000] {logging_mixin.py:154} INFO - [2023-11-24T00:29:43.773+0000] {dag.py:2941} INFO - Sync 1 DAGs
[2023-11-24T00:29:43.793+0000] {logging_mixin.py:154} INFO - [2023-11-24T00:29:43.793+0000] {dag.py:3722} INFO - Setting next_dagrun for example_nested_branch_dag to 2023-11-23T00:00:00+00:00, run_after=2023-11-24T00:00:00+00:00
[2023-11-24T00:29:43.810+0000] {processor.py:179} INFO - Processing /home/airflow/.local/lib/python3.8/site-packages/airflow/example_dags/example_nested_branch_dag.py took 0.066 seconds
[2023-11-24T00:30:14.455+0000] {processor.py:157} INFO - Started process (PID=1372) to work on /home/airflow/.local/lib/python3.8/site-packages/airflow/example_dags/example_nested_branch_dag.py
[2023-11-24T00:30:14.456+0000] {processor.py:829} INFO - Processing file /home/airflow/.local/lib/python3.8/site-packages/airflow/example_dags/example_nested_branch_dag.py for tasks to queue
[2023-11-24T00:30:14.458+0000] {logging_mixin.py:154} INFO - [2023-11-24T00:30:14.457+0000] {dagbag.py:536} INFO - Filling up the DagBag from /home/airflow/.local/lib/python3.8/site-packages/airflow/example_dags/example_nested_branch_dag.py
[2023-11-24T00:30:14.464+0000] {processor.py:839} INFO - DAG(s) dict_keys(['example_nested_branch_dag']) retrieved from /home/airflow/.local/lib/python3.8/site-packages/airflow/example_dags/example_nested_branch_dag.py
[2023-11-24T00:30:14.482+0000] {logging_mixin.py:154} INFO - [2023-11-24T00:30:14.481+0000] {dag.py:2941} INFO - Sync 1 DAGs
[2023-11-24T00:30:14.499+0000] {logging_mixin.py:154} INFO - [2023-11-24T00:30:14.499+0000] {dag.py:3722} INFO - Setting next_dagrun for example_nested_branch_dag to 2023-11-23T00:00:00+00:00, run_after=2023-11-24T00:00:00+00:00
[2023-11-24T00:30:14.514+0000] {processor.py:179} INFO - Processing /home/airflow/.local/lib/python3.8/site-packages/airflow/example_dags/example_nested_branch_dag.py took 0.061 seconds
[2023-11-24T00:30:45.242+0000] {processor.py:157} INFO - Started process (PID=1433) to work on /home/airflow/.local/lib/python3.8/site-packages/airflow/example_dags/example_nested_branch_dag.py
[2023-11-24T00:30:45.243+0000] {processor.py:829} INFO - Processing file /home/airflow/.local/lib/python3.8/site-packages/airflow/example_dags/example_nested_branch_dag.py for tasks to queue
[2023-11-24T00:30:45.244+0000] {logging_mixin.py:154} INFO - [2023-11-24T00:30:45.244+0000] {dagbag.py:536} INFO - Filling up the DagBag from /home/airflow/.local/lib/python3.8/site-packages/airflow/example_dags/example_nested_branch_dag.py
[2023-11-24T00:30:45.252+0000] {processor.py:839} INFO - DAG(s) dict_keys(['example_nested_branch_dag']) retrieved from /home/airflow/.local/lib/python3.8/site-packages/airflow/example_dags/example_nested_branch_dag.py
[2023-11-24T00:30:45.424+0000] {logging_mixin.py:154} INFO - [2023-11-24T00:30:45.423+0000] {dag.py:2941} INFO - Sync 1 DAGs
[2023-11-24T00:30:45.443+0000] {logging_mixin.py:154} INFO - [2023-11-24T00:30:45.443+0000] {dag.py:3722} INFO - Setting next_dagrun for example_nested_branch_dag to 2023-11-23T00:00:00+00:00, run_after=2023-11-24T00:00:00+00:00
[2023-11-24T00:30:45.460+0000] {processor.py:179} INFO - Processing /home/airflow/.local/lib/python3.8/site-packages/airflow/example_dags/example_nested_branch_dag.py took 0.221 seconds
