[2023-11-24T00:17:59.628+0000] {processor.py:157} INFO - Started process (PID=80) to work on /home/airflow/.local/lib/python3.8/site-packages/airflow/example_dags/example_sensors.py
[2023-11-24T00:17:59.629+0000] {processor.py:829} INFO - Processing file /home/airflow/.local/lib/python3.8/site-packages/airflow/example_dags/example_sensors.py for tasks to queue
[2023-11-24T00:17:59.633+0000] {logging_mixin.py:154} INFO - [2023-11-24T00:17:59.633+0000] {dagbag.py:536} INFO - Filling up the DagBag from /home/airflow/.local/lib/python3.8/site-packages/airflow/example_dags/example_sensors.py
[2023-11-24T00:17:59.648+0000] {processor.py:839} INFO - DAG(s) dict_keys(['example_sensors']) retrieved from /home/airflow/.local/lib/python3.8/site-packages/airflow/example_dags/example_sensors.py
[2023-11-24T00:17:59.665+0000] {logging_mixin.py:154} INFO - [2023-11-24T00:17:59.665+0000] {dag.py:2941} INFO - Sync 1 DAGs
[2023-11-24T00:17:59.684+0000] {logging_mixin.py:154} INFO - [2023-11-24T00:17:59.683+0000] {dag.py:3722} INFO - Setting next_dagrun for example_sensors to None, run_after=None
[2023-11-24T00:17:59.710+0000] {processor.py:179} INFO - Processing /home/airflow/.local/lib/python3.8/site-packages/airflow/example_dags/example_sensors.py took 0.088 seconds
[2023-11-24T00:18:30.428+0000] {processor.py:157} INFO - Started process (PID=134) to work on /home/airflow/.local/lib/python3.8/site-packages/airflow/example_dags/example_sensors.py
[2023-11-24T00:18:30.429+0000] {processor.py:829} INFO - Processing file /home/airflow/.local/lib/python3.8/site-packages/airflow/example_dags/example_sensors.py for tasks to queue
[2023-11-24T00:18:30.430+0000] {logging_mixin.py:154} INFO - [2023-11-24T00:18:30.430+0000] {dagbag.py:536} INFO - Filling up the DagBag from /home/airflow/.local/lib/python3.8/site-packages/airflow/example_dags/example_sensors.py
[2023-11-24T00:18:30.437+0000] {processor.py:839} INFO - DAG(s) dict_keys(['example_sensors']) retrieved from /home/airflow/.local/lib/python3.8/site-packages/airflow/example_dags/example_sensors.py
[2023-11-24T00:18:30.457+0000] {logging_mixin.py:154} INFO - [2023-11-24T00:18:30.457+0000] {dag.py:2941} INFO - Sync 1 DAGs
[2023-11-24T00:18:30.467+0000] {logging_mixin.py:154} INFO - [2023-11-24T00:18:30.467+0000] {dag.py:3722} INFO - Setting next_dagrun for example_sensors to None, run_after=None
[2023-11-24T00:18:30.481+0000] {processor.py:179} INFO - Processing /home/airflow/.local/lib/python3.8/site-packages/airflow/example_dags/example_sensors.py took 0.056 seconds
[2023-11-24T00:19:01.356+0000] {processor.py:157} INFO - Started process (PID=188) to work on /home/airflow/.local/lib/python3.8/site-packages/airflow/example_dags/example_sensors.py
[2023-11-24T00:19:01.357+0000] {processor.py:829} INFO - Processing file /home/airflow/.local/lib/python3.8/site-packages/airflow/example_dags/example_sensors.py for tasks to queue
[2023-11-24T00:19:01.358+0000] {logging_mixin.py:154} INFO - [2023-11-24T00:19:01.358+0000] {dagbag.py:536} INFO - Filling up the DagBag from /home/airflow/.local/lib/python3.8/site-packages/airflow/example_dags/example_sensors.py
[2023-11-24T00:19:01.365+0000] {processor.py:839} INFO - DAG(s) dict_keys(['example_sensors']) retrieved from /home/airflow/.local/lib/python3.8/site-packages/airflow/example_dags/example_sensors.py
[2023-11-24T00:19:01.385+0000] {logging_mixin.py:154} INFO - [2023-11-24T00:19:01.385+0000] {dag.py:2941} INFO - Sync 1 DAGs
[2023-11-24T00:19:01.395+0000] {logging_mixin.py:154} INFO - [2023-11-24T00:19:01.395+0000] {dag.py:3722} INFO - Setting next_dagrun for example_sensors to None, run_after=None
[2023-11-24T00:19:01.410+0000] {processor.py:179} INFO - Processing /home/airflow/.local/lib/python3.8/site-packages/airflow/example_dags/example_sensors.py took 0.056 seconds
[2023-11-24T00:19:31.622+0000] {processor.py:157} INFO - Started process (PID=242) to work on /home/airflow/.local/lib/python3.8/site-packages/airflow/example_dags/example_sensors.py
[2023-11-24T00:19:31.623+0000] {processor.py:829} INFO - Processing file /home/airflow/.local/lib/python3.8/site-packages/airflow/example_dags/example_sensors.py for tasks to queue
[2023-11-24T00:19:31.625+0000] {logging_mixin.py:154} INFO - [2023-11-24T00:19:31.624+0000] {dagbag.py:536} INFO - Filling up the DagBag from /home/airflow/.local/lib/python3.8/site-packages/airflow/example_dags/example_sensors.py
[2023-11-24T00:19:31.631+0000] {processor.py:839} INFO - DAG(s) dict_keys(['example_sensors']) retrieved from /home/airflow/.local/lib/python3.8/site-packages/airflow/example_dags/example_sensors.py
[2023-11-24T00:19:31.650+0000] {logging_mixin.py:154} INFO - [2023-11-24T00:19:31.650+0000] {dag.py:2941} INFO - Sync 1 DAGs
[2023-11-24T00:19:31.660+0000] {logging_mixin.py:154} INFO - [2023-11-24T00:19:31.660+0000] {dag.py:3722} INFO - Setting next_dagrun for example_sensors to None, run_after=None
[2023-11-24T00:19:31.674+0000] {processor.py:179} INFO - Processing /home/airflow/.local/lib/python3.8/site-packages/airflow/example_dags/example_sensors.py took 0.053 seconds
[2023-11-24T00:20:01.975+0000] {processor.py:157} INFO - Started process (PID=296) to work on /home/airflow/.local/lib/python3.8/site-packages/airflow/example_dags/example_sensors.py
[2023-11-24T00:20:01.976+0000] {processor.py:829} INFO - Processing file /home/airflow/.local/lib/python3.8/site-packages/airflow/example_dags/example_sensors.py for tasks to queue
[2023-11-24T00:20:01.978+0000] {logging_mixin.py:154} INFO - [2023-11-24T00:20:01.977+0000] {dagbag.py:536} INFO - Filling up the DagBag from /home/airflow/.local/lib/python3.8/site-packages/airflow/example_dags/example_sensors.py
[2023-11-24T00:20:01.984+0000] {processor.py:839} INFO - DAG(s) dict_keys(['example_sensors']) retrieved from /home/airflow/.local/lib/python3.8/site-packages/airflow/example_dags/example_sensors.py
[2023-11-24T00:20:02.004+0000] {logging_mixin.py:154} INFO - [2023-11-24T00:20:02.004+0000] {dag.py:2941} INFO - Sync 1 DAGs
[2023-11-24T00:20:02.014+0000] {logging_mixin.py:154} INFO - [2023-11-24T00:20:02.014+0000] {dag.py:3722} INFO - Setting next_dagrun for example_sensors to None, run_after=None
[2023-11-24T00:20:02.031+0000] {processor.py:179} INFO - Processing /home/airflow/.local/lib/python3.8/site-packages/airflow/example_dags/example_sensors.py took 0.058 seconds
[2023-11-24T00:20:32.255+0000] {processor.py:157} INFO - Started process (PID=350) to work on /home/airflow/.local/lib/python3.8/site-packages/airflow/example_dags/example_sensors.py
[2023-11-24T00:20:32.256+0000] {processor.py:829} INFO - Processing file /home/airflow/.local/lib/python3.8/site-packages/airflow/example_dags/example_sensors.py for tasks to queue
[2023-11-24T00:20:32.258+0000] {logging_mixin.py:154} INFO - [2023-11-24T00:20:32.257+0000] {dagbag.py:536} INFO - Filling up the DagBag from /home/airflow/.local/lib/python3.8/site-packages/airflow/example_dags/example_sensors.py
[2023-11-24T00:20:32.264+0000] {processor.py:839} INFO - DAG(s) dict_keys(['example_sensors']) retrieved from /home/airflow/.local/lib/python3.8/site-packages/airflow/example_dags/example_sensors.py
[2023-11-24T00:20:32.283+0000] {logging_mixin.py:154} INFO - [2023-11-24T00:20:32.283+0000] {dag.py:2941} INFO - Sync 1 DAGs
[2023-11-24T00:20:32.292+0000] {logging_mixin.py:154} INFO - [2023-11-24T00:20:32.292+0000] {dag.py:3722} INFO - Setting next_dagrun for example_sensors to None, run_after=None
[2023-11-24T00:20:32.306+0000] {processor.py:179} INFO - Processing /home/airflow/.local/lib/python3.8/site-packages/airflow/example_dags/example_sensors.py took 0.053 seconds
[2023-11-24T00:21:02.690+0000] {processor.py:157} INFO - Started process (PID=404) to work on /home/airflow/.local/lib/python3.8/site-packages/airflow/example_dags/example_sensors.py
[2023-11-24T00:21:02.691+0000] {processor.py:829} INFO - Processing file /home/airflow/.local/lib/python3.8/site-packages/airflow/example_dags/example_sensors.py for tasks to queue
[2023-11-24T00:21:02.692+0000] {logging_mixin.py:154} INFO - [2023-11-24T00:21:02.692+0000] {dagbag.py:536} INFO - Filling up the DagBag from /home/airflow/.local/lib/python3.8/site-packages/airflow/example_dags/example_sensors.py
[2023-11-24T00:21:02.699+0000] {processor.py:839} INFO - DAG(s) dict_keys(['example_sensors']) retrieved from /home/airflow/.local/lib/python3.8/site-packages/airflow/example_dags/example_sensors.py
[2023-11-24T00:21:02.719+0000] {logging_mixin.py:154} INFO - [2023-11-24T00:21:02.718+0000] {dag.py:2941} INFO - Sync 1 DAGs
[2023-11-24T00:21:02.729+0000] {logging_mixin.py:154} INFO - [2023-11-24T00:21:02.729+0000] {dag.py:3722} INFO - Setting next_dagrun for example_sensors to None, run_after=None
[2023-11-24T00:21:02.743+0000] {processor.py:179} INFO - Processing /home/airflow/.local/lib/python3.8/site-packages/airflow/example_dags/example_sensors.py took 0.055 seconds
[2023-11-24T00:21:33.615+0000] {processor.py:157} INFO - Started process (PID=458) to work on /home/airflow/.local/lib/python3.8/site-packages/airflow/example_dags/example_sensors.py
[2023-11-24T00:21:33.616+0000] {processor.py:829} INFO - Processing file /home/airflow/.local/lib/python3.8/site-packages/airflow/example_dags/example_sensors.py for tasks to queue
[2023-11-24T00:21:33.618+0000] {logging_mixin.py:154} INFO - [2023-11-24T00:21:33.618+0000] {dagbag.py:536} INFO - Filling up the DagBag from /home/airflow/.local/lib/python3.8/site-packages/airflow/example_dags/example_sensors.py
[2023-11-24T00:21:33.627+0000] {processor.py:839} INFO - DAG(s) dict_keys(['example_sensors']) retrieved from /home/airflow/.local/lib/python3.8/site-packages/airflow/example_dags/example_sensors.py
[2023-11-24T00:21:33.649+0000] {logging_mixin.py:154} INFO - [2023-11-24T00:21:33.649+0000] {dag.py:2941} INFO - Sync 1 DAGs
[2023-11-24T00:21:33.660+0000] {logging_mixin.py:154} INFO - [2023-11-24T00:21:33.660+0000] {dag.py:3722} INFO - Setting next_dagrun for example_sensors to None, run_after=None
[2023-11-24T00:21:33.682+0000] {processor.py:179} INFO - Processing /home/airflow/.local/lib/python3.8/site-packages/airflow/example_dags/example_sensors.py took 0.069 seconds
[2023-11-24T00:22:04.635+0000] {processor.py:157} INFO - Started process (PID=512) to work on /home/airflow/.local/lib/python3.8/site-packages/airflow/example_dags/example_sensors.py
[2023-11-24T00:22:04.636+0000] {processor.py:829} INFO - Processing file /home/airflow/.local/lib/python3.8/site-packages/airflow/example_dags/example_sensors.py for tasks to queue
[2023-11-24T00:22:04.638+0000] {logging_mixin.py:154} INFO - [2023-11-24T00:22:04.637+0000] {dagbag.py:536} INFO - Filling up the DagBag from /home/airflow/.local/lib/python3.8/site-packages/airflow/example_dags/example_sensors.py
[2023-11-24T00:22:04.645+0000] {processor.py:839} INFO - DAG(s) dict_keys(['example_sensors']) retrieved from /home/airflow/.local/lib/python3.8/site-packages/airflow/example_dags/example_sensors.py
[2023-11-24T00:22:04.667+0000] {logging_mixin.py:154} INFO - [2023-11-24T00:22:04.667+0000] {dag.py:2941} INFO - Sync 1 DAGs
[2023-11-24T00:22:04.678+0000] {logging_mixin.py:154} INFO - [2023-11-24T00:22:04.678+0000] {dag.py:3722} INFO - Setting next_dagrun for example_sensors to None, run_after=None
[2023-11-24T00:22:04.694+0000] {processor.py:179} INFO - Processing /home/airflow/.local/lib/python3.8/site-packages/airflow/example_dags/example_sensors.py took 0.061 seconds
[2023-11-24T00:22:34.827+0000] {processor.py:157} INFO - Started process (PID=566) to work on /home/airflow/.local/lib/python3.8/site-packages/airflow/example_dags/example_sensors.py
[2023-11-24T00:22:34.828+0000] {processor.py:829} INFO - Processing file /home/airflow/.local/lib/python3.8/site-packages/airflow/example_dags/example_sensors.py for tasks to queue
[2023-11-24T00:22:34.829+0000] {logging_mixin.py:154} INFO - [2023-11-24T00:22:34.829+0000] {dagbag.py:536} INFO - Filling up the DagBag from /home/airflow/.local/lib/python3.8/site-packages/airflow/example_dags/example_sensors.py
[2023-11-24T00:22:34.836+0000] {processor.py:839} INFO - DAG(s) dict_keys(['example_sensors']) retrieved from /home/airflow/.local/lib/python3.8/site-packages/airflow/example_dags/example_sensors.py
[2023-11-24T00:22:34.855+0000] {logging_mixin.py:154} INFO - [2023-11-24T00:22:34.855+0000] {dag.py:2941} INFO - Sync 1 DAGs
[2023-11-24T00:22:34.866+0000] {logging_mixin.py:154} INFO - [2023-11-24T00:22:34.865+0000] {dag.py:3722} INFO - Setting next_dagrun for example_sensors to None, run_after=None
[2023-11-24T00:22:34.880+0000] {processor.py:179} INFO - Processing /home/airflow/.local/lib/python3.8/site-packages/airflow/example_dags/example_sensors.py took 0.056 seconds
[2023-11-24T00:23:05.115+0000] {processor.py:157} INFO - Started process (PID=619) to work on /home/airflow/.local/lib/python3.8/site-packages/airflow/example_dags/example_sensors.py
[2023-11-24T00:23:05.116+0000] {processor.py:829} INFO - Processing file /home/airflow/.local/lib/python3.8/site-packages/airflow/example_dags/example_sensors.py for tasks to queue
[2023-11-24T00:23:05.118+0000] {logging_mixin.py:154} INFO - [2023-11-24T00:23:05.118+0000] {dagbag.py:536} INFO - Filling up the DagBag from /home/airflow/.local/lib/python3.8/site-packages/airflow/example_dags/example_sensors.py
[2023-11-24T00:23:05.124+0000] {processor.py:839} INFO - DAG(s) dict_keys(['example_sensors']) retrieved from /home/airflow/.local/lib/python3.8/site-packages/airflow/example_dags/example_sensors.py
[2023-11-24T00:23:05.144+0000] {logging_mixin.py:154} INFO - [2023-11-24T00:23:05.144+0000] {dag.py:2941} INFO - Sync 1 DAGs
[2023-11-24T00:23:05.154+0000] {logging_mixin.py:154} INFO - [2023-11-24T00:23:05.154+0000] {dag.py:3722} INFO - Setting next_dagrun for example_sensors to None, run_after=None
[2023-11-24T00:23:05.167+0000] {processor.py:179} INFO - Processing /home/airflow/.local/lib/python3.8/site-packages/airflow/example_dags/example_sensors.py took 0.054 seconds
[2023-11-24T00:23:35.541+0000] {processor.py:157} INFO - Started process (PID=673) to work on /home/airflow/.local/lib/python3.8/site-packages/airflow/example_dags/example_sensors.py
[2023-11-24T00:23:35.542+0000] {processor.py:829} INFO - Processing file /home/airflow/.local/lib/python3.8/site-packages/airflow/example_dags/example_sensors.py for tasks to queue
[2023-11-24T00:23:35.543+0000] {logging_mixin.py:154} INFO - [2023-11-24T00:23:35.543+0000] {dagbag.py:536} INFO - Filling up the DagBag from /home/airflow/.local/lib/python3.8/site-packages/airflow/example_dags/example_sensors.py
[2023-11-24T00:23:35.550+0000] {processor.py:839} INFO - DAG(s) dict_keys(['example_sensors']) retrieved from /home/airflow/.local/lib/python3.8/site-packages/airflow/example_dags/example_sensors.py
[2023-11-24T00:23:35.570+0000] {logging_mixin.py:154} INFO - [2023-11-24T00:23:35.570+0000] {dag.py:2941} INFO - Sync 1 DAGs
[2023-11-24T00:23:35.580+0000] {logging_mixin.py:154} INFO - [2023-11-24T00:23:35.580+0000] {dag.py:3722} INFO - Setting next_dagrun for example_sensors to None, run_after=None
[2023-11-24T00:23:35.594+0000] {processor.py:179} INFO - Processing /home/airflow/.local/lib/python3.8/site-packages/airflow/example_dags/example_sensors.py took 0.055 seconds
[2023-11-24T00:24:05.962+0000] {processor.py:157} INFO - Started process (PID=727) to work on /home/airflow/.local/lib/python3.8/site-packages/airflow/example_dags/example_sensors.py
[2023-11-24T00:24:05.963+0000] {processor.py:829} INFO - Processing file /home/airflow/.local/lib/python3.8/site-packages/airflow/example_dags/example_sensors.py for tasks to queue
[2023-11-24T00:24:05.964+0000] {logging_mixin.py:154} INFO - [2023-11-24T00:24:05.964+0000] {dagbag.py:536} INFO - Filling up the DagBag from /home/airflow/.local/lib/python3.8/site-packages/airflow/example_dags/example_sensors.py
[2023-11-24T00:24:05.971+0000] {processor.py:839} INFO - DAG(s) dict_keys(['example_sensors']) retrieved from /home/airflow/.local/lib/python3.8/site-packages/airflow/example_dags/example_sensors.py
[2023-11-24T00:24:05.993+0000] {logging_mixin.py:154} INFO - [2023-11-24T00:24:05.992+0000] {dag.py:2941} INFO - Sync 1 DAGs
[2023-11-24T00:24:06.004+0000] {logging_mixin.py:154} INFO - [2023-11-24T00:24:06.004+0000] {dag.py:3722} INFO - Setting next_dagrun for example_sensors to None, run_after=None
[2023-11-24T00:24:06.023+0000] {processor.py:179} INFO - Processing /home/airflow/.local/lib/python3.8/site-packages/airflow/example_dags/example_sensors.py took 0.063 seconds
[2023-11-24T00:24:36.158+0000] {processor.py:157} INFO - Started process (PID=781) to work on /home/airflow/.local/lib/python3.8/site-packages/airflow/example_dags/example_sensors.py
[2023-11-24T00:24:36.159+0000] {processor.py:829} INFO - Processing file /home/airflow/.local/lib/python3.8/site-packages/airflow/example_dags/example_sensors.py for tasks to queue
[2023-11-24T00:24:36.160+0000] {logging_mixin.py:154} INFO - [2023-11-24T00:24:36.160+0000] {dagbag.py:536} INFO - Filling up the DagBag from /home/airflow/.local/lib/python3.8/site-packages/airflow/example_dags/example_sensors.py
[2023-11-24T00:24:36.167+0000] {processor.py:839} INFO - DAG(s) dict_keys(['example_sensors']) retrieved from /home/airflow/.local/lib/python3.8/site-packages/airflow/example_dags/example_sensors.py
[2023-11-24T00:24:36.188+0000] {logging_mixin.py:154} INFO - [2023-11-24T00:24:36.188+0000] {dag.py:2941} INFO - Sync 1 DAGs
[2023-11-24T00:24:36.198+0000] {logging_mixin.py:154} INFO - [2023-11-24T00:24:36.198+0000] {dag.py:3722} INFO - Setting next_dagrun for example_sensors to None, run_after=None
[2023-11-24T00:24:36.214+0000] {processor.py:179} INFO - Processing /home/airflow/.local/lib/python3.8/site-packages/airflow/example_dags/example_sensors.py took 0.058 seconds
[2023-11-24T00:25:06.993+0000] {processor.py:157} INFO - Started process (PID=835) to work on /home/airflow/.local/lib/python3.8/site-packages/airflow/example_dags/example_sensors.py
[2023-11-24T00:25:06.994+0000] {processor.py:829} INFO - Processing file /home/airflow/.local/lib/python3.8/site-packages/airflow/example_dags/example_sensors.py for tasks to queue
[2023-11-24T00:25:06.996+0000] {logging_mixin.py:154} INFO - [2023-11-24T00:25:06.995+0000] {dagbag.py:536} INFO - Filling up the DagBag from /home/airflow/.local/lib/python3.8/site-packages/airflow/example_dags/example_sensors.py
[2023-11-24T00:25:07.002+0000] {processor.py:839} INFO - DAG(s) dict_keys(['example_sensors']) retrieved from /home/airflow/.local/lib/python3.8/site-packages/airflow/example_dags/example_sensors.py
[2023-11-24T00:25:07.023+0000] {logging_mixin.py:154} INFO - [2023-11-24T00:25:07.023+0000] {dag.py:2941} INFO - Sync 1 DAGs
[2023-11-24T00:25:07.033+0000] {logging_mixin.py:154} INFO - [2023-11-24T00:25:07.033+0000] {dag.py:3722} INFO - Setting next_dagrun for example_sensors to None, run_after=None
[2023-11-24T00:25:07.048+0000] {processor.py:179} INFO - Processing /home/airflow/.local/lib/python3.8/site-packages/airflow/example_dags/example_sensors.py took 0.058 seconds
[2023-11-24T00:25:37.724+0000] {processor.py:157} INFO - Started process (PID=889) to work on /home/airflow/.local/lib/python3.8/site-packages/airflow/example_dags/example_sensors.py
[2023-11-24T00:25:37.725+0000] {processor.py:829} INFO - Processing file /home/airflow/.local/lib/python3.8/site-packages/airflow/example_dags/example_sensors.py for tasks to queue
[2023-11-24T00:25:37.726+0000] {logging_mixin.py:154} INFO - [2023-11-24T00:25:37.726+0000] {dagbag.py:536} INFO - Filling up the DagBag from /home/airflow/.local/lib/python3.8/site-packages/airflow/example_dags/example_sensors.py
[2023-11-24T00:25:37.733+0000] {processor.py:839} INFO - DAG(s) dict_keys(['example_sensors']) retrieved from /home/airflow/.local/lib/python3.8/site-packages/airflow/example_dags/example_sensors.py
[2023-11-24T00:25:37.752+0000] {logging_mixin.py:154} INFO - [2023-11-24T00:25:37.752+0000] {dag.py:2941} INFO - Sync 1 DAGs
[2023-11-24T00:25:37.763+0000] {logging_mixin.py:154} INFO - [2023-11-24T00:25:37.762+0000] {dag.py:3722} INFO - Setting next_dagrun for example_sensors to None, run_after=None
[2023-11-24T00:25:37.915+0000] {processor.py:179} INFO - Processing /home/airflow/.local/lib/python3.8/site-packages/airflow/example_dags/example_sensors.py took 0.193 seconds
[2023-11-24T00:26:08.124+0000] {processor.py:157} INFO - Started process (PID=943) to work on /home/airflow/.local/lib/python3.8/site-packages/airflow/example_dags/example_sensors.py
[2023-11-24T00:26:08.125+0000] {processor.py:829} INFO - Processing file /home/airflow/.local/lib/python3.8/site-packages/airflow/example_dags/example_sensors.py for tasks to queue
[2023-11-24T00:26:08.127+0000] {logging_mixin.py:154} INFO - [2023-11-24T00:26:08.127+0000] {dagbag.py:536} INFO - Filling up the DagBag from /home/airflow/.local/lib/python3.8/site-packages/airflow/example_dags/example_sensors.py
[2023-11-24T00:26:08.133+0000] {processor.py:839} INFO - DAG(s) dict_keys(['example_sensors']) retrieved from /home/airflow/.local/lib/python3.8/site-packages/airflow/example_dags/example_sensors.py
[2023-11-24T00:26:08.153+0000] {logging_mixin.py:154} INFO - [2023-11-24T00:26:08.152+0000] {dag.py:2941} INFO - Sync 1 DAGs
[2023-11-24T00:26:08.162+0000] {logging_mixin.py:154} INFO - [2023-11-24T00:26:08.162+0000] {dag.py:3722} INFO - Setting next_dagrun for example_sensors to None, run_after=None
[2023-11-24T00:26:08.175+0000] {processor.py:179} INFO - Processing /home/airflow/.local/lib/python3.8/site-packages/airflow/example_dags/example_sensors.py took 0.053 seconds
[2023-11-24T00:26:38.736+0000] {processor.py:157} INFO - Started process (PID=997) to work on /home/airflow/.local/lib/python3.8/site-packages/airflow/example_dags/example_sensors.py
[2023-11-24T00:26:38.737+0000] {processor.py:829} INFO - Processing file /home/airflow/.local/lib/python3.8/site-packages/airflow/example_dags/example_sensors.py for tasks to queue
[2023-11-24T00:26:38.738+0000] {logging_mixin.py:154} INFO - [2023-11-24T00:26:38.738+0000] {dagbag.py:536} INFO - Filling up the DagBag from /home/airflow/.local/lib/python3.8/site-packages/airflow/example_dags/example_sensors.py
[2023-11-24T00:26:38.745+0000] {processor.py:839} INFO - DAG(s) dict_keys(['example_sensors']) retrieved from /home/airflow/.local/lib/python3.8/site-packages/airflow/example_dags/example_sensors.py
[2023-11-24T00:26:38.767+0000] {logging_mixin.py:154} INFO - [2023-11-24T00:26:38.767+0000] {dag.py:2941} INFO - Sync 1 DAGs
[2023-11-24T00:26:38.777+0000] {logging_mixin.py:154} INFO - [2023-11-24T00:26:38.776+0000] {dag.py:3722} INFO - Setting next_dagrun for example_sensors to None, run_after=None
[2023-11-24T00:26:38.792+0000] {processor.py:179} INFO - Processing /home/airflow/.local/lib/python3.8/site-packages/airflow/example_dags/example_sensors.py took 0.059 seconds
[2023-11-24T00:27:08.901+0000] {processor.py:157} INFO - Started process (PID=1051) to work on /home/airflow/.local/lib/python3.8/site-packages/airflow/example_dags/example_sensors.py
[2023-11-24T00:27:08.902+0000] {processor.py:829} INFO - Processing file /home/airflow/.local/lib/python3.8/site-packages/airflow/example_dags/example_sensors.py for tasks to queue
[2023-11-24T00:27:08.904+0000] {logging_mixin.py:154} INFO - [2023-11-24T00:27:08.904+0000] {dagbag.py:536} INFO - Filling up the DagBag from /home/airflow/.local/lib/python3.8/site-packages/airflow/example_dags/example_sensors.py
[2023-11-24T00:27:08.910+0000] {processor.py:839} INFO - DAG(s) dict_keys(['example_sensors']) retrieved from /home/airflow/.local/lib/python3.8/site-packages/airflow/example_dags/example_sensors.py
[2023-11-24T00:27:08.931+0000] {logging_mixin.py:154} INFO - [2023-11-24T00:27:08.931+0000] {dag.py:2941} INFO - Sync 1 DAGs
[2023-11-24T00:27:09.077+0000] {logging_mixin.py:154} INFO - [2023-11-24T00:27:09.077+0000] {dag.py:3722} INFO - Setting next_dagrun for example_sensors to None, run_after=None
[2023-11-24T00:27:09.091+0000] {processor.py:179} INFO - Processing /home/airflow/.local/lib/python3.8/site-packages/airflow/example_dags/example_sensors.py took 0.193 seconds
[2023-11-24T00:27:39.757+0000] {processor.py:157} INFO - Started process (PID=1105) to work on /home/airflow/.local/lib/python3.8/site-packages/airflow/example_dags/example_sensors.py
[2023-11-24T00:27:39.758+0000] {processor.py:829} INFO - Processing file /home/airflow/.local/lib/python3.8/site-packages/airflow/example_dags/example_sensors.py for tasks to queue
[2023-11-24T00:27:39.760+0000] {logging_mixin.py:154} INFO - [2023-11-24T00:27:39.760+0000] {dagbag.py:536} INFO - Filling up the DagBag from /home/airflow/.local/lib/python3.8/site-packages/airflow/example_dags/example_sensors.py
[2023-11-24T00:27:39.772+0000] {processor.py:839} INFO - DAG(s) dict_keys(['example_sensors']) retrieved from /home/airflow/.local/lib/python3.8/site-packages/airflow/example_dags/example_sensors.py
[2023-11-24T00:27:39.800+0000] {logging_mixin.py:154} INFO - [2023-11-24T00:27:39.800+0000] {dag.py:2941} INFO - Sync 1 DAGs
[2023-11-24T00:27:39.814+0000] {logging_mixin.py:154} INFO - [2023-11-24T00:27:39.813+0000] {dag.py:3722} INFO - Setting next_dagrun for example_sensors to None, run_after=None
[2023-11-24T00:27:39.835+0000] {processor.py:179} INFO - Processing /home/airflow/.local/lib/python3.8/site-packages/airflow/example_dags/example_sensors.py took 0.081 seconds
[2023-11-24T00:28:10.406+0000] {processor.py:157} INFO - Started process (PID=1159) to work on /home/airflow/.local/lib/python3.8/site-packages/airflow/example_dags/example_sensors.py
[2023-11-24T00:28:10.407+0000] {processor.py:829} INFO - Processing file /home/airflow/.local/lib/python3.8/site-packages/airflow/example_dags/example_sensors.py for tasks to queue
[2023-11-24T00:28:10.409+0000] {logging_mixin.py:154} INFO - [2023-11-24T00:28:10.409+0000] {dagbag.py:536} INFO - Filling up the DagBag from /home/airflow/.local/lib/python3.8/site-packages/airflow/example_dags/example_sensors.py
[2023-11-24T00:28:10.415+0000] {processor.py:839} INFO - DAG(s) dict_keys(['example_sensors']) retrieved from /home/airflow/.local/lib/python3.8/site-packages/airflow/example_dags/example_sensors.py
[2023-11-24T00:28:10.435+0000] {logging_mixin.py:154} INFO - [2023-11-24T00:28:10.435+0000] {dag.py:2941} INFO - Sync 1 DAGs
[2023-11-24T00:28:10.446+0000] {logging_mixin.py:154} INFO - [2023-11-24T00:28:10.445+0000] {dag.py:3722} INFO - Setting next_dagrun for example_sensors to None, run_after=None
[2023-11-24T00:28:10.460+0000] {processor.py:179} INFO - Processing /home/airflow/.local/lib/python3.8/site-packages/airflow/example_dags/example_sensors.py took 0.056 seconds
[2023-11-24T00:28:42.147+0000] {processor.py:157} INFO - Started process (PID=1213) to work on /home/airflow/.local/lib/python3.8/site-packages/airflow/example_dags/example_sensors.py
[2023-11-24T00:28:42.147+0000] {processor.py:829} INFO - Processing file /home/airflow/.local/lib/python3.8/site-packages/airflow/example_dags/example_sensors.py for tasks to queue
[2023-11-24T00:28:42.149+0000] {logging_mixin.py:154} INFO - [2023-11-24T00:28:42.149+0000] {dagbag.py:536} INFO - Filling up the DagBag from /home/airflow/.local/lib/python3.8/site-packages/airflow/example_dags/example_sensors.py
[2023-11-24T00:28:42.157+0000] {processor.py:839} INFO - DAG(s) dict_keys(['example_sensors']) retrieved from /home/airflow/.local/lib/python3.8/site-packages/airflow/example_dags/example_sensors.py
[2023-11-24T00:28:42.179+0000] {logging_mixin.py:154} INFO - [2023-11-24T00:28:42.179+0000] {dag.py:2941} INFO - Sync 1 DAGs
[2023-11-24T00:28:42.190+0000] {logging_mixin.py:154} INFO - [2023-11-24T00:28:42.189+0000] {dag.py:3722} INFO - Setting next_dagrun for example_sensors to None, run_after=None
[2023-11-24T00:28:42.206+0000] {processor.py:179} INFO - Processing /home/airflow/.local/lib/python3.8/site-packages/airflow/example_dags/example_sensors.py took 0.062 seconds
[2023-11-24T00:29:13.443+0000] {processor.py:157} INFO - Started process (PID=1268) to work on /home/airflow/.local/lib/python3.8/site-packages/airflow/example_dags/example_sensors.py
[2023-11-24T00:29:13.444+0000] {processor.py:829} INFO - Processing file /home/airflow/.local/lib/python3.8/site-packages/airflow/example_dags/example_sensors.py for tasks to queue
[2023-11-24T00:29:13.446+0000] {logging_mixin.py:154} INFO - [2023-11-24T00:29:13.446+0000] {dagbag.py:536} INFO - Filling up the DagBag from /home/airflow/.local/lib/python3.8/site-packages/airflow/example_dags/example_sensors.py
[2023-11-24T00:29:13.452+0000] {processor.py:839} INFO - DAG(s) dict_keys(['example_sensors']) retrieved from /home/airflow/.local/lib/python3.8/site-packages/airflow/example_dags/example_sensors.py
[2023-11-24T00:29:13.472+0000] {logging_mixin.py:154} INFO - [2023-11-24T00:29:13.472+0000] {dag.py:2941} INFO - Sync 1 DAGs
[2023-11-24T00:29:13.633+0000] {logging_mixin.py:154} INFO - [2023-11-24T00:29:13.632+0000] {dag.py:3722} INFO - Setting next_dagrun for example_sensors to None, run_after=None
[2023-11-24T00:29:13.655+0000] {processor.py:179} INFO - Processing /home/airflow/.local/lib/python3.8/site-packages/airflow/example_dags/example_sensors.py took 0.214 seconds
[2023-11-24T00:29:44.099+0000] {processor.py:157} INFO - Started process (PID=1322) to work on /home/airflow/.local/lib/python3.8/site-packages/airflow/example_dags/example_sensors.py
[2023-11-24T00:29:44.100+0000] {processor.py:829} INFO - Processing file /home/airflow/.local/lib/python3.8/site-packages/airflow/example_dags/example_sensors.py for tasks to queue
[2023-11-24T00:29:44.102+0000] {logging_mixin.py:154} INFO - [2023-11-24T00:29:44.102+0000] {dagbag.py:536} INFO - Filling up the DagBag from /home/airflow/.local/lib/python3.8/site-packages/airflow/example_dags/example_sensors.py
[2023-11-24T00:29:44.109+0000] {processor.py:839} INFO - DAG(s) dict_keys(['example_sensors']) retrieved from /home/airflow/.local/lib/python3.8/site-packages/airflow/example_dags/example_sensors.py
[2023-11-24T00:29:44.130+0000] {logging_mixin.py:154} INFO - [2023-11-24T00:29:44.129+0000] {dag.py:2941} INFO - Sync 1 DAGs
[2023-11-24T00:29:44.141+0000] {logging_mixin.py:154} INFO - [2023-11-24T00:29:44.140+0000] {dag.py:3722} INFO - Setting next_dagrun for example_sensors to None, run_after=None
[2023-11-24T00:29:44.158+0000] {processor.py:179} INFO - Processing /home/airflow/.local/lib/python3.8/site-packages/airflow/example_dags/example_sensors.py took 0.062 seconds
[2023-11-24T00:30:14.714+0000] {processor.py:157} INFO - Started process (PID=1376) to work on /home/airflow/.local/lib/python3.8/site-packages/airflow/example_dags/example_sensors.py
[2023-11-24T00:30:14.715+0000] {processor.py:829} INFO - Processing file /home/airflow/.local/lib/python3.8/site-packages/airflow/example_dags/example_sensors.py for tasks to queue
[2023-11-24T00:30:14.717+0000] {logging_mixin.py:154} INFO - [2023-11-24T00:30:14.717+0000] {dagbag.py:536} INFO - Filling up the DagBag from /home/airflow/.local/lib/python3.8/site-packages/airflow/example_dags/example_sensors.py
[2023-11-24T00:30:14.724+0000] {processor.py:839} INFO - DAG(s) dict_keys(['example_sensors']) retrieved from /home/airflow/.local/lib/python3.8/site-packages/airflow/example_dags/example_sensors.py
[2023-11-24T00:30:14.744+0000] {logging_mixin.py:154} INFO - [2023-11-24T00:30:14.744+0000] {dag.py:2941} INFO - Sync 1 DAGs
[2023-11-24T00:30:14.754+0000] {logging_mixin.py:154} INFO - [2023-11-24T00:30:14.754+0000] {dag.py:3722} INFO - Setting next_dagrun for example_sensors to None, run_after=None
[2023-11-24T00:30:14.769+0000] {processor.py:179} INFO - Processing /home/airflow/.local/lib/python3.8/site-packages/airflow/example_dags/example_sensors.py took 0.057 seconds
[2023-11-24T00:30:45.814+0000] {processor.py:157} INFO - Started process (PID=1437) to work on /home/airflow/.local/lib/python3.8/site-packages/airflow/example_dags/example_sensors.py
[2023-11-24T00:30:45.815+0000] {processor.py:829} INFO - Processing file /home/airflow/.local/lib/python3.8/site-packages/airflow/example_dags/example_sensors.py for tasks to queue
[2023-11-24T00:30:45.817+0000] {logging_mixin.py:154} INFO - [2023-11-24T00:30:45.817+0000] {dagbag.py:536} INFO - Filling up the DagBag from /home/airflow/.local/lib/python3.8/site-packages/airflow/example_dags/example_sensors.py
[2023-11-24T00:30:45.825+0000] {processor.py:839} INFO - DAG(s) dict_keys(['example_sensors']) retrieved from /home/airflow/.local/lib/python3.8/site-packages/airflow/example_dags/example_sensors.py
[2023-11-24T00:30:46.017+0000] {logging_mixin.py:154} INFO - [2023-11-24T00:30:46.016+0000] {dag.py:2941} INFO - Sync 1 DAGs
[2023-11-24T00:30:46.028+0000] {logging_mixin.py:154} INFO - [2023-11-24T00:30:46.027+0000] {dag.py:3722} INFO - Setting next_dagrun for example_sensors to None, run_after=None
[2023-11-24T00:30:46.045+0000] {processor.py:179} INFO - Processing /home/airflow/.local/lib/python3.8/site-packages/airflow/example_dags/example_sensors.py took 0.233 seconds
