[2023-11-24T00:17:58.737+0000] {processor.py:157} INFO - Started process (PID=67) to work on /home/airflow/.local/lib/python3.8/site-packages/airflow/example_dags/example_datasets.py
[2023-11-24T00:17:58.738+0000] {processor.py:829} INFO - Processing file /home/airflow/.local/lib/python3.8/site-packages/airflow/example_dags/example_datasets.py for tasks to queue
[2023-11-24T00:17:58.740+0000] {logging_mixin.py:154} INFO - [2023-11-24T00:17:58.740+0000] {dagbag.py:536} INFO - Filling up the DagBag from /home/airflow/.local/lib/python3.8/site-packages/airflow/example_dags/example_datasets.py
[2023-11-24T00:17:58.749+0000] {processor.py:839} INFO - DAG(s) dict_keys(['dataset_consumes_unknown_never_scheduled', 'dataset_produces_1', 'dataset_consumes_1_and_2', 'dataset_consumes_1', 'dataset_consumes_1_never_scheduled', 'dataset_produces_2']) retrieved from /home/airflow/.local/lib/python3.8/site-packages/airflow/example_dags/example_datasets.py
[2023-11-24T00:17:58.763+0000] {logging_mixin.py:154} INFO - [2023-11-24T00:17:58.763+0000] {dag.py:2941} INFO - Sync 6 DAGs
[2023-11-24T00:17:58.791+0000] {logging_mixin.py:154} INFO - [2023-11-24T00:17:58.790+0000] {dag.py:3722} INFO - Setting next_dagrun for dataset_consumes_1 to None, run_after=None
[2023-11-24T00:17:58.794+0000] {logging_mixin.py:154} INFO - [2023-11-24T00:17:58.794+0000] {dag.py:3722} INFO - Setting next_dagrun for dataset_consumes_1_and_2 to None, run_after=None
[2023-11-24T00:17:58.796+0000] {logging_mixin.py:154} INFO - [2023-11-24T00:17:58.796+0000] {dag.py:3722} INFO - Setting next_dagrun for dataset_consumes_1_never_scheduled to None, run_after=None
[2023-11-24T00:17:58.797+0000] {logging_mixin.py:154} INFO - [2023-11-24T00:17:58.797+0000] {dag.py:3722} INFO - Setting next_dagrun for dataset_consumes_unknown_never_scheduled to None, run_after=None
[2023-11-24T00:17:58.800+0000] {logging_mixin.py:154} INFO - [2023-11-24T00:17:58.800+0000] {dag.py:3722} INFO - Setting next_dagrun for dataset_produces_1 to 2023-11-23T00:00:00+00:00, run_after=2023-11-24T00:00:00+00:00
[2023-11-24T00:17:58.802+0000] {logging_mixin.py:154} INFO - [2023-11-24T00:17:58.802+0000] {dag.py:3722} INFO - Setting next_dagrun for dataset_produces_2 to None, run_after=None
[2023-11-24T00:17:58.839+0000] {processor.py:179} INFO - Processing /home/airflow/.local/lib/python3.8/site-packages/airflow/example_dags/example_datasets.py took 0.104 seconds
[2023-11-24T00:18:29.760+0000] {processor.py:157} INFO - Started process (PID=121) to work on /home/airflow/.local/lib/python3.8/site-packages/airflow/example_dags/example_datasets.py
[2023-11-24T00:18:29.761+0000] {processor.py:829} INFO - Processing file /home/airflow/.local/lib/python3.8/site-packages/airflow/example_dags/example_datasets.py for tasks to queue
[2023-11-24T00:18:29.762+0000] {logging_mixin.py:154} INFO - [2023-11-24T00:18:29.762+0000] {dagbag.py:536} INFO - Filling up the DagBag from /home/airflow/.local/lib/python3.8/site-packages/airflow/example_dags/example_datasets.py
[2023-11-24T00:18:29.769+0000] {processor.py:839} INFO - DAG(s) dict_keys(['dataset_produces_1', 'dataset_produces_2', 'dataset_consumes_1_and_2', 'dataset_consumes_1_never_scheduled', 'dataset_consumes_1', 'dataset_consumes_unknown_never_scheduled']) retrieved from /home/airflow/.local/lib/python3.8/site-packages/airflow/example_dags/example_datasets.py
[2023-11-24T00:18:29.797+0000] {logging_mixin.py:154} INFO - [2023-11-24T00:18:29.796+0000] {dag.py:2941} INFO - Sync 6 DAGs
[2023-11-24T00:18:29.814+0000] {logging_mixin.py:154} INFO - [2023-11-24T00:18:29.814+0000] {dag.py:3722} INFO - Setting next_dagrun for dataset_consumes_1 to None, run_after=None
[2023-11-24T00:18:29.817+0000] {logging_mixin.py:154} INFO - [2023-11-24T00:18:29.817+0000] {dag.py:3722} INFO - Setting next_dagrun for dataset_consumes_1_and_2 to None, run_after=None
[2023-11-24T00:18:29.818+0000] {logging_mixin.py:154} INFO - [2023-11-24T00:18:29.818+0000] {dag.py:3722} INFO - Setting next_dagrun for dataset_consumes_1_never_scheduled to None, run_after=None
[2023-11-24T00:18:29.819+0000] {logging_mixin.py:154} INFO - [2023-11-24T00:18:29.819+0000] {dag.py:3722} INFO - Setting next_dagrun for dataset_consumes_unknown_never_scheduled to None, run_after=None
[2023-11-24T00:18:29.821+0000] {logging_mixin.py:154} INFO - [2023-11-24T00:18:29.821+0000] {dag.py:3722} INFO - Setting next_dagrun for dataset_produces_1 to 2023-11-23T00:00:00+00:00, run_after=2023-11-24T00:00:00+00:00
[2023-11-24T00:18:29.822+0000] {logging_mixin.py:154} INFO - [2023-11-24T00:18:29.822+0000] {dag.py:3722} INFO - Setting next_dagrun for dataset_produces_2 to None, run_after=None
[2023-11-24T00:18:29.847+0000] {processor.py:179} INFO - Processing /home/airflow/.local/lib/python3.8/site-packages/airflow/example_dags/example_datasets.py took 0.089 seconds
[2023-11-24T00:19:00.784+0000] {processor.py:157} INFO - Started process (PID=175) to work on /home/airflow/.local/lib/python3.8/site-packages/airflow/example_dags/example_datasets.py
[2023-11-24T00:19:00.785+0000] {processor.py:829} INFO - Processing file /home/airflow/.local/lib/python3.8/site-packages/airflow/example_dags/example_datasets.py for tasks to queue
[2023-11-24T00:19:00.787+0000] {logging_mixin.py:154} INFO - [2023-11-24T00:19:00.787+0000] {dagbag.py:536} INFO - Filling up the DagBag from /home/airflow/.local/lib/python3.8/site-packages/airflow/example_dags/example_datasets.py
[2023-11-24T00:19:00.793+0000] {processor.py:839} INFO - DAG(s) dict_keys(['dataset_consumes_1', 'dataset_consumes_1_and_2', 'dataset_consumes_unknown_never_scheduled', 'dataset_consumes_1_never_scheduled', 'dataset_produces_1', 'dataset_produces_2']) retrieved from /home/airflow/.local/lib/python3.8/site-packages/airflow/example_dags/example_datasets.py
[2023-11-24T00:19:00.820+0000] {logging_mixin.py:154} INFO - [2023-11-24T00:19:00.820+0000] {dag.py:2941} INFO - Sync 6 DAGs
[2023-11-24T00:19:00.838+0000] {logging_mixin.py:154} INFO - [2023-11-24T00:19:00.838+0000] {dag.py:3722} INFO - Setting next_dagrun for dataset_consumes_1 to None, run_after=None
[2023-11-24T00:19:00.840+0000] {logging_mixin.py:154} INFO - [2023-11-24T00:19:00.840+0000] {dag.py:3722} INFO - Setting next_dagrun for dataset_consumes_1_and_2 to None, run_after=None
[2023-11-24T00:19:00.841+0000] {logging_mixin.py:154} INFO - [2023-11-24T00:19:00.841+0000] {dag.py:3722} INFO - Setting next_dagrun for dataset_consumes_1_never_scheduled to None, run_after=None
[2023-11-24T00:19:00.842+0000] {logging_mixin.py:154} INFO - [2023-11-24T00:19:00.842+0000] {dag.py:3722} INFO - Setting next_dagrun for dataset_consumes_unknown_never_scheduled to None, run_after=None
[2023-11-24T00:19:00.844+0000] {logging_mixin.py:154} INFO - [2023-11-24T00:19:00.844+0000] {dag.py:3722} INFO - Setting next_dagrun for dataset_produces_1 to 2023-11-23T00:00:00+00:00, run_after=2023-11-24T00:00:00+00:00
[2023-11-24T00:19:00.845+0000] {logging_mixin.py:154} INFO - [2023-11-24T00:19:00.845+0000] {dag.py:3722} INFO - Setting next_dagrun for dataset_produces_2 to None, run_after=None
[2023-11-24T00:19:00.869+0000] {processor.py:179} INFO - Processing /home/airflow/.local/lib/python3.8/site-packages/airflow/example_dags/example_datasets.py took 0.087 seconds
[2023-11-24T00:19:30.951+0000] {processor.py:157} INFO - Started process (PID=229) to work on /home/airflow/.local/lib/python3.8/site-packages/airflow/example_dags/example_datasets.py
[2023-11-24T00:19:30.951+0000] {processor.py:829} INFO - Processing file /home/airflow/.local/lib/python3.8/site-packages/airflow/example_dags/example_datasets.py for tasks to queue
[2023-11-24T00:19:30.953+0000] {logging_mixin.py:154} INFO - [2023-11-24T00:19:30.953+0000] {dagbag.py:536} INFO - Filling up the DagBag from /home/airflow/.local/lib/python3.8/site-packages/airflow/example_dags/example_datasets.py
[2023-11-24T00:19:30.959+0000] {processor.py:839} INFO - DAG(s) dict_keys(['dataset_consumes_1_never_scheduled', 'dataset_consumes_1_and_2', 'dataset_produces_2', 'dataset_produces_1', 'dataset_consumes_unknown_never_scheduled', 'dataset_consumes_1']) retrieved from /home/airflow/.local/lib/python3.8/site-packages/airflow/example_dags/example_datasets.py
[2023-11-24T00:19:30.986+0000] {logging_mixin.py:154} INFO - [2023-11-24T00:19:30.986+0000] {dag.py:2941} INFO - Sync 6 DAGs
[2023-11-24T00:19:31.003+0000] {logging_mixin.py:154} INFO - [2023-11-24T00:19:31.003+0000] {dag.py:3722} INFO - Setting next_dagrun for dataset_consumes_1 to None, run_after=None
[2023-11-24T00:19:31.006+0000] {logging_mixin.py:154} INFO - [2023-11-24T00:19:31.006+0000] {dag.py:3722} INFO - Setting next_dagrun for dataset_consumes_1_and_2 to None, run_after=None
[2023-11-24T00:19:31.007+0000] {logging_mixin.py:154} INFO - [2023-11-24T00:19:31.006+0000] {dag.py:3722} INFO - Setting next_dagrun for dataset_consumes_1_never_scheduled to None, run_after=None
[2023-11-24T00:19:31.007+0000] {logging_mixin.py:154} INFO - [2023-11-24T00:19:31.007+0000] {dag.py:3722} INFO - Setting next_dagrun for dataset_consumes_unknown_never_scheduled to None, run_after=None
[2023-11-24T00:19:31.010+0000] {logging_mixin.py:154} INFO - [2023-11-24T00:19:31.010+0000] {dag.py:3722} INFO - Setting next_dagrun for dataset_produces_1 to 2023-11-23T00:00:00+00:00, run_after=2023-11-24T00:00:00+00:00
[2023-11-24T00:19:31.010+0000] {logging_mixin.py:154} INFO - [2023-11-24T00:19:31.010+0000] {dag.py:3722} INFO - Setting next_dagrun for dataset_produces_2 to None, run_after=None
[2023-11-24T00:19:31.034+0000] {processor.py:179} INFO - Processing /home/airflow/.local/lib/python3.8/site-packages/airflow/example_dags/example_datasets.py took 0.085 seconds
[2023-11-24T00:20:01.315+0000] {processor.py:157} INFO - Started process (PID=283) to work on /home/airflow/.local/lib/python3.8/site-packages/airflow/example_dags/example_datasets.py
[2023-11-24T00:20:01.317+0000] {processor.py:829} INFO - Processing file /home/airflow/.local/lib/python3.8/site-packages/airflow/example_dags/example_datasets.py for tasks to queue
[2023-11-24T00:20:01.318+0000] {logging_mixin.py:154} INFO - [2023-11-24T00:20:01.318+0000] {dagbag.py:536} INFO - Filling up the DagBag from /home/airflow/.local/lib/python3.8/site-packages/airflow/example_dags/example_datasets.py
[2023-11-24T00:20:01.324+0000] {processor.py:839} INFO - DAG(s) dict_keys(['dataset_consumes_1_and_2', 'dataset_consumes_unknown_never_scheduled', 'dataset_consumes_1', 'dataset_produces_2', 'dataset_consumes_1_never_scheduled', 'dataset_produces_1']) retrieved from /home/airflow/.local/lib/python3.8/site-packages/airflow/example_dags/example_datasets.py
[2023-11-24T00:20:01.351+0000] {logging_mixin.py:154} INFO - [2023-11-24T00:20:01.351+0000] {dag.py:2941} INFO - Sync 6 DAGs
[2023-11-24T00:20:01.368+0000] {logging_mixin.py:154} INFO - [2023-11-24T00:20:01.368+0000] {dag.py:3722} INFO - Setting next_dagrun for dataset_consumes_1 to None, run_after=None
[2023-11-24T00:20:01.371+0000] {logging_mixin.py:154} INFO - [2023-11-24T00:20:01.370+0000] {dag.py:3722} INFO - Setting next_dagrun for dataset_consumes_1_and_2 to None, run_after=None
[2023-11-24T00:20:01.372+0000] {logging_mixin.py:154} INFO - [2023-11-24T00:20:01.372+0000] {dag.py:3722} INFO - Setting next_dagrun for dataset_consumes_1_never_scheduled to None, run_after=None
[2023-11-24T00:20:01.372+0000] {logging_mixin.py:154} INFO - [2023-11-24T00:20:01.372+0000] {dag.py:3722} INFO - Setting next_dagrun for dataset_consumes_unknown_never_scheduled to None, run_after=None
[2023-11-24T00:20:01.375+0000] {logging_mixin.py:154} INFO - [2023-11-24T00:20:01.375+0000] {dag.py:3722} INFO - Setting next_dagrun for dataset_produces_1 to 2023-11-23T00:00:00+00:00, run_after=2023-11-24T00:00:00+00:00
[2023-11-24T00:20:01.376+0000] {logging_mixin.py:154} INFO - [2023-11-24T00:20:01.376+0000] {dag.py:3722} INFO - Setting next_dagrun for dataset_produces_2 to None, run_after=None
[2023-11-24T00:20:01.399+0000] {processor.py:179} INFO - Processing /home/airflow/.local/lib/python3.8/site-packages/airflow/example_dags/example_datasets.py took 0.086 seconds
[2023-11-24T00:20:31.673+0000] {processor.py:157} INFO - Started process (PID=337) to work on /home/airflow/.local/lib/python3.8/site-packages/airflow/example_dags/example_datasets.py
[2023-11-24T00:20:31.674+0000] {processor.py:829} INFO - Processing file /home/airflow/.local/lib/python3.8/site-packages/airflow/example_dags/example_datasets.py for tasks to queue
[2023-11-24T00:20:31.676+0000] {logging_mixin.py:154} INFO - [2023-11-24T00:20:31.676+0000] {dagbag.py:536} INFO - Filling up the DagBag from /home/airflow/.local/lib/python3.8/site-packages/airflow/example_dags/example_datasets.py
[2023-11-24T00:20:31.683+0000] {processor.py:839} INFO - DAG(s) dict_keys(['dataset_consumes_unknown_never_scheduled', 'dataset_consumes_1_never_scheduled', 'dataset_consumes_1_and_2', 'dataset_produces_1', 'dataset_produces_2', 'dataset_consumes_1']) retrieved from /home/airflow/.local/lib/python3.8/site-packages/airflow/example_dags/example_datasets.py
[2023-11-24T00:20:31.712+0000] {logging_mixin.py:154} INFO - [2023-11-24T00:20:31.712+0000] {dag.py:2941} INFO - Sync 6 DAGs
[2023-11-24T00:20:31.731+0000] {logging_mixin.py:154} INFO - [2023-11-24T00:20:31.731+0000] {dag.py:3722} INFO - Setting next_dagrun for dataset_consumes_1 to None, run_after=None
[2023-11-24T00:20:31.734+0000] {logging_mixin.py:154} INFO - [2023-11-24T00:20:31.733+0000] {dag.py:3722} INFO - Setting next_dagrun for dataset_consumes_1_and_2 to None, run_after=None
[2023-11-24T00:20:31.735+0000] {logging_mixin.py:154} INFO - [2023-11-24T00:20:31.735+0000] {dag.py:3722} INFO - Setting next_dagrun for dataset_consumes_1_never_scheduled to None, run_after=None
[2023-11-24T00:20:31.736+0000] {logging_mixin.py:154} INFO - [2023-11-24T00:20:31.736+0000] {dag.py:3722} INFO - Setting next_dagrun for dataset_consumes_unknown_never_scheduled to None, run_after=None
[2023-11-24T00:20:31.738+0000] {logging_mixin.py:154} INFO - [2023-11-24T00:20:31.738+0000] {dag.py:3722} INFO - Setting next_dagrun for dataset_produces_1 to 2023-11-23T00:00:00+00:00, run_after=2023-11-24T00:00:00+00:00
[2023-11-24T00:20:31.739+0000] {logging_mixin.py:154} INFO - [2023-11-24T00:20:31.739+0000] {dag.py:3722} INFO - Setting next_dagrun for dataset_produces_2 to None, run_after=None
[2023-11-24T00:20:31.767+0000] {processor.py:179} INFO - Processing /home/airflow/.local/lib/python3.8/site-packages/airflow/example_dags/example_datasets.py took 0.096 seconds
[2023-11-24T00:21:01.996+0000] {processor.py:157} INFO - Started process (PID=391) to work on /home/airflow/.local/lib/python3.8/site-packages/airflow/example_dags/example_datasets.py
[2023-11-24T00:21:01.997+0000] {processor.py:829} INFO - Processing file /home/airflow/.local/lib/python3.8/site-packages/airflow/example_dags/example_datasets.py for tasks to queue
[2023-11-24T00:21:01.999+0000] {logging_mixin.py:154} INFO - [2023-11-24T00:21:01.998+0000] {dagbag.py:536} INFO - Filling up the DagBag from /home/airflow/.local/lib/python3.8/site-packages/airflow/example_dags/example_datasets.py
[2023-11-24T00:21:02.005+0000] {processor.py:839} INFO - DAG(s) dict_keys(['dataset_produces_2', 'dataset_consumes_1_and_2', 'dataset_consumes_1_never_scheduled', 'dataset_consumes_1', 'dataset_produces_1', 'dataset_consumes_unknown_never_scheduled']) retrieved from /home/airflow/.local/lib/python3.8/site-packages/airflow/example_dags/example_datasets.py
[2023-11-24T00:21:02.032+0000] {logging_mixin.py:154} INFO - [2023-11-24T00:21:02.032+0000] {dag.py:2941} INFO - Sync 6 DAGs
[2023-11-24T00:21:02.049+0000] {logging_mixin.py:154} INFO - [2023-11-24T00:21:02.049+0000] {dag.py:3722} INFO - Setting next_dagrun for dataset_consumes_1 to None, run_after=None
[2023-11-24T00:21:02.052+0000] {logging_mixin.py:154} INFO - [2023-11-24T00:21:02.052+0000] {dag.py:3722} INFO - Setting next_dagrun for dataset_consumes_1_and_2 to None, run_after=None
[2023-11-24T00:21:02.053+0000] {logging_mixin.py:154} INFO - [2023-11-24T00:21:02.053+0000] {dag.py:3722} INFO - Setting next_dagrun for dataset_consumes_1_never_scheduled to None, run_after=None
[2023-11-24T00:21:02.054+0000] {logging_mixin.py:154} INFO - [2023-11-24T00:21:02.053+0000] {dag.py:3722} INFO - Setting next_dagrun for dataset_consumes_unknown_never_scheduled to None, run_after=None
[2023-11-24T00:21:02.056+0000] {logging_mixin.py:154} INFO - [2023-11-24T00:21:02.056+0000] {dag.py:3722} INFO - Setting next_dagrun for dataset_produces_1 to 2023-11-23T00:00:00+00:00, run_after=2023-11-24T00:00:00+00:00
[2023-11-24T00:21:02.057+0000] {logging_mixin.py:154} INFO - [2023-11-24T00:21:02.057+0000] {dag.py:3722} INFO - Setting next_dagrun for dataset_produces_2 to None, run_after=None
[2023-11-24T00:21:02.081+0000] {processor.py:179} INFO - Processing /home/airflow/.local/lib/python3.8/site-packages/airflow/example_dags/example_datasets.py took 0.087 seconds
[2023-11-24T00:21:32.826+0000] {processor.py:157} INFO - Started process (PID=445) to work on /home/airflow/.local/lib/python3.8/site-packages/airflow/example_dags/example_datasets.py
[2023-11-24T00:21:32.826+0000] {processor.py:829} INFO - Processing file /home/airflow/.local/lib/python3.8/site-packages/airflow/example_dags/example_datasets.py for tasks to queue
[2023-11-24T00:21:32.828+0000] {logging_mixin.py:154} INFO - [2023-11-24T00:21:32.828+0000] {dagbag.py:536} INFO - Filling up the DagBag from /home/airflow/.local/lib/python3.8/site-packages/airflow/example_dags/example_datasets.py
[2023-11-24T00:21:32.836+0000] {processor.py:839} INFO - DAG(s) dict_keys(['dataset_consumes_1_never_scheduled', 'dataset_consumes_unknown_never_scheduled', 'dataset_produces_2', 'dataset_produces_1', 'dataset_consumes_1', 'dataset_consumes_1_and_2']) retrieved from /home/airflow/.local/lib/python3.8/site-packages/airflow/example_dags/example_datasets.py
[2023-11-24T00:21:32.868+0000] {logging_mixin.py:154} INFO - [2023-11-24T00:21:32.868+0000] {dag.py:2941} INFO - Sync 6 DAGs
[2023-11-24T00:21:32.888+0000] {logging_mixin.py:154} INFO - [2023-11-24T00:21:32.888+0000] {dag.py:3722} INFO - Setting next_dagrun for dataset_consumes_1 to None, run_after=None
[2023-11-24T00:21:32.891+0000] {logging_mixin.py:154} INFO - [2023-11-24T00:21:32.891+0000] {dag.py:3722} INFO - Setting next_dagrun for dataset_consumes_1_and_2 to None, run_after=None
[2023-11-24T00:21:32.893+0000] {logging_mixin.py:154} INFO - [2023-11-24T00:21:32.893+0000] {dag.py:3722} INFO - Setting next_dagrun for dataset_consumes_1_never_scheduled to None, run_after=None
[2023-11-24T00:21:32.894+0000] {logging_mixin.py:154} INFO - [2023-11-24T00:21:32.894+0000] {dag.py:3722} INFO - Setting next_dagrun for dataset_consumes_unknown_never_scheduled to None, run_after=None
[2023-11-24T00:21:32.897+0000] {logging_mixin.py:154} INFO - [2023-11-24T00:21:32.896+0000] {dag.py:3722} INFO - Setting next_dagrun for dataset_produces_1 to 2023-11-23T00:00:00+00:00, run_after=2023-11-24T00:00:00+00:00
[2023-11-24T00:21:32.898+0000] {logging_mixin.py:154} INFO - [2023-11-24T00:21:32.898+0000] {dag.py:3722} INFO - Setting next_dagrun for dataset_produces_2 to None, run_after=None
[2023-11-24T00:21:32.924+0000] {processor.py:179} INFO - Processing /home/airflow/.local/lib/python3.8/site-packages/airflow/example_dags/example_datasets.py took 0.100 seconds
[2023-11-24T00:22:02.956+0000] {processor.py:157} INFO - Started process (PID=499) to work on /home/airflow/.local/lib/python3.8/site-packages/airflow/example_dags/example_datasets.py
[2023-11-24T00:22:02.957+0000] {processor.py:829} INFO - Processing file /home/airflow/.local/lib/python3.8/site-packages/airflow/example_dags/example_datasets.py for tasks to queue
[2023-11-24T00:22:02.958+0000] {logging_mixin.py:154} INFO - [2023-11-24T00:22:02.958+0000] {dagbag.py:536} INFO - Filling up the DagBag from /home/airflow/.local/lib/python3.8/site-packages/airflow/example_dags/example_datasets.py
[2023-11-24T00:22:02.964+0000] {processor.py:839} INFO - DAG(s) dict_keys(['dataset_consumes_unknown_never_scheduled', 'dataset_produces_1', 'dataset_consumes_1_and_2', 'dataset_consumes_1', 'dataset_produces_2', 'dataset_consumes_1_never_scheduled']) retrieved from /home/airflow/.local/lib/python3.8/site-packages/airflow/example_dags/example_datasets.py
[2023-11-24T00:22:02.991+0000] {logging_mixin.py:154} INFO - [2023-11-24T00:22:02.991+0000] {dag.py:2941} INFO - Sync 6 DAGs
[2023-11-24T00:22:03.009+0000] {logging_mixin.py:154} INFO - [2023-11-24T00:22:03.009+0000] {dag.py:3722} INFO - Setting next_dagrun for dataset_consumes_1 to None, run_after=None
[2023-11-24T00:22:03.011+0000] {logging_mixin.py:154} INFO - [2023-11-24T00:22:03.011+0000] {dag.py:3722} INFO - Setting next_dagrun for dataset_consumes_1_and_2 to None, run_after=None
[2023-11-24T00:22:03.012+0000] {logging_mixin.py:154} INFO - [2023-11-24T00:22:03.012+0000] {dag.py:3722} INFO - Setting next_dagrun for dataset_consumes_1_never_scheduled to None, run_after=None
[2023-11-24T00:22:03.013+0000] {logging_mixin.py:154} INFO - [2023-11-24T00:22:03.013+0000] {dag.py:3722} INFO - Setting next_dagrun for dataset_consumes_unknown_never_scheduled to None, run_after=None
[2023-11-24T00:22:03.015+0000] {logging_mixin.py:154} INFO - [2023-11-24T00:22:03.015+0000] {dag.py:3722} INFO - Setting next_dagrun for dataset_produces_1 to 2023-11-23T00:00:00+00:00, run_after=2023-11-24T00:00:00+00:00
[2023-11-24T00:22:03.016+0000] {logging_mixin.py:154} INFO - [2023-11-24T00:22:03.016+0000] {dag.py:3722} INFO - Setting next_dagrun for dataset_produces_2 to None, run_after=None
[2023-11-24T00:22:03.041+0000] {processor.py:179} INFO - Processing /home/airflow/.local/lib/python3.8/site-packages/airflow/example_dags/example_datasets.py took 0.087 seconds
[2023-11-24T00:22:33.274+0000] {processor.py:157} INFO - Started process (PID=553) to work on /home/airflow/.local/lib/python3.8/site-packages/airflow/example_dags/example_datasets.py
[2023-11-24T00:22:33.275+0000] {processor.py:829} INFO - Processing file /home/airflow/.local/lib/python3.8/site-packages/airflow/example_dags/example_datasets.py for tasks to queue
[2023-11-24T00:22:33.277+0000] {logging_mixin.py:154} INFO - [2023-11-24T00:22:33.276+0000] {dagbag.py:536} INFO - Filling up the DagBag from /home/airflow/.local/lib/python3.8/site-packages/airflow/example_dags/example_datasets.py
[2023-11-24T00:22:33.283+0000] {processor.py:839} INFO - DAG(s) dict_keys(['dataset_consumes_unknown_never_scheduled', 'dataset_consumes_1_and_2', 'dataset_produces_1', 'dataset_consumes_1_never_scheduled', 'dataset_produces_2', 'dataset_consumes_1']) retrieved from /home/airflow/.local/lib/python3.8/site-packages/airflow/example_dags/example_datasets.py
[2023-11-24T00:22:33.310+0000] {logging_mixin.py:154} INFO - [2023-11-24T00:22:33.310+0000] {dag.py:2941} INFO - Sync 6 DAGs
[2023-11-24T00:22:33.328+0000] {logging_mixin.py:154} INFO - [2023-11-24T00:22:33.327+0000] {dag.py:3722} INFO - Setting next_dagrun for dataset_consumes_1 to None, run_after=None
[2023-11-24T00:22:33.330+0000] {logging_mixin.py:154} INFO - [2023-11-24T00:22:33.330+0000] {dag.py:3722} INFO - Setting next_dagrun for dataset_consumes_1_and_2 to None, run_after=None
[2023-11-24T00:22:33.331+0000] {logging_mixin.py:154} INFO - [2023-11-24T00:22:33.331+0000] {dag.py:3722} INFO - Setting next_dagrun for dataset_consumes_1_never_scheduled to None, run_after=None
[2023-11-24T00:22:33.332+0000] {logging_mixin.py:154} INFO - [2023-11-24T00:22:33.332+0000] {dag.py:3722} INFO - Setting next_dagrun for dataset_consumes_unknown_never_scheduled to None, run_after=None
[2023-11-24T00:22:33.335+0000] {logging_mixin.py:154} INFO - [2023-11-24T00:22:33.335+0000] {dag.py:3722} INFO - Setting next_dagrun for dataset_produces_1 to 2023-11-23T00:00:00+00:00, run_after=2023-11-24T00:00:00+00:00
[2023-11-24T00:22:33.336+0000] {logging_mixin.py:154} INFO - [2023-11-24T00:22:33.336+0000] {dag.py:3722} INFO - Setting next_dagrun for dataset_produces_2 to None, run_after=None
[2023-11-24T00:22:33.362+0000] {processor.py:179} INFO - Processing /home/airflow/.local/lib/python3.8/site-packages/airflow/example_dags/example_datasets.py took 0.089 seconds
[2023-11-24T00:23:03.642+0000] {processor.py:157} INFO - Started process (PID=607) to work on /home/airflow/.local/lib/python3.8/site-packages/airflow/example_dags/example_datasets.py
[2023-11-24T00:23:03.643+0000] {processor.py:829} INFO - Processing file /home/airflow/.local/lib/python3.8/site-packages/airflow/example_dags/example_datasets.py for tasks to queue
[2023-11-24T00:23:03.645+0000] {logging_mixin.py:154} INFO - [2023-11-24T00:23:03.644+0000] {dagbag.py:536} INFO - Filling up the DagBag from /home/airflow/.local/lib/python3.8/site-packages/airflow/example_dags/example_datasets.py
[2023-11-24T00:23:03.653+0000] {processor.py:839} INFO - DAG(s) dict_keys(['dataset_consumes_1', 'dataset_consumes_1_and_2', 'dataset_consumes_1_never_scheduled', 'dataset_produces_1', 'dataset_produces_2', 'dataset_consumes_unknown_never_scheduled']) retrieved from /home/airflow/.local/lib/python3.8/site-packages/airflow/example_dags/example_datasets.py
[2023-11-24T00:23:03.686+0000] {logging_mixin.py:154} INFO - [2023-11-24T00:23:03.686+0000] {dag.py:2941} INFO - Sync 6 DAGs
[2023-11-24T00:23:03.706+0000] {logging_mixin.py:154} INFO - [2023-11-24T00:23:03.706+0000] {dag.py:3722} INFO - Setting next_dagrun for dataset_consumes_1 to None, run_after=None
[2023-11-24T00:23:03.710+0000] {logging_mixin.py:154} INFO - [2023-11-24T00:23:03.710+0000] {dag.py:3722} INFO - Setting next_dagrun for dataset_consumes_1_and_2 to None, run_after=None
[2023-11-24T00:23:03.711+0000] {logging_mixin.py:154} INFO - [2023-11-24T00:23:03.711+0000] {dag.py:3722} INFO - Setting next_dagrun for dataset_consumes_1_never_scheduled to None, run_after=None
[2023-11-24T00:23:03.712+0000] {logging_mixin.py:154} INFO - [2023-11-24T00:23:03.712+0000] {dag.py:3722} INFO - Setting next_dagrun for dataset_consumes_unknown_never_scheduled to None, run_after=None
[2023-11-24T00:23:03.714+0000] {logging_mixin.py:154} INFO - [2023-11-24T00:23:03.714+0000] {dag.py:3722} INFO - Setting next_dagrun for dataset_produces_1 to 2023-11-23T00:00:00+00:00, run_after=2023-11-24T00:00:00+00:00
[2023-11-24T00:23:03.715+0000] {logging_mixin.py:154} INFO - [2023-11-24T00:23:03.715+0000] {dag.py:3722} INFO - Setting next_dagrun for dataset_produces_2 to None, run_after=None
[2023-11-24T00:23:03.743+0000] {processor.py:179} INFO - Processing /home/airflow/.local/lib/python3.8/site-packages/airflow/example_dags/example_datasets.py took 0.104 seconds
[2023-11-24T00:23:33.996+0000] {processor.py:157} INFO - Started process (PID=661) to work on /home/airflow/.local/lib/python3.8/site-packages/airflow/example_dags/example_datasets.py
[2023-11-24T00:23:33.997+0000] {processor.py:829} INFO - Processing file /home/airflow/.local/lib/python3.8/site-packages/airflow/example_dags/example_datasets.py for tasks to queue
[2023-11-24T00:23:33.999+0000] {logging_mixin.py:154} INFO - [2023-11-24T00:23:33.998+0000] {dagbag.py:536} INFO - Filling up the DagBag from /home/airflow/.local/lib/python3.8/site-packages/airflow/example_dags/example_datasets.py
[2023-11-24T00:23:34.005+0000] {processor.py:839} INFO - DAG(s) dict_keys(['dataset_consumes_1_and_2', 'dataset_consumes_unknown_never_scheduled', 'dataset_produces_2', 'dataset_consumes_1', 'dataset_consumes_1_never_scheduled', 'dataset_produces_1']) retrieved from /home/airflow/.local/lib/python3.8/site-packages/airflow/example_dags/example_datasets.py
[2023-11-24T00:23:34.032+0000] {logging_mixin.py:154} INFO - [2023-11-24T00:23:34.032+0000] {dag.py:2941} INFO - Sync 6 DAGs
[2023-11-24T00:23:34.051+0000] {logging_mixin.py:154} INFO - [2023-11-24T00:23:34.050+0000] {dag.py:3722} INFO - Setting next_dagrun for dataset_consumes_1 to None, run_after=None
[2023-11-24T00:23:34.053+0000] {logging_mixin.py:154} INFO - [2023-11-24T00:23:34.053+0000] {dag.py:3722} INFO - Setting next_dagrun for dataset_consumes_1_and_2 to None, run_after=None
[2023-11-24T00:23:34.054+0000] {logging_mixin.py:154} INFO - [2023-11-24T00:23:34.054+0000] {dag.py:3722} INFO - Setting next_dagrun for dataset_consumes_1_never_scheduled to None, run_after=None
[2023-11-24T00:23:34.055+0000] {logging_mixin.py:154} INFO - [2023-11-24T00:23:34.055+0000] {dag.py:3722} INFO - Setting next_dagrun for dataset_consumes_unknown_never_scheduled to None, run_after=None
[2023-11-24T00:23:34.057+0000] {logging_mixin.py:154} INFO - [2023-11-24T00:23:34.057+0000] {dag.py:3722} INFO - Setting next_dagrun for dataset_produces_1 to 2023-11-23T00:00:00+00:00, run_after=2023-11-24T00:00:00+00:00
[2023-11-24T00:23:34.058+0000] {logging_mixin.py:154} INFO - [2023-11-24T00:23:34.058+0000] {dag.py:3722} INFO - Setting next_dagrun for dataset_produces_2 to None, run_after=None
[2023-11-24T00:23:34.084+0000] {processor.py:179} INFO - Processing /home/airflow/.local/lib/python3.8/site-packages/airflow/example_dags/example_datasets.py took 0.089 seconds
[2023-11-24T00:24:04.390+0000] {processor.py:157} INFO - Started process (PID=715) to work on /home/airflow/.local/lib/python3.8/site-packages/airflow/example_dags/example_datasets.py
[2023-11-24T00:24:04.391+0000] {processor.py:829} INFO - Processing file /home/airflow/.local/lib/python3.8/site-packages/airflow/example_dags/example_datasets.py for tasks to queue
[2023-11-24T00:24:04.393+0000] {logging_mixin.py:154} INFO - [2023-11-24T00:24:04.393+0000] {dagbag.py:536} INFO - Filling up the DagBag from /home/airflow/.local/lib/python3.8/site-packages/airflow/example_dags/example_datasets.py
[2023-11-24T00:24:04.400+0000] {processor.py:839} INFO - DAG(s) dict_keys(['dataset_produces_1', 'dataset_produces_2', 'dataset_consumes_1_and_2', 'dataset_consumes_unknown_never_scheduled', 'dataset_consumes_1', 'dataset_consumes_1_never_scheduled']) retrieved from /home/airflow/.local/lib/python3.8/site-packages/airflow/example_dags/example_datasets.py
[2023-11-24T00:24:04.429+0000] {logging_mixin.py:154} INFO - [2023-11-24T00:24:04.428+0000] {dag.py:2941} INFO - Sync 6 DAGs
[2023-11-24T00:24:04.448+0000] {logging_mixin.py:154} INFO - [2023-11-24T00:24:04.448+0000] {dag.py:3722} INFO - Setting next_dagrun for dataset_consumes_1 to None, run_after=None
[2023-11-24T00:24:04.450+0000] {logging_mixin.py:154} INFO - [2023-11-24T00:24:04.450+0000] {dag.py:3722} INFO - Setting next_dagrun for dataset_consumes_1_and_2 to None, run_after=None
[2023-11-24T00:24:04.451+0000] {logging_mixin.py:154} INFO - [2023-11-24T00:24:04.451+0000] {dag.py:3722} INFO - Setting next_dagrun for dataset_consumes_1_never_scheduled to None, run_after=None
[2023-11-24T00:24:04.452+0000] {logging_mixin.py:154} INFO - [2023-11-24T00:24:04.452+0000] {dag.py:3722} INFO - Setting next_dagrun for dataset_consumes_unknown_never_scheduled to None, run_after=None
[2023-11-24T00:24:04.454+0000] {logging_mixin.py:154} INFO - [2023-11-24T00:24:04.454+0000] {dag.py:3722} INFO - Setting next_dagrun for dataset_produces_1 to 2023-11-23T00:00:00+00:00, run_after=2023-11-24T00:00:00+00:00
[2023-11-24T00:24:04.455+0000] {logging_mixin.py:154} INFO - [2023-11-24T00:24:04.455+0000] {dag.py:3722} INFO - Setting next_dagrun for dataset_produces_2 to None, run_after=None
[2023-11-24T00:24:04.480+0000] {processor.py:179} INFO - Processing /home/airflow/.local/lib/python3.8/site-packages/airflow/example_dags/example_datasets.py took 0.093 seconds
[2023-11-24T00:24:34.617+0000] {processor.py:157} INFO - Started process (PID=769) to work on /home/airflow/.local/lib/python3.8/site-packages/airflow/example_dags/example_datasets.py
[2023-11-24T00:24:34.618+0000] {processor.py:829} INFO - Processing file /home/airflow/.local/lib/python3.8/site-packages/airflow/example_dags/example_datasets.py for tasks to queue
[2023-11-24T00:24:34.619+0000] {logging_mixin.py:154} INFO - [2023-11-24T00:24:34.619+0000] {dagbag.py:536} INFO - Filling up the DagBag from /home/airflow/.local/lib/python3.8/site-packages/airflow/example_dags/example_datasets.py
[2023-11-24T00:24:34.625+0000] {processor.py:839} INFO - DAG(s) dict_keys(['dataset_consumes_1', 'dataset_produces_2', 'dataset_consumes_1_and_2', 'dataset_consumes_unknown_never_scheduled', 'dataset_consumes_1_never_scheduled', 'dataset_produces_1']) retrieved from /home/airflow/.local/lib/python3.8/site-packages/airflow/example_dags/example_datasets.py
[2023-11-24T00:24:34.652+0000] {logging_mixin.py:154} INFO - [2023-11-24T00:24:34.652+0000] {dag.py:2941} INFO - Sync 6 DAGs
[2023-11-24T00:24:34.669+0000] {logging_mixin.py:154} INFO - [2023-11-24T00:24:34.669+0000] {dag.py:3722} INFO - Setting next_dagrun for dataset_consumes_1 to None, run_after=None
[2023-11-24T00:24:34.672+0000] {logging_mixin.py:154} INFO - [2023-11-24T00:24:34.672+0000] {dag.py:3722} INFO - Setting next_dagrun for dataset_consumes_1_and_2 to None, run_after=None
[2023-11-24T00:24:34.673+0000] {logging_mixin.py:154} INFO - [2023-11-24T00:24:34.673+0000] {dag.py:3722} INFO - Setting next_dagrun for dataset_consumes_1_never_scheduled to None, run_after=None
[2023-11-24T00:24:34.674+0000] {logging_mixin.py:154} INFO - [2023-11-24T00:24:34.673+0000] {dag.py:3722} INFO - Setting next_dagrun for dataset_consumes_unknown_never_scheduled to None, run_after=None
[2023-11-24T00:24:34.676+0000] {logging_mixin.py:154} INFO - [2023-11-24T00:24:34.676+0000] {dag.py:3722} INFO - Setting next_dagrun for dataset_produces_1 to 2023-11-23T00:00:00+00:00, run_after=2023-11-24T00:00:00+00:00
[2023-11-24T00:24:34.677+0000] {logging_mixin.py:154} INFO - [2023-11-24T00:24:34.676+0000] {dag.py:3722} INFO - Setting next_dagrun for dataset_produces_2 to None, run_after=None
[2023-11-24T00:24:34.699+0000] {processor.py:179} INFO - Processing /home/airflow/.local/lib/python3.8/site-packages/airflow/example_dags/example_datasets.py took 0.084 seconds
[2023-11-24T00:25:05.421+0000] {processor.py:157} INFO - Started process (PID=823) to work on /home/airflow/.local/lib/python3.8/site-packages/airflow/example_dags/example_datasets.py
[2023-11-24T00:25:05.422+0000] {processor.py:829} INFO - Processing file /home/airflow/.local/lib/python3.8/site-packages/airflow/example_dags/example_datasets.py for tasks to queue
[2023-11-24T00:25:05.423+0000] {logging_mixin.py:154} INFO - [2023-11-24T00:25:05.423+0000] {dagbag.py:536} INFO - Filling up the DagBag from /home/airflow/.local/lib/python3.8/site-packages/airflow/example_dags/example_datasets.py
[2023-11-24T00:25:05.430+0000] {processor.py:839} INFO - DAG(s) dict_keys(['dataset_consumes_1', 'dataset_consumes_unknown_never_scheduled', 'dataset_produces_2', 'dataset_consumes_1_never_scheduled', 'dataset_consumes_1_and_2', 'dataset_produces_1']) retrieved from /home/airflow/.local/lib/python3.8/site-packages/airflow/example_dags/example_datasets.py
[2023-11-24T00:25:05.456+0000] {logging_mixin.py:154} INFO - [2023-11-24T00:25:05.456+0000] {dag.py:2941} INFO - Sync 6 DAGs
[2023-11-24T00:25:05.473+0000] {logging_mixin.py:154} INFO - [2023-11-24T00:25:05.473+0000] {dag.py:3722} INFO - Setting next_dagrun for dataset_consumes_1 to None, run_after=None
[2023-11-24T00:25:05.476+0000] {logging_mixin.py:154} INFO - [2023-11-24T00:25:05.476+0000] {dag.py:3722} INFO - Setting next_dagrun for dataset_consumes_1_and_2 to None, run_after=None
[2023-11-24T00:25:05.477+0000] {logging_mixin.py:154} INFO - [2023-11-24T00:25:05.476+0000] {dag.py:3722} INFO - Setting next_dagrun for dataset_consumes_1_never_scheduled to None, run_after=None
[2023-11-24T00:25:05.477+0000] {logging_mixin.py:154} INFO - [2023-11-24T00:25:05.477+0000] {dag.py:3722} INFO - Setting next_dagrun for dataset_consumes_unknown_never_scheduled to None, run_after=None
[2023-11-24T00:25:05.480+0000] {logging_mixin.py:154} INFO - [2023-11-24T00:25:05.479+0000] {dag.py:3722} INFO - Setting next_dagrun for dataset_produces_1 to 2023-11-23T00:00:00+00:00, run_after=2023-11-24T00:00:00+00:00
[2023-11-24T00:25:05.480+0000] {logging_mixin.py:154} INFO - [2023-11-24T00:25:05.480+0000] {dag.py:3722} INFO - Setting next_dagrun for dataset_produces_2 to None, run_after=None
[2023-11-24T00:25:05.504+0000] {processor.py:179} INFO - Processing /home/airflow/.local/lib/python3.8/site-packages/airflow/example_dags/example_datasets.py took 0.086 seconds
[2023-11-24T00:25:35.633+0000] {processor.py:157} INFO - Started process (PID=877) to work on /home/airflow/.local/lib/python3.8/site-packages/airflow/example_dags/example_datasets.py
[2023-11-24T00:25:35.634+0000] {processor.py:829} INFO - Processing file /home/airflow/.local/lib/python3.8/site-packages/airflow/example_dags/example_datasets.py for tasks to queue
[2023-11-24T00:25:35.636+0000] {logging_mixin.py:154} INFO - [2023-11-24T00:25:35.636+0000] {dagbag.py:536} INFO - Filling up the DagBag from /home/airflow/.local/lib/python3.8/site-packages/airflow/example_dags/example_datasets.py
[2023-11-24T00:25:35.643+0000] {processor.py:839} INFO - DAG(s) dict_keys(['dataset_produces_1', 'dataset_consumes_1', 'dataset_consumes_1_never_scheduled', 'dataset_consumes_1_and_2', 'dataset_produces_2', 'dataset_consumes_unknown_never_scheduled']) retrieved from /home/airflow/.local/lib/python3.8/site-packages/airflow/example_dags/example_datasets.py
[2023-11-24T00:25:35.669+0000] {logging_mixin.py:154} INFO - [2023-11-24T00:25:35.669+0000] {dag.py:2941} INFO - Sync 6 DAGs
[2023-11-24T00:25:35.687+0000] {logging_mixin.py:154} INFO - [2023-11-24T00:25:35.687+0000] {dag.py:3722} INFO - Setting next_dagrun for dataset_consumes_1 to None, run_after=None
[2023-11-24T00:25:35.690+0000] {logging_mixin.py:154} INFO - [2023-11-24T00:25:35.690+0000] {dag.py:3722} INFO - Setting next_dagrun for dataset_consumes_1_and_2 to None, run_after=None
[2023-11-24T00:25:35.691+0000] {logging_mixin.py:154} INFO - [2023-11-24T00:25:35.691+0000] {dag.py:3722} INFO - Setting next_dagrun for dataset_consumes_1_never_scheduled to None, run_after=None
[2023-11-24T00:25:35.692+0000] {logging_mixin.py:154} INFO - [2023-11-24T00:25:35.691+0000] {dag.py:3722} INFO - Setting next_dagrun for dataset_consumes_unknown_never_scheduled to None, run_after=None
[2023-11-24T00:25:35.694+0000] {logging_mixin.py:154} INFO - [2023-11-24T00:25:35.694+0000] {dag.py:3722} INFO - Setting next_dagrun for dataset_produces_1 to 2023-11-23T00:00:00+00:00, run_after=2023-11-24T00:00:00+00:00
[2023-11-24T00:25:35.695+0000] {logging_mixin.py:154} INFO - [2023-11-24T00:25:35.695+0000] {dag.py:3722} INFO - Setting next_dagrun for dataset_produces_2 to None, run_after=None
[2023-11-24T00:25:35.846+0000] {processor.py:179} INFO - Processing /home/airflow/.local/lib/python3.8/site-packages/airflow/example_dags/example_datasets.py took 0.215 seconds
[2023-11-24T00:26:06.431+0000] {processor.py:157} INFO - Started process (PID=931) to work on /home/airflow/.local/lib/python3.8/site-packages/airflow/example_dags/example_datasets.py
[2023-11-24T00:26:06.431+0000] {processor.py:829} INFO - Processing file /home/airflow/.local/lib/python3.8/site-packages/airflow/example_dags/example_datasets.py for tasks to queue
[2023-11-24T00:26:06.433+0000] {logging_mixin.py:154} INFO - [2023-11-24T00:26:06.433+0000] {dagbag.py:536} INFO - Filling up the DagBag from /home/airflow/.local/lib/python3.8/site-packages/airflow/example_dags/example_datasets.py
[2023-11-24T00:26:06.440+0000] {processor.py:839} INFO - DAG(s) dict_keys(['dataset_consumes_1_and_2', 'dataset_produces_2', 'dataset_consumes_1', 'dataset_consumes_unknown_never_scheduled', 'dataset_consumes_1_never_scheduled', 'dataset_produces_1']) retrieved from /home/airflow/.local/lib/python3.8/site-packages/airflow/example_dags/example_datasets.py
[2023-11-24T00:26:06.469+0000] {logging_mixin.py:154} INFO - [2023-11-24T00:26:06.469+0000] {dag.py:2941} INFO - Sync 6 DAGs
[2023-11-24T00:26:06.492+0000] {logging_mixin.py:154} INFO - [2023-11-24T00:26:06.492+0000] {dag.py:3722} INFO - Setting next_dagrun for dataset_consumes_1 to None, run_after=None
[2023-11-24T00:26:06.498+0000] {logging_mixin.py:154} INFO - [2023-11-24T00:26:06.498+0000] {dag.py:3722} INFO - Setting next_dagrun for dataset_consumes_1_and_2 to None, run_after=None
[2023-11-24T00:26:06.502+0000] {logging_mixin.py:154} INFO - [2023-11-24T00:26:06.501+0000] {dag.py:3722} INFO - Setting next_dagrun for dataset_consumes_1_never_scheduled to None, run_after=None
[2023-11-24T00:26:06.505+0000] {logging_mixin.py:154} INFO - [2023-11-24T00:26:06.505+0000] {dag.py:3722} INFO - Setting next_dagrun for dataset_consumes_unknown_never_scheduled to None, run_after=None
[2023-11-24T00:26:06.511+0000] {logging_mixin.py:154} INFO - [2023-11-24T00:26:06.511+0000] {dag.py:3722} INFO - Setting next_dagrun for dataset_produces_1 to 2023-11-23T00:00:00+00:00, run_after=2023-11-24T00:00:00+00:00
[2023-11-24T00:26:06.514+0000] {logging_mixin.py:154} INFO - [2023-11-24T00:26:06.514+0000] {dag.py:3722} INFO - Setting next_dagrun for dataset_produces_2 to None, run_after=None
[2023-11-24T00:26:06.581+0000] {processor.py:179} INFO - Processing /home/airflow/.local/lib/python3.8/site-packages/airflow/example_dags/example_datasets.py took 0.153 seconds
[2023-11-24T00:26:37.152+0000] {processor.py:157} INFO - Started process (PID=985) to work on /home/airflow/.local/lib/python3.8/site-packages/airflow/example_dags/example_datasets.py
[2023-11-24T00:26:37.153+0000] {processor.py:829} INFO - Processing file /home/airflow/.local/lib/python3.8/site-packages/airflow/example_dags/example_datasets.py for tasks to queue
[2023-11-24T00:26:37.154+0000] {logging_mixin.py:154} INFO - [2023-11-24T00:26:37.154+0000] {dagbag.py:536} INFO - Filling up the DagBag from /home/airflow/.local/lib/python3.8/site-packages/airflow/example_dags/example_datasets.py
[2023-11-24T00:26:37.161+0000] {processor.py:839} INFO - DAG(s) dict_keys(['dataset_consumes_unknown_never_scheduled', 'dataset_consumes_1', 'dataset_produces_1', 'dataset_produces_2', 'dataset_consumes_1_and_2', 'dataset_consumes_1_never_scheduled']) retrieved from /home/airflow/.local/lib/python3.8/site-packages/airflow/example_dags/example_datasets.py
[2023-11-24T00:26:37.189+0000] {logging_mixin.py:154} INFO - [2023-11-24T00:26:37.189+0000] {dag.py:2941} INFO - Sync 6 DAGs
[2023-11-24T00:26:37.207+0000] {logging_mixin.py:154} INFO - [2023-11-24T00:26:37.207+0000] {dag.py:3722} INFO - Setting next_dagrun for dataset_consumes_1 to None, run_after=None
[2023-11-24T00:26:37.210+0000] {logging_mixin.py:154} INFO - [2023-11-24T00:26:37.210+0000] {dag.py:3722} INFO - Setting next_dagrun for dataset_consumes_1_and_2 to None, run_after=None
[2023-11-24T00:26:37.210+0000] {logging_mixin.py:154} INFO - [2023-11-24T00:26:37.210+0000] {dag.py:3722} INFO - Setting next_dagrun for dataset_consumes_1_never_scheduled to None, run_after=None
[2023-11-24T00:26:37.211+0000] {logging_mixin.py:154} INFO - [2023-11-24T00:26:37.211+0000] {dag.py:3722} INFO - Setting next_dagrun for dataset_consumes_unknown_never_scheduled to None, run_after=None
[2023-11-24T00:26:37.213+0000] {logging_mixin.py:154} INFO - [2023-11-24T00:26:37.213+0000] {dag.py:3722} INFO - Setting next_dagrun for dataset_produces_1 to 2023-11-23T00:00:00+00:00, run_after=2023-11-24T00:00:00+00:00
[2023-11-24T00:26:37.214+0000] {logging_mixin.py:154} INFO - [2023-11-24T00:26:37.214+0000] {dag.py:3722} INFO - Setting next_dagrun for dataset_produces_2 to None, run_after=None
[2023-11-24T00:26:37.238+0000] {processor.py:179} INFO - Processing /home/airflow/.local/lib/python3.8/site-packages/airflow/example_dags/example_datasets.py took 0.089 seconds
[2023-11-24T00:27:07.913+0000] {processor.py:157} INFO - Started process (PID=1039) to work on /home/airflow/.local/lib/python3.8/site-packages/airflow/example_dags/example_datasets.py
[2023-11-24T00:27:07.914+0000] {processor.py:829} INFO - Processing file /home/airflow/.local/lib/python3.8/site-packages/airflow/example_dags/example_datasets.py for tasks to queue
[2023-11-24T00:27:07.916+0000] {logging_mixin.py:154} INFO - [2023-11-24T00:27:07.916+0000] {dagbag.py:536} INFO - Filling up the DagBag from /home/airflow/.local/lib/python3.8/site-packages/airflow/example_dags/example_datasets.py
[2023-11-24T00:27:07.922+0000] {processor.py:839} INFO - DAG(s) dict_keys(['dataset_produces_2', 'dataset_produces_1', 'dataset_consumes_1_never_scheduled', 'dataset_consumes_1', 'dataset_consumes_unknown_never_scheduled', 'dataset_consumes_1_and_2']) retrieved from /home/airflow/.local/lib/python3.8/site-packages/airflow/example_dags/example_datasets.py
[2023-11-24T00:27:07.951+0000] {logging_mixin.py:154} INFO - [2023-11-24T00:27:07.951+0000] {dag.py:2941} INFO - Sync 6 DAGs
[2023-11-24T00:27:08.107+0000] {logging_mixin.py:154} INFO - [2023-11-24T00:27:08.107+0000] {dag.py:3722} INFO - Setting next_dagrun for dataset_consumes_1 to None, run_after=None
[2023-11-24T00:27:08.110+0000] {logging_mixin.py:154} INFO - [2023-11-24T00:27:08.110+0000] {dag.py:3722} INFO - Setting next_dagrun for dataset_consumes_1_and_2 to None, run_after=None
[2023-11-24T00:27:08.111+0000] {logging_mixin.py:154} INFO - [2023-11-24T00:27:08.111+0000] {dag.py:3722} INFO - Setting next_dagrun for dataset_consumes_1_never_scheduled to None, run_after=None
[2023-11-24T00:27:08.111+0000] {logging_mixin.py:154} INFO - [2023-11-24T00:27:08.111+0000] {dag.py:3722} INFO - Setting next_dagrun for dataset_consumes_unknown_never_scheduled to None, run_after=None
[2023-11-24T00:27:08.114+0000] {logging_mixin.py:154} INFO - [2023-11-24T00:27:08.113+0000] {dag.py:3722} INFO - Setting next_dagrun for dataset_produces_1 to 2023-11-23T00:00:00+00:00, run_after=2023-11-24T00:00:00+00:00
[2023-11-24T00:27:08.115+0000] {logging_mixin.py:154} INFO - [2023-11-24T00:27:08.114+0000] {dag.py:3722} INFO - Setting next_dagrun for dataset_produces_2 to None, run_after=None
[2023-11-24T00:27:08.141+0000] {processor.py:179} INFO - Processing /home/airflow/.local/lib/python3.8/site-packages/airflow/example_dags/example_datasets.py took 0.230 seconds
[2023-11-24T00:27:39.105+0000] {processor.py:157} INFO - Started process (PID=1093) to work on /home/airflow/.local/lib/python3.8/site-packages/airflow/example_dags/example_datasets.py
[2023-11-24T00:27:39.107+0000] {processor.py:829} INFO - Processing file /home/airflow/.local/lib/python3.8/site-packages/airflow/example_dags/example_datasets.py for tasks to queue
[2023-11-24T00:27:39.109+0000] {logging_mixin.py:154} INFO - [2023-11-24T00:27:39.108+0000] {dagbag.py:536} INFO - Filling up the DagBag from /home/airflow/.local/lib/python3.8/site-packages/airflow/example_dags/example_datasets.py
[2023-11-24T00:27:39.116+0000] {processor.py:839} INFO - DAG(s) dict_keys(['dataset_produces_2', 'dataset_consumes_1_and_2', 'dataset_produces_1', 'dataset_consumes_1_never_scheduled', 'dataset_consumes_1', 'dataset_consumes_unknown_never_scheduled']) retrieved from /home/airflow/.local/lib/python3.8/site-packages/airflow/example_dags/example_datasets.py
[2023-11-24T00:27:39.144+0000] {logging_mixin.py:154} INFO - [2023-11-24T00:27:39.144+0000] {dag.py:2941} INFO - Sync 6 DAGs
[2023-11-24T00:27:39.161+0000] {logging_mixin.py:154} INFO - [2023-11-24T00:27:39.161+0000] {dag.py:3722} INFO - Setting next_dagrun for dataset_consumes_1 to None, run_after=None
[2023-11-24T00:27:39.163+0000] {logging_mixin.py:154} INFO - [2023-11-24T00:27:39.163+0000] {dag.py:3722} INFO - Setting next_dagrun for dataset_consumes_1_and_2 to None, run_after=None
[2023-11-24T00:27:39.164+0000] {logging_mixin.py:154} INFO - [2023-11-24T00:27:39.164+0000] {dag.py:3722} INFO - Setting next_dagrun for dataset_consumes_1_never_scheduled to None, run_after=None
[2023-11-24T00:27:39.165+0000] {logging_mixin.py:154} INFO - [2023-11-24T00:27:39.165+0000] {dag.py:3722} INFO - Setting next_dagrun for dataset_consumes_unknown_never_scheduled to None, run_after=None
[2023-11-24T00:27:39.168+0000] {logging_mixin.py:154} INFO - [2023-11-24T00:27:39.167+0000] {dag.py:3722} INFO - Setting next_dagrun for dataset_produces_1 to 2023-11-23T00:00:00+00:00, run_after=2023-11-24T00:00:00+00:00
[2023-11-24T00:27:39.168+0000] {logging_mixin.py:154} INFO - [2023-11-24T00:27:39.168+0000] {dag.py:3722} INFO - Setting next_dagrun for dataset_produces_2 to None, run_after=None
[2023-11-24T00:27:39.341+0000] {processor.py:179} INFO - Processing /home/airflow/.local/lib/python3.8/site-packages/airflow/example_dags/example_datasets.py took 0.238 seconds
[2023-11-24T00:28:09.974+0000] {processor.py:157} INFO - Started process (PID=1147) to work on /home/airflow/.local/lib/python3.8/site-packages/airflow/example_dags/example_datasets.py
[2023-11-24T00:28:09.975+0000] {processor.py:829} INFO - Processing file /home/airflow/.local/lib/python3.8/site-packages/airflow/example_dags/example_datasets.py for tasks to queue
[2023-11-24T00:28:09.977+0000] {logging_mixin.py:154} INFO - [2023-11-24T00:28:09.977+0000] {dagbag.py:536} INFO - Filling up the DagBag from /home/airflow/.local/lib/python3.8/site-packages/airflow/example_dags/example_datasets.py
[2023-11-24T00:28:09.984+0000] {processor.py:839} INFO - DAG(s) dict_keys(['dataset_consumes_unknown_never_scheduled', 'dataset_consumes_1_and_2', 'dataset_produces_1', 'dataset_produces_2', 'dataset_consumes_1_never_scheduled', 'dataset_consumes_1']) retrieved from /home/airflow/.local/lib/python3.8/site-packages/airflow/example_dags/example_datasets.py
[2023-11-24T00:28:10.010+0000] {logging_mixin.py:154} INFO - [2023-11-24T00:28:10.010+0000] {dag.py:2941} INFO - Sync 6 DAGs
[2023-11-24T00:28:10.027+0000] {logging_mixin.py:154} INFO - [2023-11-24T00:28:10.027+0000] {dag.py:3722} INFO - Setting next_dagrun for dataset_consumes_1 to None, run_after=None
[2023-11-24T00:28:10.030+0000] {logging_mixin.py:154} INFO - [2023-11-24T00:28:10.030+0000] {dag.py:3722} INFO - Setting next_dagrun for dataset_consumes_1_and_2 to None, run_after=None
[2023-11-24T00:28:10.031+0000] {logging_mixin.py:154} INFO - [2023-11-24T00:28:10.031+0000] {dag.py:3722} INFO - Setting next_dagrun for dataset_consumes_1_never_scheduled to None, run_after=None
[2023-11-24T00:28:10.032+0000] {logging_mixin.py:154} INFO - [2023-11-24T00:28:10.032+0000] {dag.py:3722} INFO - Setting next_dagrun for dataset_consumes_unknown_never_scheduled to None, run_after=None
[2023-11-24T00:28:10.034+0000] {logging_mixin.py:154} INFO - [2023-11-24T00:28:10.034+0000] {dag.py:3722} INFO - Setting next_dagrun for dataset_produces_1 to 2023-11-23T00:00:00+00:00, run_after=2023-11-24T00:00:00+00:00
[2023-11-24T00:28:10.035+0000] {logging_mixin.py:154} INFO - [2023-11-24T00:28:10.035+0000] {dag.py:3722} INFO - Setting next_dagrun for dataset_produces_2 to None, run_after=None
[2023-11-24T00:28:10.060+0000] {processor.py:179} INFO - Processing /home/airflow/.local/lib/python3.8/site-packages/airflow/example_dags/example_datasets.py took 0.088 seconds
[2023-11-24T00:28:40.622+0000] {processor.py:157} INFO - Started process (PID=1201) to work on /home/airflow/.local/lib/python3.8/site-packages/airflow/example_dags/example_datasets.py
[2023-11-24T00:28:40.623+0000] {processor.py:829} INFO - Processing file /home/airflow/.local/lib/python3.8/site-packages/airflow/example_dags/example_datasets.py for tasks to queue
[2023-11-24T00:28:40.624+0000] {logging_mixin.py:154} INFO - [2023-11-24T00:28:40.624+0000] {dagbag.py:536} INFO - Filling up the DagBag from /home/airflow/.local/lib/python3.8/site-packages/airflow/example_dags/example_datasets.py
[2023-11-24T00:28:40.631+0000] {processor.py:839} INFO - DAG(s) dict_keys(['dataset_consumes_1_never_scheduled', 'dataset_consumes_unknown_never_scheduled', 'dataset_produces_1', 'dataset_produces_2', 'dataset_consumes_1', 'dataset_consumes_1_and_2']) retrieved from /home/airflow/.local/lib/python3.8/site-packages/airflow/example_dags/example_datasets.py
[2023-11-24T00:28:40.839+0000] {logging_mixin.py:154} INFO - [2023-11-24T00:28:40.839+0000] {dag.py:2941} INFO - Sync 6 DAGs
[2023-11-24T00:28:40.863+0000] {logging_mixin.py:154} INFO - [2023-11-24T00:28:40.862+0000] {dag.py:3722} INFO - Setting next_dagrun for dataset_consumes_1 to None, run_after=None
[2023-11-24T00:28:40.866+0000] {logging_mixin.py:154} INFO - [2023-11-24T00:28:40.865+0000] {dag.py:3722} INFO - Setting next_dagrun for dataset_consumes_1_and_2 to None, run_after=None
[2023-11-24T00:28:40.867+0000] {logging_mixin.py:154} INFO - [2023-11-24T00:28:40.867+0000] {dag.py:3722} INFO - Setting next_dagrun for dataset_consumes_1_never_scheduled to None, run_after=None
[2023-11-24T00:28:40.868+0000] {logging_mixin.py:154} INFO - [2023-11-24T00:28:40.868+0000] {dag.py:3722} INFO - Setting next_dagrun for dataset_consumes_unknown_never_scheduled to None, run_after=None
[2023-11-24T00:28:40.871+0000] {logging_mixin.py:154} INFO - [2023-11-24T00:28:40.871+0000] {dag.py:3722} INFO - Setting next_dagrun for dataset_produces_1 to 2023-11-23T00:00:00+00:00, run_after=2023-11-24T00:00:00+00:00
[2023-11-24T00:28:40.872+0000] {logging_mixin.py:154} INFO - [2023-11-24T00:28:40.872+0000] {dag.py:3722} INFO - Setting next_dagrun for dataset_produces_2 to None, run_after=None
[2023-11-24T00:28:40.897+0000] {processor.py:179} INFO - Processing /home/airflow/.local/lib/python3.8/site-packages/airflow/example_dags/example_datasets.py took 0.278 seconds
[2023-11-24T00:29:10.979+0000] {processor.py:157} INFO - Started process (PID=1255) to work on /home/airflow/.local/lib/python3.8/site-packages/airflow/example_dags/example_datasets.py
[2023-11-24T00:29:10.980+0000] {processor.py:829} INFO - Processing file /home/airflow/.local/lib/python3.8/site-packages/airflow/example_dags/example_datasets.py for tasks to queue
[2023-11-24T00:29:10.981+0000] {logging_mixin.py:154} INFO - [2023-11-24T00:29:10.981+0000] {dagbag.py:536} INFO - Filling up the DagBag from /home/airflow/.local/lib/python3.8/site-packages/airflow/example_dags/example_datasets.py
[2023-11-24T00:29:10.988+0000] {processor.py:839} INFO - DAG(s) dict_keys(['dataset_consumes_1', 'dataset_produces_1', 'dataset_consumes_unknown_never_scheduled', 'dataset_produces_2', 'dataset_consumes_1_never_scheduled', 'dataset_consumes_1_and_2']) retrieved from /home/airflow/.local/lib/python3.8/site-packages/airflow/example_dags/example_datasets.py
[2023-11-24T00:29:11.017+0000] {logging_mixin.py:154} INFO - [2023-11-24T00:29:11.017+0000] {dag.py:2941} INFO - Sync 6 DAGs
[2023-11-24T00:29:11.173+0000] {logging_mixin.py:154} INFO - [2023-11-24T00:29:11.173+0000] {dag.py:3722} INFO - Setting next_dagrun for dataset_consumes_1 to None, run_after=None
[2023-11-24T00:29:11.176+0000] {logging_mixin.py:154} INFO - [2023-11-24T00:29:11.176+0000] {dag.py:3722} INFO - Setting next_dagrun for dataset_consumes_1_and_2 to None, run_after=None
[2023-11-24T00:29:11.177+0000] {logging_mixin.py:154} INFO - [2023-11-24T00:29:11.177+0000] {dag.py:3722} INFO - Setting next_dagrun for dataset_consumes_1_never_scheduled to None, run_after=None
[2023-11-24T00:29:11.178+0000] {logging_mixin.py:154} INFO - [2023-11-24T00:29:11.178+0000] {dag.py:3722} INFO - Setting next_dagrun for dataset_consumes_unknown_never_scheduled to None, run_after=None
[2023-11-24T00:29:11.181+0000] {logging_mixin.py:154} INFO - [2023-11-24T00:29:11.180+0000] {dag.py:3722} INFO - Setting next_dagrun for dataset_produces_1 to 2023-11-23T00:00:00+00:00, run_after=2023-11-24T00:00:00+00:00
[2023-11-24T00:29:11.181+0000] {logging_mixin.py:154} INFO - [2023-11-24T00:29:11.181+0000] {dag.py:3722} INFO - Setting next_dagrun for dataset_produces_2 to None, run_after=None
[2023-11-24T00:29:11.207+0000] {processor.py:179} INFO - Processing /home/airflow/.local/lib/python3.8/site-packages/airflow/example_dags/example_datasets.py took 0.230 seconds
[2023-11-24T00:29:41.253+0000] {processor.py:157} INFO - Started process (PID=1309) to work on /home/airflow/.local/lib/python3.8/site-packages/airflow/example_dags/example_datasets.py
[2023-11-24T00:29:41.254+0000] {processor.py:829} INFO - Processing file /home/airflow/.local/lib/python3.8/site-packages/airflow/example_dags/example_datasets.py for tasks to queue
[2023-11-24T00:29:41.256+0000] {logging_mixin.py:154} INFO - [2023-11-24T00:29:41.256+0000] {dagbag.py:536} INFO - Filling up the DagBag from /home/airflow/.local/lib/python3.8/site-packages/airflow/example_dags/example_datasets.py
[2023-11-24T00:29:41.263+0000] {processor.py:839} INFO - DAG(s) dict_keys(['dataset_consumes_1', 'dataset_produces_1', 'dataset_consumes_1_never_scheduled', 'dataset_consumes_unknown_never_scheduled', 'dataset_consumes_1_and_2', 'dataset_produces_2']) retrieved from /home/airflow/.local/lib/python3.8/site-packages/airflow/example_dags/example_datasets.py
[2023-11-24T00:29:41.293+0000] {logging_mixin.py:154} INFO - [2023-11-24T00:29:41.293+0000] {dag.py:2941} INFO - Sync 6 DAGs
[2023-11-24T00:29:41.312+0000] {logging_mixin.py:154} INFO - [2023-11-24T00:29:41.312+0000] {dag.py:3722} INFO - Setting next_dagrun for dataset_consumes_1 to None, run_after=None
[2023-11-24T00:29:41.315+0000] {logging_mixin.py:154} INFO - [2023-11-24T00:29:41.315+0000] {dag.py:3722} INFO - Setting next_dagrun for dataset_consumes_1_and_2 to None, run_after=None
[2023-11-24T00:29:41.316+0000] {logging_mixin.py:154} INFO - [2023-11-24T00:29:41.316+0000] {dag.py:3722} INFO - Setting next_dagrun for dataset_consumes_1_never_scheduled to None, run_after=None
[2023-11-24T00:29:41.317+0000] {logging_mixin.py:154} INFO - [2023-11-24T00:29:41.317+0000] {dag.py:3722} INFO - Setting next_dagrun for dataset_consumes_unknown_never_scheduled to None, run_after=None
[2023-11-24T00:29:41.320+0000] {logging_mixin.py:154} INFO - [2023-11-24T00:29:41.320+0000] {dag.py:3722} INFO - Setting next_dagrun for dataset_produces_1 to 2023-11-23T00:00:00+00:00, run_after=2023-11-24T00:00:00+00:00
[2023-11-24T00:29:41.321+0000] {logging_mixin.py:154} INFO - [2023-11-24T00:29:41.321+0000] {dag.py:3722} INFO - Setting next_dagrun for dataset_produces_2 to None, run_after=None
[2023-11-24T00:29:41.486+0000] {processor.py:179} INFO - Processing /home/airflow/.local/lib/python3.8/site-packages/airflow/example_dags/example_datasets.py took 0.235 seconds
[2023-11-24T00:30:12.121+0000] {processor.py:157} INFO - Started process (PID=1363) to work on /home/airflow/.local/lib/python3.8/site-packages/airflow/example_dags/example_datasets.py
[2023-11-24T00:30:12.123+0000] {processor.py:829} INFO - Processing file /home/airflow/.local/lib/python3.8/site-packages/airflow/example_dags/example_datasets.py for tasks to queue
[2023-11-24T00:30:12.124+0000] {logging_mixin.py:154} INFO - [2023-11-24T00:30:12.124+0000] {dagbag.py:536} INFO - Filling up the DagBag from /home/airflow/.local/lib/python3.8/site-packages/airflow/example_dags/example_datasets.py
[2023-11-24T00:30:12.132+0000] {processor.py:839} INFO - DAG(s) dict_keys(['dataset_produces_2', 'dataset_produces_1', 'dataset_consumes_1', 'dataset_consumes_1_never_scheduled', 'dataset_consumes_1_and_2', 'dataset_consumes_unknown_never_scheduled']) retrieved from /home/airflow/.local/lib/python3.8/site-packages/airflow/example_dags/example_datasets.py
[2023-11-24T00:30:12.161+0000] {logging_mixin.py:154} INFO - [2023-11-24T00:30:12.161+0000] {dag.py:2941} INFO - Sync 6 DAGs
[2023-11-24T00:30:12.180+0000] {logging_mixin.py:154} INFO - [2023-11-24T00:30:12.180+0000] {dag.py:3722} INFO - Setting next_dagrun for dataset_consumes_1 to None, run_after=None
[2023-11-24T00:30:12.184+0000] {logging_mixin.py:154} INFO - [2023-11-24T00:30:12.183+0000] {dag.py:3722} INFO - Setting next_dagrun for dataset_consumes_1_and_2 to None, run_after=None
[2023-11-24T00:30:12.185+0000] {logging_mixin.py:154} INFO - [2023-11-24T00:30:12.185+0000] {dag.py:3722} INFO - Setting next_dagrun for dataset_consumes_1_never_scheduled to None, run_after=None
[2023-11-24T00:30:12.186+0000] {logging_mixin.py:154} INFO - [2023-11-24T00:30:12.185+0000] {dag.py:3722} INFO - Setting next_dagrun for dataset_consumes_unknown_never_scheduled to None, run_after=None
[2023-11-24T00:30:12.189+0000] {logging_mixin.py:154} INFO - [2023-11-24T00:30:12.189+0000] {dag.py:3722} INFO - Setting next_dagrun for dataset_produces_1 to 2023-11-23T00:00:00+00:00, run_after=2023-11-24T00:00:00+00:00
[2023-11-24T00:30:12.190+0000] {logging_mixin.py:154} INFO - [2023-11-24T00:30:12.190+0000] {dag.py:3722} INFO - Setting next_dagrun for dataset_produces_2 to None, run_after=None
[2023-11-24T00:30:12.219+0000] {processor.py:179} INFO - Processing /home/airflow/.local/lib/python3.8/site-packages/airflow/example_dags/example_datasets.py took 0.099 seconds
[2023-11-24T00:30:43.276+0000] {processor.py:157} INFO - Started process (PID=1417) to work on /home/airflow/.local/lib/python3.8/site-packages/airflow/example_dags/example_datasets.py
[2023-11-24T00:30:43.277+0000] {processor.py:829} INFO - Processing file /home/airflow/.local/lib/python3.8/site-packages/airflow/example_dags/example_datasets.py for tasks to queue
[2023-11-24T00:30:43.278+0000] {logging_mixin.py:154} INFO - [2023-11-24T00:30:43.278+0000] {dagbag.py:536} INFO - Filling up the DagBag from /home/airflow/.local/lib/python3.8/site-packages/airflow/example_dags/example_datasets.py
[2023-11-24T00:30:43.286+0000] {processor.py:839} INFO - DAG(s) dict_keys(['dataset_consumes_unknown_never_scheduled', 'dataset_produces_2', 'dataset_consumes_1_never_scheduled', 'dataset_consumes_1_and_2', 'dataset_produces_1', 'dataset_consumes_1']) retrieved from /home/airflow/.local/lib/python3.8/site-packages/airflow/example_dags/example_datasets.py
[2023-11-24T00:30:43.316+0000] {logging_mixin.py:154} INFO - [2023-11-24T00:30:43.316+0000] {dag.py:2941} INFO - Sync 6 DAGs
[2023-11-24T00:30:43.474+0000] {logging_mixin.py:154} INFO - [2023-11-24T00:30:43.474+0000] {dag.py:3722} INFO - Setting next_dagrun for dataset_consumes_1 to None, run_after=None
[2023-11-24T00:30:43.477+0000] {logging_mixin.py:154} INFO - [2023-11-24T00:30:43.477+0000] {dag.py:3722} INFO - Setting next_dagrun for dataset_consumes_1_and_2 to None, run_after=None
[2023-11-24T00:30:43.478+0000] {logging_mixin.py:154} INFO - [2023-11-24T00:30:43.478+0000] {dag.py:3722} INFO - Setting next_dagrun for dataset_consumes_1_never_scheduled to None, run_after=None
[2023-11-24T00:30:43.479+0000] {logging_mixin.py:154} INFO - [2023-11-24T00:30:43.479+0000] {dag.py:3722} INFO - Setting next_dagrun for dataset_consumes_unknown_never_scheduled to None, run_after=None
[2023-11-24T00:30:43.481+0000] {logging_mixin.py:154} INFO - [2023-11-24T00:30:43.481+0000] {dag.py:3722} INFO - Setting next_dagrun for dataset_produces_1 to 2023-11-23T00:00:00+00:00, run_after=2023-11-24T00:00:00+00:00
[2023-11-24T00:30:43.483+0000] {logging_mixin.py:154} INFO - [2023-11-24T00:30:43.483+0000] {dag.py:3722} INFO - Setting next_dagrun for dataset_produces_2 to None, run_after=None
[2023-11-24T00:30:43.510+0000] {processor.py:179} INFO - Processing /home/airflow/.local/lib/python3.8/site-packages/airflow/example_dags/example_datasets.py took 0.236 seconds
