[2023-11-24T00:17:57.541+0000] {processor.py:157} INFO - Started process (PID=45) to work on /home/airflow/.local/lib/python3.8/site-packages/airflow/example_dags/example_external_task_marker_dag.py
[2023-11-24T00:17:57.541+0000] {processor.py:829} INFO - Processing file /home/airflow/.local/lib/python3.8/site-packages/airflow/example_dags/example_external_task_marker_dag.py for tasks to queue
[2023-11-24T00:17:57.543+0000] {logging_mixin.py:154} INFO - [2023-11-24T00:17:57.542+0000] {dagbag.py:536} INFO - Filling up the DagBag from /home/airflow/.local/lib/python3.8/site-packages/airflow/example_dags/example_external_task_marker_dag.py
[2023-11-24T00:17:57.550+0000] {processor.py:839} INFO - DAG(s) dict_keys(['example_external_task_marker_child', 'example_external_task_marker_parent']) retrieved from /home/airflow/.local/lib/python3.8/site-packages/airflow/example_dags/example_external_task_marker_dag.py
[2023-11-24T00:17:57.560+0000] {logging_mixin.py:154} INFO - [2023-11-24T00:17:57.560+0000] {dag.py:2941} INFO - Sync 2 DAGs
[2023-11-24T00:17:57.572+0000] {logging_mixin.py:154} INFO - [2023-11-24T00:17:57.572+0000] {dag.py:3722} INFO - Setting next_dagrun for example_external_task_marker_child to None, run_after=None
[2023-11-24T00:17:57.575+0000] {logging_mixin.py:154} INFO - [2023-11-24T00:17:57.575+0000] {dag.py:3722} INFO - Setting next_dagrun for example_external_task_marker_parent to None, run_after=None
[2023-11-24T00:17:57.589+0000] {processor.py:179} INFO - Processing /home/airflow/.local/lib/python3.8/site-packages/airflow/example_dags/example_external_task_marker_dag.py took 0.050 seconds
[2023-11-24T00:18:27.763+0000] {processor.py:157} INFO - Started process (PID=99) to work on /home/airflow/.local/lib/python3.8/site-packages/airflow/example_dags/example_external_task_marker_dag.py
[2023-11-24T00:18:27.764+0000] {processor.py:829} INFO - Processing file /home/airflow/.local/lib/python3.8/site-packages/airflow/example_dags/example_external_task_marker_dag.py for tasks to queue
[2023-11-24T00:18:27.765+0000] {logging_mixin.py:154} INFO - [2023-11-24T00:18:27.765+0000] {dagbag.py:536} INFO - Filling up the DagBag from /home/airflow/.local/lib/python3.8/site-packages/airflow/example_dags/example_external_task_marker_dag.py
[2023-11-24T00:18:27.769+0000] {processor.py:839} INFO - DAG(s) dict_keys(['example_external_task_marker_child', 'example_external_task_marker_parent']) retrieved from /home/airflow/.local/lib/python3.8/site-packages/airflow/example_dags/example_external_task_marker_dag.py
[2023-11-24T00:18:27.790+0000] {logging_mixin.py:154} INFO - [2023-11-24T00:18:27.789+0000] {dag.py:2941} INFO - Sync 2 DAGs
[2023-11-24T00:18:27.799+0000] {logging_mixin.py:154} INFO - [2023-11-24T00:18:27.799+0000] {dag.py:3722} INFO - Setting next_dagrun for example_external_task_marker_child to None, run_after=None
[2023-11-24T00:18:27.802+0000] {logging_mixin.py:154} INFO - [2023-11-24T00:18:27.802+0000] {dag.py:3722} INFO - Setting next_dagrun for example_external_task_marker_parent to None, run_after=None
[2023-11-24T00:18:27.816+0000] {processor.py:179} INFO - Processing /home/airflow/.local/lib/python3.8/site-packages/airflow/example_dags/example_external_task_marker_dag.py took 0.055 seconds
[2023-11-24T00:18:57.873+0000] {processor.py:157} INFO - Started process (PID=153) to work on /home/airflow/.local/lib/python3.8/site-packages/airflow/example_dags/example_external_task_marker_dag.py
[2023-11-24T00:18:57.874+0000] {processor.py:829} INFO - Processing file /home/airflow/.local/lib/python3.8/site-packages/airflow/example_dags/example_external_task_marker_dag.py for tasks to queue
[2023-11-24T00:18:57.875+0000] {logging_mixin.py:154} INFO - [2023-11-24T00:18:57.875+0000] {dagbag.py:536} INFO - Filling up the DagBag from /home/airflow/.local/lib/python3.8/site-packages/airflow/example_dags/example_external_task_marker_dag.py
[2023-11-24T00:18:57.879+0000] {processor.py:839} INFO - DAG(s) dict_keys(['example_external_task_marker_child', 'example_external_task_marker_parent']) retrieved from /home/airflow/.local/lib/python3.8/site-packages/airflow/example_dags/example_external_task_marker_dag.py
[2023-11-24T00:18:57.898+0000] {logging_mixin.py:154} INFO - [2023-11-24T00:18:57.898+0000] {dag.py:2941} INFO - Sync 2 DAGs
[2023-11-24T00:18:57.908+0000] {logging_mixin.py:154} INFO - [2023-11-24T00:18:57.908+0000] {dag.py:3722} INFO - Setting next_dagrun for example_external_task_marker_child to None, run_after=None
[2023-11-24T00:18:57.910+0000] {logging_mixin.py:154} INFO - [2023-11-24T00:18:57.910+0000] {dag.py:3722} INFO - Setting next_dagrun for example_external_task_marker_parent to None, run_after=None
[2023-11-24T00:18:57.922+0000] {processor.py:179} INFO - Processing /home/airflow/.local/lib/python3.8/site-packages/airflow/example_dags/example_external_task_marker_dag.py took 0.051 seconds
[2023-11-24T00:19:28.186+0000] {processor.py:157} INFO - Started process (PID=207) to work on /home/airflow/.local/lib/python3.8/site-packages/airflow/example_dags/example_external_task_marker_dag.py
[2023-11-24T00:19:28.187+0000] {processor.py:829} INFO - Processing file /home/airflow/.local/lib/python3.8/site-packages/airflow/example_dags/example_external_task_marker_dag.py for tasks to queue
[2023-11-24T00:19:28.189+0000] {logging_mixin.py:154} INFO - [2023-11-24T00:19:28.188+0000] {dagbag.py:536} INFO - Filling up the DagBag from /home/airflow/.local/lib/python3.8/site-packages/airflow/example_dags/example_external_task_marker_dag.py
[2023-11-24T00:19:28.192+0000] {processor.py:839} INFO - DAG(s) dict_keys(['example_external_task_marker_child', 'example_external_task_marker_parent']) retrieved from /home/airflow/.local/lib/python3.8/site-packages/airflow/example_dags/example_external_task_marker_dag.py
[2023-11-24T00:19:28.210+0000] {logging_mixin.py:154} INFO - [2023-11-24T00:19:28.210+0000] {dag.py:2941} INFO - Sync 2 DAGs
[2023-11-24T00:19:28.220+0000] {logging_mixin.py:154} INFO - [2023-11-24T00:19:28.220+0000] {dag.py:3722} INFO - Setting next_dagrun for example_external_task_marker_child to None, run_after=None
[2023-11-24T00:19:28.222+0000] {logging_mixin.py:154} INFO - [2023-11-24T00:19:28.222+0000] {dag.py:3722} INFO - Setting next_dagrun for example_external_task_marker_parent to None, run_after=None
[2023-11-24T00:19:28.234+0000] {processor.py:179} INFO - Processing /home/airflow/.local/lib/python3.8/site-packages/airflow/example_dags/example_external_task_marker_dag.py took 0.050 seconds
[2023-11-24T00:19:58.479+0000] {processor.py:157} INFO - Started process (PID=261) to work on /home/airflow/.local/lib/python3.8/site-packages/airflow/example_dags/example_external_task_marker_dag.py
[2023-11-24T00:19:58.480+0000] {processor.py:829} INFO - Processing file /home/airflow/.local/lib/python3.8/site-packages/airflow/example_dags/example_external_task_marker_dag.py for tasks to queue
[2023-11-24T00:19:58.482+0000] {logging_mixin.py:154} INFO - [2023-11-24T00:19:58.481+0000] {dagbag.py:536} INFO - Filling up the DagBag from /home/airflow/.local/lib/python3.8/site-packages/airflow/example_dags/example_external_task_marker_dag.py
[2023-11-24T00:19:58.485+0000] {processor.py:839} INFO - DAG(s) dict_keys(['example_external_task_marker_child', 'example_external_task_marker_parent']) retrieved from /home/airflow/.local/lib/python3.8/site-packages/airflow/example_dags/example_external_task_marker_dag.py
[2023-11-24T00:19:58.504+0000] {logging_mixin.py:154} INFO - [2023-11-24T00:19:58.504+0000] {dag.py:2941} INFO - Sync 2 DAGs
[2023-11-24T00:19:58.516+0000] {logging_mixin.py:154} INFO - [2023-11-24T00:19:58.515+0000] {dag.py:3722} INFO - Setting next_dagrun for example_external_task_marker_child to None, run_after=None
[2023-11-24T00:19:58.518+0000] {logging_mixin.py:154} INFO - [2023-11-24T00:19:58.518+0000] {dag.py:3722} INFO - Setting next_dagrun for example_external_task_marker_parent to None, run_after=None
[2023-11-24T00:19:58.529+0000] {processor.py:179} INFO - Processing /home/airflow/.local/lib/python3.8/site-packages/airflow/example_dags/example_external_task_marker_dag.py took 0.052 seconds
[2023-11-24T00:20:28.878+0000] {processor.py:157} INFO - Started process (PID=315) to work on /home/airflow/.local/lib/python3.8/site-packages/airflow/example_dags/example_external_task_marker_dag.py
[2023-11-24T00:20:28.879+0000] {processor.py:829} INFO - Processing file /home/airflow/.local/lib/python3.8/site-packages/airflow/example_dags/example_external_task_marker_dag.py for tasks to queue
[2023-11-24T00:20:28.880+0000] {logging_mixin.py:154} INFO - [2023-11-24T00:20:28.880+0000] {dagbag.py:536} INFO - Filling up the DagBag from /home/airflow/.local/lib/python3.8/site-packages/airflow/example_dags/example_external_task_marker_dag.py
[2023-11-24T00:20:28.884+0000] {processor.py:839} INFO - DAG(s) dict_keys(['example_external_task_marker_child', 'example_external_task_marker_parent']) retrieved from /home/airflow/.local/lib/python3.8/site-packages/airflow/example_dags/example_external_task_marker_dag.py
[2023-11-24T00:20:28.902+0000] {logging_mixin.py:154} INFO - [2023-11-24T00:20:28.902+0000] {dag.py:2941} INFO - Sync 2 DAGs
[2023-11-24T00:20:28.911+0000] {logging_mixin.py:154} INFO - [2023-11-24T00:20:28.911+0000] {dag.py:3722} INFO - Setting next_dagrun for example_external_task_marker_child to None, run_after=None
[2023-11-24T00:20:28.914+0000] {logging_mixin.py:154} INFO - [2023-11-24T00:20:28.914+0000] {dag.py:3722} INFO - Setting next_dagrun for example_external_task_marker_parent to None, run_after=None
[2023-11-24T00:20:28.927+0000] {processor.py:179} INFO - Processing /home/airflow/.local/lib/python3.8/site-packages/airflow/example_dags/example_external_task_marker_dag.py took 0.051 seconds
[2023-11-24T00:20:59.080+0000] {processor.py:157} INFO - Started process (PID=369) to work on /home/airflow/.local/lib/python3.8/site-packages/airflow/example_dags/example_external_task_marker_dag.py
[2023-11-24T00:20:59.081+0000] {processor.py:829} INFO - Processing file /home/airflow/.local/lib/python3.8/site-packages/airflow/example_dags/example_external_task_marker_dag.py for tasks to queue
[2023-11-24T00:20:59.082+0000] {logging_mixin.py:154} INFO - [2023-11-24T00:20:59.082+0000] {dagbag.py:536} INFO - Filling up the DagBag from /home/airflow/.local/lib/python3.8/site-packages/airflow/example_dags/example_external_task_marker_dag.py
[2023-11-24T00:20:59.086+0000] {processor.py:839} INFO - DAG(s) dict_keys(['example_external_task_marker_child', 'example_external_task_marker_parent']) retrieved from /home/airflow/.local/lib/python3.8/site-packages/airflow/example_dags/example_external_task_marker_dag.py
[2023-11-24T00:20:59.103+0000] {logging_mixin.py:154} INFO - [2023-11-24T00:20:59.103+0000] {dag.py:2941} INFO - Sync 2 DAGs
[2023-11-24T00:20:59.112+0000] {logging_mixin.py:154} INFO - [2023-11-24T00:20:59.112+0000] {dag.py:3722} INFO - Setting next_dagrun for example_external_task_marker_child to None, run_after=None
[2023-11-24T00:20:59.115+0000] {logging_mixin.py:154} INFO - [2023-11-24T00:20:59.115+0000] {dag.py:3722} INFO - Setting next_dagrun for example_external_task_marker_parent to None, run_after=None
[2023-11-24T00:20:59.128+0000] {processor.py:179} INFO - Processing /home/airflow/.local/lib/python3.8/site-packages/airflow/example_dags/example_external_task_marker_dag.py took 0.050 seconds
[2023-11-24T00:21:29.516+0000] {processor.py:157} INFO - Started process (PID=423) to work on /home/airflow/.local/lib/python3.8/site-packages/airflow/example_dags/example_external_task_marker_dag.py
[2023-11-24T00:21:29.517+0000] {processor.py:829} INFO - Processing file /home/airflow/.local/lib/python3.8/site-packages/airflow/example_dags/example_external_task_marker_dag.py for tasks to queue
[2023-11-24T00:21:29.519+0000] {logging_mixin.py:154} INFO - [2023-11-24T00:21:29.518+0000] {dagbag.py:536} INFO - Filling up the DagBag from /home/airflow/.local/lib/python3.8/site-packages/airflow/example_dags/example_external_task_marker_dag.py
[2023-11-24T00:21:29.522+0000] {processor.py:839} INFO - DAG(s) dict_keys(['example_external_task_marker_child', 'example_external_task_marker_parent']) retrieved from /home/airflow/.local/lib/python3.8/site-packages/airflow/example_dags/example_external_task_marker_dag.py
[2023-11-24T00:21:29.539+0000] {logging_mixin.py:154} INFO - [2023-11-24T00:21:29.539+0000] {dag.py:2941} INFO - Sync 2 DAGs
[2023-11-24T00:21:29.549+0000] {logging_mixin.py:154} INFO - [2023-11-24T00:21:29.549+0000] {dag.py:3722} INFO - Setting next_dagrun for example_external_task_marker_child to None, run_after=None
[2023-11-24T00:21:29.552+0000] {logging_mixin.py:154} INFO - [2023-11-24T00:21:29.552+0000] {dag.py:3722} INFO - Setting next_dagrun for example_external_task_marker_parent to None, run_after=None
[2023-11-24T00:21:29.566+0000] {processor.py:179} INFO - Processing /home/airflow/.local/lib/python3.8/site-packages/airflow/example_dags/example_external_task_marker_dag.py took 0.052 seconds
[2023-11-24T00:22:00.152+0000] {processor.py:157} INFO - Started process (PID=477) to work on /home/airflow/.local/lib/python3.8/site-packages/airflow/example_dags/example_external_task_marker_dag.py
[2023-11-24T00:22:00.153+0000] {processor.py:829} INFO - Processing file /home/airflow/.local/lib/python3.8/site-packages/airflow/example_dags/example_external_task_marker_dag.py for tasks to queue
[2023-11-24T00:22:00.154+0000] {logging_mixin.py:154} INFO - [2023-11-24T00:22:00.154+0000] {dagbag.py:536} INFO - Filling up the DagBag from /home/airflow/.local/lib/python3.8/site-packages/airflow/example_dags/example_external_task_marker_dag.py
[2023-11-24T00:22:00.158+0000] {processor.py:839} INFO - DAG(s) dict_keys(['example_external_task_marker_parent', 'example_external_task_marker_child']) retrieved from /home/airflow/.local/lib/python3.8/site-packages/airflow/example_dags/example_external_task_marker_dag.py
[2023-11-24T00:22:00.176+0000] {logging_mixin.py:154} INFO - [2023-11-24T00:22:00.175+0000] {dag.py:2941} INFO - Sync 2 DAGs
[2023-11-24T00:22:00.185+0000] {logging_mixin.py:154} INFO - [2023-11-24T00:22:00.185+0000] {dag.py:3722} INFO - Setting next_dagrun for example_external_task_marker_child to None, run_after=None
[2023-11-24T00:22:00.188+0000] {logging_mixin.py:154} INFO - [2023-11-24T00:22:00.188+0000] {dag.py:3722} INFO - Setting next_dagrun for example_external_task_marker_parent to None, run_after=None
[2023-11-24T00:22:00.202+0000] {processor.py:179} INFO - Processing /home/airflow/.local/lib/python3.8/site-packages/airflow/example_dags/example_external_task_marker_dag.py took 0.052 seconds
[2023-11-24T00:22:30.442+0000] {processor.py:157} INFO - Started process (PID=531) to work on /home/airflow/.local/lib/python3.8/site-packages/airflow/example_dags/example_external_task_marker_dag.py
[2023-11-24T00:22:30.443+0000] {processor.py:829} INFO - Processing file /home/airflow/.local/lib/python3.8/site-packages/airflow/example_dags/example_external_task_marker_dag.py for tasks to queue
[2023-11-24T00:22:30.445+0000] {logging_mixin.py:154} INFO - [2023-11-24T00:22:30.445+0000] {dagbag.py:536} INFO - Filling up the DagBag from /home/airflow/.local/lib/python3.8/site-packages/airflow/example_dags/example_external_task_marker_dag.py
[2023-11-24T00:22:30.449+0000] {processor.py:839} INFO - DAG(s) dict_keys(['example_external_task_marker_child', 'example_external_task_marker_parent']) retrieved from /home/airflow/.local/lib/python3.8/site-packages/airflow/example_dags/example_external_task_marker_dag.py
[2023-11-24T00:22:30.467+0000] {logging_mixin.py:154} INFO - [2023-11-24T00:22:30.466+0000] {dag.py:2941} INFO - Sync 2 DAGs
[2023-11-24T00:22:30.477+0000] {logging_mixin.py:154} INFO - [2023-11-24T00:22:30.476+0000] {dag.py:3722} INFO - Setting next_dagrun for example_external_task_marker_child to None, run_after=None
[2023-11-24T00:22:30.479+0000] {logging_mixin.py:154} INFO - [2023-11-24T00:22:30.479+0000] {dag.py:3722} INFO - Setting next_dagrun for example_external_task_marker_parent to None, run_after=None
[2023-11-24T00:22:30.491+0000] {processor.py:179} INFO - Processing /home/airflow/.local/lib/python3.8/site-packages/airflow/example_dags/example_external_task_marker_dag.py took 0.051 seconds
[2023-11-24T00:23:00.754+0000] {processor.py:157} INFO - Started process (PID=585) to work on /home/airflow/.local/lib/python3.8/site-packages/airflow/example_dags/example_external_task_marker_dag.py
[2023-11-24T00:23:00.756+0000] {processor.py:829} INFO - Processing file /home/airflow/.local/lib/python3.8/site-packages/airflow/example_dags/example_external_task_marker_dag.py for tasks to queue
[2023-11-24T00:23:00.757+0000] {logging_mixin.py:154} INFO - [2023-11-24T00:23:00.757+0000] {dagbag.py:536} INFO - Filling up the DagBag from /home/airflow/.local/lib/python3.8/site-packages/airflow/example_dags/example_external_task_marker_dag.py
[2023-11-24T00:23:00.762+0000] {processor.py:839} INFO - DAG(s) dict_keys(['example_external_task_marker_child', 'example_external_task_marker_parent']) retrieved from /home/airflow/.local/lib/python3.8/site-packages/airflow/example_dags/example_external_task_marker_dag.py
[2023-11-24T00:23:00.782+0000] {logging_mixin.py:154} INFO - [2023-11-24T00:23:00.781+0000] {dag.py:2941} INFO - Sync 2 DAGs
[2023-11-24T00:23:00.792+0000] {logging_mixin.py:154} INFO - [2023-11-24T00:23:00.792+0000] {dag.py:3722} INFO - Setting next_dagrun for example_external_task_marker_child to None, run_after=None
[2023-11-24T00:23:00.794+0000] {logging_mixin.py:154} INFO - [2023-11-24T00:23:00.794+0000] {dag.py:3722} INFO - Setting next_dagrun for example_external_task_marker_parent to None, run_after=None
[2023-11-24T00:23:00.807+0000] {processor.py:179} INFO - Processing /home/airflow/.local/lib/python3.8/site-packages/airflow/example_dags/example_external_task_marker_dag.py took 0.055 seconds
[2023-11-24T00:23:31.113+0000] {processor.py:157} INFO - Started process (PID=639) to work on /home/airflow/.local/lib/python3.8/site-packages/airflow/example_dags/example_external_task_marker_dag.py
[2023-11-24T00:23:31.113+0000] {processor.py:829} INFO - Processing file /home/airflow/.local/lib/python3.8/site-packages/airflow/example_dags/example_external_task_marker_dag.py for tasks to queue
[2023-11-24T00:23:31.115+0000] {logging_mixin.py:154} INFO - [2023-11-24T00:23:31.115+0000] {dagbag.py:536} INFO - Filling up the DagBag from /home/airflow/.local/lib/python3.8/site-packages/airflow/example_dags/example_external_task_marker_dag.py
[2023-11-24T00:23:31.119+0000] {processor.py:839} INFO - DAG(s) dict_keys(['example_external_task_marker_parent', 'example_external_task_marker_child']) retrieved from /home/airflow/.local/lib/python3.8/site-packages/airflow/example_dags/example_external_task_marker_dag.py
[2023-11-24T00:23:31.136+0000] {logging_mixin.py:154} INFO - [2023-11-24T00:23:31.136+0000] {dag.py:2941} INFO - Sync 2 DAGs
[2023-11-24T00:23:31.146+0000] {logging_mixin.py:154} INFO - [2023-11-24T00:23:31.146+0000] {dag.py:3722} INFO - Setting next_dagrun for example_external_task_marker_child to None, run_after=None
[2023-11-24T00:23:31.149+0000] {logging_mixin.py:154} INFO - [2023-11-24T00:23:31.148+0000] {dag.py:3722} INFO - Setting next_dagrun for example_external_task_marker_parent to None, run_after=None
[2023-11-24T00:23:31.161+0000] {processor.py:179} INFO - Processing /home/airflow/.local/lib/python3.8/site-packages/airflow/example_dags/example_external_task_marker_dag.py took 0.050 seconds
[2023-11-24T00:24:01.489+0000] {processor.py:157} INFO - Started process (PID=693) to work on /home/airflow/.local/lib/python3.8/site-packages/airflow/example_dags/example_external_task_marker_dag.py
[2023-11-24T00:24:01.490+0000] {processor.py:829} INFO - Processing file /home/airflow/.local/lib/python3.8/site-packages/airflow/example_dags/example_external_task_marker_dag.py for tasks to queue
[2023-11-24T00:24:01.492+0000] {logging_mixin.py:154} INFO - [2023-11-24T00:24:01.492+0000] {dagbag.py:536} INFO - Filling up the DagBag from /home/airflow/.local/lib/python3.8/site-packages/airflow/example_dags/example_external_task_marker_dag.py
[2023-11-24T00:24:01.496+0000] {processor.py:839} INFO - DAG(s) dict_keys(['example_external_task_marker_child', 'example_external_task_marker_parent']) retrieved from /home/airflow/.local/lib/python3.8/site-packages/airflow/example_dags/example_external_task_marker_dag.py
[2023-11-24T00:24:01.514+0000] {logging_mixin.py:154} INFO - [2023-11-24T00:24:01.514+0000] {dag.py:2941} INFO - Sync 2 DAGs
[2023-11-24T00:24:01.523+0000] {logging_mixin.py:154} INFO - [2023-11-24T00:24:01.523+0000] {dag.py:3722} INFO - Setting next_dagrun for example_external_task_marker_child to None, run_after=None
[2023-11-24T00:24:01.526+0000] {logging_mixin.py:154} INFO - [2023-11-24T00:24:01.526+0000] {dag.py:3722} INFO - Setting next_dagrun for example_external_task_marker_parent to None, run_after=None
[2023-11-24T00:24:01.538+0000] {processor.py:179} INFO - Processing /home/airflow/.local/lib/python3.8/site-packages/airflow/example_dags/example_external_task_marker_dag.py took 0.051 seconds
[2023-11-24T00:24:31.637+0000] {processor.py:157} INFO - Started process (PID=747) to work on /home/airflow/.local/lib/python3.8/site-packages/airflow/example_dags/example_external_task_marker_dag.py
[2023-11-24T00:24:31.638+0000] {processor.py:829} INFO - Processing file /home/airflow/.local/lib/python3.8/site-packages/airflow/example_dags/example_external_task_marker_dag.py for tasks to queue
[2023-11-24T00:24:31.639+0000] {logging_mixin.py:154} INFO - [2023-11-24T00:24:31.639+0000] {dagbag.py:536} INFO - Filling up the DagBag from /home/airflow/.local/lib/python3.8/site-packages/airflow/example_dags/example_external_task_marker_dag.py
[2023-11-24T00:24:31.643+0000] {processor.py:839} INFO - DAG(s) dict_keys(['example_external_task_marker_parent', 'example_external_task_marker_child']) retrieved from /home/airflow/.local/lib/python3.8/site-packages/airflow/example_dags/example_external_task_marker_dag.py
[2023-11-24T00:24:31.663+0000] {logging_mixin.py:154} INFO - [2023-11-24T00:24:31.662+0000] {dag.py:2941} INFO - Sync 2 DAGs
[2023-11-24T00:24:31.673+0000] {logging_mixin.py:154} INFO - [2023-11-24T00:24:31.673+0000] {dag.py:3722} INFO - Setting next_dagrun for example_external_task_marker_child to None, run_after=None
[2023-11-24T00:24:31.676+0000] {logging_mixin.py:154} INFO - [2023-11-24T00:24:31.676+0000] {dag.py:3722} INFO - Setting next_dagrun for example_external_task_marker_parent to None, run_after=None
[2023-11-24T00:24:31.688+0000] {processor.py:179} INFO - Processing /home/airflow/.local/lib/python3.8/site-packages/airflow/example_dags/example_external_task_marker_dag.py took 0.053 seconds
[2023-11-24T00:25:02.085+0000] {processor.py:157} INFO - Started process (PID=801) to work on /home/airflow/.local/lib/python3.8/site-packages/airflow/example_dags/example_external_task_marker_dag.py
[2023-11-24T00:25:02.086+0000] {processor.py:829} INFO - Processing file /home/airflow/.local/lib/python3.8/site-packages/airflow/example_dags/example_external_task_marker_dag.py for tasks to queue
[2023-11-24T00:25:02.088+0000] {logging_mixin.py:154} INFO - [2023-11-24T00:25:02.088+0000] {dagbag.py:536} INFO - Filling up the DagBag from /home/airflow/.local/lib/python3.8/site-packages/airflow/example_dags/example_external_task_marker_dag.py
[2023-11-24T00:25:02.092+0000] {processor.py:839} INFO - DAG(s) dict_keys(['example_external_task_marker_parent', 'example_external_task_marker_child']) retrieved from /home/airflow/.local/lib/python3.8/site-packages/airflow/example_dags/example_external_task_marker_dag.py
[2023-11-24T00:25:02.112+0000] {logging_mixin.py:154} INFO - [2023-11-24T00:25:02.112+0000] {dag.py:2941} INFO - Sync 2 DAGs
[2023-11-24T00:25:02.121+0000] {logging_mixin.py:154} INFO - [2023-11-24T00:25:02.121+0000] {dag.py:3722} INFO - Setting next_dagrun for example_external_task_marker_child to None, run_after=None
[2023-11-24T00:25:02.124+0000] {logging_mixin.py:154} INFO - [2023-11-24T00:25:02.124+0000] {dag.py:3722} INFO - Setting next_dagrun for example_external_task_marker_parent to None, run_after=None
[2023-11-24T00:25:02.136+0000] {processor.py:179} INFO - Processing /home/airflow/.local/lib/python3.8/site-packages/airflow/example_dags/example_external_task_marker_dag.py took 0.053 seconds
[2023-11-24T00:25:32.794+0000] {processor.py:157} INFO - Started process (PID=855) to work on /home/airflow/.local/lib/python3.8/site-packages/airflow/example_dags/example_external_task_marker_dag.py
[2023-11-24T00:25:32.795+0000] {processor.py:829} INFO - Processing file /home/airflow/.local/lib/python3.8/site-packages/airflow/example_dags/example_external_task_marker_dag.py for tasks to queue
[2023-11-24T00:25:32.796+0000] {logging_mixin.py:154} INFO - [2023-11-24T00:25:32.796+0000] {dagbag.py:536} INFO - Filling up the DagBag from /home/airflow/.local/lib/python3.8/site-packages/airflow/example_dags/example_external_task_marker_dag.py
[2023-11-24T00:25:32.800+0000] {processor.py:839} INFO - DAG(s) dict_keys(['example_external_task_marker_child', 'example_external_task_marker_parent']) retrieved from /home/airflow/.local/lib/python3.8/site-packages/airflow/example_dags/example_external_task_marker_dag.py
[2023-11-24T00:25:32.818+0000] {logging_mixin.py:154} INFO - [2023-11-24T00:25:32.818+0000] {dag.py:2941} INFO - Sync 2 DAGs
[2023-11-24T00:25:32.828+0000] {logging_mixin.py:154} INFO - [2023-11-24T00:25:32.828+0000] {dag.py:3722} INFO - Setting next_dagrun for example_external_task_marker_child to None, run_after=None
[2023-11-24T00:25:32.830+0000] {logging_mixin.py:154} INFO - [2023-11-24T00:25:32.830+0000] {dag.py:3722} INFO - Setting next_dagrun for example_external_task_marker_parent to None, run_after=None
[2023-11-24T00:25:32.841+0000] {processor.py:179} INFO - Processing /home/airflow/.local/lib/python3.8/site-packages/airflow/example_dags/example_external_task_marker_dag.py took 0.050 seconds
[2023-11-24T00:26:03.597+0000] {processor.py:157} INFO - Started process (PID=909) to work on /home/airflow/.local/lib/python3.8/site-packages/airflow/example_dags/example_external_task_marker_dag.py
[2023-11-24T00:26:03.598+0000] {processor.py:829} INFO - Processing file /home/airflow/.local/lib/python3.8/site-packages/airflow/example_dags/example_external_task_marker_dag.py for tasks to queue
[2023-11-24T00:26:03.600+0000] {logging_mixin.py:154} INFO - [2023-11-24T00:26:03.600+0000] {dagbag.py:536} INFO - Filling up the DagBag from /home/airflow/.local/lib/python3.8/site-packages/airflow/example_dags/example_external_task_marker_dag.py
[2023-11-24T00:26:03.604+0000] {processor.py:839} INFO - DAG(s) dict_keys(['example_external_task_marker_parent', 'example_external_task_marker_child']) retrieved from /home/airflow/.local/lib/python3.8/site-packages/airflow/example_dags/example_external_task_marker_dag.py
[2023-11-24T00:26:03.623+0000] {logging_mixin.py:154} INFO - [2023-11-24T00:26:03.623+0000] {dag.py:2941} INFO - Sync 2 DAGs
[2023-11-24T00:26:03.632+0000] {logging_mixin.py:154} INFO - [2023-11-24T00:26:03.632+0000] {dag.py:3722} INFO - Setting next_dagrun for example_external_task_marker_child to None, run_after=None
[2023-11-24T00:26:03.635+0000] {logging_mixin.py:154} INFO - [2023-11-24T00:26:03.635+0000] {dag.py:3722} INFO - Setting next_dagrun for example_external_task_marker_parent to None, run_after=None
[2023-11-24T00:26:03.646+0000] {processor.py:179} INFO - Processing /home/airflow/.local/lib/python3.8/site-packages/airflow/example_dags/example_external_task_marker_dag.py took 0.051 seconds
[2023-11-24T00:26:34.041+0000] {processor.py:157} INFO - Started process (PID=963) to work on /home/airflow/.local/lib/python3.8/site-packages/airflow/example_dags/example_external_task_marker_dag.py
[2023-11-24T00:26:34.042+0000] {processor.py:829} INFO - Processing file /home/airflow/.local/lib/python3.8/site-packages/airflow/example_dags/example_external_task_marker_dag.py for tasks to queue
[2023-11-24T00:26:34.043+0000] {logging_mixin.py:154} INFO - [2023-11-24T00:26:34.043+0000] {dagbag.py:536} INFO - Filling up the DagBag from /home/airflow/.local/lib/python3.8/site-packages/airflow/example_dags/example_external_task_marker_dag.py
[2023-11-24T00:26:34.047+0000] {processor.py:839} INFO - DAG(s) dict_keys(['example_external_task_marker_child', 'example_external_task_marker_parent']) retrieved from /home/airflow/.local/lib/python3.8/site-packages/airflow/example_dags/example_external_task_marker_dag.py
[2023-11-24T00:26:34.067+0000] {logging_mixin.py:154} INFO - [2023-11-24T00:26:34.067+0000] {dag.py:2941} INFO - Sync 2 DAGs
[2023-11-24T00:26:34.080+0000] {logging_mixin.py:154} INFO - [2023-11-24T00:26:34.079+0000] {dag.py:3722} INFO - Setting next_dagrun for example_external_task_marker_child to None, run_after=None
[2023-11-24T00:26:34.083+0000] {logging_mixin.py:154} INFO - [2023-11-24T00:26:34.083+0000] {dag.py:3722} INFO - Setting next_dagrun for example_external_task_marker_parent to None, run_after=None
[2023-11-24T00:26:34.235+0000] {processor.py:179} INFO - Processing /home/airflow/.local/lib/python3.8/site-packages/airflow/example_dags/example_external_task_marker_dag.py took 0.196 seconds
[2023-11-24T00:27:04.500+0000] {processor.py:157} INFO - Started process (PID=1017) to work on /home/airflow/.local/lib/python3.8/site-packages/airflow/example_dags/example_external_task_marker_dag.py
[2023-11-24T00:27:04.501+0000] {processor.py:829} INFO - Processing file /home/airflow/.local/lib/python3.8/site-packages/airflow/example_dags/example_external_task_marker_dag.py for tasks to queue
[2023-11-24T00:27:04.503+0000] {logging_mixin.py:154} INFO - [2023-11-24T00:27:04.503+0000] {dagbag.py:536} INFO - Filling up the DagBag from /home/airflow/.local/lib/python3.8/site-packages/airflow/example_dags/example_external_task_marker_dag.py
[2023-11-24T00:27:04.507+0000] {processor.py:839} INFO - DAG(s) dict_keys(['example_external_task_marker_child', 'example_external_task_marker_parent']) retrieved from /home/airflow/.local/lib/python3.8/site-packages/airflow/example_dags/example_external_task_marker_dag.py
[2023-11-24T00:27:04.524+0000] {logging_mixin.py:154} INFO - [2023-11-24T00:27:04.524+0000] {dag.py:2941} INFO - Sync 2 DAGs
[2023-11-24T00:27:04.534+0000] {logging_mixin.py:154} INFO - [2023-11-24T00:27:04.533+0000] {dag.py:3722} INFO - Setting next_dagrun for example_external_task_marker_child to None, run_after=None
[2023-11-24T00:27:04.536+0000] {logging_mixin.py:154} INFO - [2023-11-24T00:27:04.536+0000] {dag.py:3722} INFO - Setting next_dagrun for example_external_task_marker_parent to None, run_after=None
[2023-11-24T00:27:04.551+0000] {processor.py:179} INFO - Processing /home/airflow/.local/lib/python3.8/site-packages/airflow/example_dags/example_external_task_marker_dag.py took 0.053 seconds
[2023-11-24T00:27:34.990+0000] {processor.py:157} INFO - Started process (PID=1071) to work on /home/airflow/.local/lib/python3.8/site-packages/airflow/example_dags/example_external_task_marker_dag.py
[2023-11-24T00:27:34.990+0000] {processor.py:829} INFO - Processing file /home/airflow/.local/lib/python3.8/site-packages/airflow/example_dags/example_external_task_marker_dag.py for tasks to queue
[2023-11-24T00:27:34.992+0000] {logging_mixin.py:154} INFO - [2023-11-24T00:27:34.992+0000] {dagbag.py:536} INFO - Filling up the DagBag from /home/airflow/.local/lib/python3.8/site-packages/airflow/example_dags/example_external_task_marker_dag.py
[2023-11-24T00:27:34.996+0000] {processor.py:839} INFO - DAG(s) dict_keys(['example_external_task_marker_parent', 'example_external_task_marker_child']) retrieved from /home/airflow/.local/lib/python3.8/site-packages/airflow/example_dags/example_external_task_marker_dag.py
[2023-11-24T00:27:35.013+0000] {logging_mixin.py:154} INFO - [2023-11-24T00:27:35.013+0000] {dag.py:2941} INFO - Sync 2 DAGs
[2023-11-24T00:27:35.024+0000] {logging_mixin.py:154} INFO - [2023-11-24T00:27:35.024+0000] {dag.py:3722} INFO - Setting next_dagrun for example_external_task_marker_child to None, run_after=None
[2023-11-24T00:27:35.027+0000] {logging_mixin.py:154} INFO - [2023-11-24T00:27:35.027+0000] {dag.py:3722} INFO - Setting next_dagrun for example_external_task_marker_parent to None, run_after=None
[2023-11-24T00:27:35.040+0000] {processor.py:179} INFO - Processing /home/airflow/.local/lib/python3.8/site-packages/airflow/example_dags/example_external_task_marker_dag.py took 0.053 seconds
[2023-11-24T00:28:05.074+0000] {processor.py:157} INFO - Started process (PID=1125) to work on /home/airflow/.local/lib/python3.8/site-packages/airflow/example_dags/example_external_task_marker_dag.py
[2023-11-24T00:28:05.075+0000] {processor.py:829} INFO - Processing file /home/airflow/.local/lib/python3.8/site-packages/airflow/example_dags/example_external_task_marker_dag.py for tasks to queue
[2023-11-24T00:28:05.076+0000] {logging_mixin.py:154} INFO - [2023-11-24T00:28:05.076+0000] {dagbag.py:536} INFO - Filling up the DagBag from /home/airflow/.local/lib/python3.8/site-packages/airflow/example_dags/example_external_task_marker_dag.py
[2023-11-24T00:28:05.080+0000] {processor.py:839} INFO - DAG(s) dict_keys(['example_external_task_marker_child', 'example_external_task_marker_parent']) retrieved from /home/airflow/.local/lib/python3.8/site-packages/airflow/example_dags/example_external_task_marker_dag.py
[2023-11-24T00:28:05.099+0000] {logging_mixin.py:154} INFO - [2023-11-24T00:28:05.099+0000] {dag.py:2941} INFO - Sync 2 DAGs
[2023-11-24T00:28:05.110+0000] {logging_mixin.py:154} INFO - [2023-11-24T00:28:05.109+0000] {dag.py:3722} INFO - Setting next_dagrun for example_external_task_marker_child to None, run_after=None
[2023-11-24T00:28:05.112+0000] {logging_mixin.py:154} INFO - [2023-11-24T00:28:05.112+0000] {dag.py:3722} INFO - Setting next_dagrun for example_external_task_marker_parent to None, run_after=None
[2023-11-24T00:28:05.124+0000] {processor.py:179} INFO - Processing /home/airflow/.local/lib/python3.8/site-packages/airflow/example_dags/example_external_task_marker_dag.py took 0.052 seconds
[2023-11-24T00:28:35.345+0000] {processor.py:157} INFO - Started process (PID=1179) to work on /home/airflow/.local/lib/python3.8/site-packages/airflow/example_dags/example_external_task_marker_dag.py
[2023-11-24T00:28:35.346+0000] {processor.py:829} INFO - Processing file /home/airflow/.local/lib/python3.8/site-packages/airflow/example_dags/example_external_task_marker_dag.py for tasks to queue
[2023-11-24T00:28:35.349+0000] {logging_mixin.py:154} INFO - [2023-11-24T00:28:35.348+0000] {dagbag.py:536} INFO - Filling up the DagBag from /home/airflow/.local/lib/python3.8/site-packages/airflow/example_dags/example_external_task_marker_dag.py
[2023-11-24T00:28:35.352+0000] {processor.py:839} INFO - DAG(s) dict_keys(['example_external_task_marker_parent', 'example_external_task_marker_child']) retrieved from /home/airflow/.local/lib/python3.8/site-packages/airflow/example_dags/example_external_task_marker_dag.py
[2023-11-24T00:28:35.370+0000] {logging_mixin.py:154} INFO - [2023-11-24T00:28:35.370+0000] {dag.py:2941} INFO - Sync 2 DAGs
[2023-11-24T00:28:35.380+0000] {logging_mixin.py:154} INFO - [2023-11-24T00:28:35.380+0000] {dag.py:3722} INFO - Setting next_dagrun for example_external_task_marker_child to None, run_after=None
[2023-11-24T00:28:35.511+0000] {logging_mixin.py:154} INFO - [2023-11-24T00:28:35.511+0000] {dag.py:3722} INFO - Setting next_dagrun for example_external_task_marker_parent to None, run_after=None
[2023-11-24T00:28:35.524+0000] {processor.py:179} INFO - Processing /home/airflow/.local/lib/python3.8/site-packages/airflow/example_dags/example_external_task_marker_dag.py took 0.181 seconds
[2023-11-24T00:29:05.915+0000] {processor.py:157} INFO - Started process (PID=1233) to work on /home/airflow/.local/lib/python3.8/site-packages/airflow/example_dags/example_external_task_marker_dag.py
[2023-11-24T00:29:05.916+0000] {processor.py:829} INFO - Processing file /home/airflow/.local/lib/python3.8/site-packages/airflow/example_dags/example_external_task_marker_dag.py for tasks to queue
[2023-11-24T00:29:05.918+0000] {logging_mixin.py:154} INFO - [2023-11-24T00:29:05.918+0000] {dagbag.py:536} INFO - Filling up the DagBag from /home/airflow/.local/lib/python3.8/site-packages/airflow/example_dags/example_external_task_marker_dag.py
[2023-11-24T00:29:05.923+0000] {processor.py:839} INFO - DAG(s) dict_keys(['example_external_task_marker_child', 'example_external_task_marker_parent']) retrieved from /home/airflow/.local/lib/python3.8/site-packages/airflow/example_dags/example_external_task_marker_dag.py
[2023-11-24T00:29:05.942+0000] {logging_mixin.py:154} INFO - [2023-11-24T00:29:05.942+0000] {dag.py:2941} INFO - Sync 2 DAGs
[2023-11-24T00:29:05.953+0000] {logging_mixin.py:154} INFO - [2023-11-24T00:29:05.953+0000] {dag.py:3722} INFO - Setting next_dagrun for example_external_task_marker_child to None, run_after=None
[2023-11-24T00:29:05.956+0000] {logging_mixin.py:154} INFO - [2023-11-24T00:29:05.956+0000] {dag.py:3722} INFO - Setting next_dagrun for example_external_task_marker_parent to None, run_after=None
[2023-11-24T00:29:05.968+0000] {processor.py:179} INFO - Processing /home/airflow/.local/lib/python3.8/site-packages/airflow/example_dags/example_external_task_marker_dag.py took 0.055 seconds
[2023-11-24T00:29:36.380+0000] {processor.py:157} INFO - Started process (PID=1287) to work on /home/airflow/.local/lib/python3.8/site-packages/airflow/example_dags/example_external_task_marker_dag.py
[2023-11-24T00:29:36.381+0000] {processor.py:829} INFO - Processing file /home/airflow/.local/lib/python3.8/site-packages/airflow/example_dags/example_external_task_marker_dag.py for tasks to queue
[2023-11-24T00:29:36.383+0000] {logging_mixin.py:154} INFO - [2023-11-24T00:29:36.382+0000] {dagbag.py:536} INFO - Filling up the DagBag from /home/airflow/.local/lib/python3.8/site-packages/airflow/example_dags/example_external_task_marker_dag.py
[2023-11-24T00:29:36.387+0000] {processor.py:839} INFO - DAG(s) dict_keys(['example_external_task_marker_parent', 'example_external_task_marker_child']) retrieved from /home/airflow/.local/lib/python3.8/site-packages/airflow/example_dags/example_external_task_marker_dag.py
[2023-11-24T00:29:36.409+0000] {logging_mixin.py:154} INFO - [2023-11-24T00:29:36.409+0000] {dag.py:2941} INFO - Sync 2 DAGs
[2023-11-24T00:29:36.421+0000] {logging_mixin.py:154} INFO - [2023-11-24T00:29:36.421+0000] {dag.py:3722} INFO - Setting next_dagrun for example_external_task_marker_child to None, run_after=None
[2023-11-24T00:29:36.424+0000] {logging_mixin.py:154} INFO - [2023-11-24T00:29:36.424+0000] {dag.py:3722} INFO - Setting next_dagrun for example_external_task_marker_parent to None, run_after=None
[2023-11-24T00:29:36.439+0000] {processor.py:179} INFO - Processing /home/airflow/.local/lib/python3.8/site-packages/airflow/example_dags/example_external_task_marker_dag.py took 0.061 seconds
[2023-11-24T00:30:07.178+0000] {processor.py:157} INFO - Started process (PID=1341) to work on /home/airflow/.local/lib/python3.8/site-packages/airflow/example_dags/example_external_task_marker_dag.py
[2023-11-24T00:30:07.179+0000] {processor.py:829} INFO - Processing file /home/airflow/.local/lib/python3.8/site-packages/airflow/example_dags/example_external_task_marker_dag.py for tasks to queue
[2023-11-24T00:30:07.181+0000] {logging_mixin.py:154} INFO - [2023-11-24T00:30:07.180+0000] {dagbag.py:536} INFO - Filling up the DagBag from /home/airflow/.local/lib/python3.8/site-packages/airflow/example_dags/example_external_task_marker_dag.py
[2023-11-24T00:30:07.184+0000] {processor.py:839} INFO - DAG(s) dict_keys(['example_external_task_marker_parent', 'example_external_task_marker_child']) retrieved from /home/airflow/.local/lib/python3.8/site-packages/airflow/example_dags/example_external_task_marker_dag.py
[2023-11-24T00:30:07.343+0000] {logging_mixin.py:154} INFO - [2023-11-24T00:30:07.343+0000] {dag.py:2941} INFO - Sync 2 DAGs
[2023-11-24T00:30:07.352+0000] {logging_mixin.py:154} INFO - [2023-11-24T00:30:07.352+0000] {dag.py:3722} INFO - Setting next_dagrun for example_external_task_marker_child to None, run_after=None
[2023-11-24T00:30:07.355+0000] {logging_mixin.py:154} INFO - [2023-11-24T00:30:07.355+0000] {dag.py:3722} INFO - Setting next_dagrun for example_external_task_marker_parent to None, run_after=None
[2023-11-24T00:30:07.370+0000] {processor.py:179} INFO - Processing /home/airflow/.local/lib/python3.8/site-packages/airflow/example_dags/example_external_task_marker_dag.py took 0.194 seconds
[2023-11-24T00:30:37.683+0000] {processor.py:157} INFO - Started process (PID=1395) to work on /home/airflow/.local/lib/python3.8/site-packages/airflow/example_dags/example_external_task_marker_dag.py
[2023-11-24T00:30:37.685+0000] {processor.py:829} INFO - Processing file /home/airflow/.local/lib/python3.8/site-packages/airflow/example_dags/example_external_task_marker_dag.py for tasks to queue
[2023-11-24T00:30:37.687+0000] {logging_mixin.py:154} INFO - [2023-11-24T00:30:37.687+0000] {dagbag.py:536} INFO - Filling up the DagBag from /home/airflow/.local/lib/python3.8/site-packages/airflow/example_dags/example_external_task_marker_dag.py
[2023-11-24T00:30:37.691+0000] {processor.py:839} INFO - DAG(s) dict_keys(['example_external_task_marker_parent', 'example_external_task_marker_child']) retrieved from /home/airflow/.local/lib/python3.8/site-packages/airflow/example_dags/example_external_task_marker_dag.py
[2023-11-24T00:30:37.713+0000] {logging_mixin.py:154} INFO - [2023-11-24T00:30:37.713+0000] {dag.py:2941} INFO - Sync 2 DAGs
[2023-11-24T00:30:37.726+0000] {logging_mixin.py:154} INFO - [2023-11-24T00:30:37.725+0000] {dag.py:3722} INFO - Setting next_dagrun for example_external_task_marker_child to None, run_after=None
[2023-11-24T00:30:37.891+0000] {logging_mixin.py:154} INFO - [2023-11-24T00:30:37.891+0000] {dag.py:3722} INFO - Setting next_dagrun for example_external_task_marker_parent to None, run_after=None
[2023-11-24T00:30:37.905+0000] {processor.py:179} INFO - Processing /home/airflow/.local/lib/python3.8/site-packages/airflow/example_dags/example_external_task_marker_dag.py took 0.224 seconds
