[2023-11-24T00:17:57.431+0000] {processor.py:157} INFO - Started process (PID=44) to work on /home/airflow/.local/lib/python3.8/site-packages/airflow/example_dags/example_setup_teardown.py
[2023-11-24T00:17:57.432+0000] {processor.py:829} INFO - Processing file /home/airflow/.local/lib/python3.8/site-packages/airflow/example_dags/example_setup_teardown.py for tasks to queue
[2023-11-24T00:17:57.434+0000] {logging_mixin.py:154} INFO - [2023-11-24T00:17:57.433+0000] {dagbag.py:536} INFO - Filling up the DagBag from /home/airflow/.local/lib/python3.8/site-packages/airflow/example_dags/example_setup_teardown.py
[2023-11-24T00:17:57.444+0000] {processor.py:839} INFO - DAG(s) dict_keys(['example_setup_teardown']) retrieved from /home/airflow/.local/lib/python3.8/site-packages/airflow/example_dags/example_setup_teardown.py
[2023-11-24T00:17:57.471+0000] {logging_mixin.py:154} INFO - [2023-11-24T00:17:57.470+0000] {dag.py:2941} INFO - Sync 1 DAGs
[2023-11-24T00:17:57.493+0000] {logging_mixin.py:154} INFO - [2023-11-24T00:17:57.492+0000] {dag.py:3722} INFO - Setting next_dagrun for example_setup_teardown to 2023-11-23T00:17:57.492581+00:00, run_after=2023-11-24T00:17:57.492581+00:00
[2023-11-24T00:17:57.511+0000] {processor.py:179} INFO - Processing /home/airflow/.local/lib/python3.8/site-packages/airflow/example_dags/example_setup_teardown.py took 0.084 seconds
[2023-11-24T00:18:27.691+0000] {processor.py:157} INFO - Started process (PID=98) to work on /home/airflow/.local/lib/python3.8/site-packages/airflow/example_dags/example_setup_teardown.py
[2023-11-24T00:18:27.692+0000] {processor.py:829} INFO - Processing file /home/airflow/.local/lib/python3.8/site-packages/airflow/example_dags/example_setup_teardown.py for tasks to queue
[2023-11-24T00:18:27.694+0000] {logging_mixin.py:154} INFO - [2023-11-24T00:18:27.694+0000] {dagbag.py:536} INFO - Filling up the DagBag from /home/airflow/.local/lib/python3.8/site-packages/airflow/example_dags/example_setup_teardown.py
[2023-11-24T00:18:27.699+0000] {processor.py:839} INFO - DAG(s) dict_keys(['example_setup_teardown']) retrieved from /home/airflow/.local/lib/python3.8/site-packages/airflow/example_dags/example_setup_teardown.py
[2023-11-24T00:18:27.715+0000] {logging_mixin.py:154} INFO - [2023-11-24T00:18:27.714+0000] {dag.py:2941} INFO - Sync 1 DAGs
[2023-11-24T00:18:27.733+0000] {logging_mixin.py:154} INFO - [2023-11-24T00:18:27.732+0000] {dag.py:3722} INFO - Setting next_dagrun for example_setup_teardown to 2023-11-23T00:18:27.732643+00:00, run_after=2023-11-24T00:18:27.732643+00:00
[2023-11-24T00:18:27.749+0000] {processor.py:179} INFO - Processing /home/airflow/.local/lib/python3.8/site-packages/airflow/example_dags/example_setup_teardown.py took 0.060 seconds
[2023-11-24T00:18:57.808+0000] {processor.py:157} INFO - Started process (PID=152) to work on /home/airflow/.local/lib/python3.8/site-packages/airflow/example_dags/example_setup_teardown.py
[2023-11-24T00:18:57.809+0000] {processor.py:829} INFO - Processing file /home/airflow/.local/lib/python3.8/site-packages/airflow/example_dags/example_setup_teardown.py for tasks to queue
[2023-11-24T00:18:57.811+0000] {logging_mixin.py:154} INFO - [2023-11-24T00:18:57.811+0000] {dagbag.py:536} INFO - Filling up the DagBag from /home/airflow/.local/lib/python3.8/site-packages/airflow/example_dags/example_setup_teardown.py
[2023-11-24T00:18:57.815+0000] {processor.py:839} INFO - DAG(s) dict_keys(['example_setup_teardown']) retrieved from /home/airflow/.local/lib/python3.8/site-packages/airflow/example_dags/example_setup_teardown.py
[2023-11-24T00:18:57.829+0000] {logging_mixin.py:154} INFO - [2023-11-24T00:18:57.829+0000] {dag.py:2941} INFO - Sync 1 DAGs
[2023-11-24T00:18:57.845+0000] {logging_mixin.py:154} INFO - [2023-11-24T00:18:57.845+0000] {dag.py:3722} INFO - Setting next_dagrun for example_setup_teardown to 2023-11-23T00:18:57.845279+00:00, run_after=2023-11-24T00:18:57.845279+00:00
[2023-11-24T00:18:57.859+0000] {processor.py:179} INFO - Processing /home/airflow/.local/lib/python3.8/site-packages/airflow/example_dags/example_setup_teardown.py took 0.053 seconds
[2023-11-24T00:19:28.121+0000] {processor.py:157} INFO - Started process (PID=206) to work on /home/airflow/.local/lib/python3.8/site-packages/airflow/example_dags/example_setup_teardown.py
[2023-11-24T00:19:28.122+0000] {processor.py:829} INFO - Processing file /home/airflow/.local/lib/python3.8/site-packages/airflow/example_dags/example_setup_teardown.py for tasks to queue
[2023-11-24T00:19:28.123+0000] {logging_mixin.py:154} INFO - [2023-11-24T00:19:28.123+0000] {dagbag.py:536} INFO - Filling up the DagBag from /home/airflow/.local/lib/python3.8/site-packages/airflow/example_dags/example_setup_teardown.py
[2023-11-24T00:19:28.127+0000] {processor.py:839} INFO - DAG(s) dict_keys(['example_setup_teardown']) retrieved from /home/airflow/.local/lib/python3.8/site-packages/airflow/example_dags/example_setup_teardown.py
[2023-11-24T00:19:28.143+0000] {logging_mixin.py:154} INFO - [2023-11-24T00:19:28.143+0000] {dag.py:2941} INFO - Sync 1 DAGs
[2023-11-24T00:19:28.159+0000] {logging_mixin.py:154} INFO - [2023-11-24T00:19:28.159+0000] {dag.py:3722} INFO - Setting next_dagrun for example_setup_teardown to 2023-11-23T00:19:28.158969+00:00, run_after=2023-11-24T00:19:28.158969+00:00
[2023-11-24T00:19:28.172+0000] {processor.py:179} INFO - Processing /home/airflow/.local/lib/python3.8/site-packages/airflow/example_dags/example_setup_teardown.py took 0.054 seconds
[2023-11-24T00:19:58.409+0000] {processor.py:157} INFO - Started process (PID=260) to work on /home/airflow/.local/lib/python3.8/site-packages/airflow/example_dags/example_setup_teardown.py
[2023-11-24T00:19:58.410+0000] {processor.py:829} INFO - Processing file /home/airflow/.local/lib/python3.8/site-packages/airflow/example_dags/example_setup_teardown.py for tasks to queue
[2023-11-24T00:19:58.411+0000] {logging_mixin.py:154} INFO - [2023-11-24T00:19:58.411+0000] {dagbag.py:536} INFO - Filling up the DagBag from /home/airflow/.local/lib/python3.8/site-packages/airflow/example_dags/example_setup_teardown.py
[2023-11-24T00:19:58.416+0000] {processor.py:839} INFO - DAG(s) dict_keys(['example_setup_teardown']) retrieved from /home/airflow/.local/lib/python3.8/site-packages/airflow/example_dags/example_setup_teardown.py
[2023-11-24T00:19:58.431+0000] {logging_mixin.py:154} INFO - [2023-11-24T00:19:58.431+0000] {dag.py:2941} INFO - Sync 1 DAGs
[2023-11-24T00:19:58.450+0000] {logging_mixin.py:154} INFO - [2023-11-24T00:19:58.450+0000] {dag.py:3722} INFO - Setting next_dagrun for example_setup_teardown to 2023-11-23T00:19:58.450369+00:00, run_after=2023-11-24T00:19:58.450369+00:00
[2023-11-24T00:19:58.465+0000] {processor.py:179} INFO - Processing /home/airflow/.local/lib/python3.8/site-packages/airflow/example_dags/example_setup_teardown.py took 0.058 seconds
[2023-11-24T00:20:28.803+0000] {processor.py:157} INFO - Started process (PID=314) to work on /home/airflow/.local/lib/python3.8/site-packages/airflow/example_dags/example_setup_teardown.py
[2023-11-24T00:20:28.805+0000] {processor.py:829} INFO - Processing file /home/airflow/.local/lib/python3.8/site-packages/airflow/example_dags/example_setup_teardown.py for tasks to queue
[2023-11-24T00:20:28.807+0000] {logging_mixin.py:154} INFO - [2023-11-24T00:20:28.807+0000] {dagbag.py:536} INFO - Filling up the DagBag from /home/airflow/.local/lib/python3.8/site-packages/airflow/example_dags/example_setup_teardown.py
[2023-11-24T00:20:28.811+0000] {processor.py:839} INFO - DAG(s) dict_keys(['example_setup_teardown']) retrieved from /home/airflow/.local/lib/python3.8/site-packages/airflow/example_dags/example_setup_teardown.py
[2023-11-24T00:20:28.829+0000] {logging_mixin.py:154} INFO - [2023-11-24T00:20:28.829+0000] {dag.py:2941} INFO - Sync 1 DAGs
[2023-11-24T00:20:28.847+0000] {logging_mixin.py:154} INFO - [2023-11-24T00:20:28.847+0000] {dag.py:3722} INFO - Setting next_dagrun for example_setup_teardown to 2023-11-23T00:20:28.847005+00:00, run_after=2023-11-24T00:20:28.847005+00:00
[2023-11-24T00:20:28.862+0000] {processor.py:179} INFO - Processing /home/airflow/.local/lib/python3.8/site-packages/airflow/example_dags/example_setup_teardown.py took 0.062 seconds
[2023-11-24T00:20:59.007+0000] {processor.py:157} INFO - Started process (PID=368) to work on /home/airflow/.local/lib/python3.8/site-packages/airflow/example_dags/example_setup_teardown.py
[2023-11-24T00:20:59.010+0000] {processor.py:829} INFO - Processing file /home/airflow/.local/lib/python3.8/site-packages/airflow/example_dags/example_setup_teardown.py for tasks to queue
[2023-11-24T00:20:59.011+0000] {logging_mixin.py:154} INFO - [2023-11-24T00:20:59.011+0000] {dagbag.py:536} INFO - Filling up the DagBag from /home/airflow/.local/lib/python3.8/site-packages/airflow/example_dags/example_setup_teardown.py
[2023-11-24T00:20:59.015+0000] {processor.py:839} INFO - DAG(s) dict_keys(['example_setup_teardown']) retrieved from /home/airflow/.local/lib/python3.8/site-packages/airflow/example_dags/example_setup_teardown.py
[2023-11-24T00:20:59.032+0000] {logging_mixin.py:154} INFO - [2023-11-24T00:20:59.032+0000] {dag.py:2941} INFO - Sync 1 DAGs
[2023-11-24T00:20:59.050+0000] {logging_mixin.py:154} INFO - [2023-11-24T00:20:59.050+0000] {dag.py:3722} INFO - Setting next_dagrun for example_setup_teardown to 2023-11-23T00:20:59.050262+00:00, run_after=2023-11-24T00:20:59.050262+00:00
[2023-11-24T00:20:59.066+0000] {processor.py:179} INFO - Processing /home/airflow/.local/lib/python3.8/site-packages/airflow/example_dags/example_setup_teardown.py took 0.061 seconds
[2023-11-24T00:21:29.443+0000] {processor.py:157} INFO - Started process (PID=422) to work on /home/airflow/.local/lib/python3.8/site-packages/airflow/example_dags/example_setup_teardown.py
[2023-11-24T00:21:29.446+0000] {processor.py:829} INFO - Processing file /home/airflow/.local/lib/python3.8/site-packages/airflow/example_dags/example_setup_teardown.py for tasks to queue
[2023-11-24T00:21:29.448+0000] {logging_mixin.py:154} INFO - [2023-11-24T00:21:29.448+0000] {dagbag.py:536} INFO - Filling up the DagBag from /home/airflow/.local/lib/python3.8/site-packages/airflow/example_dags/example_setup_teardown.py
[2023-11-24T00:21:29.452+0000] {processor.py:839} INFO - DAG(s) dict_keys(['example_setup_teardown']) retrieved from /home/airflow/.local/lib/python3.8/site-packages/airflow/example_dags/example_setup_teardown.py
[2023-11-24T00:21:29.469+0000] {logging_mixin.py:154} INFO - [2023-11-24T00:21:29.469+0000] {dag.py:2941} INFO - Sync 1 DAGs
[2023-11-24T00:21:29.486+0000] {logging_mixin.py:154} INFO - [2023-11-24T00:21:29.486+0000] {dag.py:3722} INFO - Setting next_dagrun for example_setup_teardown to 2023-11-23T00:21:29.486496+00:00, run_after=2023-11-24T00:21:29.486496+00:00
[2023-11-24T00:21:29.502+0000] {processor.py:179} INFO - Processing /home/airflow/.local/lib/python3.8/site-packages/airflow/example_dags/example_setup_teardown.py took 0.061 seconds
[2023-11-24T00:22:00.076+0000] {processor.py:157} INFO - Started process (PID=476) to work on /home/airflow/.local/lib/python3.8/site-packages/airflow/example_dags/example_setup_teardown.py
[2023-11-24T00:22:00.079+0000] {processor.py:829} INFO - Processing file /home/airflow/.local/lib/python3.8/site-packages/airflow/example_dags/example_setup_teardown.py for tasks to queue
[2023-11-24T00:22:00.081+0000] {logging_mixin.py:154} INFO - [2023-11-24T00:22:00.081+0000] {dagbag.py:536} INFO - Filling up the DagBag from /home/airflow/.local/lib/python3.8/site-packages/airflow/example_dags/example_setup_teardown.py
[2023-11-24T00:22:00.085+0000] {processor.py:839} INFO - DAG(s) dict_keys(['example_setup_teardown']) retrieved from /home/airflow/.local/lib/python3.8/site-packages/airflow/example_dags/example_setup_teardown.py
[2023-11-24T00:22:00.103+0000] {logging_mixin.py:154} INFO - [2023-11-24T00:22:00.102+0000] {dag.py:2941} INFO - Sync 1 DAGs
[2023-11-24T00:22:00.121+0000] {logging_mixin.py:154} INFO - [2023-11-24T00:22:00.120+0000] {dag.py:3722} INFO - Setting next_dagrun for example_setup_teardown to 2023-11-23T00:22:00.120573+00:00, run_after=2023-11-24T00:22:00.120573+00:00
[2023-11-24T00:22:00.137+0000] {processor.py:179} INFO - Processing /home/airflow/.local/lib/python3.8/site-packages/airflow/example_dags/example_setup_teardown.py took 0.063 seconds
[2023-11-24T00:22:30.365+0000] {processor.py:157} INFO - Started process (PID=530) to work on /home/airflow/.local/lib/python3.8/site-packages/airflow/example_dags/example_setup_teardown.py
[2023-11-24T00:22:30.368+0000] {processor.py:829} INFO - Processing file /home/airflow/.local/lib/python3.8/site-packages/airflow/example_dags/example_setup_teardown.py for tasks to queue
[2023-11-24T00:22:30.369+0000] {logging_mixin.py:154} INFO - [2023-11-24T00:22:30.369+0000] {dagbag.py:536} INFO - Filling up the DagBag from /home/airflow/.local/lib/python3.8/site-packages/airflow/example_dags/example_setup_teardown.py
[2023-11-24T00:22:30.374+0000] {processor.py:839} INFO - DAG(s) dict_keys(['example_setup_teardown']) retrieved from /home/airflow/.local/lib/python3.8/site-packages/airflow/example_dags/example_setup_teardown.py
[2023-11-24T00:22:30.392+0000] {logging_mixin.py:154} INFO - [2023-11-24T00:22:30.392+0000] {dag.py:2941} INFO - Sync 1 DAGs
[2023-11-24T00:22:30.411+0000] {logging_mixin.py:154} INFO - [2023-11-24T00:22:30.411+0000] {dag.py:3722} INFO - Setting next_dagrun for example_setup_teardown to 2023-11-23T00:22:30.411100+00:00, run_after=2023-11-24T00:22:30.411100+00:00
[2023-11-24T00:22:30.428+0000] {processor.py:179} INFO - Processing /home/airflow/.local/lib/python3.8/site-packages/airflow/example_dags/example_setup_teardown.py took 0.065 seconds
[2023-11-24T00:23:00.681+0000] {processor.py:157} INFO - Started process (PID=584) to work on /home/airflow/.local/lib/python3.8/site-packages/airflow/example_dags/example_setup_teardown.py
[2023-11-24T00:23:00.681+0000] {processor.py:829} INFO - Processing file /home/airflow/.local/lib/python3.8/site-packages/airflow/example_dags/example_setup_teardown.py for tasks to queue
[2023-11-24T00:23:00.683+0000] {logging_mixin.py:154} INFO - [2023-11-24T00:23:00.683+0000] {dagbag.py:536} INFO - Filling up the DagBag from /home/airflow/.local/lib/python3.8/site-packages/airflow/example_dags/example_setup_teardown.py
[2023-11-24T00:23:00.687+0000] {processor.py:839} INFO - DAG(s) dict_keys(['example_setup_teardown']) retrieved from /home/airflow/.local/lib/python3.8/site-packages/airflow/example_dags/example_setup_teardown.py
[2023-11-24T00:23:00.704+0000] {logging_mixin.py:154} INFO - [2023-11-24T00:23:00.703+0000] {dag.py:2941} INFO - Sync 1 DAGs
[2023-11-24T00:23:00.722+0000] {logging_mixin.py:154} INFO - [2023-11-24T00:23:00.722+0000] {dag.py:3722} INFO - Setting next_dagrun for example_setup_teardown to 2023-11-23T00:23:00.721835+00:00, run_after=2023-11-24T00:23:00.721835+00:00
[2023-11-24T00:23:00.739+0000] {processor.py:179} INFO - Processing /home/airflow/.local/lib/python3.8/site-packages/airflow/example_dags/example_setup_teardown.py took 0.061 seconds
[2023-11-24T00:23:31.049+0000] {processor.py:157} INFO - Started process (PID=638) to work on /home/airflow/.local/lib/python3.8/site-packages/airflow/example_dags/example_setup_teardown.py
[2023-11-24T00:23:31.050+0000] {processor.py:829} INFO - Processing file /home/airflow/.local/lib/python3.8/site-packages/airflow/example_dags/example_setup_teardown.py for tasks to queue
[2023-11-24T00:23:31.052+0000] {logging_mixin.py:154} INFO - [2023-11-24T00:23:31.051+0000] {dagbag.py:536} INFO - Filling up the DagBag from /home/airflow/.local/lib/python3.8/site-packages/airflow/example_dags/example_setup_teardown.py
[2023-11-24T00:23:31.056+0000] {processor.py:839} INFO - DAG(s) dict_keys(['example_setup_teardown']) retrieved from /home/airflow/.local/lib/python3.8/site-packages/airflow/example_dags/example_setup_teardown.py
[2023-11-24T00:23:31.069+0000] {logging_mixin.py:154} INFO - [2023-11-24T00:23:31.069+0000] {dag.py:2941} INFO - Sync 1 DAGs
[2023-11-24T00:23:31.085+0000] {logging_mixin.py:154} INFO - [2023-11-24T00:23:31.085+0000] {dag.py:3722} INFO - Setting next_dagrun for example_setup_teardown to 2023-11-23T00:23:31.085446+00:00, run_after=2023-11-24T00:23:31.085446+00:00
[2023-11-24T00:23:31.099+0000] {processor.py:179} INFO - Processing /home/airflow/.local/lib/python3.8/site-packages/airflow/example_dags/example_setup_teardown.py took 0.051 seconds
[2023-11-24T00:24:01.423+0000] {processor.py:157} INFO - Started process (PID=692) to work on /home/airflow/.local/lib/python3.8/site-packages/airflow/example_dags/example_setup_teardown.py
[2023-11-24T00:24:01.423+0000] {processor.py:829} INFO - Processing file /home/airflow/.local/lib/python3.8/site-packages/airflow/example_dags/example_setup_teardown.py for tasks to queue
[2023-11-24T00:24:01.425+0000] {logging_mixin.py:154} INFO - [2023-11-24T00:24:01.425+0000] {dagbag.py:536} INFO - Filling up the DagBag from /home/airflow/.local/lib/python3.8/site-packages/airflow/example_dags/example_setup_teardown.py
[2023-11-24T00:24:01.429+0000] {processor.py:839} INFO - DAG(s) dict_keys(['example_setup_teardown']) retrieved from /home/airflow/.local/lib/python3.8/site-packages/airflow/example_dags/example_setup_teardown.py
[2023-11-24T00:24:01.445+0000] {logging_mixin.py:154} INFO - [2023-11-24T00:24:01.444+0000] {dag.py:2941} INFO - Sync 1 DAGs
[2023-11-24T00:24:01.461+0000] {logging_mixin.py:154} INFO - [2023-11-24T00:24:01.461+0000] {dag.py:3722} INFO - Setting next_dagrun for example_setup_teardown to 2023-11-23T00:24:01.461419+00:00, run_after=2023-11-24T00:24:01.461419+00:00
[2023-11-24T00:24:01.475+0000] {processor.py:179} INFO - Processing /home/airflow/.local/lib/python3.8/site-packages/airflow/example_dags/example_setup_teardown.py took 0.055 seconds
[2023-11-24T00:24:31.568+0000] {processor.py:157} INFO - Started process (PID=746) to work on /home/airflow/.local/lib/python3.8/site-packages/airflow/example_dags/example_setup_teardown.py
[2023-11-24T00:24:31.570+0000] {processor.py:829} INFO - Processing file /home/airflow/.local/lib/python3.8/site-packages/airflow/example_dags/example_setup_teardown.py for tasks to queue
[2023-11-24T00:24:31.572+0000] {logging_mixin.py:154} INFO - [2023-11-24T00:24:31.571+0000] {dagbag.py:536} INFO - Filling up the DagBag from /home/airflow/.local/lib/python3.8/site-packages/airflow/example_dags/example_setup_teardown.py
[2023-11-24T00:24:31.576+0000] {processor.py:839} INFO - DAG(s) dict_keys(['example_setup_teardown']) retrieved from /home/airflow/.local/lib/python3.8/site-packages/airflow/example_dags/example_setup_teardown.py
[2023-11-24T00:24:31.592+0000] {logging_mixin.py:154} INFO - [2023-11-24T00:24:31.592+0000] {dag.py:2941} INFO - Sync 1 DAGs
[2023-11-24T00:24:31.609+0000] {logging_mixin.py:154} INFO - [2023-11-24T00:24:31.609+0000] {dag.py:3722} INFO - Setting next_dagrun for example_setup_teardown to 2023-11-23T00:24:31.609312+00:00, run_after=2023-11-24T00:24:31.609312+00:00
[2023-11-24T00:24:31.623+0000] {processor.py:179} INFO - Processing /home/airflow/.local/lib/python3.8/site-packages/airflow/example_dags/example_setup_teardown.py took 0.057 seconds
[2023-11-24T00:25:02.019+0000] {processor.py:157} INFO - Started process (PID=800) to work on /home/airflow/.local/lib/python3.8/site-packages/airflow/example_dags/example_setup_teardown.py
[2023-11-24T00:25:02.020+0000] {processor.py:829} INFO - Processing file /home/airflow/.local/lib/python3.8/site-packages/airflow/example_dags/example_setup_teardown.py for tasks to queue
[2023-11-24T00:25:02.021+0000] {logging_mixin.py:154} INFO - [2023-11-24T00:25:02.021+0000] {dagbag.py:536} INFO - Filling up the DagBag from /home/airflow/.local/lib/python3.8/site-packages/airflow/example_dags/example_setup_teardown.py
[2023-11-24T00:25:02.025+0000] {processor.py:839} INFO - DAG(s) dict_keys(['example_setup_teardown']) retrieved from /home/airflow/.local/lib/python3.8/site-packages/airflow/example_dags/example_setup_teardown.py
[2023-11-24T00:25:02.040+0000] {logging_mixin.py:154} INFO - [2023-11-24T00:25:02.039+0000] {dag.py:2941} INFO - Sync 1 DAGs
[2023-11-24T00:25:02.056+0000] {logging_mixin.py:154} INFO - [2023-11-24T00:25:02.056+0000] {dag.py:3722} INFO - Setting next_dagrun for example_setup_teardown to 2023-11-23T00:25:02.056000+00:00, run_after=2023-11-24T00:25:02.056000+00:00
[2023-11-24T00:25:02.071+0000] {processor.py:179} INFO - Processing /home/airflow/.local/lib/python3.8/site-packages/airflow/example_dags/example_setup_teardown.py took 0.055 seconds
[2023-11-24T00:25:32.726+0000] {processor.py:157} INFO - Started process (PID=854) to work on /home/airflow/.local/lib/python3.8/site-packages/airflow/example_dags/example_setup_teardown.py
[2023-11-24T00:25:32.729+0000] {processor.py:829} INFO - Processing file /home/airflow/.local/lib/python3.8/site-packages/airflow/example_dags/example_setup_teardown.py for tasks to queue
[2023-11-24T00:25:32.731+0000] {logging_mixin.py:154} INFO - [2023-11-24T00:25:32.730+0000] {dagbag.py:536} INFO - Filling up the DagBag from /home/airflow/.local/lib/python3.8/site-packages/airflow/example_dags/example_setup_teardown.py
[2023-11-24T00:25:32.735+0000] {processor.py:839} INFO - DAG(s) dict_keys(['example_setup_teardown']) retrieved from /home/airflow/.local/lib/python3.8/site-packages/airflow/example_dags/example_setup_teardown.py
[2023-11-24T00:25:32.750+0000] {logging_mixin.py:154} INFO - [2023-11-24T00:25:32.750+0000] {dag.py:2941} INFO - Sync 1 DAGs
[2023-11-24T00:25:32.767+0000] {logging_mixin.py:154} INFO - [2023-11-24T00:25:32.767+0000] {dag.py:3722} INFO - Setting next_dagrun for example_setup_teardown to 2023-11-23T00:25:32.767028+00:00, run_after=2023-11-24T00:25:32.767028+00:00
[2023-11-24T00:25:32.781+0000] {processor.py:179} INFO - Processing /home/airflow/.local/lib/python3.8/site-packages/airflow/example_dags/example_setup_teardown.py took 0.057 seconds
[2023-11-24T00:26:03.525+0000] {processor.py:157} INFO - Started process (PID=908) to work on /home/airflow/.local/lib/python3.8/site-packages/airflow/example_dags/example_setup_teardown.py
[2023-11-24T00:26:03.528+0000] {processor.py:829} INFO - Processing file /home/airflow/.local/lib/python3.8/site-packages/airflow/example_dags/example_setup_teardown.py for tasks to queue
[2023-11-24T00:26:03.530+0000] {logging_mixin.py:154} INFO - [2023-11-24T00:26:03.529+0000] {dagbag.py:536} INFO - Filling up the DagBag from /home/airflow/.local/lib/python3.8/site-packages/airflow/example_dags/example_setup_teardown.py
[2023-11-24T00:26:03.534+0000] {processor.py:839} INFO - DAG(s) dict_keys(['example_setup_teardown']) retrieved from /home/airflow/.local/lib/python3.8/site-packages/airflow/example_dags/example_setup_teardown.py
[2023-11-24T00:26:03.551+0000] {logging_mixin.py:154} INFO - [2023-11-24T00:26:03.551+0000] {dag.py:2941} INFO - Sync 1 DAGs
[2023-11-24T00:26:03.568+0000] {logging_mixin.py:154} INFO - [2023-11-24T00:26:03.568+0000] {dag.py:3722} INFO - Setting next_dagrun for example_setup_teardown to 2023-11-23T00:26:03.568050+00:00, run_after=2023-11-24T00:26:03.568050+00:00
[2023-11-24T00:26:03.583+0000] {processor.py:179} INFO - Processing /home/airflow/.local/lib/python3.8/site-packages/airflow/example_dags/example_setup_teardown.py took 0.060 seconds
[2023-11-24T00:26:33.786+0000] {processor.py:157} INFO - Started process (PID=962) to work on /home/airflow/.local/lib/python3.8/site-packages/airflow/example_dags/example_setup_teardown.py
[2023-11-24T00:26:33.787+0000] {processor.py:829} INFO - Processing file /home/airflow/.local/lib/python3.8/site-packages/airflow/example_dags/example_setup_teardown.py for tasks to queue
[2023-11-24T00:26:33.789+0000] {logging_mixin.py:154} INFO - [2023-11-24T00:26:33.788+0000] {dagbag.py:536} INFO - Filling up the DagBag from /home/airflow/.local/lib/python3.8/site-packages/airflow/example_dags/example_setup_teardown.py
[2023-11-24T00:26:33.793+0000] {processor.py:839} INFO - DAG(s) dict_keys(['example_setup_teardown']) retrieved from /home/airflow/.local/lib/python3.8/site-packages/airflow/example_dags/example_setup_teardown.py
[2023-11-24T00:26:33.811+0000] {logging_mixin.py:154} INFO - [2023-11-24T00:26:33.811+0000] {dag.py:2941} INFO - Sync 1 DAGs
[2023-11-24T00:26:34.002+0000] {logging_mixin.py:154} INFO - [2023-11-24T00:26:34.001+0000] {dag.py:3722} INFO - Setting next_dagrun for example_setup_teardown to 2023-11-23T00:26:34.001720+00:00, run_after=2023-11-24T00:26:34.001720+00:00
[2023-11-24T00:26:34.020+0000] {processor.py:179} INFO - Processing /home/airflow/.local/lib/python3.8/site-packages/airflow/example_dags/example_setup_teardown.py took 0.237 seconds
[2023-11-24T00:27:04.424+0000] {processor.py:157} INFO - Started process (PID=1016) to work on /home/airflow/.local/lib/python3.8/site-packages/airflow/example_dags/example_setup_teardown.py
[2023-11-24T00:27:04.426+0000] {processor.py:829} INFO - Processing file /home/airflow/.local/lib/python3.8/site-packages/airflow/example_dags/example_setup_teardown.py for tasks to queue
[2023-11-24T00:27:04.428+0000] {logging_mixin.py:154} INFO - [2023-11-24T00:27:04.427+0000] {dagbag.py:536} INFO - Filling up the DagBag from /home/airflow/.local/lib/python3.8/site-packages/airflow/example_dags/example_setup_teardown.py
[2023-11-24T00:27:04.432+0000] {processor.py:839} INFO - DAG(s) dict_keys(['example_setup_teardown']) retrieved from /home/airflow/.local/lib/python3.8/site-packages/airflow/example_dags/example_setup_teardown.py
[2023-11-24T00:27:04.448+0000] {logging_mixin.py:154} INFO - [2023-11-24T00:27:04.448+0000] {dag.py:2941} INFO - Sync 1 DAGs
[2023-11-24T00:27:04.465+0000] {logging_mixin.py:154} INFO - [2023-11-24T00:27:04.465+0000] {dag.py:3722} INFO - Setting next_dagrun for example_setup_teardown to 2023-11-23T00:27:04.465256+00:00, run_after=2023-11-24T00:27:04.465256+00:00
[2023-11-24T00:27:04.481+0000] {processor.py:179} INFO - Processing /home/airflow/.local/lib/python3.8/site-packages/airflow/example_dags/example_setup_teardown.py took 0.060 seconds
[2023-11-24T00:27:34.923+0000] {processor.py:157} INFO - Started process (PID=1070) to work on /home/airflow/.local/lib/python3.8/site-packages/airflow/example_dags/example_setup_teardown.py
[2023-11-24T00:27:34.924+0000] {processor.py:829} INFO - Processing file /home/airflow/.local/lib/python3.8/site-packages/airflow/example_dags/example_setup_teardown.py for tasks to queue
[2023-11-24T00:27:34.926+0000] {logging_mixin.py:154} INFO - [2023-11-24T00:27:34.925+0000] {dagbag.py:536} INFO - Filling up the DagBag from /home/airflow/.local/lib/python3.8/site-packages/airflow/example_dags/example_setup_teardown.py
[2023-11-24T00:27:34.930+0000] {processor.py:839} INFO - DAG(s) dict_keys(['example_setup_teardown']) retrieved from /home/airflow/.local/lib/python3.8/site-packages/airflow/example_dags/example_setup_teardown.py
[2023-11-24T00:27:34.944+0000] {logging_mixin.py:154} INFO - [2023-11-24T00:27:34.944+0000] {dag.py:2941} INFO - Sync 1 DAGs
[2023-11-24T00:27:34.961+0000] {logging_mixin.py:154} INFO - [2023-11-24T00:27:34.961+0000] {dag.py:3722} INFO - Setting next_dagrun for example_setup_teardown to 2023-11-23T00:27:34.961360+00:00, run_after=2023-11-24T00:27:34.961360+00:00
[2023-11-24T00:27:34.976+0000] {processor.py:179} INFO - Processing /home/airflow/.local/lib/python3.8/site-packages/airflow/example_dags/example_setup_teardown.py took 0.055 seconds
[2023-11-24T00:28:05.004+0000] {processor.py:157} INFO - Started process (PID=1124) to work on /home/airflow/.local/lib/python3.8/site-packages/airflow/example_dags/example_setup_teardown.py
[2023-11-24T00:28:05.005+0000] {processor.py:829} INFO - Processing file /home/airflow/.local/lib/python3.8/site-packages/airflow/example_dags/example_setup_teardown.py for tasks to queue
[2023-11-24T00:28:05.007+0000] {logging_mixin.py:154} INFO - [2023-11-24T00:28:05.007+0000] {dagbag.py:536} INFO - Filling up the DagBag from /home/airflow/.local/lib/python3.8/site-packages/airflow/example_dags/example_setup_teardown.py
[2023-11-24T00:28:05.011+0000] {processor.py:839} INFO - DAG(s) dict_keys(['example_setup_teardown']) retrieved from /home/airflow/.local/lib/python3.8/site-packages/airflow/example_dags/example_setup_teardown.py
[2023-11-24T00:28:05.028+0000] {logging_mixin.py:154} INFO - [2023-11-24T00:28:05.028+0000] {dag.py:2941} INFO - Sync 1 DAGs
[2023-11-24T00:28:05.045+0000] {logging_mixin.py:154} INFO - [2023-11-24T00:28:05.045+0000] {dag.py:3722} INFO - Setting next_dagrun for example_setup_teardown to 2023-11-23T00:28:05.044920+00:00, run_after=2023-11-24T00:28:05.044920+00:00
[2023-11-24T00:28:05.059+0000] {processor.py:179} INFO - Processing /home/airflow/.local/lib/python3.8/site-packages/airflow/example_dags/example_setup_teardown.py took 0.057 seconds
[2023-11-24T00:28:35.132+0000] {processor.py:157} INFO - Started process (PID=1178) to work on /home/airflow/.local/lib/python3.8/site-packages/airflow/example_dags/example_setup_teardown.py
[2023-11-24T00:28:35.133+0000] {processor.py:829} INFO - Processing file /home/airflow/.local/lib/python3.8/site-packages/airflow/example_dags/example_setup_teardown.py for tasks to queue
[2023-11-24T00:28:35.135+0000] {logging_mixin.py:154} INFO - [2023-11-24T00:28:35.134+0000] {dagbag.py:536} INFO - Filling up the DagBag from /home/airflow/.local/lib/python3.8/site-packages/airflow/example_dags/example_setup_teardown.py
[2023-11-24T00:28:35.139+0000] {processor.py:839} INFO - DAG(s) dict_keys(['example_setup_teardown']) retrieved from /home/airflow/.local/lib/python3.8/site-packages/airflow/example_dags/example_setup_teardown.py
[2023-11-24T00:28:35.156+0000] {logging_mixin.py:154} INFO - [2023-11-24T00:28:35.155+0000] {dag.py:2941} INFO - Sync 1 DAGs
[2023-11-24T00:28:35.312+0000] {logging_mixin.py:154} INFO - [2023-11-24T00:28:35.311+0000] {dag.py:3722} INFO - Setting next_dagrun for example_setup_teardown to 2023-11-23T00:28:35.311792+00:00, run_after=2023-11-24T00:28:35.311792+00:00
[2023-11-24T00:28:35.327+0000] {processor.py:179} INFO - Processing /home/airflow/.local/lib/python3.8/site-packages/airflow/example_dags/example_setup_teardown.py took 0.197 seconds
[2023-11-24T00:29:05.842+0000] {processor.py:157} INFO - Started process (PID=1232) to work on /home/airflow/.local/lib/python3.8/site-packages/airflow/example_dags/example_setup_teardown.py
[2023-11-24T00:29:05.844+0000] {processor.py:829} INFO - Processing file /home/airflow/.local/lib/python3.8/site-packages/airflow/example_dags/example_setup_teardown.py for tasks to queue
[2023-11-24T00:29:05.846+0000] {logging_mixin.py:154} INFO - [2023-11-24T00:29:05.846+0000] {dagbag.py:536} INFO - Filling up the DagBag from /home/airflow/.local/lib/python3.8/site-packages/airflow/example_dags/example_setup_teardown.py
[2023-11-24T00:29:05.850+0000] {processor.py:839} INFO - DAG(s) dict_keys(['example_setup_teardown']) retrieved from /home/airflow/.local/lib/python3.8/site-packages/airflow/example_dags/example_setup_teardown.py
[2023-11-24T00:29:05.867+0000] {logging_mixin.py:154} INFO - [2023-11-24T00:29:05.867+0000] {dag.py:2941} INFO - Sync 1 DAGs
[2023-11-24T00:29:05.885+0000] {logging_mixin.py:154} INFO - [2023-11-24T00:29:05.884+0000] {dag.py:3722} INFO - Setting next_dagrun for example_setup_teardown to 2023-11-23T00:29:05.884722+00:00, run_after=2023-11-24T00:29:05.884722+00:00
[2023-11-24T00:29:05.900+0000] {processor.py:179} INFO - Processing /home/airflow/.local/lib/python3.8/site-packages/airflow/example_dags/example_setup_teardown.py took 0.060 seconds
[2023-11-24T00:29:36.286+0000] {processor.py:157} INFO - Started process (PID=1286) to work on /home/airflow/.local/lib/python3.8/site-packages/airflow/example_dags/example_setup_teardown.py
[2023-11-24T00:29:36.288+0000] {processor.py:829} INFO - Processing file /home/airflow/.local/lib/python3.8/site-packages/airflow/example_dags/example_setup_teardown.py for tasks to queue
[2023-11-24T00:29:36.290+0000] {logging_mixin.py:154} INFO - [2023-11-24T00:29:36.289+0000] {dagbag.py:536} INFO - Filling up the DagBag from /home/airflow/.local/lib/python3.8/site-packages/airflow/example_dags/example_setup_teardown.py
[2023-11-24T00:29:36.294+0000] {processor.py:839} INFO - DAG(s) dict_keys(['example_setup_teardown']) retrieved from /home/airflow/.local/lib/python3.8/site-packages/airflow/example_dags/example_setup_teardown.py
[2023-11-24T00:29:36.311+0000] {logging_mixin.py:154} INFO - [2023-11-24T00:29:36.311+0000] {dag.py:2941} INFO - Sync 1 DAGs
[2023-11-24T00:29:36.343+0000] {logging_mixin.py:154} INFO - [2023-11-24T00:29:36.343+0000] {dag.py:3722} INFO - Setting next_dagrun for example_setup_teardown to 2023-11-23T00:29:36.342768+00:00, run_after=2023-11-24T00:29:36.342768+00:00
[2023-11-24T00:29:36.363+0000] {processor.py:179} INFO - Processing /home/airflow/.local/lib/python3.8/site-packages/airflow/example_dags/example_setup_teardown.py took 0.079 seconds
[2023-11-24T00:30:06.964+0000] {processor.py:157} INFO - Started process (PID=1340) to work on /home/airflow/.local/lib/python3.8/site-packages/airflow/example_dags/example_setup_teardown.py
[2023-11-24T00:30:06.965+0000] {processor.py:829} INFO - Processing file /home/airflow/.local/lib/python3.8/site-packages/airflow/example_dags/example_setup_teardown.py for tasks to queue
[2023-11-24T00:30:06.967+0000] {logging_mixin.py:154} INFO - [2023-11-24T00:30:06.967+0000] {dagbag.py:536} INFO - Filling up the DagBag from /home/airflow/.local/lib/python3.8/site-packages/airflow/example_dags/example_setup_teardown.py
[2023-11-24T00:30:06.972+0000] {processor.py:839} INFO - DAG(s) dict_keys(['example_setup_teardown']) retrieved from /home/airflow/.local/lib/python3.8/site-packages/airflow/example_dags/example_setup_teardown.py
[2023-11-24T00:30:07.127+0000] {logging_mixin.py:154} INFO - [2023-11-24T00:30:07.127+0000] {dag.py:2941} INFO - Sync 1 DAGs
[2023-11-24T00:30:07.144+0000] {logging_mixin.py:154} INFO - [2023-11-24T00:30:07.144+0000] {dag.py:3722} INFO - Setting next_dagrun for example_setup_teardown to 2023-11-23T00:30:07.144188+00:00, run_after=2023-11-24T00:30:07.144188+00:00
[2023-11-24T00:30:07.159+0000] {processor.py:179} INFO - Processing /home/airflow/.local/lib/python3.8/site-packages/airflow/example_dags/example_setup_teardown.py took 0.197 seconds
[2023-11-24T00:30:37.433+0000] {processor.py:157} INFO - Started process (PID=1394) to work on /home/airflow/.local/lib/python3.8/site-packages/airflow/example_dags/example_setup_teardown.py
[2023-11-24T00:30:37.434+0000] {processor.py:829} INFO - Processing file /home/airflow/.local/lib/python3.8/site-packages/airflow/example_dags/example_setup_teardown.py for tasks to queue
[2023-11-24T00:30:37.436+0000] {logging_mixin.py:154} INFO - [2023-11-24T00:30:37.436+0000] {dagbag.py:536} INFO - Filling up the DagBag from /home/airflow/.local/lib/python3.8/site-packages/airflow/example_dags/example_setup_teardown.py
[2023-11-24T00:30:37.441+0000] {processor.py:839} INFO - DAG(s) dict_keys(['example_setup_teardown']) retrieved from /home/airflow/.local/lib/python3.8/site-packages/airflow/example_dags/example_setup_teardown.py
[2023-11-24T00:30:37.458+0000] {logging_mixin.py:154} INFO - [2023-11-24T00:30:37.458+0000] {dag.py:2941} INFO - Sync 1 DAGs
[2023-11-24T00:30:37.639+0000] {logging_mixin.py:154} INFO - [2023-11-24T00:30:37.639+0000] {dag.py:3722} INFO - Setting next_dagrun for example_setup_teardown to 2023-11-23T00:30:37.638898+00:00, run_after=2023-11-24T00:30:37.638898+00:00
[2023-11-24T00:30:37.663+0000] {processor.py:179} INFO - Processing /home/airflow/.local/lib/python3.8/site-packages/airflow/example_dags/example_setup_teardown.py took 0.232 seconds
