[2023-11-24T00:17:59.322+0000] {processor.py:157} INFO - Started process (PID=75) to work on /home/airflow/.local/lib/python3.8/site-packages/airflow/example_dags/example_short_circuit_decorator.py
[2023-11-24T00:17:59.322+0000] {processor.py:829} INFO - Processing file /home/airflow/.local/lib/python3.8/site-packages/airflow/example_dags/example_short_circuit_decorator.py for tasks to queue
[2023-11-24T00:17:59.324+0000] {logging_mixin.py:154} INFO - [2023-11-24T00:17:59.324+0000] {dagbag.py:536} INFO - Filling up the DagBag from /home/airflow/.local/lib/python3.8/site-packages/airflow/example_dags/example_short_circuit_decorator.py
[2023-11-24T00:17:59.335+0000] {processor.py:839} INFO - DAG(s) dict_keys(['example_short_circuit_decorator']) retrieved from /home/airflow/.local/lib/python3.8/site-packages/airflow/example_dags/example_short_circuit_decorator.py
[2023-11-24T00:17:59.349+0000] {logging_mixin.py:154} INFO - [2023-11-24T00:17:59.349+0000] {dag.py:2941} INFO - Sync 1 DAGs
[2023-11-24T00:17:59.391+0000] {logging_mixin.py:154} INFO - [2023-11-24T00:17:59.391+0000] {dag.py:3722} INFO - Setting next_dagrun for example_short_circuit_decorator to 2023-11-23T00:17:59.390694+00:00, run_after=2023-11-24T00:17:59.390694+00:00
[2023-11-24T00:17:59.426+0000] {processor.py:179} INFO - Processing /home/airflow/.local/lib/python3.8/site-packages/airflow/example_dags/example_short_circuit_decorator.py took 0.108 seconds
[2023-11-24T00:18:30.149+0000] {processor.py:157} INFO - Started process (PID=129) to work on /home/airflow/.local/lib/python3.8/site-packages/airflow/example_dags/example_short_circuit_decorator.py
[2023-11-24T00:18:30.150+0000] {processor.py:829} INFO - Processing file /home/airflow/.local/lib/python3.8/site-packages/airflow/example_dags/example_short_circuit_decorator.py for tasks to queue
[2023-11-24T00:18:30.151+0000] {logging_mixin.py:154} INFO - [2023-11-24T00:18:30.151+0000] {dagbag.py:536} INFO - Filling up the DagBag from /home/airflow/.local/lib/python3.8/site-packages/airflow/example_dags/example_short_circuit_decorator.py
[2023-11-24T00:18:30.158+0000] {processor.py:839} INFO - DAG(s) dict_keys(['example_short_circuit_decorator']) retrieved from /home/airflow/.local/lib/python3.8/site-packages/airflow/example_dags/example_short_circuit_decorator.py
[2023-11-24T00:18:30.177+0000] {logging_mixin.py:154} INFO - [2023-11-24T00:18:30.177+0000] {dag.py:2941} INFO - Sync 1 DAGs
[2023-11-24T00:18:30.195+0000] {logging_mixin.py:154} INFO - [2023-11-24T00:18:30.194+0000] {dag.py:3722} INFO - Setting next_dagrun for example_short_circuit_decorator to 2023-11-23T00:18:30.194677+00:00, run_after=2023-11-24T00:18:30.194677+00:00
[2023-11-24T00:18:30.209+0000] {processor.py:179} INFO - Processing /home/airflow/.local/lib/python3.8/site-packages/airflow/example_dags/example_short_circuit_decorator.py took 0.062 seconds
[2023-11-24T00:19:01.170+0000] {processor.py:157} INFO - Started process (PID=183) to work on /home/airflow/.local/lib/python3.8/site-packages/airflow/example_dags/example_short_circuit_decorator.py
[2023-11-24T00:19:01.171+0000] {processor.py:829} INFO - Processing file /home/airflow/.local/lib/python3.8/site-packages/airflow/example_dags/example_short_circuit_decorator.py for tasks to queue
[2023-11-24T00:19:01.173+0000] {logging_mixin.py:154} INFO - [2023-11-24T00:19:01.172+0000] {dagbag.py:536} INFO - Filling up the DagBag from /home/airflow/.local/lib/python3.8/site-packages/airflow/example_dags/example_short_circuit_decorator.py
[2023-11-24T00:19:01.179+0000] {processor.py:839} INFO - DAG(s) dict_keys(['example_short_circuit_decorator']) retrieved from /home/airflow/.local/lib/python3.8/site-packages/airflow/example_dags/example_short_circuit_decorator.py
[2023-11-24T00:19:01.197+0000] {logging_mixin.py:154} INFO - [2023-11-24T00:19:01.197+0000] {dag.py:2941} INFO - Sync 1 DAGs
[2023-11-24T00:19:01.215+0000] {logging_mixin.py:154} INFO - [2023-11-24T00:19:01.214+0000] {dag.py:3722} INFO - Setting next_dagrun for example_short_circuit_decorator to 2023-11-23T00:19:01.214693+00:00, run_after=2023-11-24T00:19:01.214693+00:00
[2023-11-24T00:19:01.230+0000] {processor.py:179} INFO - Processing /home/airflow/.local/lib/python3.8/site-packages/airflow/example_dags/example_short_circuit_decorator.py took 0.062 seconds
[2023-11-24T00:19:31.413+0000] {processor.py:157} INFO - Started process (PID=237) to work on /home/airflow/.local/lib/python3.8/site-packages/airflow/example_dags/example_short_circuit_decorator.py
[2023-11-24T00:19:31.414+0000] {processor.py:829} INFO - Processing file /home/airflow/.local/lib/python3.8/site-packages/airflow/example_dags/example_short_circuit_decorator.py for tasks to queue
[2023-11-24T00:19:31.415+0000] {logging_mixin.py:154} INFO - [2023-11-24T00:19:31.415+0000] {dagbag.py:536} INFO - Filling up the DagBag from /home/airflow/.local/lib/python3.8/site-packages/airflow/example_dags/example_short_circuit_decorator.py
[2023-11-24T00:19:31.422+0000] {processor.py:839} INFO - DAG(s) dict_keys(['example_short_circuit_decorator']) retrieved from /home/airflow/.local/lib/python3.8/site-packages/airflow/example_dags/example_short_circuit_decorator.py
[2023-11-24T00:19:31.440+0000] {logging_mixin.py:154} INFO - [2023-11-24T00:19:31.440+0000] {dag.py:2941} INFO - Sync 1 DAGs
[2023-11-24T00:19:31.457+0000] {logging_mixin.py:154} INFO - [2023-11-24T00:19:31.457+0000] {dag.py:3722} INFO - Setting next_dagrun for example_short_circuit_decorator to 2023-11-23T00:19:31.457127+00:00, run_after=2023-11-24T00:19:31.457127+00:00
[2023-11-24T00:19:31.470+0000] {processor.py:179} INFO - Processing /home/airflow/.local/lib/python3.8/site-packages/airflow/example_dags/example_short_circuit_decorator.py took 0.060 seconds
[2023-11-24T00:20:01.769+0000] {processor.py:157} INFO - Started process (PID=291) to work on /home/airflow/.local/lib/python3.8/site-packages/airflow/example_dags/example_short_circuit_decorator.py
[2023-11-24T00:20:01.770+0000] {processor.py:829} INFO - Processing file /home/airflow/.local/lib/python3.8/site-packages/airflow/example_dags/example_short_circuit_decorator.py for tasks to queue
[2023-11-24T00:20:01.772+0000] {logging_mixin.py:154} INFO - [2023-11-24T00:20:01.772+0000] {dagbag.py:536} INFO - Filling up the DagBag from /home/airflow/.local/lib/python3.8/site-packages/airflow/example_dags/example_short_circuit_decorator.py
[2023-11-24T00:20:01.778+0000] {processor.py:839} INFO - DAG(s) dict_keys(['example_short_circuit_decorator']) retrieved from /home/airflow/.local/lib/python3.8/site-packages/airflow/example_dags/example_short_circuit_decorator.py
[2023-11-24T00:20:01.797+0000] {logging_mixin.py:154} INFO - [2023-11-24T00:20:01.797+0000] {dag.py:2941} INFO - Sync 1 DAGs
[2023-11-24T00:20:01.815+0000] {logging_mixin.py:154} INFO - [2023-11-24T00:20:01.815+0000] {dag.py:3722} INFO - Setting next_dagrun for example_short_circuit_decorator to 2023-11-23T00:20:01.814865+00:00, run_after=2023-11-24T00:20:01.814865+00:00
[2023-11-24T00:20:01.828+0000] {processor.py:179} INFO - Processing /home/airflow/.local/lib/python3.8/site-packages/airflow/example_dags/example_short_circuit_decorator.py took 0.061 seconds
[2023-11-24T00:20:31.971+0000] {processor.py:157} INFO - Started process (PID=345) to work on /home/airflow/.local/lib/python3.8/site-packages/airflow/example_dags/example_short_circuit_decorator.py
[2023-11-24T00:20:31.972+0000] {processor.py:829} INFO - Processing file /home/airflow/.local/lib/python3.8/site-packages/airflow/example_dags/example_short_circuit_decorator.py for tasks to queue
[2023-11-24T00:20:31.973+0000] {logging_mixin.py:154} INFO - [2023-11-24T00:20:31.973+0000] {dagbag.py:536} INFO - Filling up the DagBag from /home/airflow/.local/lib/python3.8/site-packages/airflow/example_dags/example_short_circuit_decorator.py
[2023-11-24T00:20:31.979+0000] {processor.py:839} INFO - DAG(s) dict_keys(['example_short_circuit_decorator']) retrieved from /home/airflow/.local/lib/python3.8/site-packages/airflow/example_dags/example_short_circuit_decorator.py
[2023-11-24T00:20:31.998+0000] {logging_mixin.py:154} INFO - [2023-11-24T00:20:31.997+0000] {dag.py:2941} INFO - Sync 1 DAGs
[2023-11-24T00:20:32.014+0000] {logging_mixin.py:154} INFO - [2023-11-24T00:20:32.014+0000] {dag.py:3722} INFO - Setting next_dagrun for example_short_circuit_decorator to 2023-11-23T00:20:32.014517+00:00, run_after=2023-11-24T00:20:32.014517+00:00
[2023-11-24T00:20:32.028+0000] {processor.py:179} INFO - Processing /home/airflow/.local/lib/python3.8/site-packages/airflow/example_dags/example_short_circuit_decorator.py took 0.060 seconds
[2023-11-24T00:21:02.443+0000] {processor.py:157} INFO - Started process (PID=399) to work on /home/airflow/.local/lib/python3.8/site-packages/airflow/example_dags/example_short_circuit_decorator.py
[2023-11-24T00:21:02.444+0000] {processor.py:829} INFO - Processing file /home/airflow/.local/lib/python3.8/site-packages/airflow/example_dags/example_short_circuit_decorator.py for tasks to queue
[2023-11-24T00:21:02.446+0000] {logging_mixin.py:154} INFO - [2023-11-24T00:21:02.446+0000] {dagbag.py:536} INFO - Filling up the DagBag from /home/airflow/.local/lib/python3.8/site-packages/airflow/example_dags/example_short_circuit_decorator.py
[2023-11-24T00:21:02.452+0000] {processor.py:839} INFO - DAG(s) dict_keys(['example_short_circuit_decorator']) retrieved from /home/airflow/.local/lib/python3.8/site-packages/airflow/example_dags/example_short_circuit_decorator.py
[2023-11-24T00:21:02.472+0000] {logging_mixin.py:154} INFO - [2023-11-24T00:21:02.471+0000] {dag.py:2941} INFO - Sync 1 DAGs
[2023-11-24T00:21:02.491+0000] {logging_mixin.py:154} INFO - [2023-11-24T00:21:02.490+0000] {dag.py:3722} INFO - Setting next_dagrun for example_short_circuit_decorator to 2023-11-23T00:21:02.490585+00:00, run_after=2023-11-24T00:21:02.490585+00:00
[2023-11-24T00:21:02.506+0000] {processor.py:179} INFO - Processing /home/airflow/.local/lib/python3.8/site-packages/airflow/example_dags/example_short_circuit_decorator.py took 0.064 seconds
[2023-11-24T00:21:33.272+0000] {processor.py:157} INFO - Started process (PID=453) to work on /home/airflow/.local/lib/python3.8/site-packages/airflow/example_dags/example_short_circuit_decorator.py
[2023-11-24T00:21:33.273+0000] {processor.py:829} INFO - Processing file /home/airflow/.local/lib/python3.8/site-packages/airflow/example_dags/example_short_circuit_decorator.py for tasks to queue
[2023-11-24T00:21:33.275+0000] {logging_mixin.py:154} INFO - [2023-11-24T00:21:33.275+0000] {dagbag.py:536} INFO - Filling up the DagBag from /home/airflow/.local/lib/python3.8/site-packages/airflow/example_dags/example_short_circuit_decorator.py
[2023-11-24T00:21:33.283+0000] {processor.py:839} INFO - DAG(s) dict_keys(['example_short_circuit_decorator']) retrieved from /home/airflow/.local/lib/python3.8/site-packages/airflow/example_dags/example_short_circuit_decorator.py
[2023-11-24T00:21:33.304+0000] {logging_mixin.py:154} INFO - [2023-11-24T00:21:33.304+0000] {dag.py:2941} INFO - Sync 1 DAGs
[2023-11-24T00:21:33.326+0000] {logging_mixin.py:154} INFO - [2023-11-24T00:21:33.326+0000] {dag.py:3722} INFO - Setting next_dagrun for example_short_circuit_decorator to 2023-11-23T00:21:33.326248+00:00, run_after=2023-11-24T00:21:33.326248+00:00
[2023-11-24T00:21:33.347+0000] {processor.py:179} INFO - Processing /home/airflow/.local/lib/python3.8/site-packages/airflow/example_dags/example_short_circuit_decorator.py took 0.077 seconds
[2023-11-24T00:22:04.303+0000] {processor.py:157} INFO - Started process (PID=507) to work on /home/airflow/.local/lib/python3.8/site-packages/airflow/example_dags/example_short_circuit_decorator.py
[2023-11-24T00:22:04.304+0000] {processor.py:829} INFO - Processing file /home/airflow/.local/lib/python3.8/site-packages/airflow/example_dags/example_short_circuit_decorator.py for tasks to queue
[2023-11-24T00:22:04.306+0000] {logging_mixin.py:154} INFO - [2023-11-24T00:22:04.305+0000] {dagbag.py:536} INFO - Filling up the DagBag from /home/airflow/.local/lib/python3.8/site-packages/airflow/example_dags/example_short_circuit_decorator.py
[2023-11-24T00:22:04.312+0000] {processor.py:839} INFO - DAG(s) dict_keys(['example_short_circuit_decorator']) retrieved from /home/airflow/.local/lib/python3.8/site-packages/airflow/example_dags/example_short_circuit_decorator.py
[2023-11-24T00:22:04.331+0000] {logging_mixin.py:154} INFO - [2023-11-24T00:22:04.331+0000] {dag.py:2941} INFO - Sync 1 DAGs
[2023-11-24T00:22:04.349+0000] {logging_mixin.py:154} INFO - [2023-11-24T00:22:04.349+0000] {dag.py:3722} INFO - Setting next_dagrun for example_short_circuit_decorator to 2023-11-23T00:22:04.349440+00:00, run_after=2023-11-24T00:22:04.349440+00:00
[2023-11-24T00:22:04.365+0000] {processor.py:179} INFO - Processing /home/airflow/.local/lib/python3.8/site-packages/airflow/example_dags/example_short_circuit_decorator.py took 0.063 seconds
[2023-11-24T00:22:34.540+0000] {processor.py:157} INFO - Started process (PID=560) to work on /home/airflow/.local/lib/python3.8/site-packages/airflow/example_dags/example_short_circuit_decorator.py
[2023-11-24T00:22:34.542+0000] {processor.py:829} INFO - Processing file /home/airflow/.local/lib/python3.8/site-packages/airflow/example_dags/example_short_circuit_decorator.py for tasks to queue
[2023-11-24T00:22:34.543+0000] {logging_mixin.py:154} INFO - [2023-11-24T00:22:34.543+0000] {dagbag.py:536} INFO - Filling up the DagBag from /home/airflow/.local/lib/python3.8/site-packages/airflow/example_dags/example_short_circuit_decorator.py
[2023-11-24T00:22:34.551+0000] {processor.py:839} INFO - DAG(s) dict_keys(['example_short_circuit_decorator']) retrieved from /home/airflow/.local/lib/python3.8/site-packages/airflow/example_dags/example_short_circuit_decorator.py
[2023-11-24T00:22:34.570+0000] {logging_mixin.py:154} INFO - [2023-11-24T00:22:34.570+0000] {dag.py:2941} INFO - Sync 1 DAGs
[2023-11-24T00:22:34.588+0000] {logging_mixin.py:154} INFO - [2023-11-24T00:22:34.588+0000] {dag.py:3722} INFO - Setting next_dagrun for example_short_circuit_decorator to 2023-11-23T00:22:34.588414+00:00, run_after=2023-11-24T00:22:34.588414+00:00
[2023-11-24T00:22:34.604+0000] {processor.py:179} INFO - Processing /home/airflow/.local/lib/python3.8/site-packages/airflow/example_dags/example_short_circuit_decorator.py took 0.066 seconds
[2023-11-24T00:23:04.924+0000] {processor.py:157} INFO - Started process (PID=614) to work on /home/airflow/.local/lib/python3.8/site-packages/airflow/example_dags/example_short_circuit_decorator.py
[2023-11-24T00:23:04.926+0000] {processor.py:829} INFO - Processing file /home/airflow/.local/lib/python3.8/site-packages/airflow/example_dags/example_short_circuit_decorator.py for tasks to queue
[2023-11-24T00:23:04.927+0000] {logging_mixin.py:154} INFO - [2023-11-24T00:23:04.927+0000] {dagbag.py:536} INFO - Filling up the DagBag from /home/airflow/.local/lib/python3.8/site-packages/airflow/example_dags/example_short_circuit_decorator.py
[2023-11-24T00:23:04.934+0000] {processor.py:839} INFO - DAG(s) dict_keys(['example_short_circuit_decorator']) retrieved from /home/airflow/.local/lib/python3.8/site-packages/airflow/example_dags/example_short_circuit_decorator.py
[2023-11-24T00:23:04.952+0000] {logging_mixin.py:154} INFO - [2023-11-24T00:23:04.952+0000] {dag.py:2941} INFO - Sync 1 DAGs
[2023-11-24T00:23:04.970+0000] {logging_mixin.py:154} INFO - [2023-11-24T00:23:04.970+0000] {dag.py:3722} INFO - Setting next_dagrun for example_short_circuit_decorator to 2023-11-23T00:23:04.969881+00:00, run_after=2023-11-24T00:23:04.969881+00:00
[2023-11-24T00:23:04.984+0000] {processor.py:179} INFO - Processing /home/airflow/.local/lib/python3.8/site-packages/airflow/example_dags/example_short_circuit_decorator.py took 0.063 seconds
[2023-11-24T00:23:35.352+0000] {processor.py:157} INFO - Started process (PID=668) to work on /home/airflow/.local/lib/python3.8/site-packages/airflow/example_dags/example_short_circuit_decorator.py
[2023-11-24T00:23:35.353+0000] {processor.py:829} INFO - Processing file /home/airflow/.local/lib/python3.8/site-packages/airflow/example_dags/example_short_circuit_decorator.py for tasks to queue
[2023-11-24T00:23:35.355+0000] {logging_mixin.py:154} INFO - [2023-11-24T00:23:35.355+0000] {dagbag.py:536} INFO - Filling up the DagBag from /home/airflow/.local/lib/python3.8/site-packages/airflow/example_dags/example_short_circuit_decorator.py
[2023-11-24T00:23:35.362+0000] {processor.py:839} INFO - DAG(s) dict_keys(['example_short_circuit_decorator']) retrieved from /home/airflow/.local/lib/python3.8/site-packages/airflow/example_dags/example_short_circuit_decorator.py
[2023-11-24T00:23:35.380+0000] {logging_mixin.py:154} INFO - [2023-11-24T00:23:35.380+0000] {dag.py:2941} INFO - Sync 1 DAGs
[2023-11-24T00:23:35.397+0000] {logging_mixin.py:154} INFO - [2023-11-24T00:23:35.397+0000] {dag.py:3722} INFO - Setting next_dagrun for example_short_circuit_decorator to 2023-11-23T00:23:35.397507+00:00, run_after=2023-11-24T00:23:35.397507+00:00
[2023-11-24T00:23:35.411+0000] {processor.py:179} INFO - Processing /home/airflow/.local/lib/python3.8/site-packages/airflow/example_dags/example_short_circuit_decorator.py took 0.062 seconds
[2023-11-24T00:24:05.739+0000] {processor.py:157} INFO - Started process (PID=722) to work on /home/airflow/.local/lib/python3.8/site-packages/airflow/example_dags/example_short_circuit_decorator.py
[2023-11-24T00:24:05.746+0000] {processor.py:829} INFO - Processing file /home/airflow/.local/lib/python3.8/site-packages/airflow/example_dags/example_short_circuit_decorator.py for tasks to queue
[2023-11-24T00:24:05.747+0000] {logging_mixin.py:154} INFO - [2023-11-24T00:24:05.747+0000] {dagbag.py:536} INFO - Filling up the DagBag from /home/airflow/.local/lib/python3.8/site-packages/airflow/example_dags/example_short_circuit_decorator.py
[2023-11-24T00:24:05.754+0000] {processor.py:839} INFO - DAG(s) dict_keys(['example_short_circuit_decorator']) retrieved from /home/airflow/.local/lib/python3.8/site-packages/airflow/example_dags/example_short_circuit_decorator.py
[2023-11-24T00:24:05.773+0000] {logging_mixin.py:154} INFO - [2023-11-24T00:24:05.773+0000] {dag.py:2941} INFO - Sync 1 DAGs
[2023-11-24T00:24:05.790+0000] {logging_mixin.py:154} INFO - [2023-11-24T00:24:05.790+0000] {dag.py:3722} INFO - Setting next_dagrun for example_short_circuit_decorator to 2023-11-23T00:24:05.789963+00:00, run_after=2023-11-24T00:24:05.789963+00:00
[2023-11-24T00:24:05.806+0000] {processor.py:179} INFO - Processing /home/airflow/.local/lib/python3.8/site-packages/airflow/example_dags/example_short_circuit_decorator.py took 0.069 seconds
[2023-11-24T00:24:35.954+0000] {processor.py:157} INFO - Started process (PID=776) to work on /home/airflow/.local/lib/python3.8/site-packages/airflow/example_dags/example_short_circuit_decorator.py
[2023-11-24T00:24:35.955+0000] {processor.py:829} INFO - Processing file /home/airflow/.local/lib/python3.8/site-packages/airflow/example_dags/example_short_circuit_decorator.py for tasks to queue
[2023-11-24T00:24:35.957+0000] {logging_mixin.py:154} INFO - [2023-11-24T00:24:35.957+0000] {dagbag.py:536} INFO - Filling up the DagBag from /home/airflow/.local/lib/python3.8/site-packages/airflow/example_dags/example_short_circuit_decorator.py
[2023-11-24T00:24:35.964+0000] {processor.py:839} INFO - DAG(s) dict_keys(['example_short_circuit_decorator']) retrieved from /home/airflow/.local/lib/python3.8/site-packages/airflow/example_dags/example_short_circuit_decorator.py
[2023-11-24T00:24:35.986+0000] {logging_mixin.py:154} INFO - [2023-11-24T00:24:35.986+0000] {dag.py:2941} INFO - Sync 1 DAGs
[2023-11-24T00:24:36.005+0000] {logging_mixin.py:154} INFO - [2023-11-24T00:24:36.005+0000] {dag.py:3722} INFO - Setting next_dagrun for example_short_circuit_decorator to 2023-11-23T00:24:36.005045+00:00, run_after=2023-11-24T00:24:36.005045+00:00
[2023-11-24T00:24:36.021+0000] {processor.py:179} INFO - Processing /home/airflow/.local/lib/python3.8/site-packages/airflow/example_dags/example_short_circuit_decorator.py took 0.069 seconds
[2023-11-24T00:25:06.736+0000] {processor.py:157} INFO - Started process (PID=830) to work on /home/airflow/.local/lib/python3.8/site-packages/airflow/example_dags/example_short_circuit_decorator.py
[2023-11-24T00:25:06.738+0000] {processor.py:829} INFO - Processing file /home/airflow/.local/lib/python3.8/site-packages/airflow/example_dags/example_short_circuit_decorator.py for tasks to queue
[2023-11-24T00:25:06.740+0000] {logging_mixin.py:154} INFO - [2023-11-24T00:25:06.740+0000] {dagbag.py:536} INFO - Filling up the DagBag from /home/airflow/.local/lib/python3.8/site-packages/airflow/example_dags/example_short_circuit_decorator.py
[2023-11-24T00:25:06.747+0000] {processor.py:839} INFO - DAG(s) dict_keys(['example_short_circuit_decorator']) retrieved from /home/airflow/.local/lib/python3.8/site-packages/airflow/example_dags/example_short_circuit_decorator.py
[2023-11-24T00:25:06.768+0000] {logging_mixin.py:154} INFO - [2023-11-24T00:25:06.768+0000] {dag.py:2941} INFO - Sync 1 DAGs
[2023-11-24T00:25:06.789+0000] {logging_mixin.py:154} INFO - [2023-11-24T00:25:06.789+0000] {dag.py:3722} INFO - Setting next_dagrun for example_short_circuit_decorator to 2023-11-23T00:25:06.788915+00:00, run_after=2023-11-24T00:25:06.788915+00:00
[2023-11-24T00:25:06.806+0000] {processor.py:179} INFO - Processing /home/airflow/.local/lib/python3.8/site-packages/airflow/example_dags/example_short_circuit_decorator.py took 0.072 seconds
[2023-11-24T00:25:37.365+0000] {processor.py:157} INFO - Started process (PID=884) to work on /home/airflow/.local/lib/python3.8/site-packages/airflow/example_dags/example_short_circuit_decorator.py
[2023-11-24T00:25:37.372+0000] {processor.py:829} INFO - Processing file /home/airflow/.local/lib/python3.8/site-packages/airflow/example_dags/example_short_circuit_decorator.py for tasks to queue
[2023-11-24T00:25:37.373+0000] {logging_mixin.py:154} INFO - [2023-11-24T00:25:37.373+0000] {dagbag.py:536} INFO - Filling up the DagBag from /home/airflow/.local/lib/python3.8/site-packages/airflow/example_dags/example_short_circuit_decorator.py
[2023-11-24T00:25:37.379+0000] {processor.py:839} INFO - DAG(s) dict_keys(['example_short_circuit_decorator']) retrieved from /home/airflow/.local/lib/python3.8/site-packages/airflow/example_dags/example_short_circuit_decorator.py
[2023-11-24T00:25:37.397+0000] {logging_mixin.py:154} INFO - [2023-11-24T00:25:37.397+0000] {dag.py:2941} INFO - Sync 1 DAGs
[2023-11-24T00:25:37.414+0000] {logging_mixin.py:154} INFO - [2023-11-24T00:25:37.414+0000] {dag.py:3722} INFO - Setting next_dagrun for example_short_circuit_decorator to 2023-11-23T00:25:37.413828+00:00, run_after=2023-11-24T00:25:37.413828+00:00
[2023-11-24T00:25:37.572+0000] {processor.py:179} INFO - Processing /home/airflow/.local/lib/python3.8/site-packages/airflow/example_dags/example_short_circuit_decorator.py took 0.209 seconds
[2023-11-24T00:26:07.922+0000] {processor.py:157} INFO - Started process (PID=938) to work on /home/airflow/.local/lib/python3.8/site-packages/airflow/example_dags/example_short_circuit_decorator.py
[2023-11-24T00:26:07.924+0000] {processor.py:829} INFO - Processing file /home/airflow/.local/lib/python3.8/site-packages/airflow/example_dags/example_short_circuit_decorator.py for tasks to queue
[2023-11-24T00:26:07.926+0000] {logging_mixin.py:154} INFO - [2023-11-24T00:26:07.926+0000] {dagbag.py:536} INFO - Filling up the DagBag from /home/airflow/.local/lib/python3.8/site-packages/airflow/example_dags/example_short_circuit_decorator.py
[2023-11-24T00:26:07.932+0000] {processor.py:839} INFO - DAG(s) dict_keys(['example_short_circuit_decorator']) retrieved from /home/airflow/.local/lib/python3.8/site-packages/airflow/example_dags/example_short_circuit_decorator.py
[2023-11-24T00:26:07.951+0000] {logging_mixin.py:154} INFO - [2023-11-24T00:26:07.950+0000] {dag.py:2941} INFO - Sync 1 DAGs
[2023-11-24T00:26:07.967+0000] {logging_mixin.py:154} INFO - [2023-11-24T00:26:07.967+0000] {dag.py:3722} INFO - Setting next_dagrun for example_short_circuit_decorator to 2023-11-23T00:26:07.967510+00:00, run_after=2023-11-24T00:26:07.967510+00:00
[2023-11-24T00:26:07.982+0000] {processor.py:179} INFO - Processing /home/airflow/.local/lib/python3.8/site-packages/airflow/example_dags/example_short_circuit_decorator.py took 0.062 seconds
[2023-11-24T00:26:38.502+0000] {processor.py:157} INFO - Started process (PID=992) to work on /home/airflow/.local/lib/python3.8/site-packages/airflow/example_dags/example_short_circuit_decorator.py
[2023-11-24T00:26:38.508+0000] {processor.py:829} INFO - Processing file /home/airflow/.local/lib/python3.8/site-packages/airflow/example_dags/example_short_circuit_decorator.py for tasks to queue
[2023-11-24T00:26:38.510+0000] {logging_mixin.py:154} INFO - [2023-11-24T00:26:38.510+0000] {dagbag.py:536} INFO - Filling up the DagBag from /home/airflow/.local/lib/python3.8/site-packages/airflow/example_dags/example_short_circuit_decorator.py
[2023-11-24T00:26:38.517+0000] {processor.py:839} INFO - DAG(s) dict_keys(['example_short_circuit_decorator']) retrieved from /home/airflow/.local/lib/python3.8/site-packages/airflow/example_dags/example_short_circuit_decorator.py
[2023-11-24T00:26:38.537+0000] {logging_mixin.py:154} INFO - [2023-11-24T00:26:38.537+0000] {dag.py:2941} INFO - Sync 1 DAGs
[2023-11-24T00:26:38.556+0000] {logging_mixin.py:154} INFO - [2023-11-24T00:26:38.556+0000] {dag.py:3722} INFO - Setting next_dagrun for example_short_circuit_decorator to 2023-11-23T00:26:38.555853+00:00, run_after=2023-11-24T00:26:38.555853+00:00
[2023-11-24T00:26:38.573+0000] {processor.py:179} INFO - Processing /home/airflow/.local/lib/python3.8/site-packages/airflow/example_dags/example_short_circuit_decorator.py took 0.074 seconds
[2023-11-24T00:27:08.593+0000] {processor.py:157} INFO - Started process (PID=1046) to work on /home/airflow/.local/lib/python3.8/site-packages/airflow/example_dags/example_short_circuit_decorator.py
[2023-11-24T00:27:08.594+0000] {processor.py:829} INFO - Processing file /home/airflow/.local/lib/python3.8/site-packages/airflow/example_dags/example_short_circuit_decorator.py for tasks to queue
[2023-11-24T00:27:08.595+0000] {logging_mixin.py:154} INFO - [2023-11-24T00:27:08.595+0000] {dagbag.py:536} INFO - Filling up the DagBag from /home/airflow/.local/lib/python3.8/site-packages/airflow/example_dags/example_short_circuit_decorator.py
[2023-11-24T00:27:08.601+0000] {processor.py:839} INFO - DAG(s) dict_keys(['example_short_circuit_decorator']) retrieved from /home/airflow/.local/lib/python3.8/site-packages/airflow/example_dags/example_short_circuit_decorator.py
[2023-11-24T00:27:08.621+0000] {logging_mixin.py:154} INFO - [2023-11-24T00:27:08.621+0000] {dag.py:2941} INFO - Sync 1 DAGs
[2023-11-24T00:27:08.644+0000] {logging_mixin.py:154} INFO - [2023-11-24T00:27:08.644+0000] {dag.py:3722} INFO - Setting next_dagrun for example_short_circuit_decorator to 2023-11-23T00:27:08.644318+00:00, run_after=2023-11-24T00:27:08.644318+00:00
[2023-11-24T00:27:08.796+0000] {processor.py:179} INFO - Processing /home/airflow/.local/lib/python3.8/site-packages/airflow/example_dags/example_short_circuit_decorator.py took 0.206 seconds
[2023-11-24T00:27:39.455+0000] {processor.py:157} INFO - Started process (PID=1100) to work on /home/airflow/.local/lib/python3.8/site-packages/airflow/example_dags/example_short_circuit_decorator.py
[2023-11-24T00:27:39.456+0000] {processor.py:829} INFO - Processing file /home/airflow/.local/lib/python3.8/site-packages/airflow/example_dags/example_short_circuit_decorator.py for tasks to queue
[2023-11-24T00:27:39.458+0000] {logging_mixin.py:154} INFO - [2023-11-24T00:27:39.458+0000] {dagbag.py:536} INFO - Filling up the DagBag from /home/airflow/.local/lib/python3.8/site-packages/airflow/example_dags/example_short_circuit_decorator.py
[2023-11-24T00:27:39.465+0000] {processor.py:839} INFO - DAG(s) dict_keys(['example_short_circuit_decorator']) retrieved from /home/airflow/.local/lib/python3.8/site-packages/airflow/example_dags/example_short_circuit_decorator.py
[2023-11-24T00:27:39.485+0000] {logging_mixin.py:154} INFO - [2023-11-24T00:27:39.485+0000] {dag.py:2941} INFO - Sync 1 DAGs
[2023-11-24T00:27:39.507+0000] {logging_mixin.py:154} INFO - [2023-11-24T00:27:39.507+0000] {dag.py:3722} INFO - Setting next_dagrun for example_short_circuit_decorator to 2023-11-23T00:27:39.506758+00:00, run_after=2023-11-24T00:27:39.506758+00:00
[2023-11-24T00:27:39.538+0000] {processor.py:179} INFO - Processing /home/airflow/.local/lib/python3.8/site-packages/airflow/example_dags/example_short_circuit_decorator.py took 0.085 seconds
[2023-11-24T00:28:10.238+0000] {processor.py:157} INFO - Started process (PID=1154) to work on /home/airflow/.local/lib/python3.8/site-packages/airflow/example_dags/example_short_circuit_decorator.py
[2023-11-24T00:28:10.239+0000] {processor.py:829} INFO - Processing file /home/airflow/.local/lib/python3.8/site-packages/airflow/example_dags/example_short_circuit_decorator.py for tasks to queue
[2023-11-24T00:28:10.241+0000] {logging_mixin.py:154} INFO - [2023-11-24T00:28:10.240+0000] {dagbag.py:536} INFO - Filling up the DagBag from /home/airflow/.local/lib/python3.8/site-packages/airflow/example_dags/example_short_circuit_decorator.py
[2023-11-24T00:28:10.248+0000] {processor.py:839} INFO - DAG(s) dict_keys(['example_short_circuit_decorator']) retrieved from /home/airflow/.local/lib/python3.8/site-packages/airflow/example_dags/example_short_circuit_decorator.py
[2023-11-24T00:28:10.266+0000] {logging_mixin.py:154} INFO - [2023-11-24T00:28:10.266+0000] {dag.py:2941} INFO - Sync 1 DAGs
[2023-11-24T00:28:10.284+0000] {logging_mixin.py:154} INFO - [2023-11-24T00:28:10.284+0000] {dag.py:3722} INFO - Setting next_dagrun for example_short_circuit_decorator to 2023-11-23T00:28:10.283931+00:00, run_after=2023-11-24T00:28:10.283931+00:00
[2023-11-24T00:28:10.298+0000] {processor.py:179} INFO - Processing /home/airflow/.local/lib/python3.8/site-packages/airflow/example_dags/example_short_circuit_decorator.py took 0.062 seconds
[2023-11-24T00:28:41.441+0000] {processor.py:157} INFO - Started process (PID=1208) to work on /home/airflow/.local/lib/python3.8/site-packages/airflow/example_dags/example_short_circuit_decorator.py
[2023-11-24T00:28:41.442+0000] {processor.py:829} INFO - Processing file /home/airflow/.local/lib/python3.8/site-packages/airflow/example_dags/example_short_circuit_decorator.py for tasks to queue
[2023-11-24T00:28:41.444+0000] {logging_mixin.py:154} INFO - [2023-11-24T00:28:41.443+0000] {dagbag.py:536} INFO - Filling up the DagBag from /home/airflow/.local/lib/python3.8/site-packages/airflow/example_dags/example_short_circuit_decorator.py
[2023-11-24T00:28:41.451+0000] {processor.py:839} INFO - DAG(s) dict_keys(['example_short_circuit_decorator']) retrieved from /home/airflow/.local/lib/python3.8/site-packages/airflow/example_dags/example_short_circuit_decorator.py
[2023-11-24T00:28:41.602+0000] {logging_mixin.py:154} INFO - [2023-11-24T00:28:41.602+0000] {dag.py:2941} INFO - Sync 1 DAGs
[2023-11-24T00:28:41.619+0000] {logging_mixin.py:154} INFO - [2023-11-24T00:28:41.619+0000] {dag.py:3722} INFO - Setting next_dagrun for example_short_circuit_decorator to 2023-11-23T00:28:41.619026+00:00, run_after=2023-11-24T00:28:41.619026+00:00
[2023-11-24T00:28:41.633+0000] {processor.py:179} INFO - Processing /home/airflow/.local/lib/python3.8/site-packages/airflow/example_dags/example_short_circuit_decorator.py took 0.194 seconds
[2023-11-24T00:29:11.665+0000] {processor.py:157} INFO - Started process (PID=1262) to work on /home/airflow/.local/lib/python3.8/site-packages/airflow/example_dags/example_short_circuit_decorator.py
[2023-11-24T00:29:11.666+0000] {processor.py:829} INFO - Processing file /home/airflow/.local/lib/python3.8/site-packages/airflow/example_dags/example_short_circuit_decorator.py for tasks to queue
[2023-11-24T00:29:11.668+0000] {logging_mixin.py:154} INFO - [2023-11-24T00:29:11.667+0000] {dagbag.py:536} INFO - Filling up the DagBag from /home/airflow/.local/lib/python3.8/site-packages/airflow/example_dags/example_short_circuit_decorator.py
[2023-11-24T00:29:11.674+0000] {processor.py:839} INFO - DAG(s) dict_keys(['example_short_circuit_decorator']) retrieved from /home/airflow/.local/lib/python3.8/site-packages/airflow/example_dags/example_short_circuit_decorator.py
[2023-11-24T00:29:11.695+0000] {logging_mixin.py:154} INFO - [2023-11-24T00:29:11.695+0000] {dag.py:2941} INFO - Sync 1 DAGs
[2023-11-24T00:29:11.842+0000] {logging_mixin.py:154} INFO - [2023-11-24T00:29:11.842+0000] {dag.py:3722} INFO - Setting next_dagrun for example_short_circuit_decorator to 2023-11-23T00:29:11.842316+00:00, run_after=2023-11-24T00:29:11.842316+00:00
[2023-11-24T00:29:11.856+0000] {processor.py:179} INFO - Processing /home/airflow/.local/lib/python3.8/site-packages/airflow/example_dags/example_short_circuit_decorator.py took 0.193 seconds
[2023-11-24T00:29:42.674+0000] {processor.py:157} INFO - Started process (PID=1316) to work on /home/airflow/.local/lib/python3.8/site-packages/airflow/example_dags/example_short_circuit_decorator.py
[2023-11-24T00:29:42.676+0000] {processor.py:829} INFO - Processing file /home/airflow/.local/lib/python3.8/site-packages/airflow/example_dags/example_short_circuit_decorator.py for tasks to queue
[2023-11-24T00:29:42.677+0000] {logging_mixin.py:154} INFO - [2023-11-24T00:29:42.677+0000] {dagbag.py:536} INFO - Filling up the DagBag from /home/airflow/.local/lib/python3.8/site-packages/airflow/example_dags/example_short_circuit_decorator.py
[2023-11-24T00:29:42.684+0000] {processor.py:839} INFO - DAG(s) dict_keys(['example_short_circuit_decorator']) retrieved from /home/airflow/.local/lib/python3.8/site-packages/airflow/example_dags/example_short_circuit_decorator.py
[2023-11-24T00:29:42.704+0000] {logging_mixin.py:154} INFO - [2023-11-24T00:29:42.703+0000] {dag.py:2941} INFO - Sync 1 DAGs
[2023-11-24T00:29:42.722+0000] {logging_mixin.py:154} INFO - [2023-11-24T00:29:42.722+0000] {dag.py:3722} INFO - Setting next_dagrun for example_short_circuit_decorator to 2023-11-23T00:29:42.722499+00:00, run_after=2023-11-24T00:29:42.722499+00:00
[2023-11-24T00:29:42.738+0000] {processor.py:179} INFO - Processing /home/airflow/.local/lib/python3.8/site-packages/airflow/example_dags/example_short_circuit_decorator.py took 0.065 seconds
[2023-11-24T00:30:13.385+0000] {processor.py:157} INFO - Started process (PID=1370) to work on /home/airflow/.local/lib/python3.8/site-packages/airflow/example_dags/example_short_circuit_decorator.py
[2023-11-24T00:30:13.386+0000] {processor.py:829} INFO - Processing file /home/airflow/.local/lib/python3.8/site-packages/airflow/example_dags/example_short_circuit_decorator.py for tasks to queue
[2023-11-24T00:30:13.387+0000] {logging_mixin.py:154} INFO - [2023-11-24T00:30:13.387+0000] {dagbag.py:536} INFO - Filling up the DagBag from /home/airflow/.local/lib/python3.8/site-packages/airflow/example_dags/example_short_circuit_decorator.py
[2023-11-24T00:30:13.393+0000] {processor.py:839} INFO - DAG(s) dict_keys(['example_short_circuit_decorator']) retrieved from /home/airflow/.local/lib/python3.8/site-packages/airflow/example_dags/example_short_circuit_decorator.py
[2023-11-24T00:30:13.411+0000] {logging_mixin.py:154} INFO - [2023-11-24T00:30:13.411+0000] {dag.py:2941} INFO - Sync 1 DAGs
[2023-11-24T00:30:13.428+0000] {logging_mixin.py:154} INFO - [2023-11-24T00:30:13.427+0000] {dag.py:3722} INFO - Setting next_dagrun for example_short_circuit_decorator to 2023-11-23T00:30:13.427753+00:00, run_after=2023-11-24T00:30:13.427753+00:00
[2023-11-24T00:30:13.443+0000] {processor.py:179} INFO - Processing /home/airflow/.local/lib/python3.8/site-packages/airflow/example_dags/example_short_circuit_decorator.py took 0.060 seconds
[2023-11-24T00:30:43.991+0000] {processor.py:157} INFO - Started process (PID=1424) to work on /home/airflow/.local/lib/python3.8/site-packages/airflow/example_dags/example_short_circuit_decorator.py
[2023-11-24T00:30:43.993+0000] {processor.py:829} INFO - Processing file /home/airflow/.local/lib/python3.8/site-packages/airflow/example_dags/example_short_circuit_decorator.py for tasks to queue
[2023-11-24T00:30:43.994+0000] {logging_mixin.py:154} INFO - [2023-11-24T00:30:43.994+0000] {dagbag.py:536} INFO - Filling up the DagBag from /home/airflow/.local/lib/python3.8/site-packages/airflow/example_dags/example_short_circuit_decorator.py
[2023-11-24T00:30:44.002+0000] {processor.py:839} INFO - DAG(s) dict_keys(['example_short_circuit_decorator']) retrieved from /home/airflow/.local/lib/python3.8/site-packages/airflow/example_dags/example_short_circuit_decorator.py
[2023-11-24T00:30:44.190+0000] {logging_mixin.py:154} INFO - [2023-11-24T00:30:44.190+0000] {dag.py:2941} INFO - Sync 1 DAGs
[2023-11-24T00:30:44.209+0000] {logging_mixin.py:154} INFO - [2023-11-24T00:30:44.208+0000] {dag.py:3722} INFO - Setting next_dagrun for example_short_circuit_decorator to 2023-11-23T00:30:44.208632+00:00, run_after=2023-11-24T00:30:44.208632+00:00
[2023-11-24T00:30:44.226+0000] {processor.py:179} INFO - Processing /home/airflow/.local/lib/python3.8/site-packages/airflow/example_dags/example_short_circuit_decorator.py took 0.237 seconds
