[2023-11-24T00:17:58.152+0000] {processor.py:157} INFO - Started process (PID=56) to work on /home/airflow/.local/lib/python3.8/site-packages/airflow/example_dags/tutorial_dag.py
[2023-11-24T00:17:58.152+0000] {processor.py:829} INFO - Processing file /home/airflow/.local/lib/python3.8/site-packages/airflow/example_dags/tutorial_dag.py for tasks to queue
[2023-11-24T00:17:58.154+0000] {logging_mixin.py:154} INFO - [2023-11-24T00:17:58.154+0000] {dagbag.py:536} INFO - Filling up the DagBag from /home/airflow/.local/lib/python3.8/site-packages/airflow/example_dags/tutorial_dag.py
[2023-11-24T00:17:58.160+0000] {processor.py:839} INFO - DAG(s) dict_keys(['tutorial_dag']) retrieved from /home/airflow/.local/lib/python3.8/site-packages/airflow/example_dags/tutorial_dag.py
[2023-11-24T00:17:58.170+0000] {logging_mixin.py:154} INFO - [2023-11-24T00:17:58.170+0000] {dag.py:2941} INFO - Sync 1 DAGs
[2023-11-24T00:17:58.185+0000] {logging_mixin.py:154} INFO - [2023-11-24T00:17:58.184+0000] {dag.py:3722} INFO - Setting next_dagrun for tutorial_dag to None, run_after=None
[2023-11-24T00:17:58.206+0000] {processor.py:179} INFO - Processing /home/airflow/.local/lib/python3.8/site-packages/airflow/example_dags/tutorial_dag.py took 0.057 seconds
[2023-11-24T00:18:28.234+0000] {processor.py:157} INFO - Started process (PID=110) to work on /home/airflow/.local/lib/python3.8/site-packages/airflow/example_dags/tutorial_dag.py
[2023-11-24T00:18:28.235+0000] {processor.py:829} INFO - Processing file /home/airflow/.local/lib/python3.8/site-packages/airflow/example_dags/tutorial_dag.py for tasks to queue
[2023-11-24T00:18:28.237+0000] {logging_mixin.py:154} INFO - [2023-11-24T00:18:28.237+0000] {dagbag.py:536} INFO - Filling up the DagBag from /home/airflow/.local/lib/python3.8/site-packages/airflow/example_dags/tutorial_dag.py
[2023-11-24T00:18:28.241+0000] {processor.py:839} INFO - DAG(s) dict_keys(['tutorial_dag']) retrieved from /home/airflow/.local/lib/python3.8/site-packages/airflow/example_dags/tutorial_dag.py
[2023-11-24T00:18:28.258+0000] {logging_mixin.py:154} INFO - [2023-11-24T00:18:28.258+0000] {dag.py:2941} INFO - Sync 1 DAGs
[2023-11-24T00:18:28.268+0000] {logging_mixin.py:154} INFO - [2023-11-24T00:18:28.268+0000] {dag.py:3722} INFO - Setting next_dagrun for tutorial_dag to None, run_after=None
[2023-11-24T00:18:28.282+0000] {processor.py:179} INFO - Processing /home/airflow/.local/lib/python3.8/site-packages/airflow/example_dags/tutorial_dag.py took 0.050 seconds
[2023-11-24T00:18:58.339+0000] {processor.py:157} INFO - Started process (PID=164) to work on /home/airflow/.local/lib/python3.8/site-packages/airflow/example_dags/tutorial_dag.py
[2023-11-24T00:18:58.340+0000] {processor.py:829} INFO - Processing file /home/airflow/.local/lib/python3.8/site-packages/airflow/example_dags/tutorial_dag.py for tasks to queue
[2023-11-24T00:18:58.342+0000] {logging_mixin.py:154} INFO - [2023-11-24T00:18:58.342+0000] {dagbag.py:536} INFO - Filling up the DagBag from /home/airflow/.local/lib/python3.8/site-packages/airflow/example_dags/tutorial_dag.py
[2023-11-24T00:18:58.345+0000] {processor.py:839} INFO - DAG(s) dict_keys(['tutorial_dag']) retrieved from /home/airflow/.local/lib/python3.8/site-packages/airflow/example_dags/tutorial_dag.py
[2023-11-24T00:18:58.359+0000] {logging_mixin.py:154} INFO - [2023-11-24T00:18:58.359+0000] {dag.py:2941} INFO - Sync 1 DAGs
[2023-11-24T00:18:58.368+0000] {logging_mixin.py:154} INFO - [2023-11-24T00:18:58.368+0000] {dag.py:3722} INFO - Setting next_dagrun for tutorial_dag to None, run_after=None
[2023-11-24T00:18:58.382+0000] {processor.py:179} INFO - Processing /home/airflow/.local/lib/python3.8/site-packages/airflow/example_dags/tutorial_dag.py took 0.045 seconds
[2023-11-24T00:19:28.599+0000] {processor.py:157} INFO - Started process (PID=218) to work on /home/airflow/.local/lib/python3.8/site-packages/airflow/example_dags/tutorial_dag.py
[2023-11-24T00:19:28.600+0000] {processor.py:829} INFO - Processing file /home/airflow/.local/lib/python3.8/site-packages/airflow/example_dags/tutorial_dag.py for tasks to queue
[2023-11-24T00:19:28.601+0000] {logging_mixin.py:154} INFO - [2023-11-24T00:19:28.601+0000] {dagbag.py:536} INFO - Filling up the DagBag from /home/airflow/.local/lib/python3.8/site-packages/airflow/example_dags/tutorial_dag.py
[2023-11-24T00:19:28.604+0000] {processor.py:839} INFO - DAG(s) dict_keys(['tutorial_dag']) retrieved from /home/airflow/.local/lib/python3.8/site-packages/airflow/example_dags/tutorial_dag.py
[2023-11-24T00:19:28.619+0000] {logging_mixin.py:154} INFO - [2023-11-24T00:19:28.619+0000] {dag.py:2941} INFO - Sync 1 DAGs
[2023-11-24T00:19:28.629+0000] {logging_mixin.py:154} INFO - [2023-11-24T00:19:28.628+0000] {dag.py:3722} INFO - Setting next_dagrun for tutorial_dag to None, run_after=None
[2023-11-24T00:19:28.643+0000] {processor.py:179} INFO - Processing /home/airflow/.local/lib/python3.8/site-packages/airflow/example_dags/tutorial_dag.py took 0.046 seconds
[2023-11-24T00:19:58.894+0000] {processor.py:157} INFO - Started process (PID=272) to work on /home/airflow/.local/lib/python3.8/site-packages/airflow/example_dags/tutorial_dag.py
[2023-11-24T00:19:58.895+0000] {processor.py:829} INFO - Processing file /home/airflow/.local/lib/python3.8/site-packages/airflow/example_dags/tutorial_dag.py for tasks to queue
[2023-11-24T00:19:58.896+0000] {logging_mixin.py:154} INFO - [2023-11-24T00:19:58.896+0000] {dagbag.py:536} INFO - Filling up the DagBag from /home/airflow/.local/lib/python3.8/site-packages/airflow/example_dags/tutorial_dag.py
[2023-11-24T00:19:58.899+0000] {processor.py:839} INFO - DAG(s) dict_keys(['tutorial_dag']) retrieved from /home/airflow/.local/lib/python3.8/site-packages/airflow/example_dags/tutorial_dag.py
[2023-11-24T00:19:58.915+0000] {logging_mixin.py:154} INFO - [2023-11-24T00:19:58.914+0000] {dag.py:2941} INFO - Sync 1 DAGs
[2023-11-24T00:19:58.924+0000] {logging_mixin.py:154} INFO - [2023-11-24T00:19:58.924+0000] {dag.py:3722} INFO - Setting next_dagrun for tutorial_dag to None, run_after=None
[2023-11-24T00:19:58.938+0000] {processor.py:179} INFO - Processing /home/airflow/.local/lib/python3.8/site-packages/airflow/example_dags/tutorial_dag.py took 0.046 seconds
[2023-11-24T00:20:29.305+0000] {processor.py:157} INFO - Started process (PID=326) to work on /home/airflow/.local/lib/python3.8/site-packages/airflow/example_dags/tutorial_dag.py
[2023-11-24T00:20:29.306+0000] {processor.py:829} INFO - Processing file /home/airflow/.local/lib/python3.8/site-packages/airflow/example_dags/tutorial_dag.py for tasks to queue
[2023-11-24T00:20:29.307+0000] {logging_mixin.py:154} INFO - [2023-11-24T00:20:29.307+0000] {dagbag.py:536} INFO - Filling up the DagBag from /home/airflow/.local/lib/python3.8/site-packages/airflow/example_dags/tutorial_dag.py
[2023-11-24T00:20:29.310+0000] {processor.py:839} INFO - DAG(s) dict_keys(['tutorial_dag']) retrieved from /home/airflow/.local/lib/python3.8/site-packages/airflow/example_dags/tutorial_dag.py
[2023-11-24T00:20:29.325+0000] {logging_mixin.py:154} INFO - [2023-11-24T00:20:29.325+0000] {dag.py:2941} INFO - Sync 1 DAGs
[2023-11-24T00:20:29.335+0000] {logging_mixin.py:154} INFO - [2023-11-24T00:20:29.334+0000] {dag.py:3722} INFO - Setting next_dagrun for tutorial_dag to None, run_after=None
[2023-11-24T00:20:29.349+0000] {processor.py:179} INFO - Processing /home/airflow/.local/lib/python3.8/site-packages/airflow/example_dags/tutorial_dag.py took 0.047 seconds
[2023-11-24T00:20:59.594+0000] {processor.py:157} INFO - Started process (PID=380) to work on /home/airflow/.local/lib/python3.8/site-packages/airflow/example_dags/tutorial_dag.py
[2023-11-24T00:20:59.596+0000] {processor.py:829} INFO - Processing file /home/airflow/.local/lib/python3.8/site-packages/airflow/example_dags/tutorial_dag.py for tasks to queue
[2023-11-24T00:20:59.597+0000] {logging_mixin.py:154} INFO - [2023-11-24T00:20:59.597+0000] {dagbag.py:536} INFO - Filling up the DagBag from /home/airflow/.local/lib/python3.8/site-packages/airflow/example_dags/tutorial_dag.py
[2023-11-24T00:20:59.600+0000] {processor.py:839} INFO - DAG(s) dict_keys(['tutorial_dag']) retrieved from /home/airflow/.local/lib/python3.8/site-packages/airflow/example_dags/tutorial_dag.py
[2023-11-24T00:20:59.616+0000] {logging_mixin.py:154} INFO - [2023-11-24T00:20:59.616+0000] {dag.py:2941} INFO - Sync 1 DAGs
[2023-11-24T00:20:59.626+0000] {logging_mixin.py:154} INFO - [2023-11-24T00:20:59.626+0000] {dag.py:3722} INFO - Setting next_dagrun for tutorial_dag to None, run_after=None
[2023-11-24T00:20:59.640+0000] {processor.py:179} INFO - Processing /home/airflow/.local/lib/python3.8/site-packages/airflow/example_dags/tutorial_dag.py took 0.048 seconds
[2023-11-24T00:21:29.992+0000] {processor.py:157} INFO - Started process (PID=434) to work on /home/airflow/.local/lib/python3.8/site-packages/airflow/example_dags/tutorial_dag.py
[2023-11-24T00:21:29.993+0000] {processor.py:829} INFO - Processing file /home/airflow/.local/lib/python3.8/site-packages/airflow/example_dags/tutorial_dag.py for tasks to queue
[2023-11-24T00:21:29.994+0000] {logging_mixin.py:154} INFO - [2023-11-24T00:21:29.994+0000] {dagbag.py:536} INFO - Filling up the DagBag from /home/airflow/.local/lib/python3.8/site-packages/airflow/example_dags/tutorial_dag.py
[2023-11-24T00:21:29.998+0000] {processor.py:839} INFO - DAG(s) dict_keys(['tutorial_dag']) retrieved from /home/airflow/.local/lib/python3.8/site-packages/airflow/example_dags/tutorial_dag.py
[2023-11-24T00:21:30.014+0000] {logging_mixin.py:154} INFO - [2023-11-24T00:21:30.014+0000] {dag.py:2941} INFO - Sync 1 DAGs
[2023-11-24T00:21:30.024+0000] {logging_mixin.py:154} INFO - [2023-11-24T00:21:30.024+0000] {dag.py:3722} INFO - Setting next_dagrun for tutorial_dag to None, run_after=None
[2023-11-24T00:21:30.039+0000] {processor.py:179} INFO - Processing /home/airflow/.local/lib/python3.8/site-packages/airflow/example_dags/tutorial_dag.py took 0.049 seconds
[2023-11-24T00:22:00.580+0000] {processor.py:157} INFO - Started process (PID=488) to work on /home/airflow/.local/lib/python3.8/site-packages/airflow/example_dags/tutorial_dag.py
[2023-11-24T00:22:00.581+0000] {processor.py:829} INFO - Processing file /home/airflow/.local/lib/python3.8/site-packages/airflow/example_dags/tutorial_dag.py for tasks to queue
[2023-11-24T00:22:00.583+0000] {logging_mixin.py:154} INFO - [2023-11-24T00:22:00.582+0000] {dagbag.py:536} INFO - Filling up the DagBag from /home/airflow/.local/lib/python3.8/site-packages/airflow/example_dags/tutorial_dag.py
[2023-11-24T00:22:00.586+0000] {processor.py:839} INFO - DAG(s) dict_keys(['tutorial_dag']) retrieved from /home/airflow/.local/lib/python3.8/site-packages/airflow/example_dags/tutorial_dag.py
[2023-11-24T00:22:00.602+0000] {logging_mixin.py:154} INFO - [2023-11-24T00:22:00.601+0000] {dag.py:2941} INFO - Sync 1 DAGs
[2023-11-24T00:22:00.611+0000] {logging_mixin.py:154} INFO - [2023-11-24T00:22:00.611+0000] {dag.py:3722} INFO - Setting next_dagrun for tutorial_dag to None, run_after=None
[2023-11-24T00:22:00.627+0000] {processor.py:179} INFO - Processing /home/airflow/.local/lib/python3.8/site-packages/airflow/example_dags/tutorial_dag.py took 0.049 seconds
[2023-11-24T00:22:30.904+0000] {processor.py:157} INFO - Started process (PID=542) to work on /home/airflow/.local/lib/python3.8/site-packages/airflow/example_dags/tutorial_dag.py
[2023-11-24T00:22:30.905+0000] {processor.py:829} INFO - Processing file /home/airflow/.local/lib/python3.8/site-packages/airflow/example_dags/tutorial_dag.py for tasks to queue
[2023-11-24T00:22:30.907+0000] {logging_mixin.py:154} INFO - [2023-11-24T00:22:30.907+0000] {dagbag.py:536} INFO - Filling up the DagBag from /home/airflow/.local/lib/python3.8/site-packages/airflow/example_dags/tutorial_dag.py
[2023-11-24T00:22:30.910+0000] {processor.py:839} INFO - DAG(s) dict_keys(['tutorial_dag']) retrieved from /home/airflow/.local/lib/python3.8/site-packages/airflow/example_dags/tutorial_dag.py
[2023-11-24T00:22:30.927+0000] {logging_mixin.py:154} INFO - [2023-11-24T00:22:30.927+0000] {dag.py:2941} INFO - Sync 1 DAGs
[2023-11-24T00:22:30.938+0000] {logging_mixin.py:154} INFO - [2023-11-24T00:22:30.937+0000] {dag.py:3722} INFO - Setting next_dagrun for tutorial_dag to None, run_after=None
[2023-11-24T00:22:30.954+0000] {processor.py:179} INFO - Processing /home/airflow/.local/lib/python3.8/site-packages/airflow/example_dags/tutorial_dag.py took 0.052 seconds
[2023-11-24T00:23:01.238+0000] {processor.py:157} INFO - Started process (PID=596) to work on /home/airflow/.local/lib/python3.8/site-packages/airflow/example_dags/tutorial_dag.py
[2023-11-24T00:23:01.239+0000] {processor.py:829} INFO - Processing file /home/airflow/.local/lib/python3.8/site-packages/airflow/example_dags/tutorial_dag.py for tasks to queue
[2023-11-24T00:23:01.241+0000] {logging_mixin.py:154} INFO - [2023-11-24T00:23:01.240+0000] {dagbag.py:536} INFO - Filling up the DagBag from /home/airflow/.local/lib/python3.8/site-packages/airflow/example_dags/tutorial_dag.py
[2023-11-24T00:23:01.245+0000] {processor.py:839} INFO - DAG(s) dict_keys(['tutorial_dag']) retrieved from /home/airflow/.local/lib/python3.8/site-packages/airflow/example_dags/tutorial_dag.py
[2023-11-24T00:23:01.263+0000] {logging_mixin.py:154} INFO - [2023-11-24T00:23:01.263+0000] {dag.py:2941} INFO - Sync 1 DAGs
[2023-11-24T00:23:01.274+0000] {logging_mixin.py:154} INFO - [2023-11-24T00:23:01.274+0000] {dag.py:3722} INFO - Setting next_dagrun for tutorial_dag to None, run_after=None
[2023-11-24T00:23:01.293+0000] {processor.py:179} INFO - Processing /home/airflow/.local/lib/python3.8/site-packages/airflow/example_dags/tutorial_dag.py took 0.057 seconds
[2023-11-24T00:23:31.547+0000] {processor.py:157} INFO - Started process (PID=650) to work on /home/airflow/.local/lib/python3.8/site-packages/airflow/example_dags/tutorial_dag.py
[2023-11-24T00:23:31.548+0000] {processor.py:829} INFO - Processing file /home/airflow/.local/lib/python3.8/site-packages/airflow/example_dags/tutorial_dag.py for tasks to queue
[2023-11-24T00:23:31.549+0000] {logging_mixin.py:154} INFO - [2023-11-24T00:23:31.549+0000] {dagbag.py:536} INFO - Filling up the DagBag from /home/airflow/.local/lib/python3.8/site-packages/airflow/example_dags/tutorial_dag.py
[2023-11-24T00:23:31.553+0000] {processor.py:839} INFO - DAG(s) dict_keys(['tutorial_dag']) retrieved from /home/airflow/.local/lib/python3.8/site-packages/airflow/example_dags/tutorial_dag.py
[2023-11-24T00:23:31.569+0000] {logging_mixin.py:154} INFO - [2023-11-24T00:23:31.569+0000] {dag.py:2941} INFO - Sync 1 DAGs
[2023-11-24T00:23:31.580+0000] {logging_mixin.py:154} INFO - [2023-11-24T00:23:31.580+0000] {dag.py:3722} INFO - Setting next_dagrun for tutorial_dag to None, run_after=None
[2023-11-24T00:23:31.597+0000] {processor.py:179} INFO - Processing /home/airflow/.local/lib/python3.8/site-packages/airflow/example_dags/tutorial_dag.py took 0.052 seconds
[2023-11-24T00:24:01.965+0000] {processor.py:157} INFO - Started process (PID=704) to work on /home/airflow/.local/lib/python3.8/site-packages/airflow/example_dags/tutorial_dag.py
[2023-11-24T00:24:01.966+0000] {processor.py:829} INFO - Processing file /home/airflow/.local/lib/python3.8/site-packages/airflow/example_dags/tutorial_dag.py for tasks to queue
[2023-11-24T00:24:01.967+0000] {logging_mixin.py:154} INFO - [2023-11-24T00:24:01.967+0000] {dagbag.py:536} INFO - Filling up the DagBag from /home/airflow/.local/lib/python3.8/site-packages/airflow/example_dags/tutorial_dag.py
[2023-11-24T00:24:01.971+0000] {processor.py:839} INFO - DAG(s) dict_keys(['tutorial_dag']) retrieved from /home/airflow/.local/lib/python3.8/site-packages/airflow/example_dags/tutorial_dag.py
[2023-11-24T00:24:01.987+0000] {logging_mixin.py:154} INFO - [2023-11-24T00:24:01.987+0000] {dag.py:2941} INFO - Sync 1 DAGs
[2023-11-24T00:24:01.997+0000] {logging_mixin.py:154} INFO - [2023-11-24T00:24:01.997+0000] {dag.py:3722} INFO - Setting next_dagrun for tutorial_dag to None, run_after=None
[2023-11-24T00:24:02.012+0000] {processor.py:179} INFO - Processing /home/airflow/.local/lib/python3.8/site-packages/airflow/example_dags/tutorial_dag.py took 0.049 seconds
[2023-11-24T00:24:32.176+0000] {processor.py:157} INFO - Started process (PID=758) to work on /home/airflow/.local/lib/python3.8/site-packages/airflow/example_dags/tutorial_dag.py
[2023-11-24T00:24:32.177+0000] {processor.py:829} INFO - Processing file /home/airflow/.local/lib/python3.8/site-packages/airflow/example_dags/tutorial_dag.py for tasks to queue
[2023-11-24T00:24:32.178+0000] {logging_mixin.py:154} INFO - [2023-11-24T00:24:32.178+0000] {dagbag.py:536} INFO - Filling up the DagBag from /home/airflow/.local/lib/python3.8/site-packages/airflow/example_dags/tutorial_dag.py
[2023-11-24T00:24:32.182+0000] {processor.py:839} INFO - DAG(s) dict_keys(['tutorial_dag']) retrieved from /home/airflow/.local/lib/python3.8/site-packages/airflow/example_dags/tutorial_dag.py
[2023-11-24T00:24:32.200+0000] {logging_mixin.py:154} INFO - [2023-11-24T00:24:32.200+0000] {dag.py:2941} INFO - Sync 1 DAGs
[2023-11-24T00:24:32.211+0000] {logging_mixin.py:154} INFO - [2023-11-24T00:24:32.210+0000] {dag.py:3722} INFO - Setting next_dagrun for tutorial_dag to None, run_after=None
[2023-11-24T00:24:32.226+0000] {processor.py:179} INFO - Processing /home/airflow/.local/lib/python3.8/site-packages/airflow/example_dags/tutorial_dag.py took 0.052 seconds
[2023-11-24T00:25:02.826+0000] {processor.py:157} INFO - Started process (PID=812) to work on /home/airflow/.local/lib/python3.8/site-packages/airflow/example_dags/tutorial_dag.py
[2023-11-24T00:25:02.827+0000] {processor.py:829} INFO - Processing file /home/airflow/.local/lib/python3.8/site-packages/airflow/example_dags/tutorial_dag.py for tasks to queue
[2023-11-24T00:25:02.828+0000] {logging_mixin.py:154} INFO - [2023-11-24T00:25:02.828+0000] {dagbag.py:536} INFO - Filling up the DagBag from /home/airflow/.local/lib/python3.8/site-packages/airflow/example_dags/tutorial_dag.py
[2023-11-24T00:25:02.831+0000] {processor.py:839} INFO - DAG(s) dict_keys(['tutorial_dag']) retrieved from /home/airflow/.local/lib/python3.8/site-packages/airflow/example_dags/tutorial_dag.py
[2023-11-24T00:25:02.848+0000] {logging_mixin.py:154} INFO - [2023-11-24T00:25:02.848+0000] {dag.py:2941} INFO - Sync 1 DAGs
[2023-11-24T00:25:02.859+0000] {logging_mixin.py:154} INFO - [2023-11-24T00:25:02.858+0000] {dag.py:3722} INFO - Setting next_dagrun for tutorial_dag to None, run_after=None
[2023-11-24T00:25:02.875+0000] {processor.py:179} INFO - Processing /home/airflow/.local/lib/python3.8/site-packages/airflow/example_dags/tutorial_dag.py took 0.051 seconds
[2023-11-24T00:25:33.206+0000] {processor.py:157} INFO - Started process (PID=866) to work on /home/airflow/.local/lib/python3.8/site-packages/airflow/example_dags/tutorial_dag.py
[2023-11-24T00:25:33.207+0000] {processor.py:829} INFO - Processing file /home/airflow/.local/lib/python3.8/site-packages/airflow/example_dags/tutorial_dag.py for tasks to queue
[2023-11-24T00:25:33.208+0000] {logging_mixin.py:154} INFO - [2023-11-24T00:25:33.208+0000] {dagbag.py:536} INFO - Filling up the DagBag from /home/airflow/.local/lib/python3.8/site-packages/airflow/example_dags/tutorial_dag.py
[2023-11-24T00:25:33.212+0000] {processor.py:839} INFO - DAG(s) dict_keys(['tutorial_dag']) retrieved from /home/airflow/.local/lib/python3.8/site-packages/airflow/example_dags/tutorial_dag.py
[2023-11-24T00:25:33.226+0000] {logging_mixin.py:154} INFO - [2023-11-24T00:25:33.226+0000] {dag.py:2941} INFO - Sync 1 DAGs
[2023-11-24T00:25:33.236+0000] {logging_mixin.py:154} INFO - [2023-11-24T00:25:33.236+0000] {dag.py:3722} INFO - Setting next_dagrun for tutorial_dag to None, run_after=None
[2023-11-24T00:25:33.251+0000] {processor.py:179} INFO - Processing /home/airflow/.local/lib/python3.8/site-packages/airflow/example_dags/tutorial_dag.py took 0.046 seconds
[2023-11-24T00:26:04.019+0000] {processor.py:157} INFO - Started process (PID=920) to work on /home/airflow/.local/lib/python3.8/site-packages/airflow/example_dags/tutorial_dag.py
[2023-11-24T00:26:04.020+0000] {processor.py:829} INFO - Processing file /home/airflow/.local/lib/python3.8/site-packages/airflow/example_dags/tutorial_dag.py for tasks to queue
[2023-11-24T00:26:04.021+0000] {logging_mixin.py:154} INFO - [2023-11-24T00:26:04.021+0000] {dagbag.py:536} INFO - Filling up the DagBag from /home/airflow/.local/lib/python3.8/site-packages/airflow/example_dags/tutorial_dag.py
[2023-11-24T00:26:04.025+0000] {processor.py:839} INFO - DAG(s) dict_keys(['tutorial_dag']) retrieved from /home/airflow/.local/lib/python3.8/site-packages/airflow/example_dags/tutorial_dag.py
[2023-11-24T00:26:04.039+0000] {logging_mixin.py:154} INFO - [2023-11-24T00:26:04.039+0000] {dag.py:2941} INFO - Sync 1 DAGs
[2023-11-24T00:26:04.049+0000] {logging_mixin.py:154} INFO - [2023-11-24T00:26:04.049+0000] {dag.py:3722} INFO - Setting next_dagrun for tutorial_dag to None, run_after=None
[2023-11-24T00:26:04.065+0000] {processor.py:179} INFO - Processing /home/airflow/.local/lib/python3.8/site-packages/airflow/example_dags/tutorial_dag.py took 0.048 seconds
[2023-11-24T00:26:35.435+0000] {processor.py:157} INFO - Started process (PID=974) to work on /home/airflow/.local/lib/python3.8/site-packages/airflow/example_dags/tutorial_dag.py
[2023-11-24T00:26:35.436+0000] {processor.py:829} INFO - Processing file /home/airflow/.local/lib/python3.8/site-packages/airflow/example_dags/tutorial_dag.py for tasks to queue
[2023-11-24T00:26:35.438+0000] {logging_mixin.py:154} INFO - [2023-11-24T00:26:35.437+0000] {dagbag.py:536} INFO - Filling up the DagBag from /home/airflow/.local/lib/python3.8/site-packages/airflow/example_dags/tutorial_dag.py
[2023-11-24T00:26:35.441+0000] {processor.py:839} INFO - DAG(s) dict_keys(['tutorial_dag']) retrieved from /home/airflow/.local/lib/python3.8/site-packages/airflow/example_dags/tutorial_dag.py
[2023-11-24T00:26:35.460+0000] {logging_mixin.py:154} INFO - [2023-11-24T00:26:35.459+0000] {dag.py:2941} INFO - Sync 1 DAGs
[2023-11-24T00:26:35.472+0000] {logging_mixin.py:154} INFO - [2023-11-24T00:26:35.471+0000] {dag.py:3722} INFO - Setting next_dagrun for tutorial_dag to None, run_after=None
[2023-11-24T00:26:35.640+0000] {processor.py:179} INFO - Processing /home/airflow/.local/lib/python3.8/site-packages/airflow/example_dags/tutorial_dag.py took 0.208 seconds
[2023-11-24T00:27:05.924+0000] {processor.py:157} INFO - Started process (PID=1028) to work on /home/airflow/.local/lib/python3.8/site-packages/airflow/example_dags/tutorial_dag.py
[2023-11-24T00:27:05.925+0000] {processor.py:829} INFO - Processing file /home/airflow/.local/lib/python3.8/site-packages/airflow/example_dags/tutorial_dag.py for tasks to queue
[2023-11-24T00:27:05.926+0000] {logging_mixin.py:154} INFO - [2023-11-24T00:27:05.926+0000] {dagbag.py:536} INFO - Filling up the DagBag from /home/airflow/.local/lib/python3.8/site-packages/airflow/example_dags/tutorial_dag.py
[2023-11-24T00:27:05.929+0000] {processor.py:839} INFO - DAG(s) dict_keys(['tutorial_dag']) retrieved from /home/airflow/.local/lib/python3.8/site-packages/airflow/example_dags/tutorial_dag.py
[2023-11-24T00:27:05.944+0000] {logging_mixin.py:154} INFO - [2023-11-24T00:27:05.943+0000] {dag.py:2941} INFO - Sync 1 DAGs
[2023-11-24T00:27:05.953+0000] {logging_mixin.py:154} INFO - [2023-11-24T00:27:05.953+0000] {dag.py:3722} INFO - Setting next_dagrun for tutorial_dag to None, run_after=None
[2023-11-24T00:27:05.967+0000] {processor.py:179} INFO - Processing /home/airflow/.local/lib/python3.8/site-packages/airflow/example_dags/tutorial_dag.py took 0.045 seconds
[2023-11-24T00:27:36.630+0000] {processor.py:157} INFO - Started process (PID=1082) to work on /home/airflow/.local/lib/python3.8/site-packages/airflow/example_dags/tutorial_dag.py
[2023-11-24T00:27:36.631+0000] {processor.py:829} INFO - Processing file /home/airflow/.local/lib/python3.8/site-packages/airflow/example_dags/tutorial_dag.py for tasks to queue
[2023-11-24T00:27:36.633+0000] {logging_mixin.py:154} INFO - [2023-11-24T00:27:36.633+0000] {dagbag.py:536} INFO - Filling up the DagBag from /home/airflow/.local/lib/python3.8/site-packages/airflow/example_dags/tutorial_dag.py
[2023-11-24T00:27:36.638+0000] {processor.py:839} INFO - DAG(s) dict_keys(['tutorial_dag']) retrieved from /home/airflow/.local/lib/python3.8/site-packages/airflow/example_dags/tutorial_dag.py
[2023-11-24T00:27:36.657+0000] {logging_mixin.py:154} INFO - [2023-11-24T00:27:36.657+0000] {dag.py:2941} INFO - Sync 1 DAGs
[2023-11-24T00:27:36.668+0000] {logging_mixin.py:154} INFO - [2023-11-24T00:27:36.668+0000] {dag.py:3722} INFO - Setting next_dagrun for tutorial_dag to None, run_after=None
[2023-11-24T00:27:36.683+0000] {processor.py:179} INFO - Processing /home/airflow/.local/lib/python3.8/site-packages/airflow/example_dags/tutorial_dag.py took 0.056 seconds
[2023-11-24T00:28:07.575+0000] {processor.py:157} INFO - Started process (PID=1136) to work on /home/airflow/.local/lib/python3.8/site-packages/airflow/example_dags/tutorial_dag.py
[2023-11-24T00:28:07.576+0000] {processor.py:829} INFO - Processing file /home/airflow/.local/lib/python3.8/site-packages/airflow/example_dags/tutorial_dag.py for tasks to queue
[2023-11-24T00:28:07.578+0000] {logging_mixin.py:154} INFO - [2023-11-24T00:28:07.578+0000] {dagbag.py:536} INFO - Filling up the DagBag from /home/airflow/.local/lib/python3.8/site-packages/airflow/example_dags/tutorial_dag.py
[2023-11-24T00:28:07.583+0000] {processor.py:839} INFO - DAG(s) dict_keys(['tutorial_dag']) retrieved from /home/airflow/.local/lib/python3.8/site-packages/airflow/example_dags/tutorial_dag.py
[2023-11-24T00:28:07.601+0000] {logging_mixin.py:154} INFO - [2023-11-24T00:28:07.601+0000] {dag.py:2941} INFO - Sync 1 DAGs
[2023-11-24T00:28:07.614+0000] {logging_mixin.py:154} INFO - [2023-11-24T00:28:07.614+0000] {dag.py:3722} INFO - Setting next_dagrun for tutorial_dag to None, run_after=None
[2023-11-24T00:28:07.630+0000] {processor.py:179} INFO - Processing /home/airflow/.local/lib/python3.8/site-packages/airflow/example_dags/tutorial_dag.py took 0.057 seconds
[2023-11-24T00:28:38.411+0000] {processor.py:157} INFO - Started process (PID=1190) to work on /home/airflow/.local/lib/python3.8/site-packages/airflow/example_dags/tutorial_dag.py
[2023-11-24T00:28:38.412+0000] {processor.py:829} INFO - Processing file /home/airflow/.local/lib/python3.8/site-packages/airflow/example_dags/tutorial_dag.py for tasks to queue
[2023-11-24T00:28:38.413+0000] {logging_mixin.py:154} INFO - [2023-11-24T00:28:38.413+0000] {dagbag.py:536} INFO - Filling up the DagBag from /home/airflow/.local/lib/python3.8/site-packages/airflow/example_dags/tutorial_dag.py
[2023-11-24T00:28:38.417+0000] {processor.py:839} INFO - DAG(s) dict_keys(['tutorial_dag']) retrieved from /home/airflow/.local/lib/python3.8/site-packages/airflow/example_dags/tutorial_dag.py
[2023-11-24T00:28:38.432+0000] {logging_mixin.py:154} INFO - [2023-11-24T00:28:38.432+0000] {dag.py:2941} INFO - Sync 1 DAGs
[2023-11-24T00:28:38.583+0000] {logging_mixin.py:154} INFO - [2023-11-24T00:28:38.582+0000] {dag.py:3722} INFO - Setting next_dagrun for tutorial_dag to None, run_after=None
[2023-11-24T00:28:38.597+0000] {processor.py:179} INFO - Processing /home/airflow/.local/lib/python3.8/site-packages/airflow/example_dags/tutorial_dag.py took 0.188 seconds
[2023-11-24T00:29:08.686+0000] {processor.py:157} INFO - Started process (PID=1244) to work on /home/airflow/.local/lib/python3.8/site-packages/airflow/example_dags/tutorial_dag.py
[2023-11-24T00:29:08.687+0000] {processor.py:829} INFO - Processing file /home/airflow/.local/lib/python3.8/site-packages/airflow/example_dags/tutorial_dag.py for tasks to queue
[2023-11-24T00:29:08.688+0000] {logging_mixin.py:154} INFO - [2023-11-24T00:29:08.688+0000] {dagbag.py:536} INFO - Filling up the DagBag from /home/airflow/.local/lib/python3.8/site-packages/airflow/example_dags/tutorial_dag.py
[2023-11-24T00:29:08.692+0000] {processor.py:839} INFO - DAG(s) dict_keys(['tutorial_dag']) retrieved from /home/airflow/.local/lib/python3.8/site-packages/airflow/example_dags/tutorial_dag.py
[2023-11-24T00:29:08.707+0000] {logging_mixin.py:154} INFO - [2023-11-24T00:29:08.706+0000] {dag.py:2941} INFO - Sync 1 DAGs
[2023-11-24T00:29:08.716+0000] {logging_mixin.py:154} INFO - [2023-11-24T00:29:08.716+0000] {dag.py:3722} INFO - Setting next_dagrun for tutorial_dag to None, run_after=None
[2023-11-24T00:29:08.731+0000] {processor.py:179} INFO - Processing /home/airflow/.local/lib/python3.8/site-packages/airflow/example_dags/tutorial_dag.py took 0.047 seconds
[2023-11-24T00:29:38.775+0000] {processor.py:157} INFO - Started process (PID=1298) to work on /home/airflow/.local/lib/python3.8/site-packages/airflow/example_dags/tutorial_dag.py
[2023-11-24T00:29:38.776+0000] {processor.py:829} INFO - Processing file /home/airflow/.local/lib/python3.8/site-packages/airflow/example_dags/tutorial_dag.py for tasks to queue
[2023-11-24T00:29:38.778+0000] {logging_mixin.py:154} INFO - [2023-11-24T00:29:38.778+0000] {dagbag.py:536} INFO - Filling up the DagBag from /home/airflow/.local/lib/python3.8/site-packages/airflow/example_dags/tutorial_dag.py
[2023-11-24T00:29:38.783+0000] {processor.py:839} INFO - DAG(s) dict_keys(['tutorial_dag']) retrieved from /home/airflow/.local/lib/python3.8/site-packages/airflow/example_dags/tutorial_dag.py
[2023-11-24T00:29:38.806+0000] {logging_mixin.py:154} INFO - [2023-11-24T00:29:38.806+0000] {dag.py:2941} INFO - Sync 1 DAGs
[2023-11-24T00:29:38.822+0000] {logging_mixin.py:154} INFO - [2023-11-24T00:29:38.822+0000] {dag.py:3722} INFO - Setting next_dagrun for tutorial_dag to None, run_after=None
[2023-11-24T00:29:38.840+0000] {processor.py:179} INFO - Processing /home/airflow/.local/lib/python3.8/site-packages/airflow/example_dags/tutorial_dag.py took 0.068 seconds
[2023-11-24T00:30:09.460+0000] {processor.py:157} INFO - Started process (PID=1352) to work on /home/airflow/.local/lib/python3.8/site-packages/airflow/example_dags/tutorial_dag.py
[2023-11-24T00:30:09.461+0000] {processor.py:829} INFO - Processing file /home/airflow/.local/lib/python3.8/site-packages/airflow/example_dags/tutorial_dag.py for tasks to queue
[2023-11-24T00:30:09.463+0000] {logging_mixin.py:154} INFO - [2023-11-24T00:30:09.463+0000] {dagbag.py:536} INFO - Filling up the DagBag from /home/airflow/.local/lib/python3.8/site-packages/airflow/example_dags/tutorial_dag.py
[2023-11-24T00:30:09.467+0000] {processor.py:839} INFO - DAG(s) dict_keys(['tutorial_dag']) retrieved from /home/airflow/.local/lib/python3.8/site-packages/airflow/example_dags/tutorial_dag.py
[2023-11-24T00:30:09.612+0000] {logging_mixin.py:154} INFO - [2023-11-24T00:30:09.612+0000] {dag.py:2941} INFO - Sync 1 DAGs
[2023-11-24T00:30:09.621+0000] {logging_mixin.py:154} INFO - [2023-11-24T00:30:09.621+0000] {dag.py:3722} INFO - Setting next_dagrun for tutorial_dag to None, run_after=None
[2023-11-24T00:30:09.635+0000] {processor.py:179} INFO - Processing /home/airflow/.local/lib/python3.8/site-packages/airflow/example_dags/tutorial_dag.py took 0.177 seconds
[2023-11-24T00:30:40.127+0000] {processor.py:157} INFO - Started process (PID=1406) to work on /home/airflow/.local/lib/python3.8/site-packages/airflow/example_dags/tutorial_dag.py
[2023-11-24T00:30:40.128+0000] {processor.py:829} INFO - Processing file /home/airflow/.local/lib/python3.8/site-packages/airflow/example_dags/tutorial_dag.py for tasks to queue
[2023-11-24T00:30:40.130+0000] {logging_mixin.py:154} INFO - [2023-11-24T00:30:40.130+0000] {dagbag.py:536} INFO - Filling up the DagBag from /home/airflow/.local/lib/python3.8/site-packages/airflow/example_dags/tutorial_dag.py
[2023-11-24T00:30:40.136+0000] {processor.py:839} INFO - DAG(s) dict_keys(['tutorial_dag']) retrieved from /home/airflow/.local/lib/python3.8/site-packages/airflow/example_dags/tutorial_dag.py
[2023-11-24T00:30:40.160+0000] {logging_mixin.py:154} INFO - [2023-11-24T00:30:40.159+0000] {dag.py:2941} INFO - Sync 1 DAGs
[2023-11-24T00:30:40.316+0000] {logging_mixin.py:154} INFO - [2023-11-24T00:30:40.316+0000] {dag.py:3722} INFO - Setting next_dagrun for tutorial_dag to None, run_after=None
[2023-11-24T00:30:40.331+0000] {processor.py:179} INFO - Processing /home/airflow/.local/lib/python3.8/site-packages/airflow/example_dags/tutorial_dag.py took 0.207 seconds
