[2023-11-24T00:17:58.638+0000] {processor.py:157} INFO - Started process (PID=66) to work on /home/airflow/.local/lib/python3.8/site-packages/airflow/example_dags/tutorial.py
[2023-11-24T00:17:58.639+0000] {processor.py:829} INFO - Processing file /home/airflow/.local/lib/python3.8/site-packages/airflow/example_dags/tutorial.py for tasks to queue
[2023-11-24T00:17:58.642+0000] {logging_mixin.py:154} INFO - [2023-11-24T00:17:58.641+0000] {dagbag.py:536} INFO - Filling up the DagBag from /home/airflow/.local/lib/python3.8/site-packages/airflow/example_dags/tutorial.py
[2023-11-24T00:17:58.651+0000] {processor.py:839} INFO - DAG(s) dict_keys(['tutorial']) retrieved from /home/airflow/.local/lib/python3.8/site-packages/airflow/example_dags/tutorial.py
[2023-11-24T00:17:58.668+0000] {logging_mixin.py:154} INFO - [2023-11-24T00:17:58.668+0000] {dag.py:2941} INFO - Sync 1 DAGs
[2023-11-24T00:17:58.699+0000] {logging_mixin.py:154} INFO - [2023-11-24T00:17:58.699+0000] {dag.py:3722} INFO - Setting next_dagrun for tutorial to 2023-11-23T00:17:58.699399+00:00, run_after=2023-11-24T00:17:58.699399+00:00
[2023-11-24T00:17:58.722+0000] {processor.py:179} INFO - Processing /home/airflow/.local/lib/python3.8/site-packages/airflow/example_dags/tutorial.py took 0.090 seconds
[2023-11-24T00:18:29.694+0000] {processor.py:157} INFO - Started process (PID=120) to work on /home/airflow/.local/lib/python3.8/site-packages/airflow/example_dags/tutorial.py
[2023-11-24T00:18:29.695+0000] {processor.py:829} INFO - Processing file /home/airflow/.local/lib/python3.8/site-packages/airflow/example_dags/tutorial.py for tasks to queue
[2023-11-24T00:18:29.697+0000] {logging_mixin.py:154} INFO - [2023-11-24T00:18:29.696+0000] {dagbag.py:536} INFO - Filling up the DagBag from /home/airflow/.local/lib/python3.8/site-packages/airflow/example_dags/tutorial.py
[2023-11-24T00:18:29.700+0000] {processor.py:839} INFO - DAG(s) dict_keys(['tutorial']) retrieved from /home/airflow/.local/lib/python3.8/site-packages/airflow/example_dags/tutorial.py
[2023-11-24T00:18:29.715+0000] {logging_mixin.py:154} INFO - [2023-11-24T00:18:29.715+0000] {dag.py:2941} INFO - Sync 1 DAGs
[2023-11-24T00:18:29.733+0000] {logging_mixin.py:154} INFO - [2023-11-24T00:18:29.733+0000] {dag.py:3722} INFO - Setting next_dagrun for tutorial to 2023-11-23T00:18:29.732864+00:00, run_after=2023-11-24T00:18:29.732864+00:00
[2023-11-24T00:18:29.747+0000] {processor.py:179} INFO - Processing /home/airflow/.local/lib/python3.8/site-packages/airflow/example_dags/tutorial.py took 0.055 seconds
[2023-11-24T00:19:00.721+0000] {processor.py:157} INFO - Started process (PID=174) to work on /home/airflow/.local/lib/python3.8/site-packages/airflow/example_dags/tutorial.py
[2023-11-24T00:19:00.722+0000] {processor.py:829} INFO - Processing file /home/airflow/.local/lib/python3.8/site-packages/airflow/example_dags/tutorial.py for tasks to queue
[2023-11-24T00:19:00.723+0000] {logging_mixin.py:154} INFO - [2023-11-24T00:19:00.723+0000] {dagbag.py:536} INFO - Filling up the DagBag from /home/airflow/.local/lib/python3.8/site-packages/airflow/example_dags/tutorial.py
[2023-11-24T00:19:00.728+0000] {processor.py:839} INFO - DAG(s) dict_keys(['tutorial']) retrieved from /home/airflow/.local/lib/python3.8/site-packages/airflow/example_dags/tutorial.py
[2023-11-24T00:19:00.741+0000] {logging_mixin.py:154} INFO - [2023-11-24T00:19:00.741+0000] {dag.py:2941} INFO - Sync 1 DAGs
[2023-11-24T00:19:00.757+0000] {logging_mixin.py:154} INFO - [2023-11-24T00:19:00.757+0000] {dag.py:3722} INFO - Setting next_dagrun for tutorial to 2023-11-23T00:19:00.757097+00:00, run_after=2023-11-24T00:19:00.757097+00:00
[2023-11-24T00:19:00.771+0000] {processor.py:179} INFO - Processing /home/airflow/.local/lib/python3.8/site-packages/airflow/example_dags/tutorial.py took 0.052 seconds
[2023-11-24T00:19:30.888+0000] {processor.py:157} INFO - Started process (PID=228) to work on /home/airflow/.local/lib/python3.8/site-packages/airflow/example_dags/tutorial.py
[2023-11-24T00:19:30.889+0000] {processor.py:829} INFO - Processing file /home/airflow/.local/lib/python3.8/site-packages/airflow/example_dags/tutorial.py for tasks to queue
[2023-11-24T00:19:30.890+0000] {logging_mixin.py:154} INFO - [2023-11-24T00:19:30.890+0000] {dagbag.py:536} INFO - Filling up the DagBag from /home/airflow/.local/lib/python3.8/site-packages/airflow/example_dags/tutorial.py
[2023-11-24T00:19:30.894+0000] {processor.py:839} INFO - DAG(s) dict_keys(['tutorial']) retrieved from /home/airflow/.local/lib/python3.8/site-packages/airflow/example_dags/tutorial.py
[2023-11-24T00:19:30.908+0000] {logging_mixin.py:154} INFO - [2023-11-24T00:19:30.908+0000] {dag.py:2941} INFO - Sync 1 DAGs
[2023-11-24T00:19:30.924+0000] {logging_mixin.py:154} INFO - [2023-11-24T00:19:30.924+0000] {dag.py:3722} INFO - Setting next_dagrun for tutorial to 2023-11-23T00:19:30.924512+00:00, run_after=2023-11-24T00:19:30.924512+00:00
[2023-11-24T00:19:30.938+0000] {processor.py:179} INFO - Processing /home/airflow/.local/lib/python3.8/site-packages/airflow/example_dags/tutorial.py took 0.051 seconds
[2023-11-24T00:20:01.250+0000] {processor.py:157} INFO - Started process (PID=282) to work on /home/airflow/.local/lib/python3.8/site-packages/airflow/example_dags/tutorial.py
[2023-11-24T00:20:01.251+0000] {processor.py:829} INFO - Processing file /home/airflow/.local/lib/python3.8/site-packages/airflow/example_dags/tutorial.py for tasks to queue
[2023-11-24T00:20:01.252+0000] {logging_mixin.py:154} INFO - [2023-11-24T00:20:01.252+0000] {dagbag.py:536} INFO - Filling up the DagBag from /home/airflow/.local/lib/python3.8/site-packages/airflow/example_dags/tutorial.py
[2023-11-24T00:20:01.256+0000] {processor.py:839} INFO - DAG(s) dict_keys(['tutorial']) retrieved from /home/airflow/.local/lib/python3.8/site-packages/airflow/example_dags/tutorial.py
[2023-11-24T00:20:01.272+0000] {logging_mixin.py:154} INFO - [2023-11-24T00:20:01.272+0000] {dag.py:2941} INFO - Sync 1 DAGs
[2023-11-24T00:20:01.288+0000] {logging_mixin.py:154} INFO - [2023-11-24T00:20:01.288+0000] {dag.py:3722} INFO - Setting next_dagrun for tutorial to 2023-11-23T00:20:01.288526+00:00, run_after=2023-11-24T00:20:01.288526+00:00
[2023-11-24T00:20:01.303+0000] {processor.py:179} INFO - Processing /home/airflow/.local/lib/python3.8/site-packages/airflow/example_dags/tutorial.py took 0.055 seconds
[2023-11-24T00:20:31.604+0000] {processor.py:157} INFO - Started process (PID=336) to work on /home/airflow/.local/lib/python3.8/site-packages/airflow/example_dags/tutorial.py
[2023-11-24T00:20:31.605+0000] {processor.py:829} INFO - Processing file /home/airflow/.local/lib/python3.8/site-packages/airflow/example_dags/tutorial.py for tasks to queue
[2023-11-24T00:20:31.606+0000] {logging_mixin.py:154} INFO - [2023-11-24T00:20:31.606+0000] {dagbag.py:536} INFO - Filling up the DagBag from /home/airflow/.local/lib/python3.8/site-packages/airflow/example_dags/tutorial.py
[2023-11-24T00:20:31.610+0000] {processor.py:839} INFO - DAG(s) dict_keys(['tutorial']) retrieved from /home/airflow/.local/lib/python3.8/site-packages/airflow/example_dags/tutorial.py
[2023-11-24T00:20:31.626+0000] {logging_mixin.py:154} INFO - [2023-11-24T00:20:31.625+0000] {dag.py:2941} INFO - Sync 1 DAGs
[2023-11-24T00:20:31.644+0000] {logging_mixin.py:154} INFO - [2023-11-24T00:20:31.644+0000] {dag.py:3722} INFO - Setting next_dagrun for tutorial to 2023-11-23T00:20:31.643881+00:00, run_after=2023-11-24T00:20:31.643881+00:00
[2023-11-24T00:20:31.660+0000] {processor.py:179} INFO - Processing /home/airflow/.local/lib/python3.8/site-packages/airflow/example_dags/tutorial.py took 0.058 seconds
[2023-11-24T00:21:01.925+0000] {processor.py:157} INFO - Started process (PID=390) to work on /home/airflow/.local/lib/python3.8/site-packages/airflow/example_dags/tutorial.py
[2023-11-24T00:21:01.928+0000] {processor.py:829} INFO - Processing file /home/airflow/.local/lib/python3.8/site-packages/airflow/example_dags/tutorial.py for tasks to queue
[2023-11-24T00:21:01.930+0000] {logging_mixin.py:154} INFO - [2023-11-24T00:21:01.930+0000] {dagbag.py:536} INFO - Filling up the DagBag from /home/airflow/.local/lib/python3.8/site-packages/airflow/example_dags/tutorial.py
[2023-11-24T00:21:01.933+0000] {processor.py:839} INFO - DAG(s) dict_keys(['tutorial']) retrieved from /home/airflow/.local/lib/python3.8/site-packages/airflow/example_dags/tutorial.py
[2023-11-24T00:21:01.949+0000] {logging_mixin.py:154} INFO - [2023-11-24T00:21:01.949+0000] {dag.py:2941} INFO - Sync 1 DAGs
[2023-11-24T00:21:01.966+0000] {logging_mixin.py:154} INFO - [2023-11-24T00:21:01.965+0000] {dag.py:3722} INFO - Setting next_dagrun for tutorial to 2023-11-23T00:21:01.965624+00:00, run_after=2023-11-24T00:21:01.965624+00:00
[2023-11-24T00:21:01.982+0000] {processor.py:179} INFO - Processing /home/airflow/.local/lib/python3.8/site-packages/airflow/example_dags/tutorial.py took 0.060 seconds
[2023-11-24T00:21:32.753+0000] {processor.py:157} INFO - Started process (PID=444) to work on /home/airflow/.local/lib/python3.8/site-packages/airflow/example_dags/tutorial.py
[2023-11-24T00:21:32.755+0000] {processor.py:829} INFO - Processing file /home/airflow/.local/lib/python3.8/site-packages/airflow/example_dags/tutorial.py for tasks to queue
[2023-11-24T00:21:32.756+0000] {logging_mixin.py:154} INFO - [2023-11-24T00:21:32.756+0000] {dagbag.py:536} INFO - Filling up the DagBag from /home/airflow/.local/lib/python3.8/site-packages/airflow/example_dags/tutorial.py
[2023-11-24T00:21:32.761+0000] {processor.py:839} INFO - DAG(s) dict_keys(['tutorial']) retrieved from /home/airflow/.local/lib/python3.8/site-packages/airflow/example_dags/tutorial.py
[2023-11-24T00:21:32.775+0000] {logging_mixin.py:154} INFO - [2023-11-24T00:21:32.775+0000] {dag.py:2941} INFO - Sync 1 DAGs
[2023-11-24T00:21:32.791+0000] {logging_mixin.py:154} INFO - [2023-11-24T00:21:32.791+0000] {dag.py:3722} INFO - Setting next_dagrun for tutorial to 2023-11-23T00:21:32.791586+00:00, run_after=2023-11-24T00:21:32.791586+00:00
[2023-11-24T00:21:32.818+0000] {processor.py:179} INFO - Processing /home/airflow/.local/lib/python3.8/site-packages/airflow/example_dags/tutorial.py took 0.068 seconds
[2023-11-24T00:22:02.885+0000] {processor.py:157} INFO - Started process (PID=498) to work on /home/airflow/.local/lib/python3.8/site-packages/airflow/example_dags/tutorial.py
[2023-11-24T00:22:02.886+0000] {processor.py:829} INFO - Processing file /home/airflow/.local/lib/python3.8/site-packages/airflow/example_dags/tutorial.py for tasks to queue
[2023-11-24T00:22:02.888+0000] {logging_mixin.py:154} INFO - [2023-11-24T00:22:02.888+0000] {dagbag.py:536} INFO - Filling up the DagBag from /home/airflow/.local/lib/python3.8/site-packages/airflow/example_dags/tutorial.py
[2023-11-24T00:22:02.892+0000] {processor.py:839} INFO - DAG(s) dict_keys(['tutorial']) retrieved from /home/airflow/.local/lib/python3.8/site-packages/airflow/example_dags/tutorial.py
[2023-11-24T00:22:02.908+0000] {logging_mixin.py:154} INFO - [2023-11-24T00:22:02.908+0000] {dag.py:2941} INFO - Sync 1 DAGs
[2023-11-24T00:22:02.926+0000] {logging_mixin.py:154} INFO - [2023-11-24T00:22:02.926+0000] {dag.py:3722} INFO - Setting next_dagrun for tutorial to 2023-11-23T00:22:02.926562+00:00, run_after=2023-11-24T00:22:02.926562+00:00
[2023-11-24T00:22:02.942+0000] {processor.py:179} INFO - Processing /home/airflow/.local/lib/python3.8/site-packages/airflow/example_dags/tutorial.py took 0.059 seconds
[2023-11-24T00:22:33.206+0000] {processor.py:157} INFO - Started process (PID=552) to work on /home/airflow/.local/lib/python3.8/site-packages/airflow/example_dags/tutorial.py
[2023-11-24T00:22:33.208+0000] {processor.py:829} INFO - Processing file /home/airflow/.local/lib/python3.8/site-packages/airflow/example_dags/tutorial.py for tasks to queue
[2023-11-24T00:22:33.209+0000] {logging_mixin.py:154} INFO - [2023-11-24T00:22:33.209+0000] {dagbag.py:536} INFO - Filling up the DagBag from /home/airflow/.local/lib/python3.8/site-packages/airflow/example_dags/tutorial.py
[2023-11-24T00:22:33.213+0000] {processor.py:839} INFO - DAG(s) dict_keys(['tutorial']) retrieved from /home/airflow/.local/lib/python3.8/site-packages/airflow/example_dags/tutorial.py
[2023-11-24T00:22:33.229+0000] {logging_mixin.py:154} INFO - [2023-11-24T00:22:33.228+0000] {dag.py:2941} INFO - Sync 1 DAGs
[2023-11-24T00:22:33.246+0000] {logging_mixin.py:154} INFO - [2023-11-24T00:22:33.245+0000] {dag.py:3722} INFO - Setting next_dagrun for tutorial to 2023-11-23T00:22:33.245809+00:00, run_after=2023-11-24T00:22:33.245809+00:00
[2023-11-24T00:22:33.260+0000] {processor.py:179} INFO - Processing /home/airflow/.local/lib/python3.8/site-packages/airflow/example_dags/tutorial.py took 0.056 seconds
[2023-11-24T00:23:03.571+0000] {processor.py:157} INFO - Started process (PID=606) to work on /home/airflow/.local/lib/python3.8/site-packages/airflow/example_dags/tutorial.py
[2023-11-24T00:23:03.572+0000] {processor.py:829} INFO - Processing file /home/airflow/.local/lib/python3.8/site-packages/airflow/example_dags/tutorial.py for tasks to queue
[2023-11-24T00:23:03.574+0000] {logging_mixin.py:154} INFO - [2023-11-24T00:23:03.573+0000] {dagbag.py:536} INFO - Filling up the DagBag from /home/airflow/.local/lib/python3.8/site-packages/airflow/example_dags/tutorial.py
[2023-11-24T00:23:03.578+0000] {processor.py:839} INFO - DAG(s) dict_keys(['tutorial']) retrieved from /home/airflow/.local/lib/python3.8/site-packages/airflow/example_dags/tutorial.py
[2023-11-24T00:23:03.593+0000] {logging_mixin.py:154} INFO - [2023-11-24T00:23:03.592+0000] {dag.py:2941} INFO - Sync 1 DAGs
[2023-11-24T00:23:03.609+0000] {logging_mixin.py:154} INFO - [2023-11-24T00:23:03.609+0000] {dag.py:3722} INFO - Setting next_dagrun for tutorial to 2023-11-23T00:23:03.609398+00:00, run_after=2023-11-24T00:23:03.609398+00:00
[2023-11-24T00:23:03.625+0000] {processor.py:179} INFO - Processing /home/airflow/.local/lib/python3.8/site-packages/airflow/example_dags/tutorial.py took 0.056 seconds
[2023-11-24T00:23:33.924+0000] {processor.py:157} INFO - Started process (PID=660) to work on /home/airflow/.local/lib/python3.8/site-packages/airflow/example_dags/tutorial.py
[2023-11-24T00:23:33.925+0000] {processor.py:829} INFO - Processing file /home/airflow/.local/lib/python3.8/site-packages/airflow/example_dags/tutorial.py for tasks to queue
[2023-11-24T00:23:33.926+0000] {logging_mixin.py:154} INFO - [2023-11-24T00:23:33.926+0000] {dagbag.py:536} INFO - Filling up the DagBag from /home/airflow/.local/lib/python3.8/site-packages/airflow/example_dags/tutorial.py
[2023-11-24T00:23:33.930+0000] {processor.py:839} INFO - DAG(s) dict_keys(['tutorial']) retrieved from /home/airflow/.local/lib/python3.8/site-packages/airflow/example_dags/tutorial.py
[2023-11-24T00:23:33.946+0000] {logging_mixin.py:154} INFO - [2023-11-24T00:23:33.946+0000] {dag.py:2941} INFO - Sync 1 DAGs
[2023-11-24T00:23:33.965+0000] {logging_mixin.py:154} INFO - [2023-11-24T00:23:33.965+0000] {dag.py:3722} INFO - Setting next_dagrun for tutorial to 2023-11-23T00:23:33.965440+00:00, run_after=2023-11-24T00:23:33.965440+00:00
[2023-11-24T00:23:33.982+0000] {processor.py:179} INFO - Processing /home/airflow/.local/lib/python3.8/site-packages/airflow/example_dags/tutorial.py took 0.060 seconds
[2023-11-24T00:24:04.320+0000] {processor.py:157} INFO - Started process (PID=714) to work on /home/airflow/.local/lib/python3.8/site-packages/airflow/example_dags/tutorial.py
[2023-11-24T00:24:04.321+0000] {processor.py:829} INFO - Processing file /home/airflow/.local/lib/python3.8/site-packages/airflow/example_dags/tutorial.py for tasks to queue
[2023-11-24T00:24:04.322+0000] {logging_mixin.py:154} INFO - [2023-11-24T00:24:04.322+0000] {dagbag.py:536} INFO - Filling up the DagBag from /home/airflow/.local/lib/python3.8/site-packages/airflow/example_dags/tutorial.py
[2023-11-24T00:24:04.326+0000] {processor.py:839} INFO - DAG(s) dict_keys(['tutorial']) retrieved from /home/airflow/.local/lib/python3.8/site-packages/airflow/example_dags/tutorial.py
[2023-11-24T00:24:04.341+0000] {logging_mixin.py:154} INFO - [2023-11-24T00:24:04.340+0000] {dag.py:2941} INFO - Sync 1 DAGs
[2023-11-24T00:24:04.359+0000] {logging_mixin.py:154} INFO - [2023-11-24T00:24:04.358+0000] {dag.py:3722} INFO - Setting next_dagrun for tutorial to 2023-11-23T00:24:04.358673+00:00, run_after=2023-11-24T00:24:04.358673+00:00
[2023-11-24T00:24:04.375+0000] {processor.py:179} INFO - Processing /home/airflow/.local/lib/python3.8/site-packages/airflow/example_dags/tutorial.py took 0.058 seconds
[2023-11-24T00:24:34.550+0000] {processor.py:157} INFO - Started process (PID=768) to work on /home/airflow/.local/lib/python3.8/site-packages/airflow/example_dags/tutorial.py
[2023-11-24T00:24:34.551+0000] {processor.py:829} INFO - Processing file /home/airflow/.local/lib/python3.8/site-packages/airflow/example_dags/tutorial.py for tasks to queue
[2023-11-24T00:24:34.553+0000] {logging_mixin.py:154} INFO - [2023-11-24T00:24:34.552+0000] {dagbag.py:536} INFO - Filling up the DagBag from /home/airflow/.local/lib/python3.8/site-packages/airflow/example_dags/tutorial.py
[2023-11-24T00:24:34.556+0000] {processor.py:839} INFO - DAG(s) dict_keys(['tutorial']) retrieved from /home/airflow/.local/lib/python3.8/site-packages/airflow/example_dags/tutorial.py
[2023-11-24T00:24:34.570+0000] {logging_mixin.py:154} INFO - [2023-11-24T00:24:34.570+0000] {dag.py:2941} INFO - Sync 1 DAGs
[2023-11-24T00:24:34.588+0000] {logging_mixin.py:154} INFO - [2023-11-24T00:24:34.588+0000] {dag.py:3722} INFO - Setting next_dagrun for tutorial to 2023-11-23T00:24:34.587861+00:00, run_after=2023-11-24T00:24:34.587861+00:00
[2023-11-24T00:24:34.603+0000] {processor.py:179} INFO - Processing /home/airflow/.local/lib/python3.8/site-packages/airflow/example_dags/tutorial.py took 0.055 seconds
[2023-11-24T00:25:05.356+0000] {processor.py:157} INFO - Started process (PID=822) to work on /home/airflow/.local/lib/python3.8/site-packages/airflow/example_dags/tutorial.py
[2023-11-24T00:25:05.357+0000] {processor.py:829} INFO - Processing file /home/airflow/.local/lib/python3.8/site-packages/airflow/example_dags/tutorial.py for tasks to queue
[2023-11-24T00:25:05.358+0000] {logging_mixin.py:154} INFO - [2023-11-24T00:25:05.358+0000] {dagbag.py:536} INFO - Filling up the DagBag from /home/airflow/.local/lib/python3.8/site-packages/airflow/example_dags/tutorial.py
[2023-11-24T00:25:05.362+0000] {processor.py:839} INFO - DAG(s) dict_keys(['tutorial']) retrieved from /home/airflow/.local/lib/python3.8/site-packages/airflow/example_dags/tutorial.py
[2023-11-24T00:25:05.375+0000] {logging_mixin.py:154} INFO - [2023-11-24T00:25:05.375+0000] {dag.py:2941} INFO - Sync 1 DAGs
[2023-11-24T00:25:05.392+0000] {logging_mixin.py:154} INFO - [2023-11-24T00:25:05.391+0000] {dag.py:3722} INFO - Setting next_dagrun for tutorial to 2023-11-23T00:25:05.391771+00:00, run_after=2023-11-24T00:25:05.391771+00:00
[2023-11-24T00:25:05.406+0000] {processor.py:179} INFO - Processing /home/airflow/.local/lib/python3.8/site-packages/airflow/example_dags/tutorial.py took 0.053 seconds
[2023-11-24T00:25:35.560+0000] {processor.py:157} INFO - Started process (PID=876) to work on /home/airflow/.local/lib/python3.8/site-packages/airflow/example_dags/tutorial.py
[2023-11-24T00:25:35.563+0000] {processor.py:829} INFO - Processing file /home/airflow/.local/lib/python3.8/site-packages/airflow/example_dags/tutorial.py for tasks to queue
[2023-11-24T00:25:35.564+0000] {logging_mixin.py:154} INFO - [2023-11-24T00:25:35.564+0000] {dagbag.py:536} INFO - Filling up the DagBag from /home/airflow/.local/lib/python3.8/site-packages/airflow/example_dags/tutorial.py
[2023-11-24T00:25:35.568+0000] {processor.py:839} INFO - DAG(s) dict_keys(['tutorial']) retrieved from /home/airflow/.local/lib/python3.8/site-packages/airflow/example_dags/tutorial.py
[2023-11-24T00:25:35.584+0000] {logging_mixin.py:154} INFO - [2023-11-24T00:25:35.584+0000] {dag.py:2941} INFO - Sync 1 DAGs
[2023-11-24T00:25:35.602+0000] {logging_mixin.py:154} INFO - [2023-11-24T00:25:35.602+0000] {dag.py:3722} INFO - Setting next_dagrun for tutorial to 2023-11-23T00:25:35.602125+00:00, run_after=2023-11-24T00:25:35.602125+00:00
[2023-11-24T00:25:35.619+0000] {processor.py:179} INFO - Processing /home/airflow/.local/lib/python3.8/site-packages/airflow/example_dags/tutorial.py took 0.061 seconds
[2023-11-24T00:26:06.347+0000] {processor.py:157} INFO - Started process (PID=930) to work on /home/airflow/.local/lib/python3.8/site-packages/airflow/example_dags/tutorial.py
[2023-11-24T00:26:06.349+0000] {processor.py:829} INFO - Processing file /home/airflow/.local/lib/python3.8/site-packages/airflow/example_dags/tutorial.py for tasks to queue
[2023-11-24T00:26:06.352+0000] {logging_mixin.py:154} INFO - [2023-11-24T00:26:06.352+0000] {dagbag.py:536} INFO - Filling up the DagBag from /home/airflow/.local/lib/python3.8/site-packages/airflow/example_dags/tutorial.py
[2023-11-24T00:26:06.361+0000] {processor.py:839} INFO - DAG(s) dict_keys(['tutorial']) retrieved from /home/airflow/.local/lib/python3.8/site-packages/airflow/example_dags/tutorial.py
[2023-11-24T00:26:06.381+0000] {logging_mixin.py:154} INFO - [2023-11-24T00:26:06.381+0000] {dag.py:2941} INFO - Sync 1 DAGs
[2023-11-24T00:26:06.400+0000] {logging_mixin.py:154} INFO - [2023-11-24T00:26:06.400+0000] {dag.py:3722} INFO - Setting next_dagrun for tutorial to 2023-11-23T00:26:06.399873+00:00, run_after=2023-11-24T00:26:06.399873+00:00
[2023-11-24T00:26:06.416+0000] {processor.py:179} INFO - Processing /home/airflow/.local/lib/python3.8/site-packages/airflow/example_dags/tutorial.py took 0.075 seconds
[2023-11-24T00:26:37.078+0000] {processor.py:157} INFO - Started process (PID=984) to work on /home/airflow/.local/lib/python3.8/site-packages/airflow/example_dags/tutorial.py
[2023-11-24T00:26:37.081+0000] {processor.py:829} INFO - Processing file /home/airflow/.local/lib/python3.8/site-packages/airflow/example_dags/tutorial.py for tasks to queue
[2023-11-24T00:26:37.083+0000] {logging_mixin.py:154} INFO - [2023-11-24T00:26:37.083+0000] {dagbag.py:536} INFO - Filling up the DagBag from /home/airflow/.local/lib/python3.8/site-packages/airflow/example_dags/tutorial.py
[2023-11-24T00:26:37.088+0000] {processor.py:839} INFO - DAG(s) dict_keys(['tutorial']) retrieved from /home/airflow/.local/lib/python3.8/site-packages/airflow/example_dags/tutorial.py
[2023-11-24T00:26:37.105+0000] {logging_mixin.py:154} INFO - [2023-11-24T00:26:37.105+0000] {dag.py:2941} INFO - Sync 1 DAGs
[2023-11-24T00:26:37.122+0000] {logging_mixin.py:154} INFO - [2023-11-24T00:26:37.122+0000] {dag.py:3722} INFO - Setting next_dagrun for tutorial to 2023-11-23T00:26:37.122428+00:00, run_after=2023-11-24T00:26:37.122428+00:00
[2023-11-24T00:26:37.137+0000] {processor.py:179} INFO - Processing /home/airflow/.local/lib/python3.8/site-packages/airflow/example_dags/tutorial.py took 0.061 seconds
[2023-11-24T00:27:07.702+0000] {processor.py:157} INFO - Started process (PID=1038) to work on /home/airflow/.local/lib/python3.8/site-packages/airflow/example_dags/tutorial.py
[2023-11-24T00:27:07.703+0000] {processor.py:829} INFO - Processing file /home/airflow/.local/lib/python3.8/site-packages/airflow/example_dags/tutorial.py for tasks to queue
[2023-11-24T00:27:07.704+0000] {logging_mixin.py:154} INFO - [2023-11-24T00:27:07.704+0000] {dagbag.py:536} INFO - Filling up the DagBag from /home/airflow/.local/lib/python3.8/site-packages/airflow/example_dags/tutorial.py
[2023-11-24T00:27:07.708+0000] {processor.py:839} INFO - DAG(s) dict_keys(['tutorial']) retrieved from /home/airflow/.local/lib/python3.8/site-packages/airflow/example_dags/tutorial.py
[2023-11-24T00:27:07.722+0000] {logging_mixin.py:154} INFO - [2023-11-24T00:27:07.722+0000] {dag.py:2941} INFO - Sync 1 DAGs
[2023-11-24T00:27:07.740+0000] {logging_mixin.py:154} INFO - [2023-11-24T00:27:07.740+0000] {dag.py:3722} INFO - Setting next_dagrun for tutorial to 2023-11-23T00:27:07.740011+00:00, run_after=2023-11-24T00:27:07.740011+00:00
[2023-11-24T00:27:07.894+0000] {processor.py:179} INFO - Processing /home/airflow/.local/lib/python3.8/site-packages/airflow/example_dags/tutorial.py took 0.194 seconds
[2023-11-24T00:27:38.068+0000] {processor.py:157} INFO - Started process (PID=1092) to work on /home/airflow/.local/lib/python3.8/site-packages/airflow/example_dags/tutorial.py
[2023-11-24T00:27:38.070+0000] {processor.py:829} INFO - Processing file /home/airflow/.local/lib/python3.8/site-packages/airflow/example_dags/tutorial.py for tasks to queue
[2023-11-24T00:27:38.072+0000] {logging_mixin.py:154} INFO - [2023-11-24T00:27:38.071+0000] {dagbag.py:536} INFO - Filling up the DagBag from /home/airflow/.local/lib/python3.8/site-packages/airflow/example_dags/tutorial.py
[2023-11-24T00:27:38.075+0000] {processor.py:839} INFO - DAG(s) dict_keys(['tutorial']) retrieved from /home/airflow/.local/lib/python3.8/site-packages/airflow/example_dags/tutorial.py
[2023-11-24T00:27:38.091+0000] {logging_mixin.py:154} INFO - [2023-11-24T00:27:38.091+0000] {dag.py:2941} INFO - Sync 1 DAGs
[2023-11-24T00:27:38.107+0000] {logging_mixin.py:154} INFO - [2023-11-24T00:27:38.107+0000] {dag.py:3722} INFO - Setting next_dagrun for tutorial to 2023-11-23T00:27:38.107487+00:00, run_after=2023-11-24T00:27:38.107487+00:00
[2023-11-24T00:27:38.121+0000] {processor.py:179} INFO - Processing /home/airflow/.local/lib/python3.8/site-packages/airflow/example_dags/tutorial.py took 0.055 seconds
[2023-11-24T00:28:08.907+0000] {processor.py:157} INFO - Started process (PID=1146) to work on /home/airflow/.local/lib/python3.8/site-packages/airflow/example_dags/tutorial.py
[2023-11-24T00:28:08.908+0000] {processor.py:829} INFO - Processing file /home/airflow/.local/lib/python3.8/site-packages/airflow/example_dags/tutorial.py for tasks to queue
[2023-11-24T00:28:08.909+0000] {logging_mixin.py:154} INFO - [2023-11-24T00:28:08.909+0000] {dagbag.py:536} INFO - Filling up the DagBag from /home/airflow/.local/lib/python3.8/site-packages/airflow/example_dags/tutorial.py
[2023-11-24T00:28:08.913+0000] {processor.py:839} INFO - DAG(s) dict_keys(['tutorial']) retrieved from /home/airflow/.local/lib/python3.8/site-packages/airflow/example_dags/tutorial.py
[2023-11-24T00:28:08.928+0000] {logging_mixin.py:154} INFO - [2023-11-24T00:28:08.928+0000] {dag.py:2941} INFO - Sync 1 DAGs
[2023-11-24T00:28:08.944+0000] {logging_mixin.py:154} INFO - [2023-11-24T00:28:08.944+0000] {dag.py:3722} INFO - Setting next_dagrun for tutorial to 2023-11-23T00:28:08.943870+00:00, run_after=2023-11-24T00:28:08.943870+00:00
[2023-11-24T00:28:08.958+0000] {processor.py:179} INFO - Processing /home/airflow/.local/lib/python3.8/site-packages/airflow/example_dags/tutorial.py took 0.054 seconds
[2023-11-24T00:28:39.612+0000] {processor.py:157} INFO - Started process (PID=1200) to work on /home/airflow/.local/lib/python3.8/site-packages/airflow/example_dags/tutorial.py
[2023-11-24T00:28:39.613+0000] {processor.py:829} INFO - Processing file /home/airflow/.local/lib/python3.8/site-packages/airflow/example_dags/tutorial.py for tasks to queue
[2023-11-24T00:28:39.614+0000] {logging_mixin.py:154} INFO - [2023-11-24T00:28:39.614+0000] {dagbag.py:536} INFO - Filling up the DagBag from /home/airflow/.local/lib/python3.8/site-packages/airflow/example_dags/tutorial.py
[2023-11-24T00:28:39.618+0000] {processor.py:839} INFO - DAG(s) dict_keys(['tutorial']) retrieved from /home/airflow/.local/lib/python3.8/site-packages/airflow/example_dags/tutorial.py
[2023-11-24T00:28:39.634+0000] {logging_mixin.py:154} INFO - [2023-11-24T00:28:39.634+0000] {dag.py:2941} INFO - Sync 1 DAGs
[2023-11-24T00:28:39.783+0000] {logging_mixin.py:154} INFO - [2023-11-24T00:28:39.783+0000] {dag.py:3722} INFO - Setting next_dagrun for tutorial to 2023-11-23T00:28:39.782967+00:00, run_after=2023-11-24T00:28:39.782967+00:00
[2023-11-24T00:28:39.798+0000] {processor.py:179} INFO - Processing /home/airflow/.local/lib/python3.8/site-packages/airflow/example_dags/tutorial.py took 0.188 seconds
[2023-11-24T00:29:10.778+0000] {processor.py:157} INFO - Started process (PID=1254) to work on /home/airflow/.local/lib/python3.8/site-packages/airflow/example_dags/tutorial.py
[2023-11-24T00:29:10.779+0000] {processor.py:829} INFO - Processing file /home/airflow/.local/lib/python3.8/site-packages/airflow/example_dags/tutorial.py for tasks to queue
[2023-11-24T00:29:10.780+0000] {logging_mixin.py:154} INFO - [2023-11-24T00:29:10.780+0000] {dagbag.py:536} INFO - Filling up the DagBag from /home/airflow/.local/lib/python3.8/site-packages/airflow/example_dags/tutorial.py
[2023-11-24T00:29:10.784+0000] {processor.py:839} INFO - DAG(s) dict_keys(['tutorial']) retrieved from /home/airflow/.local/lib/python3.8/site-packages/airflow/example_dags/tutorial.py
[2023-11-24T00:29:10.799+0000] {logging_mixin.py:154} INFO - [2023-11-24T00:29:10.799+0000] {dag.py:2941} INFO - Sync 1 DAGs
[2023-11-24T00:29:10.947+0000] {logging_mixin.py:154} INFO - [2023-11-24T00:29:10.946+0000] {dag.py:3722} INFO - Setting next_dagrun for tutorial to 2023-11-23T00:29:10.946638+00:00, run_after=2023-11-24T00:29:10.946638+00:00
[2023-11-24T00:29:10.961+0000] {processor.py:179} INFO - Processing /home/airflow/.local/lib/python3.8/site-packages/airflow/example_dags/tutorial.py took 0.185 seconds
[2023-11-24T00:29:41.190+0000] {processor.py:157} INFO - Started process (PID=1308) to work on /home/airflow/.local/lib/python3.8/site-packages/airflow/example_dags/tutorial.py
[2023-11-24T00:29:41.191+0000] {processor.py:829} INFO - Processing file /home/airflow/.local/lib/python3.8/site-packages/airflow/example_dags/tutorial.py for tasks to queue
[2023-11-24T00:29:41.193+0000] {logging_mixin.py:154} INFO - [2023-11-24T00:29:41.193+0000] {dagbag.py:536} INFO - Filling up the DagBag from /home/airflow/.local/lib/python3.8/site-packages/airflow/example_dags/tutorial.py
[2023-11-24T00:29:41.197+0000] {processor.py:839} INFO - DAG(s) dict_keys(['tutorial']) retrieved from /home/airflow/.local/lib/python3.8/site-packages/airflow/example_dags/tutorial.py
[2023-11-24T00:29:41.213+0000] {logging_mixin.py:154} INFO - [2023-11-24T00:29:41.212+0000] {dag.py:2941} INFO - Sync 1 DAGs
[2023-11-24T00:29:41.230+0000] {logging_mixin.py:154} INFO - [2023-11-24T00:29:41.230+0000] {dag.py:3722} INFO - Setting next_dagrun for tutorial to 2023-11-23T00:29:41.229864+00:00, run_after=2023-11-24T00:29:41.229864+00:00
[2023-11-24T00:29:41.246+0000] {processor.py:179} INFO - Processing /home/airflow/.local/lib/python3.8/site-packages/airflow/example_dags/tutorial.py took 0.057 seconds
[2023-11-24T00:30:12.058+0000] {processor.py:157} INFO - Started process (PID=1362) to work on /home/airflow/.local/lib/python3.8/site-packages/airflow/example_dags/tutorial.py
[2023-11-24T00:30:12.059+0000] {processor.py:829} INFO - Processing file /home/airflow/.local/lib/python3.8/site-packages/airflow/example_dags/tutorial.py for tasks to queue
[2023-11-24T00:30:12.061+0000] {logging_mixin.py:154} INFO - [2023-11-24T00:30:12.061+0000] {dagbag.py:536} INFO - Filling up the DagBag from /home/airflow/.local/lib/python3.8/site-packages/airflow/example_dags/tutorial.py
[2023-11-24T00:30:12.065+0000] {processor.py:839} INFO - DAG(s) dict_keys(['tutorial']) retrieved from /home/airflow/.local/lib/python3.8/site-packages/airflow/example_dags/tutorial.py
[2023-11-24T00:30:12.082+0000] {logging_mixin.py:154} INFO - [2023-11-24T00:30:12.081+0000] {dag.py:2941} INFO - Sync 1 DAGs
[2023-11-24T00:30:12.100+0000] {logging_mixin.py:154} INFO - [2023-11-24T00:30:12.100+0000] {dag.py:3722} INFO - Setting next_dagrun for tutorial to 2023-11-23T00:30:12.100428+00:00, run_after=2023-11-24T00:30:12.100428+00:00
[2023-11-24T00:30:12.117+0000] {processor.py:179} INFO - Processing /home/airflow/.local/lib/python3.8/site-packages/airflow/example_dags/tutorial.py took 0.060 seconds
[2023-11-24T00:30:43.088+0000] {processor.py:157} INFO - Started process (PID=1416) to work on /home/airflow/.local/lib/python3.8/site-packages/airflow/example_dags/tutorial.py
[2023-11-24T00:30:43.089+0000] {processor.py:829} INFO - Processing file /home/airflow/.local/lib/python3.8/site-packages/airflow/example_dags/tutorial.py for tasks to queue
[2023-11-24T00:30:43.090+0000] {logging_mixin.py:154} INFO - [2023-11-24T00:30:43.090+0000] {dagbag.py:536} INFO - Filling up the DagBag from /home/airflow/.local/lib/python3.8/site-packages/airflow/example_dags/tutorial.py
[2023-11-24T00:30:43.094+0000] {processor.py:839} INFO - DAG(s) dict_keys(['tutorial']) retrieved from /home/airflow/.local/lib/python3.8/site-packages/airflow/example_dags/tutorial.py
[2023-11-24T00:30:43.113+0000] {logging_mixin.py:154} INFO - [2023-11-24T00:30:43.112+0000] {dag.py:2941} INFO - Sync 1 DAGs
[2023-11-24T00:30:43.261+0000] {logging_mixin.py:154} INFO - [2023-11-24T00:30:43.261+0000] {dag.py:3722} INFO - Setting next_dagrun for tutorial to 2023-11-23T00:30:43.260851+00:00, run_after=2023-11-24T00:30:43.260851+00:00
[2023-11-24T00:30:43.275+0000] {processor.py:179} INFO - Processing /home/airflow/.local/lib/python3.8/site-packages/airflow/example_dags/tutorial.py took 0.190 seconds
